[2025-02-05T01:10:45.486+0000] {local_task_job_runner.py:123} INFO - ::group::Pre task execution logs
[2025-02-05T01:10:45.501+0000] {taskinstance.py:2613} INFO - Dependencies all met for dep_context=non-requeueable deps ti=<TaskInstance: northwind_loader.load_postgres manual__2025-02-05T01:10:44.844816+00:00 [queued]>
[2025-02-05T01:10:45.507+0000] {taskinstance.py:2613} INFO - Dependencies all met for dep_context=requeueable deps ti=<TaskInstance: northwind_loader.load_postgres manual__2025-02-05T01:10:44.844816+00:00 [queued]>
[2025-02-05T01:10:45.508+0000] {taskinstance.py:2866} INFO - Starting attempt 1 of 1
[2025-02-05T01:10:45.519+0000] {taskinstance.py:2889} INFO - Executing <Task(DockerOperator): load_postgres> on 2025-02-05 01:10:44.844816+00:00
[2025-02-05T01:10:45.525+0000] {logging_mixin.py:190} WARNING - /home/***/.local/lib/python3.12/site-packages/***/task/task_runner/standard_task_runner.py:70 DeprecationWarning: This process (pid=10229) is multi-threaded, use of fork() may lead to deadlocks in the child.
[2025-02-05T01:10:45.525+0000] {standard_task_runner.py:72} INFO - Started process 10230 to run task
[2025-02-05T01:10:45.525+0000] {standard_task_runner.py:104} INFO - Running: ['***', 'tasks', 'run', 'northwind_loader', 'load_postgres', 'manual__2025-02-05T01:10:44.844816+00:00', '--job-id', '56', '--raw', '--subdir', 'DAGS_FOLDER/northwind_etl/northwind_loader_mel.py', '--cfg-path', '/tmp/tmp0oepw9v8']
[2025-02-05T01:10:45.526+0000] {standard_task_runner.py:105} INFO - Job 56: Subtask load_postgres
[2025-02-05T01:10:45.561+0000] {task_command.py:467} INFO - Running <TaskInstance: northwind_loader.load_postgres manual__2025-02-05T01:10:44.844816+00:00 [running]> on host 09d05643d017
[2025-02-05T01:10:45.633+0000] {taskinstance.py:3132} INFO - Exporting env vars: AIRFLOW_CTX_DAG_OWNER='gabriel' AIRFLOW_CTX_DAG_ID='northwind_loader' AIRFLOW_CTX_TASK_ID='load_postgres' AIRFLOW_CTX_EXECUTION_DATE='2025-02-05T01:10:44.844816+00:00' AIRFLOW_CTX_TRY_NUMBER='1' AIRFLOW_CTX_DAG_RUN_ID='manual__2025-02-05T01:10:44.844816+00:00'
[2025-02-05T01:10:45.633+0000] {taskinstance.py:731} INFO - ::endgroup::
[2025-02-05T01:10:45.692+0000] {docker.py:379} INFO - Starting docker container from image meu-meltano
[2025-02-05T01:10:46.218+0000] {docker.py:73} INFO - Iniciando processo...
[2025-02-05T01:10:46.219+0000] {docker.py:73} INFO - Mudou diretório
[2025-02-05T01:10:46.219+0000] {docker.py:73} INFO - Verificando diretório atual:
[2025-02-05T01:10:46.219+0000] {docker.py:73} INFO - /meltano/demo-project
[2025-02-05T01:10:46.220+0000] {docker.py:73} INFO - Listando conteúdo:
[2025-02-05T01:10:46.226+0000] {docker.py:73} INFO - total 52
[2025-02-05T01:10:46.227+0000] {docker.py:73} INFO - drwxr-xr-x 1 root  root 4096 Feb  5 01:10 .
[2025-02-05T01:10:46.228+0000] {docker.py:73} INFO - drwxr-xr-x 1 root  root 4096 Feb  4 19:00 ..
[2025-02-05T01:10:46.228+0000] {docker.py:73} INFO - -rw-r--r-- 1 root  root   21 Feb  4 19:00 .gitignore
[2025-02-05T01:10:46.229+0000] {docker.py:73} INFO - drwxr-xr-x 3 root  root 4096 Feb  4 19:00 .meltano
[2025-02-05T01:10:46.229+0000] {docker.py:73} INFO - -rw-r--r-- 1 root  root    0 Feb  4 19:00 README.md
[2025-02-05T01:10:46.229+0000] {docker.py:73} INFO - drwxr-xr-x 2 root  root 4096 Feb  4 19:00 analyze
[2025-02-05T01:10:46.230+0000] {docker.py:73} INFO - drwxr-xr-x 2 root  root 4096 Feb  4 19:00 extract
[2025-02-05T01:10:46.231+0000] {docker.py:73} INFO - drwxrwxrwx 1 50000 root 4096 Feb  5 00:31 input
[2025-02-05T01:10:46.231+0000] {docker.py:73} INFO - drwxr-xr-x 2 root  root 4096 Feb  4 19:00 load
[2025-02-05T01:10:46.231+0000] {docker.py:73} INFO - -rw------- 1 root  root  140 Feb  4 19:00 meltano.yml
[2025-02-05T01:10:46.232+0000] {docker.py:73} INFO - drwxr-xr-x 2 root  root 4096 Feb  4 19:00 notebook
[2025-02-05T01:10:46.232+0000] {docker.py:73} INFO - drwxr-xr-x 2 root  root 4096 Feb  4 19:00 orchestrate
[2025-02-05T01:10:46.233+0000] {docker.py:73} INFO - drwxr-xr-x 2 root  root 4096 Feb  4 19:00 output
[2025-02-05T01:10:46.233+0000] {docker.py:73} INFO - -rw-r--r-- 1 root  root    0 Feb  4 19:00 requirements.txt
[2025-02-05T01:10:46.234+0000] {docker.py:73} INFO - drwxr-xr-x 2 root  root 4096 Feb  4 19:00 transform
[2025-02-05T01:10:46.234+0000] {docker.py:73} INFO - Conteúdo após init:
[2025-02-05T01:10:46.235+0000] {docker.py:73} INFO - total 52
[2025-02-05T01:10:46.235+0000] {docker.py:73} INFO - drwxr-xr-x 1 root  root 4096 Feb  5 01:10 .
[2025-02-05T01:10:46.235+0000] {docker.py:73} INFO - drwxr-xr-x 1 root  root 4096 Feb  4 19:00 ..
[2025-02-05T01:10:46.236+0000] {docker.py:73} INFO - -rw-r--r-- 1 root  root   21 Feb  4 19:00 .gitignore
[2025-02-05T01:10:46.236+0000] {docker.py:73} INFO - drwxr-xr-x 3 root  root 4096 Feb  4 19:00 .meltano
[2025-02-05T01:10:46.237+0000] {docker.py:73} INFO - -rw-r--r-- 1 root  root    0 Feb  4 19:00 README.md
[2025-02-05T01:10:46.238+0000] {docker.py:73} INFO - drwxr-xr-x 2 root  root 4096 Feb  4 19:00 analyze
[2025-02-05T01:10:46.238+0000] {docker.py:73} INFO - drwxr-xr-x 2 root  root 4096 Feb  4 19:00 extract
[2025-02-05T01:10:46.238+0000] {docker.py:73} INFO - drwxrwxrwx 1 50000 root 4096 Feb  5 00:31 input
[2025-02-05T01:10:46.239+0000] {docker.py:73} INFO - drwxr-xr-x 2 root  root 4096 Feb  4 19:00 load
[2025-02-05T01:10:46.239+0000] {docker.py:73} INFO - -rw------- 1 root  root  140 Feb  4 19:00 meltano.yml
[2025-02-05T01:10:46.240+0000] {docker.py:73} INFO - drwxr-xr-x 2 root  root 4096 Feb  4 19:00 notebook
[2025-02-05T01:10:46.241+0000] {docker.py:73} INFO - drwxr-xr-x 2 root  root 4096 Feb  4 19:00 orchestrate
[2025-02-05T01:10:46.241+0000] {docker.py:73} INFO - drwxr-xr-x 2 root  root 4096 Feb  4 19:00 output
[2025-02-05T01:10:46.241+0000] {docker.py:73} INFO - -rw-r--r-- 1 root  root    0 Feb  4 19:00 requirements.txt
[2025-02-05T01:10:46.242+0000] {docker.py:73} INFO - drwxr-xr-x 2 root  root 4096 Feb  4 19:00 transform
[2025-02-05T01:10:46.242+0000] {docker.py:73} INFO - Verificando conteúdo do input:
[2025-02-05T01:10:46.247+0000] {docker.py:73} INFO - total 300
[2025-02-05T01:10:46.248+0000] {docker.py:73} INFO - drwxrwxrwx 1 50000 root   4096 Feb  5 00:31 .
[2025-02-05T01:10:46.248+0000] {docker.py:73} INFO - drwxr-xr-x 1 root  root   4096 Feb  5 01:10 ..
[2025-02-05T01:10:46.249+0000] {docker.py:73} INFO - drwxrwxr-x 1 50000 root   4096 Feb  5 00:38 csv
[2025-02-05T01:10:46.249+0000] {docker.py:73} INFO - -rwxrwxrwx 1 50000 root 213209 Jan 29 20:37 northwind.sql
[2025-02-05T01:10:46.249+0000] {docker.py:73} INFO - -rwxrwxrwx 1 50000 root  42781 Jan 29 20:37 order_details.csv
[2025-02-05T01:10:46.250+0000] {docker.py:73} INFO - drwxrwxrwx 1 50000 root   4096 Feb  5 00:27 postgres
[2025-02-05T01:10:46.250+0000] {docker.py:73} INFO - -rw-r--r-- 1 root  root  37121 Feb  4 21:42 postgres_config.json
[2025-02-05T01:10:46.674+0000] {taskinstance.py:340} INFO - ::group::Post task execution logs
[2025-02-05T01:10:46.675+0000] {taskinstance.py:352} INFO - Marking task as SUCCESS. dag_id=northwind_loader, task_id=load_postgres, run_id=manual__2025-02-05T01:10:44.844816+00:00, execution_date=20250205T011044, start_date=20250205T011045, end_date=20250205T011046
[2025-02-05T01:10:46.702+0000] {local_task_job_runner.py:266} INFO - Task exited with return code 0
[2025-02-05T01:10:46.717+0000] {taskinstance.py:3895} INFO - 0 downstream tasks scheduled from follow-on schedule check
[2025-02-05T01:10:46.720+0000] {local_task_job_runner.py:245} INFO - ::endgroup::
