[2025-02-05T01:37:05.459+0000] {local_task_job_runner.py:123} INFO - ::group::Pre task execution logs
[2025-02-05T01:37:05.473+0000] {taskinstance.py:2613} INFO - Dependencies all met for dep_context=non-requeueable deps ti=<TaskInstance: northwind_loader.load_postgres manual__2025-02-05T01:37:04.998700+00:00 [queued]>
[2025-02-05T01:37:05.480+0000] {taskinstance.py:2613} INFO - Dependencies all met for dep_context=requeueable deps ti=<TaskInstance: northwind_loader.load_postgres manual__2025-02-05T01:37:04.998700+00:00 [queued]>
[2025-02-05T01:37:05.480+0000] {taskinstance.py:2866} INFO - Starting attempt 1 of 1
[2025-02-05T01:37:05.492+0000] {taskinstance.py:2889} INFO - Executing <Task(DockerOperator): load_postgres> on 2025-02-05 01:37:04.998700+00:00
[2025-02-05T01:37:05.497+0000] {logging_mixin.py:190} WARNING - /home/***/.local/lib/python3.12/site-packages/***/task/task_runner/standard_task_runner.py:70 DeprecationWarning: This process (pid=11458) is multi-threaded, use of fork() may lead to deadlocks in the child.
[2025-02-05T01:37:05.498+0000] {standard_task_runner.py:72} INFO - Started process 11459 to run task
[2025-02-05T01:37:05.497+0000] {standard_task_runner.py:104} INFO - Running: ['***', 'tasks', 'run', 'northwind_loader', 'load_postgres', 'manual__2025-02-05T01:37:04.998700+00:00', '--job-id', '70', '--raw', '--subdir', 'DAGS_FOLDER/northwind_etl/northwind_loader_mel.py', '--cfg-path', '/tmp/tmpartddz_q']
[2025-02-05T01:37:05.499+0000] {standard_task_runner.py:105} INFO - Job 70: Subtask load_postgres
[2025-02-05T01:37:05.533+0000] {task_command.py:467} INFO - Running <TaskInstance: northwind_loader.load_postgres manual__2025-02-05T01:37:04.998700+00:00 [running]> on host 09d05643d017
[2025-02-05T01:37:05.608+0000] {taskinstance.py:3132} INFO - Exporting env vars: AIRFLOW_CTX_DAG_OWNER='gabriel' AIRFLOW_CTX_DAG_ID='northwind_loader' AIRFLOW_CTX_TASK_ID='load_postgres' AIRFLOW_CTX_EXECUTION_DATE='2025-02-05T01:37:04.998700+00:00' AIRFLOW_CTX_TRY_NUMBER='1' AIRFLOW_CTX_DAG_RUN_ID='manual__2025-02-05T01:37:04.998700+00:00'
[2025-02-05T01:37:05.609+0000] {taskinstance.py:731} INFO - ::endgroup::
[2025-02-05T01:37:05.649+0000] {docker.py:379} INFO - Starting docker container from image meu-meltano
[2025-02-05T01:37:06.184+0000] {docker.py:73} INFO - + set -e
[2025-02-05T01:37:06.185+0000] {docker.py:73} INFO - + cd /meltano/demo-project
[2025-02-05T01:37:06.185+0000] {docker.py:73} INFO - + apt-get update
[2025-02-05T01:37:06.239+0000] {docker.py:73} INFO - Get:1 http://deb.debian.org/debian bookworm InRelease [151 kB]
[2025-02-05T01:37:06.289+0000] {docker.py:73} INFO - Get:2 http://deb.debian.org/debian bookworm-updates InRelease [55.4 kB]
[2025-02-05T01:37:06.306+0000] {docker.py:73} INFO - Get:3 http://deb.debian.org/debian-security bookworm-security InRelease [48.0 kB]
[2025-02-05T01:37:06.359+0000] {docker.py:73} INFO - Get:4 http://deb.debian.org/debian bookworm/main amd64 Packages [8792 kB]
[2025-02-05T01:37:06.656+0000] {docker.py:73} INFO - Get:5 http://deb.debian.org/debian bookworm-updates/main amd64 Packages [13.5 kB]
[2025-02-05T01:37:06.657+0000] {docker.py:73} INFO - Get:6 http://deb.debian.org/debian-security bookworm-security/main amd64 Packages [243 kB]
[2025-02-05T01:37:07.468+0000] {docker.py:73} INFO - Fetched 9303 kB in 1s (7316 kB/s)
[2025-02-05T01:37:07.469+0000] {docker.py:73} INFO - Reading package lists...
[2025-02-05T01:37:07.877+0000] {docker.py:73} INFO - 
[2025-02-05T01:37:07.888+0000] {docker.py:73} INFO - + apt-get install -y postgresql-client
[2025-02-05T01:37:07.893+0000] {docker.py:73} INFO - Reading package lists...
[2025-02-05T01:37:08.310+0000] {docker.py:73} INFO - 
[2025-02-05T01:37:08.321+0000] {docker.py:73} INFO - Building dependency tree...
[2025-02-05T01:37:08.438+0000] {docker.py:73} INFO - 
[2025-02-05T01:37:08.439+0000] {docker.py:73} INFO - Reading state information...
[2025-02-05T01:37:08.439+0000] {docker.py:73} INFO - 
[2025-02-05T01:37:08.549+0000] {docker.py:73} INFO - The following additional packages will be installed:
[2025-02-05T01:37:08.549+0000] {docker.py:73} INFO -   libpq5 postgresql-client-15 postgresql-client-common sensible-utils
[2025-02-05T01:37:08.550+0000] {docker.py:73} INFO - Suggested packages:
[2025-02-05T01:37:08.550+0000] {docker.py:73} INFO -   postgresql-15 postgresql-doc-15
[2025-02-05T01:37:08.602+0000] {docker.py:73} INFO - The following NEW packages will be installed:
[2025-02-05T01:37:08.602+0000] {docker.py:73} INFO -   libpq5 postgresql-client postgresql-client-15 postgresql-client-common
[2025-02-05T01:37:08.603+0000] {docker.py:73} INFO -   sensible-utils
[2025-02-05T01:37:08.649+0000] {docker.py:73} INFO - 0 upgraded, 5 newly installed, 0 to remove and 0 not upgraded.
[2025-02-05T01:37:08.650+0000] {docker.py:73} INFO - Need to get 1959 kB of archives.
[2025-02-05T01:37:08.650+0000] {docker.py:73} INFO - After this operation, 9185 kB of additional disk space will be used.
[2025-02-05T01:37:08.650+0000] {docker.py:73} INFO - Get:1 http://deb.debian.org/debian bookworm/main amd64 sensible-utils all 0.0.17+nmu1 [19.0 kB]
[2025-02-05T01:37:08.676+0000] {docker.py:73} INFO - Get:2 http://deb.debian.org/debian bookworm/main amd64 libpq5 amd64 15.10-0+deb12u1 [191 kB]
[2025-02-05T01:37:08.707+0000] {docker.py:73} INFO - Get:3 http://deb.debian.org/debian bookworm/main amd64 postgresql-client-common all 248 [35.1 kB]
[2025-02-05T01:37:08.710+0000] {docker.py:73} INFO - Get:4 http://deb.debian.org/debian bookworm/main amd64 postgresql-client-15 amd64 15.10-0+deb12u1 [1704 kB]
[2025-02-05T01:37:08.766+0000] {docker.py:73} INFO - Get:5 http://deb.debian.org/debian bookworm/main amd64 postgresql-client all 15+248 [10.1 kB]
[2025-02-05T01:37:08.914+0000] {docker.py:73} INFO - debconf: delaying package configuration, since apt-utils is not installed
[2025-02-05T01:37:08.995+0000] {docker.py:73} INFO - Fetched 1959 kB in 0s (12.3 MB/s)
[2025-02-05T01:37:09.012+0000] {docker.py:73} INFO - Selecting previously unselected package sensible-utils.
[2025-02-05T01:37:09.012+0000] {docker.py:73} INFO - (Reading database ...
[2025-02-05T01:37:09.013+0000] {docker.py:73} INFO - (Reading database ... 5%(Reading database ... 10%(Reading database ... 15%(Reading database ... 20%(Reading database ... 25%(Reading database ... 30%(Reading database ... 35%(Reading database ... 40%(Reading database ... 45%(Reading database ... 50%(Reading database ... 55%(Reading database ... 60%(Reading database ... 65%(Reading database ... 70%
[2025-02-05T01:37:09.014+0000] {docker.py:73} INFO - (Reading database ... 75%
[2025-02-05T01:37:09.015+0000] {docker.py:73} INFO - (Reading database ... 80%
[2025-02-05T01:37:09.015+0000] {docker.py:73} INFO - (Reading database ... 85%
[2025-02-05T01:37:09.016+0000] {docker.py:73} INFO - (Reading database ... 90%
[2025-02-05T01:37:09.016+0000] {docker.py:73} INFO - (Reading database ... 95%
[2025-02-05T01:37:09.017+0000] {docker.py:73} INFO - (Reading database ... 100%(Reading database ... 9877 files and directories currently installed.)
[2025-02-05T01:37:09.018+0000] {docker.py:73} INFO - Preparing to unpack .../sensible-utils_0.0.17+nmu1_all.deb ...
[2025-02-05T01:37:09.021+0000] {docker.py:73} INFO - Unpacking sensible-utils (0.0.17+nmu1) ...
[2025-02-05T01:37:09.113+0000] {docker.py:73} INFO - Selecting previously unselected package libpq5:amd64.
[2025-02-05T01:37:09.114+0000] {docker.py:73} INFO - Preparing to unpack .../libpq5_15.10-0+deb12u1_amd64.deb ...
[2025-02-05T01:37:09.121+0000] {docker.py:73} INFO - Unpacking libpq5:amd64 (15.10-0+deb12u1) ...
[2025-02-05T01:37:09.224+0000] {docker.py:73} INFO - Selecting previously unselected package postgresql-client-common.
[2025-02-05T01:37:09.225+0000] {docker.py:73} INFO - Preparing to unpack .../postgresql-client-common_248_all.deb ...
[2025-02-05T01:37:09.230+0000] {docker.py:73} INFO - Unpacking postgresql-client-common (248) ...
[2025-02-05T01:37:09.272+0000] {docker.py:73} INFO - Selecting previously unselected package postgresql-client-15.
[2025-02-05T01:37:09.273+0000] {docker.py:73} INFO - Preparing to unpack .../postgresql-client-15_15.10-0+deb12u1_amd64.deb ...
[2025-02-05T01:37:09.338+0000] {docker.py:73} INFO - Unpacking postgresql-client-15 (15.10-0+deb12u1) ...
[2025-02-05T01:37:09.474+0000] {docker.py:73} INFO - Selecting previously unselected package postgresql-client.
[2025-02-05T01:37:09.475+0000] {docker.py:73} INFO - Preparing to unpack .../postgresql-client_15+248_all.deb ...
[2025-02-05T01:37:09.479+0000] {docker.py:73} INFO - Unpacking postgresql-client (15+248) ...
[2025-02-05T01:37:09.563+0000] {docker.py:73} INFO - Setting up postgresql-client-common (248) ...
[2025-02-05T01:37:12.371+0000] {docker.py:73} INFO - Setting up libpq5:amd64 (15.10-0+deb12u1) ...
[2025-02-05T01:37:13.119+0000] {docker.py:73} INFO - Setting up sensible-utils (0.0.17+nmu1) ...
[2025-02-05T01:37:13.263+0000] {docker.py:73} INFO - Setting up postgresql-client-15 (15.10-0+deb12u1) ...
[2025-02-05T01:37:13.746+0000] {docker.py:73} INFO - update-alternatives: using /usr/share/postgresql/15/man/man1/psql.1.gz to provide /usr/share/man/man1/psql.1.gz (psql.1.gz) in auto mode
[2025-02-05T01:37:13.846+0000] {docker.py:73} INFO - Setting up postgresql-client (15+248) ...
[2025-02-05T01:37:13.856+0000] {docker.py:73} INFO - Processing triggers for libc-bin (2.36-9+deb12u9) ...
[2025-02-05T01:37:13.953+0000] {docker.py:73} INFO - + echo 'Criando tabela final...'
[2025-02-05T01:37:13.953+0000] {docker.py:73} INFO - + PGPASSWORD=thewindisblowing
[2025-02-05T01:37:13.954+0000] {docker.py:73} INFO - + psql -h northwind_db -U northwind_user -d northwind -c '
[2025-02-05T01:37:13.954+0000] {docker.py:73} INFO -             DROP TABLE IF EXISTS order_details;
[2025-02-05T01:37:13.954+0000] {docker.py:73} INFO -             CREATE TABLE order_details (
[2025-02-05T01:37:13.955+0000] {docker.py:73} INFO -                 order_id SMALLINT,
[2025-02-05T01:37:13.955+0000] {docker.py:73} INFO -                 product_id SMALLINT,
[2025-02-05T01:37:13.955+0000] {docker.py:73} INFO -                 unit_price REAL,
[2025-02-05T01:37:13.956+0000] {docker.py:73} INFO -                 quantity SMALLINT,
[2025-02-05T01:37:13.956+0000] {docker.py:73} INFO -                 discount REAL
[2025-02-05T01:37:13.956+0000] {docker.py:73} INFO -             );'
[2025-02-05T01:37:13.957+0000] {docker.py:73} INFO - Criando tabela final...
[2025-02-05T01:37:14.036+0000] {docker.py:73} INFO - DROP TABLE
[2025-02-05T01:37:14.036+0000] {docker.py:73} INFO - CREATE TABLE
[2025-02-05T01:37:14.037+0000] {docker.py:73} INFO - + echo 'Instalando target-postgres...'
[2025-02-05T01:37:14.037+0000] {docker.py:73} INFO - + meltano add loader target-postgres
[2025-02-05T01:37:14.038+0000] {docker.py:73} INFO - Instalando target-postgres...
[2025-02-05T01:37:16.092+0000] {docker.py:73} INFO - Added loader 'target-postgres' to your project
[2025-02-05T01:37:16.093+0000] {docker.py:73} INFO - Variant:	meltanolabs (default)
[2025-02-05T01:37:16.093+0000] {docker.py:73} INFO - Repository:	https://github.com/MeltanoLabs/target-postgres
[2025-02-05T01:37:16.094+0000] {docker.py:73} INFO - Documentation:	https://hub.meltano.com/loaders/target-postgres--meltanolabs
[2025-02-05T01:37:16.156+0000] {docker.py:73} INFO - [2m2025-02-05T01:37:16.154876Z[0m [[32m[1minfo     [0m] [1mInstalling loader 'target-postgres'[0m
[2025-02-05T01:37:34.987+0000] {docker.py:73} INFO - [2m2025-02-05T01:37:34.986091Z[0m [[32m[1minfo     [0m] [1mInstalled loader 'target-postgres'[0m
[2025-02-05T01:37:34.988+0000] {docker.py:73} INFO - 
[2025-02-05T01:37:34.988+0000] {docker.py:73} INFO - To learn more about loader 'target-postgres', visit https://hub.meltano.com/loaders/target-postgres--meltanolabs
[2025-02-05T01:37:35.941+0000] {docker.py:73} INFO - + echo 'Configurando target-postgres...'
[2025-02-05T01:37:35.942+0000] {docker.py:73} INFO - + meltano --environment=dev config target-postgres set host northwind_db
[2025-02-05T01:37:35.942+0000] {docker.py:73} INFO - Configurando target-postgres...
[2025-02-05T01:37:36.619+0000] {docker.py:73} INFO - [2m2025-02-05T01:37:36.617762Z[0m [[32m[1minfo     [0m] [1mEnvironment 'dev' is active   [0m
[2025-02-05T01:37:36.772+0000] {docker.py:73} INFO - Loader 'target-postgres' setting 'host' was set in the active environment in `meltano.yml`: 'northwind_db'
[2025-02-05T01:37:37.724+0000] {docker.py:73} INFO - + meltano --environment=dev config target-postgres set port 5432
[2025-02-05T01:37:38.351+0000] {docker.py:73} INFO - [2m2025-02-05T01:37:38.350053Z[0m [[32m[1minfo     [0m] [1mEnvironment 'dev' is active   [0m
[2025-02-05T01:37:38.510+0000] {docker.py:73} INFO - Loader 'target-postgres' setting 'port' was set in the active environment in `meltano.yml`: 5432
[2025-02-05T01:37:39.462+0000] {docker.py:73} INFO - + meltano --environment=dev config target-postgres set user northwind_user
[2025-02-05T01:37:40.084+0000] {docker.py:73} INFO - [2m2025-02-05T01:37:40.082986Z[0m [[32m[1minfo     [0m] [1mEnvironment 'dev' is active   [0m
[2025-02-05T01:37:40.163+0000] {docker.py:73} INFO - Loader 'target-postgres' setting 'user' was set in the active environment in `meltano.yml`: 'northwind_user'
[2025-02-05T01:37:41.125+0000] {docker.py:73} INFO - + meltano --environment=dev config target-postgres set password thewindisblowing
[2025-02-05T01:37:41.766+0000] {docker.py:73} INFO - [2m2025-02-05T01:37:41.765205Z[0m [[32m[1minfo     [0m] [1mEnvironment 'dev' is active   [0m
[2025-02-05T01:37:41.835+0000] {docker.py:73} INFO - Loader 'target-postgres' setting 'password' was set in `.env`: (redacted)
[2025-02-05T01:37:42.791+0000] {docker.py:73} INFO - + meltano --environment=dev config target-postgres set database northwind
[2025-02-05T01:37:43.417+0000] {docker.py:73} INFO - [2m2025-02-05T01:37:43.416664Z[0m [[32m[1minfo     [0m] [1mEnvironment 'dev' is active   [0m
[2025-02-05T01:37:43.498+0000] {docker.py:73} INFO - Loader 'target-postgres' setting 'database' was set in the active environment in `meltano.yml`: 'northwind'
[2025-02-05T01:37:44.446+0000] {docker.py:73} INFO - + meltano --environment=dev config target-postgres set default_target_schema public
[2025-02-05T01:37:45.081+0000] {docker.py:73} INFO - [2m2025-02-05T01:37:45.079588Z[0m [[32m[1minfo     [0m] [1mEnvironment 'dev' is active   [0m
[2025-02-05T01:37:45.227+0000] {docker.py:73} INFO - Loader 'target-postgres' setting 'default_target_schema' was set in the active environment in `meltano.yml`: 'public'
[2025-02-05T01:37:46.198+0000] {docker.py:73} INFO - + meltano --environment=dev config target-postgres set table order_details
[2025-02-05T01:37:46.837+0000] {docker.py:73} INFO - [2m2025-02-05T01:37:46.835718Z[0m [[32m[1minfo     [0m] [1mEnvironment 'dev' is active   [0m
[2025-02-05T01:37:46.904+0000] {docker.py:73} INFO - /usr/local/lib/python3.10/site-packages/meltano/cli/interactive/config.py:403: RuntimeWarning: Unknown setting 'table'
[2025-02-05T01:37:46.904+0000] {docker.py:73} INFO -   value, metadata = settings.set_with_metadata(
[2025-02-05T01:37:46.918+0000] {docker.py:73} INFO - Loader 'target-postgres' setting 'table' was set in the active environment in `meltano.yml`: 'order_details'
[2025-02-05T01:37:47.882+0000] {docker.py:73} INFO - + echo 'Carregando dados para o PostgreSQL...'
[2025-02-05T01:37:47.882+0000] {docker.py:73} INFO - Carregando dados para o PostgreSQL...
[2025-02-05T01:37:47.883+0000] {docker.py:73} INFO - + cat /meltano/demo-project/input/csv/2025-02-05/order_details.json
[2025-02-05T01:37:47.883+0000] {docker.py:73} INFO - + meltano --environment=dev invoke target-postgres
[2025-02-05T01:37:47.884+0000] {docker.py:73} INFO - + tee load_output.log
[2025-02-05T01:37:48.520+0000] {docker.py:73} INFO - [2m2025-02-05T01:37:48.519373Z[0m [[32m[1minfo     [0m] [1mEnvironment 'dev' is active   [0m
[2025-02-05T01:37:49.211+0000] {docker.py:73} INFO - 2025-02-05 01:37:49,210 | INFO     | target-postgres      | Target 'target-postgres' is listening for input from tap.
[2025-02-05T01:37:49.212+0000] {docker.py:73} INFO - 2025-02-05 01:37:49,210 | INFO     | target-postgres      | Initializing 'target-postgres' target sink...
[2025-02-05T01:37:49.212+0000] {docker.py:73} INFO - 2025-02-05 01:37:49,210 | INFO     | target-postgres.order_details | Initializing target sink for stream 'order_details'...
[2025-02-05T01:37:49.497+0000] {docker.py:73} INFO - Traceback (most recent call last):
[2025-02-05T01:37:49.498+0000] {docker.py:73} INFO -   File "/meltano/demo-project/.meltano/loaders/target-postgres/venv/bin/target-postgres", line 8, in <module>
[2025-02-05T01:37:49.498+0000] {docker.py:73} INFO -     sys.exit(TargetPostgres.cli())
[2025-02-05T01:37:49.499+0000] {docker.py:73} INFO -   File "/meltano/demo-project/.meltano/loaders/target-postgres/venv/lib/python3.10/site-packages/click/core.py", line 1161, in __call__
[2025-02-05T01:37:49.500+0000] {docker.py:73} INFO -     return self.main(*args, **kwargs)
[2025-02-05T01:37:49.500+0000] {docker.py:73} INFO -   File "/meltano/demo-project/.meltano/loaders/target-postgres/venv/lib/python3.10/site-packages/click/core.py", line 1082, in main
[2025-02-05T01:37:49.500+0000] {docker.py:73} INFO -     rv = self.invoke(ctx)
[2025-02-05T01:37:49.501+0000] {docker.py:73} INFO -   File "/meltano/demo-project/.meltano/loaders/target-postgres/venv/lib/python3.10/site-packages/singer_sdk/plugin_base.py", line 92, in invoke
[2025-02-05T01:37:49.501+0000] {docker.py:73} INFO -     return super().invoke(ctx)
[2025-02-05T01:37:49.501+0000] {docker.py:73} INFO -   File "/meltano/demo-project/.meltano/loaders/target-postgres/venv/lib/python3.10/site-packages/click/core.py", line 1443, in invoke
[2025-02-05T01:37:49.502+0000] {docker.py:73} INFO -     return ctx.invoke(self.callback, **ctx.params)
[2025-02-05T01:37:49.502+0000] {docker.py:73} INFO -   File "/meltano/demo-project/.meltano/loaders/target-postgres/venv/lib/python3.10/site-packages/click/core.py", line 788, in invoke
[2025-02-05T01:37:49.503+0000] {docker.py:73} INFO -     return __callback(*args, **kwargs)
[2025-02-05T01:37:49.503+0000] {docker.py:73} INFO -   File "/meltano/demo-project/.meltano/loaders/target-postgres/venv/lib/python3.10/site-packages/singer_sdk/target_base.py", line 586, in invoke
[2025-02-05T01:37:49.503+0000] {docker.py:73} INFO -     target.listen(file_input)
[2025-02-05T01:37:49.504+0000] {docker.py:73} INFO -   File "/meltano/demo-project/.meltano/loaders/target-postgres/venv/lib/python3.10/site-packages/singer_sdk/_singerlib/encoding/_base.py", line 53, in listen
[2025-02-05T01:37:49.504+0000] {docker.py:73} INFO -     self._process_lines(file_input or self.default_input)
[2025-02-05T01:37:49.504+0000] {docker.py:73} INFO -   File "/meltano/demo-project/.meltano/loaders/target-postgres/venv/lib/python3.10/site-packages/singer_sdk/target_base.py", line 305, in _process_lines
[2025-02-05T01:37:49.505+0000] {docker.py:73} INFO -     counter = super()._process_lines(file_input)
[2025-02-05T01:37:49.505+0000] {docker.py:73} INFO -   File "/meltano/demo-project/.meltano/loaders/target-postgres/venv/lib/python3.10/site-packages/singer_sdk/_singerlib/encoding/_base.py", line 80, in _process_lines
[2025-02-05T01:37:49.505+0000] {docker.py:73} INFO -     self._process_schema_message(line_dict)
[2025-02-05T01:37:49.506+0000] {docker.py:73} INFO -   File "/meltano/demo-project/.meltano/loaders/target-postgres/venv/lib/python3.10/site-packages/singer_sdk/target_base.py", line 421, in _process_schema_message
[2025-02-05T01:37:49.506+0000] {docker.py:73} INFO -     _ = self.get_sink(
[2025-02-05T01:37:49.506+0000] {docker.py:73} INFO -   File "/meltano/demo-project/.meltano/loaders/target-postgres/venv/lib/python3.10/site-packages/singer_sdk/target_base.py", line 815, in get_sink
[2025-02-05T01:37:49.506+0000] {docker.py:73} INFO -     return self.add_sqlsink(stream_name, schema, key_properties)
[2025-02-05T01:37:49.507+0000] {docker.py:73} INFO -   File "/meltano/demo-project/.meltano/loaders/target-postgres/venv/lib/python3.10/site-packages/singer_sdk/target_base.py", line 749, in add_sqlsink
[2025-02-05T01:37:49.507+0000] {docker.py:73} INFO -     sink.setup()
[2025-02-05T01:37:49.507+0000] {docker.py:73} INFO -   File "/meltano/demo-project/.meltano/loaders/target-postgres/venv/lib/python3.10/site-packages/target_postgres/sinks.py", line 60, in setup
[2025-02-05T01:37:49.508+0000] {docker.py:73} INFO -     self.connector.prepare_table(
[2025-02-05T01:37:49.508+0000] {docker.py:73} INFO -   File "/meltano/demo-project/.meltano/loaders/target-postgres/venv/lib/python3.10/site-packages/target_postgres/connector.py", line 192, in prepare_table
[2025-02-05T01:37:49.508+0000] {docker.py:73} INFO -     self.prepare_column(
[2025-02-05T01:37:49.509+0000] {docker.py:73} INFO -   File "/meltano/demo-project/.meltano/loaders/target-postgres/venv/lib/python3.10/site-packages/target_postgres/connector.py", line 517, in prepare_column
[2025-02-05T01:37:49.509+0000] {docker.py:73} INFO -     self._adapt_column_type(
[2025-02-05T01:37:49.510+0000] {docker.py:73} INFO -   File "/meltano/demo-project/.meltano/loaders/target-postgres/venv/lib/python3.10/site-packages/target_postgres/connector.py", line 651, in _adapt_column_type
[2025-02-05T01:37:49.510+0000] {docker.py:73} INFO -     raise NotImplementedError(msg)
[2025-02-05T01:37:49.510+0000] {docker.py:73} INFO - NotImplementedError: Altering columns is not supported. Could not convert column 'public.order_details.order_id' from 'SMALLINT' to 'TEXT'.
[2025-02-05T01:37:50.538+0000] {docker.py:73} INFO - Verificando dados carregados:
[2025-02-05T01:37:50.539+0000] {docker.py:73} INFO - + echo 'Verificando dados carregados:'
[2025-02-05T01:37:50.539+0000] {docker.py:73} INFO - + PGPASSWORD=thewindisblowing
[2025-02-05T01:37:50.539+0000] {docker.py:73} INFO - + psql -h northwind_db -U northwind_user -d northwind -c '
[2025-02-05T01:37:50.540+0000] {docker.py:73} INFO -             SELECT 
[2025-02-05T01:37:50.540+0000] {docker.py:73} INFO -                 pg_typeof(order_id) as order_id_type,
[2025-02-05T01:37:50.541+0000] {docker.py:73} INFO -                 pg_typeof(product_id) as product_id_type,
[2025-02-05T01:37:50.541+0000] {docker.py:73} INFO -                 pg_typeof(unit_price) as unit_price_type,
[2025-02-05T01:37:50.541+0000] {docker.py:73} INFO -                 pg_typeof(quantity) as quantity_type,
[2025-02-05T01:37:50.542+0000] {docker.py:73} INFO -                 pg_typeof(discount) as discount_type
[2025-02-05T01:37:50.542+0000] {docker.py:73} INFO -             FROM order_details 
[2025-02-05T01:37:50.542+0000] {docker.py:73} INFO -             LIMIT 1;
[2025-02-05T01:37:50.543+0000] {docker.py:73} INFO -             
[2025-02-05T01:37:50.543+0000] {docker.py:73} INFO -             SELECT COUNT(*) as total_records FROM order_details;
[2025-02-05T01:37:50.543+0000] {docker.py:73} INFO -         '
[2025-02-05T01:37:50.581+0000] {docker.py:73} INFO -  order_id_type | product_id_type | unit_price_type | quantity_type | discount_type 
[2025-02-05T01:37:50.581+0000] {docker.py:73} INFO - ---------------+-----------------+-----------------+---------------+---------------
[2025-02-05T01:37:50.581+0000] {docker.py:73} INFO - (0 rows)
[2025-02-05T01:37:50.582+0000] {docker.py:73} INFO - 
[2025-02-05T01:37:50.582+0000] {docker.py:73} INFO -  total_records 
[2025-02-05T01:37:50.583+0000] {docker.py:73} INFO - ---------------
[2025-02-05T01:37:50.583+0000] {docker.py:73} INFO -              0
[2025-02-05T01:37:50.583+0000] {docker.py:73} INFO - (1 row)
[2025-02-05T01:37:52.860+0000] {taskinstance.py:340} INFO - ::group::Post task execution logs
[2025-02-05T01:37:52.861+0000] {taskinstance.py:352} INFO - Marking task as SUCCESS. dag_id=northwind_loader, task_id=load_postgres, run_id=manual__2025-02-05T01:37:04.998700+00:00, execution_date=20250205T013704, start_date=20250205T013705, end_date=20250205T013752
[2025-02-05T01:37:52.900+0000] {local_task_job_runner.py:266} INFO - Task exited with return code 0
[2025-02-05T01:37:52.914+0000] {taskinstance.py:3895} INFO - 0 downstream tasks scheduled from follow-on schedule check
[2025-02-05T01:37:52.916+0000] {local_task_job_runner.py:245} INFO - ::endgroup::
