[2025-02-04T21:48:57.547+0000] {local_task_job_runner.py:123} INFO - ::group::Pre task execution logs
[2025-02-04T21:48:57.561+0000] {taskinstance.py:2613} INFO - Dependencies all met for dep_context=non-requeueable deps ti=<TaskInstance: northwind_meltano.setup_meltano manual__2025-02-04T21:48:56.850254+00:00 [queued]>
[2025-02-04T21:48:57.567+0000] {taskinstance.py:2613} INFO - Dependencies all met for dep_context=requeueable deps ti=<TaskInstance: northwind_meltano.setup_meltano manual__2025-02-04T21:48:56.850254+00:00 [queued]>
[2025-02-04T21:48:57.567+0000] {taskinstance.py:2866} INFO - Starting attempt 1 of 1
[2025-02-04T21:48:57.577+0000] {taskinstance.py:2889} INFO - Executing <Task(DockerOperator): setup_meltano> on 2025-02-04 21:48:56.850254+00:00
[2025-02-04T21:48:57.583+0000] {standard_task_runner.py:104} INFO - Running: ['***', 'tasks', 'run', 'northwind_meltano', 'setup_meltano', 'manual__2025-02-04T21:48:56.850254+00:00', '--job-id', '30', '--raw', '--subdir', 'DAGS_FOLDER/northwind_etl/northwind_meltano.py', '--cfg-path', '/tmp/tmpn0746s82']
[2025-02-04T21:48:57.584+0000] {standard_task_runner.py:105} INFO - Job 30: Subtask setup_meltano
[2025-02-04T21:48:57.585+0000] {logging_mixin.py:190} WARNING - /home/***/.local/lib/python3.12/site-packages/***/task/task_runner/standard_task_runner.py:70 DeprecationWarning: This process (pid=3236) is multi-threaded, use of fork() may lead to deadlocks in the child.
[2025-02-04T21:48:57.586+0000] {standard_task_runner.py:72} INFO - Started process 3237 to run task
[2025-02-04T21:48:57.617+0000] {task_command.py:467} INFO - Running <TaskInstance: northwind_meltano.setup_meltano manual__2025-02-04T21:48:56.850254+00:00 [running]> on host 09d05643d017
[2025-02-04T21:48:57.681+0000] {taskinstance.py:3132} INFO - Exporting env vars: AIRFLOW_CTX_DAG_OWNER='gabriel' AIRFLOW_CTX_DAG_ID='northwind_meltano' AIRFLOW_CTX_TASK_ID='setup_meltano' AIRFLOW_CTX_EXECUTION_DATE='2025-02-04T21:48:56.850254+00:00' AIRFLOW_CTX_TRY_NUMBER='1' AIRFLOW_CTX_DAG_RUN_ID='manual__2025-02-04T21:48:56.850254+00:00'
[2025-02-04T21:48:57.682+0000] {taskinstance.py:731} INFO - ::endgroup::
[2025-02-04T21:48:57.719+0000] {docker.py:379} INFO - Starting docker container from image meu-meltano
[2025-02-04T21:49:00.857+0000] {docker.py:73} INFO - Added extractor 'tap-postgres' to your project
[2025-02-04T21:49:00.857+0000] {docker.py:73} INFO - Variant:	meltanolabs (default)
[2025-02-04T21:49:00.858+0000] {docker.py:73} INFO - Repository:	https://github.com/MeltanoLabs/tap-postgres
[2025-02-04T21:49:00.858+0000] {docker.py:73} INFO - Documentation:	https://hub.meltano.com/extractors/tap-postgres--meltanolabs
[2025-02-04T21:49:00.989+0000] {docker.py:73} INFO - [2m2025-02-04T21:49:00.987681Z[0m [[32m[1minfo     [0m] [1mInstalling extractor 'tap-postgres'[0m
[2025-02-04T21:49:21.656+0000] {docker.py:73} INFO - [2m2025-02-04T21:49:21.655339Z[0m [[32m[1minfo     [0m] [1mInstalled extractor 'tap-postgres'[0m
[2025-02-04T21:49:21.657+0000] {docker.py:73} INFO - 
[2025-02-04T21:49:21.657+0000] {docker.py:73} INFO - To learn more about extractor 'tap-postgres', visit https://hub.meltano.com/extractors/tap-postgres--meltanolabs
[2025-02-04T21:49:23.245+0000] {docker.py:73} INFO - [2m2025-02-04T21:49:23.243901Z[0m [[32m[1minfo     [0m] [1mEnvironment 'dev' is active   [0m
[2025-02-04T21:49:23.387+0000] {docker.py:73} INFO - Extractor 'tap-postgres' setting 'host' was set in the active environment in `meltano.yml`: 'northwind_db'
[2025-02-04T21:49:24.963+0000] {docker.py:73} INFO - [2m2025-02-04T21:49:24.962192Z[0m [[32m[1minfo     [0m] [1mEnvironment 'dev' is active   [0m
[2025-02-04T21:49:25.102+0000] {docker.py:73} INFO - Extractor 'tap-postgres' setting 'port' was set in the active environment in `meltano.yml`: 5432
[2025-02-04T21:49:26.673+0000] {docker.py:73} INFO - [2m2025-02-04T21:49:26.672262Z[0m [[32m[1minfo     [0m] [1mEnvironment 'dev' is active   [0m
[2025-02-04T21:49:26.752+0000] {docker.py:73} INFO - Extractor 'tap-postgres' setting 'user' was set in the active environment in `meltano.yml`: 'northwind_user'
[2025-02-04T21:49:28.339+0000] {docker.py:73} INFO - [2m2025-02-04T21:49:28.337465Z[0m [[32m[1minfo     [0m] [1mEnvironment 'dev' is active   [0m
[2025-02-04T21:49:28.406+0000] {docker.py:73} INFO - Extractor 'tap-postgres' setting 'password' was set in `.env`: (redacted)
[2025-02-04T21:49:29.967+0000] {docker.py:73} INFO - [2m2025-02-04T21:49:29.966013Z[0m [[32m[1minfo     [0m] [1mEnvironment 'dev' is active   [0m
[2025-02-04T21:49:30.125+0000] {docker.py:73} INFO - Extractor 'tap-postgres' setting 'database' was set in the active environment in `meltano.yml`: 'northwind'
[2025-02-04T21:49:31.693+0000] {docker.py:73} INFO - [2m2025-02-04T21:49:31.692414Z[0m [[32m[1minfo     [0m] [1mEnvironment 'dev' is active   [0m
[2025-02-04T21:49:31.779+0000] {docker.py:73} INFO - Extractor 'tap-postgres' setting 'filter_schemas' was set in the active environment in `meltano.yml`: ['public']
[2025-02-04T21:49:33.429+0000] {docker.py:73} INFO - [2m2025-02-04T21:49:33.427667Z[0m [[32m[1minfo     [0m] [1mEnvironment 'dev' is active   [0m
[2025-02-04T21:49:34.841+0000] {docker.py:73} INFO - [2m2025-02-04T21:49:34.840585Z[0m [[32m[1minfo     [0m] [1mEnvironment 'dev' is active   [0m
[2025-02-04T21:49:35.936+0000] {docker.py:73} INFO - [2m2025-02-04T21:49:35.934896Z[0m [[33m[1mwarning  [0m] [1mStream `categories` was not found in the catalog[0m
[2025-02-04T21:49:36.425+0000] {docker.py:73} INFO - 2025-02-04 21:49:36,424 | INFO     | tap-postgres         | Skipping deselected stream 'public-categories'.
[2025-02-04T21:49:36.426+0000] {docker.py:73} INFO - 2025-02-04 21:49:36,424 | INFO     | tap-postgres         | Skipping deselected stream 'public-customer_customer_demo'.
[2025-02-04T21:49:36.426+0000] {docker.py:73} INFO - 2025-02-04 21:49:36,424 | INFO     | tap-postgres         | Skipping deselected stream 'public-customer_demographics'.
[2025-02-04T21:49:36.427+0000] {docker.py:73} INFO - 2025-02-04 21:49:36,424 | INFO     | tap-postgres         | Skipping deselected stream 'public-customers'.
[2025-02-04T21:49:36.427+0000] {docker.py:73} INFO - 2025-02-04 21:49:36,424 | INFO     | tap-postgres         | Skipping deselected stream 'public-employee_territories'.
[2025-02-04T21:49:36.428+0000] {docker.py:73} INFO - 2025-02-04 21:49:36,425 | INFO     | tap-postgres         | Skipping deselected stream 'public-employees'.
[2025-02-04T21:49:36.428+0000] {docker.py:73} INFO - 2025-02-04 21:49:36,425 | INFO     | tap-postgres         | Skipping deselected stream 'public-orders'.
[2025-02-04T21:49:36.429+0000] {docker.py:73} INFO - 2025-02-04 21:49:36,425 | INFO     | tap-postgres         | Skipping deselected stream 'public-products'.
[2025-02-04T21:49:36.429+0000] {docker.py:73} INFO - 2025-02-04 21:49:36,426 | INFO     | tap-postgres         | Skipping deselected stream 'public-region'.
[2025-02-04T21:49:36.429+0000] {docker.py:73} INFO - 2025-02-04 21:49:36,426 | INFO     | tap-postgres         | Skipping deselected stream 'public-shippers'.
[2025-02-04T21:49:36.430+0000] {docker.py:73} INFO - 2025-02-04 21:49:36,426 | INFO     | tap-postgres         | Skipping deselected stream 'public-suppliers'.
[2025-02-04T21:49:36.430+0000] {docker.py:73} INFO - 2025-02-04 21:49:36,426 | INFO     | tap-postgres         | Skipping deselected stream 'public-territories'.
[2025-02-04T21:49:36.430+0000] {docker.py:73} INFO - 2025-02-04 21:49:36,426 | INFO     | tap-postgres         | Skipping deselected stream 'public-us_states'.
[2025-02-04T21:49:38.068+0000] {docker.py:73} INFO - [2m2025-02-04T21:49:38.067042Z[0m [[32m[1minfo     [0m] [1mEnvironment 'dev' is active   [0m
[2025-02-04T21:49:39.555+0000] {docker.py:73} INFO - [2m2025-02-04T21:49:39.553658Z[0m [[32m[1minfo     [0m] [1mEnvironment 'dev' is active   [0m
[2025-02-04T21:49:39.986+0000] {docker.py:73} INFO - [2m2025-02-04T21:49:39.984743Z[0m [[33m[1mwarning  [0m] [1mStream `categories` was not found in the catalog[0m
[2025-02-04T21:49:39.986+0000] {docker.py:73} INFO - [2m2025-02-04T21:49:39.984906Z[0m [[33m[1mwarning  [0m] [1mStream `customers` was not found in the catalog[0m
[2025-02-04T21:49:40.482+0000] {docker.py:73} INFO - 2025-02-04 21:49:40,481 | INFO     | tap-postgres         | Skipping deselected stream 'public-categories'.
[2025-02-04T21:49:40.483+0000] {docker.py:73} INFO - 2025-02-04 21:49:40,481 | INFO     | tap-postgres         | Skipping deselected stream 'public-customer_customer_demo'.
[2025-02-04T21:49:40.484+0000] {docker.py:73} INFO - 2025-02-04 21:49:40,481 | INFO     | tap-postgres         | Skipping deselected stream 'public-customer_demographics'.
[2025-02-04T21:49:40.484+0000] {docker.py:73} INFO - 2025-02-04 21:49:40,481 | INFO     | tap-postgres         | Skipping deselected stream 'public-customers'.
[2025-02-04T21:49:40.485+0000] {docker.py:73} INFO - 2025-02-04 21:49:40,481 | INFO     | tap-postgres         | Skipping deselected stream 'public-employee_territories'.
[2025-02-04T21:49:40.485+0000] {docker.py:73} INFO - 2025-02-04 21:49:40,482 | INFO     | tap-postgres         | Skipping deselected stream 'public-employees'.
[2025-02-04T21:49:40.485+0000] {docker.py:73} INFO - 2025-02-04 21:49:40,482 | INFO     | tap-postgres         | Skipping deselected stream 'public-orders'.
[2025-02-04T21:49:40.486+0000] {docker.py:73} INFO - 2025-02-04 21:49:40,482 | INFO     | tap-postgres         | Skipping deselected stream 'public-products'.
[2025-02-04T21:49:40.486+0000] {docker.py:73} INFO - 2025-02-04 21:49:40,483 | INFO     | tap-postgres         | Skipping deselected stream 'public-region'.
[2025-02-04T21:49:40.487+0000] {docker.py:73} INFO - 2025-02-04 21:49:40,483 | INFO     | tap-postgres         | Skipping deselected stream 'public-shippers'.
[2025-02-04T21:49:40.487+0000] {docker.py:73} INFO - 2025-02-04 21:49:40,483 | INFO     | tap-postgres         | Skipping deselected stream 'public-suppliers'.
[2025-02-04T21:49:40.488+0000] {docker.py:73} INFO - 2025-02-04 21:49:40,483 | INFO     | tap-postgres         | Skipping deselected stream 'public-territories'.
[2025-02-04T21:49:40.488+0000] {docker.py:73} INFO - 2025-02-04 21:49:40,484 | INFO     | tap-postgres         | Skipping deselected stream 'public-us_states'.
[2025-02-04T21:49:42.118+0000] {docker.py:73} INFO - [2m2025-02-04T21:49:42.117597Z[0m [[32m[1minfo     [0m] [1mEnvironment 'dev' is active   [0m
[2025-02-04T21:49:43.545+0000] {docker.py:73} INFO - [2m2025-02-04T21:49:43.544652Z[0m [[32m[1minfo     [0m] [1mEnvironment 'dev' is active   [0m
[2025-02-04T21:49:43.971+0000] {docker.py:73} INFO - [2m2025-02-04T21:49:43.970216Z[0m [[33m[1mwarning  [0m] [1mStream `categories` was not found in the catalog[0m
[2025-02-04T21:49:43.972+0000] {docker.py:73} INFO - [2m2025-02-04T21:49:43.970481Z[0m [[33m[1mwarning  [0m] [1mStream `customers` was not found in the catalog[0m
[2025-02-04T21:49:43.972+0000] {docker.py:73} INFO - [2m2025-02-04T21:49:43.970626Z[0m [[33m[1mwarning  [0m] [1mStream `employees` was not found in the catalog[0m
[2025-02-04T21:49:44.485+0000] {docker.py:73} INFO - 2025-02-04 21:49:44,483 | INFO     | tap-postgres         | Skipping deselected stream 'public-categories'.
[2025-02-04T21:49:44.485+0000] {docker.py:73} INFO - 2025-02-04 21:49:44,483 | INFO     | tap-postgres         | Skipping deselected stream 'public-customer_customer_demo'.
[2025-02-04T21:49:44.486+0000] {docker.py:73} INFO - 2025-02-04 21:49:44,483 | INFO     | tap-postgres         | Skipping deselected stream 'public-customer_demographics'.
[2025-02-04T21:49:44.486+0000] {docker.py:73} INFO - 2025-02-04 21:49:44,484 | INFO     | tap-postgres         | Skipping deselected stream 'public-customers'.
[2025-02-04T21:49:44.487+0000] {docker.py:73} INFO - 2025-02-04 21:49:44,484 | INFO     | tap-postgres         | Skipping deselected stream 'public-employee_territories'.
[2025-02-04T21:49:44.487+0000] {docker.py:73} INFO - 2025-02-04 21:49:44,484 | INFO     | tap-postgres         | Skipping deselected stream 'public-employees'.
[2025-02-04T21:49:44.488+0000] {docker.py:73} INFO - 2025-02-04 21:49:44,484 | INFO     | tap-postgres         | Skipping deselected stream 'public-orders'.
[2025-02-04T21:49:44.488+0000] {docker.py:73} INFO - 2025-02-04 21:49:44,485 | INFO     | tap-postgres         | Skipping deselected stream 'public-products'.
[2025-02-04T21:49:44.488+0000] {docker.py:73} INFO - 2025-02-04 21:49:44,485 | INFO     | tap-postgres         | Skipping deselected stream 'public-region'.
[2025-02-04T21:49:44.489+0000] {docker.py:73} INFO - 2025-02-04 21:49:44,485 | INFO     | tap-postgres         | Skipping deselected stream 'public-shippers'.
[2025-02-04T21:49:44.489+0000] {docker.py:73} INFO - 2025-02-04 21:49:44,485 | INFO     | tap-postgres         | Skipping deselected stream 'public-suppliers'.
[2025-02-04T21:49:44.490+0000] {docker.py:73} INFO - 2025-02-04 21:49:44,486 | INFO     | tap-postgres         | Skipping deselected stream 'public-territories'.
[2025-02-04T21:49:44.490+0000] {docker.py:73} INFO - 2025-02-04 21:49:44,486 | INFO     | tap-postgres         | Skipping deselected stream 'public-us_states'.
[2025-02-04T21:49:46.147+0000] {docker.py:73} INFO - [2m2025-02-04T21:49:46.145693Z[0m [[32m[1minfo     [0m] [1mEnvironment 'dev' is active   [0m
[2025-02-04T21:49:48.511+0000] {docker.py:73} INFO - [2m2025-02-04T21:49:48.510292Z[0m [[32m[1minfo     [0m] [1mEnvironment 'dev' is active   [0m
[2025-02-04T21:49:48.934+0000] {docker.py:73} INFO - [2m2025-02-04T21:49:48.933040Z[0m [[33m[1mwarning  [0m] [1mStream `categories` was not found in the catalog[0m
[2025-02-04T21:49:48.934+0000] {docker.py:73} INFO - [2m2025-02-04T21:49:48.933201Z[0m [[33m[1mwarning  [0m] [1mStream `customers` was not found in the catalog[0m
[2025-02-04T21:49:48.935+0000] {docker.py:73} INFO - [2m2025-02-04T21:49:48.933313Z[0m [[33m[1mwarning  [0m] [1mStream `employees` was not found in the catalog[0m
[2025-02-04T21:49:48.935+0000] {docker.py:73} INFO - [2m2025-02-04T21:49:48.933425Z[0m [[33m[1mwarning  [0m] [1mStream `orders` was not found in the catalog[0m
[2025-02-04T21:49:49.428+0000] {docker.py:73} INFO - 2025-02-04 21:49:49,427 | INFO     | tap-postgres         | Skipping deselected stream 'public-categories'.
[2025-02-04T21:49:49.429+0000] {docker.py:73} INFO - 2025-02-04 21:49:49,427 | INFO     | tap-postgres         | Skipping deselected stream 'public-customer_customer_demo'.
[2025-02-04T21:49:49.430+0000] {docker.py:73} INFO - 2025-02-04 21:49:49,427 | INFO     | tap-postgres         | Skipping deselected stream 'public-customer_demographics'.
[2025-02-04T21:49:49.430+0000] {docker.py:73} INFO - 2025-02-04 21:49:49,427 | INFO     | tap-postgres         | Skipping deselected stream 'public-customers'.
[2025-02-04T21:49:49.431+0000] {docker.py:73} INFO - 2025-02-04 21:49:49,428 | INFO     | tap-postgres         | Skipping deselected stream 'public-employee_territories'.
[2025-02-04T21:49:49.431+0000] {docker.py:73} INFO - 2025-02-04 21:49:49,428 | INFO     | tap-postgres         | Skipping deselected stream 'public-employees'.
[2025-02-04T21:49:49.432+0000] {docker.py:73} INFO - 2025-02-04 21:49:49,428 | INFO     | tap-postgres         | Skipping deselected stream 'public-orders'.
[2025-02-04T21:49:49.432+0000] {docker.py:73} INFO - 2025-02-04 21:49:49,429 | INFO     | tap-postgres         | Skipping deselected stream 'public-products'.
[2025-02-04T21:49:49.433+0000] {docker.py:73} INFO - 2025-02-04 21:49:49,429 | INFO     | tap-postgres         | Skipping deselected stream 'public-region'.
[2025-02-04T21:49:49.433+0000] {docker.py:73} INFO - 2025-02-04 21:49:49,429 | INFO     | tap-postgres         | Skipping deselected stream 'public-shippers'.
[2025-02-04T21:49:49.433+0000] {docker.py:73} INFO - 2025-02-04 21:49:49,429 | INFO     | tap-postgres         | Skipping deselected stream 'public-suppliers'.
[2025-02-04T21:49:49.434+0000] {docker.py:73} INFO - 2025-02-04 21:49:49,430 | INFO     | tap-postgres         | Skipping deselected stream 'public-territories'.
[2025-02-04T21:49:49.434+0000] {docker.py:73} INFO - 2025-02-04 21:49:49,430 | INFO     | tap-postgres         | Skipping deselected stream 'public-us_states'.
[2025-02-04T21:49:51.099+0000] {docker.py:73} INFO - [2m2025-02-04T21:49:51.097833Z[0m [[32m[1minfo     [0m] [1mEnvironment 'dev' is active   [0m
[2025-02-04T21:49:52.609+0000] {docker.py:73} INFO - [2m2025-02-04T21:49:52.608664Z[0m [[32m[1minfo     [0m] [1mEnvironment 'dev' is active   [0m
[2025-02-04T21:49:53.032+0000] {docker.py:73} INFO - [2m2025-02-04T21:49:53.030866Z[0m [[33m[1mwarning  [0m] [1mStream `categories` was not found in the catalog[0m
[2025-02-04T21:49:53.032+0000] {docker.py:73} INFO - [2m2025-02-04T21:49:53.031028Z[0m [[33m[1mwarning  [0m] [1mStream `customers` was not found in the catalog[0m
[2025-02-04T21:49:53.033+0000] {docker.py:73} INFO - [2m2025-02-04T21:49:53.031146Z[0m [[33m[1mwarning  [0m] [1mStream `employees` was not found in the catalog[0m
[2025-02-04T21:49:53.033+0000] {docker.py:73} INFO - [2m2025-02-04T21:49:53.031259Z[0m [[33m[1mwarning  [0m] [1mStream `orders` was not found in the catalog[0m
[2025-02-04T21:49:53.034+0000] {docker.py:73} INFO - [2m2025-02-04T21:49:53.031383Z[0m [[33m[1mwarning  [0m] [1mStream `products` was not found in the catalog[0m
[2025-02-04T21:49:53.521+0000] {docker.py:73} INFO - 2025-02-04 21:49:53,519 | INFO     | tap-postgres         | Skipping deselected stream 'public-categories'.
[2025-02-04T21:49:53.521+0000] {docker.py:73} INFO - 2025-02-04 21:49:53,519 | INFO     | tap-postgres         | Skipping deselected stream 'public-customer_customer_demo'.
[2025-02-04T21:49:53.522+0000] {docker.py:73} INFO - 2025-02-04 21:49:53,519 | INFO     | tap-postgres         | Skipping deselected stream 'public-customer_demographics'.
[2025-02-04T21:49:53.523+0000] {docker.py:73} INFO - 2025-02-04 21:49:53,520 | INFO     | tap-postgres         | Skipping deselected stream 'public-customers'.
[2025-02-04T21:49:53.523+0000] {docker.py:73} INFO - 2025-02-04 21:49:53,520 | INFO     | tap-postgres         | Skipping deselected stream 'public-employee_territories'.
[2025-02-04T21:49:53.523+0000] {docker.py:73} INFO - 2025-02-04 21:49:53,520 | INFO     | tap-postgres         | Skipping deselected stream 'public-employees'.
[2025-02-04T21:49:53.524+0000] {docker.py:73} INFO - 2025-02-04 21:49:53,521 | INFO     | tap-postgres         | Skipping deselected stream 'public-orders'.
[2025-02-04T21:49:53.524+0000] {docker.py:73} INFO - 2025-02-04 21:49:53,521 | INFO     | tap-postgres         | Skipping deselected stream 'public-products'.
[2025-02-04T21:49:53.525+0000] {docker.py:73} INFO - 2025-02-04 21:49:53,521 | INFO     | tap-postgres         | Skipping deselected stream 'public-region'.
[2025-02-04T21:49:53.525+0000] {docker.py:73} INFO - 2025-02-04 21:49:53,521 | INFO     | tap-postgres         | Skipping deselected stream 'public-shippers'.
[2025-02-04T21:49:53.525+0000] {docker.py:73} INFO - 2025-02-04 21:49:53,522 | INFO     | tap-postgres         | Skipping deselected stream 'public-suppliers'.
[2025-02-04T21:49:53.526+0000] {docker.py:73} INFO - 2025-02-04 21:49:53,522 | INFO     | tap-postgres         | Skipping deselected stream 'public-territories'.
[2025-02-04T21:49:53.526+0000] {docker.py:73} INFO - 2025-02-04 21:49:53,522 | INFO     | tap-postgres         | Skipping deselected stream 'public-us_states'.
[2025-02-04T21:49:55.175+0000] {docker.py:73} INFO - [2m2025-02-04T21:49:55.173819Z[0m [[32m[1minfo     [0m] [1mEnvironment 'dev' is active   [0m
[2025-02-04T21:49:56.669+0000] {docker.py:73} INFO - [2m2025-02-04T21:49:56.667952Z[0m [[32m[1minfo     [0m] [1mEnvironment 'dev' is active   [0m
[2025-02-04T21:49:57.095+0000] {docker.py:73} INFO - [2m2025-02-04T21:49:57.093690Z[0m [[33m[1mwarning  [0m] [1mStream `categories` was not found in the catalog[0m
[2025-02-04T21:49:57.095+0000] {docker.py:73} INFO - [2m2025-02-04T21:49:57.093860Z[0m [[33m[1mwarning  [0m] [1mStream `customers` was not found in the catalog[0m
[2025-02-04T21:49:57.096+0000] {docker.py:73} INFO - [2m2025-02-04T21:49:57.093974Z[0m [[33m[1mwarning  [0m] [1mStream `employees` was not found in the catalog[0m
[2025-02-04T21:49:57.096+0000] {docker.py:73} INFO - [2m2025-02-04T21:49:57.094086Z[0m [[33m[1mwarning  [0m] [1mStream `orders` was not found in the catalog[0m
[2025-02-04T21:49:57.097+0000] {docker.py:73} INFO - [2m2025-02-04T21:49:57.094235Z[0m [[33m[1mwarning  [0m] [1mStream `products` was not found in the catalog[0m
[2025-02-04T21:49:57.097+0000] {docker.py:73} INFO - [2m2025-02-04T21:49:57.094400Z[0m [[33m[1mwarning  [0m] [1mStream `suppliers` was not found in the catalog[0m
[2025-02-04T21:49:57.584+0000] {docker.py:73} INFO - 2025-02-04 21:49:57,583 | INFO     | tap-postgres         | Skipping deselected stream 'public-categories'.
[2025-02-04T21:49:57.585+0000] {docker.py:73} INFO - 2025-02-04 21:49:57,583 | INFO     | tap-postgres         | Skipping deselected stream 'public-customer_customer_demo'.
[2025-02-04T21:49:57.586+0000] {docker.py:73} INFO - 2025-02-04 21:49:57,583 | INFO     | tap-postgres         | Skipping deselected stream 'public-customer_demographics'.
[2025-02-04T21:49:57.586+0000] {docker.py:73} INFO - 2025-02-04 21:49:57,583 | INFO     | tap-postgres         | Skipping deselected stream 'public-customers'.
[2025-02-04T21:49:57.587+0000] {docker.py:73} INFO - 2025-02-04 21:49:57,583 | INFO     | tap-postgres         | Skipping deselected stream 'public-employee_territories'.
[2025-02-04T21:49:57.587+0000] {docker.py:73} INFO - 2025-02-04 21:49:57,584 | INFO     | tap-postgres         | Skipping deselected stream 'public-employees'.
[2025-02-04T21:49:57.588+0000] {docker.py:73} INFO - 2025-02-04 21:49:57,584 | INFO     | tap-postgres         | Skipping deselected stream 'public-orders'.
[2025-02-04T21:49:57.589+0000] {docker.py:73} INFO - 2025-02-04 21:49:57,585 | INFO     | tap-postgres         | Skipping deselected stream 'public-products'.
[2025-02-04T21:49:57.589+0000] {docker.py:73} INFO - 2025-02-04 21:49:57,585 | INFO     | tap-postgres         | Skipping deselected stream 'public-region'.
[2025-02-04T21:49:57.590+0000] {docker.py:73} INFO - 2025-02-04 21:49:57,585 | INFO     | tap-postgres         | Skipping deselected stream 'public-shippers'.
[2025-02-04T21:49:57.590+0000] {docker.py:73} INFO - 2025-02-04 21:49:57,586 | INFO     | tap-postgres         | Skipping deselected stream 'public-suppliers'.
[2025-02-04T21:49:57.590+0000] {docker.py:73} INFO - 2025-02-04 21:49:57,586 | INFO     | tap-postgres         | Skipping deselected stream 'public-territories'.
[2025-02-04T21:49:57.591+0000] {docker.py:73} INFO - 2025-02-04 21:49:57,586 | INFO     | tap-postgres         | Skipping deselected stream 'public-us_states'.
[2025-02-04T21:49:59.236+0000] {docker.py:73} INFO - [2m2025-02-04T21:49:59.235247Z[0m [[32m[1minfo     [0m] [1mEnvironment 'dev' is active   [0m
[2025-02-04T21:50:00.670+0000] {docker.py:73} INFO - [2m2025-02-04T21:50:00.669038Z[0m [[32m[1minfo     [0m] [1mEnvironment 'dev' is active   [0m
[2025-02-04T21:50:01.099+0000] {docker.py:73} INFO - [2m2025-02-04T21:50:01.097538Z[0m [[33m[1mwarning  [0m] [1mStream `categories` was not found in the catalog[0m
[2025-02-04T21:50:01.099+0000] {docker.py:73} INFO - [2m2025-02-04T21:50:01.097734Z[0m [[33m[1mwarning  [0m] [1mStream `customers` was not found in the catalog[0m
[2025-02-04T21:50:01.100+0000] {docker.py:73} INFO - [2m2025-02-04T21:50:01.097818Z[0m [[33m[1mwarning  [0m] [1mStream `employees` was not found in the catalog[0m
[2025-02-04T21:50:01.100+0000] {docker.py:73} INFO - [2m2025-02-04T21:50:01.097915Z[0m [[33m[1mwarning  [0m] [1mStream `orders` was not found in the catalog[0m
[2025-02-04T21:50:01.100+0000] {docker.py:73} INFO - [2m2025-02-04T21:50:01.098033Z[0m [[33m[1mwarning  [0m] [1mStream `products` was not found in the catalog[0m
[2025-02-04T21:50:01.101+0000] {docker.py:73} INFO - [2m2025-02-04T21:50:01.098168Z[0m [[33m[1mwarning  [0m] [1mStream `suppliers` was not found in the catalog[0m
[2025-02-04T21:50:01.101+0000] {docker.py:73} INFO - [2m2025-02-04T21:50:01.098316Z[0m [[33m[1mwarning  [0m] [1mStream `shippers` was not found in the catalog[0m
[2025-02-04T21:50:01.588+0000] {docker.py:73} INFO - 2025-02-04 21:50:01,586 | INFO     | tap-postgres         | Skipping deselected stream 'public-categories'.
[2025-02-04T21:50:01.589+0000] {docker.py:73} INFO - 2025-02-04 21:50:01,587 | INFO     | tap-postgres         | Skipping deselected stream 'public-customer_customer_demo'.
[2025-02-04T21:50:01.589+0000] {docker.py:73} INFO - 2025-02-04 21:50:01,587 | INFO     | tap-postgres         | Skipping deselected stream 'public-customer_demographics'.
[2025-02-04T21:50:01.590+0000] {docker.py:73} INFO - 2025-02-04 21:50:01,587 | INFO     | tap-postgres         | Skipping deselected stream 'public-customers'.
[2025-02-04T21:50:01.590+0000] {docker.py:73} INFO - 2025-02-04 21:50:01,587 | INFO     | tap-postgres         | Skipping deselected stream 'public-employee_territories'.
[2025-02-04T21:50:01.591+0000] {docker.py:73} INFO - 2025-02-04 21:50:01,588 | INFO     | tap-postgres         | Skipping deselected stream 'public-employees'.
[2025-02-04T21:50:01.591+0000] {docker.py:73} INFO - 2025-02-04 21:50:01,588 | INFO     | tap-postgres         | Skipping deselected stream 'public-orders'.
[2025-02-04T21:50:01.591+0000] {docker.py:73} INFO - 2025-02-04 21:50:01,588 | INFO     | tap-postgres         | Skipping deselected stream 'public-products'.
[2025-02-04T21:50:01.592+0000] {docker.py:73} INFO - 2025-02-04 21:50:01,588 | INFO     | tap-postgres         | Skipping deselected stream 'public-region'.
[2025-02-04T21:50:01.592+0000] {docker.py:73} INFO - 2025-02-04 21:50:01,589 | INFO     | tap-postgres         | Skipping deselected stream 'public-shippers'.
[2025-02-04T21:50:01.592+0000] {docker.py:73} INFO - 2025-02-04 21:50:01,589 | INFO     | tap-postgres         | Skipping deselected stream 'public-suppliers'.
[2025-02-04T21:50:01.593+0000] {docker.py:73} INFO - 2025-02-04 21:50:01,589 | INFO     | tap-postgres         | Skipping deselected stream 'public-territories'.
[2025-02-04T21:50:01.593+0000] {docker.py:73} INFO - 2025-02-04 21:50:01,589 | INFO     | tap-postgres         | Skipping deselected stream 'public-us_states'.
[2025-02-04T21:50:03.248+0000] {docker.py:73} INFO - [2m2025-02-04T21:50:03.247347Z[0m [[32m[1minfo     [0m] [1mEnvironment 'dev' is active   [0m
[2025-02-04T21:50:04.803+0000] {docker.py:73} INFO - [2m2025-02-04T21:50:04.802105Z[0m [[32m[1minfo     [0m] [1mEnvironment 'dev' is active   [0m
[2025-02-04T21:50:05.272+0000] {docker.py:73} INFO - [2m2025-02-04T21:50:05.270615Z[0m [[33m[1mwarning  [0m] [1mStream `categories` was not found in the catalog[0m
[2025-02-04T21:50:05.272+0000] {docker.py:73} INFO - [2m2025-02-04T21:50:05.270796Z[0m [[33m[1mwarning  [0m] [1mStream `customers` was not found in the catalog[0m
[2025-02-04T21:50:05.273+0000] {docker.py:73} INFO - [2m2025-02-04T21:50:05.270954Z[0m [[33m[1mwarning  [0m] [1mStream `employees` was not found in the catalog[0m
[2025-02-04T21:50:05.273+0000] {docker.py:73} INFO - [2m2025-02-04T21:50:05.271073Z[0m [[33m[1mwarning  [0m] [1mStream `orders` was not found in the catalog[0m
[2025-02-04T21:50:05.274+0000] {docker.py:73} INFO - [2m2025-02-04T21:50:05.271204Z[0m [[33m[1mwarning  [0m] [1mStream `products` was not found in the catalog[0m
[2025-02-04T21:50:05.274+0000] {docker.py:73} INFO - [2m2025-02-04T21:50:05.271346Z[0m [[33m[1mwarning  [0m] [1mStream `suppliers` was not found in the catalog[0m
[2025-02-04T21:50:05.274+0000] {docker.py:73} INFO - [2m2025-02-04T21:50:05.271517Z[0m [[33m[1mwarning  [0m] [1mStream `shippers` was not found in the catalog[0m
[2025-02-04T21:50:05.275+0000] {docker.py:73} INFO - [2m2025-02-04T21:50:05.271658Z[0m [[33m[1mwarning  [0m] [1mStream `territories` was not found in the catalog[0m
[2025-02-04T21:50:05.764+0000] {docker.py:73} INFO - 2025-02-04 21:50:05,763 | INFO     | tap-postgres         | Skipping deselected stream 'public-categories'.
[2025-02-04T21:50:05.765+0000] {docker.py:73} INFO - 2025-02-04 21:50:05,763 | INFO     | tap-postgres         | Skipping deselected stream 'public-customer_customer_demo'.
[2025-02-04T21:50:05.766+0000] {docker.py:73} INFO - 2025-02-04 21:50:05,763 | INFO     | tap-postgres         | Skipping deselected stream 'public-customer_demographics'.
[2025-02-04T21:50:05.766+0000] {docker.py:73} INFO - 2025-02-04 21:50:05,764 | INFO     | tap-postgres         | Skipping deselected stream 'public-customers'.
[2025-02-04T21:50:05.767+0000] {docker.py:73} INFO - 2025-02-04 21:50:05,764 | INFO     | tap-postgres         | Skipping deselected stream 'public-employee_territories'.
[2025-02-04T21:50:05.767+0000] {docker.py:73} INFO - 2025-02-04 21:50:05,764 | INFO     | tap-postgres         | Skipping deselected stream 'public-employees'.
[2025-02-04T21:50:05.768+0000] {docker.py:73} INFO - 2025-02-04 21:50:05,765 | INFO     | tap-postgres         | Skipping deselected stream 'public-orders'.
[2025-02-04T21:50:05.768+0000] {docker.py:73} INFO - 2025-02-04 21:50:05,765 | INFO     | tap-postgres         | Skipping deselected stream 'public-products'.
[2025-02-04T21:50:05.768+0000] {docker.py:73} INFO - 2025-02-04 21:50:05,765 | INFO     | tap-postgres         | Skipping deselected stream 'public-region'.
[2025-02-04T21:50:05.769+0000] {docker.py:73} INFO - 2025-02-04 21:50:05,765 | INFO     | tap-postgres         | Skipping deselected stream 'public-shippers'.
[2025-02-04T21:50:05.769+0000] {docker.py:73} INFO - 2025-02-04 21:50:05,766 | INFO     | tap-postgres         | Skipping deselected stream 'public-suppliers'.
[2025-02-04T21:50:05.769+0000] {docker.py:73} INFO - 2025-02-04 21:50:05,766 | INFO     | tap-postgres         | Skipping deselected stream 'public-territories'.
[2025-02-04T21:50:05.770+0000] {docker.py:73} INFO - 2025-02-04 21:50:05,766 | INFO     | tap-postgres         | Skipping deselected stream 'public-us_states'.
[2025-02-04T21:50:07.246+0000] {taskinstance.py:340} INFO - ::group::Post task execution logs
[2025-02-04T21:50:07.247+0000] {taskinstance.py:352} INFO - Marking task as SUCCESS. dag_id=northwind_meltano, task_id=setup_meltano, run_id=manual__2025-02-04T21:48:56.850254+00:00, execution_date=20250204T214856, start_date=20250204T214857, end_date=20250204T215007
[2025-02-04T21:50:07.286+0000] {local_task_job_runner.py:266} INFO - Task exited with return code 0
[2025-02-04T21:50:07.301+0000] {taskinstance.py:3895} INFO - 0 downstream tasks scheduled from follow-on schedule check
[2025-02-04T21:50:07.303+0000] {local_task_job_runner.py:245} INFO - ::endgroup::
