[2025-02-05T01:35:19.151+0000] {local_task_job_runner.py:123} INFO - ::group::Pre task execution logs
[2025-02-05T01:35:19.167+0000] {taskinstance.py:2613} INFO - Dependencies all met for dep_context=non-requeueable deps ti=<TaskInstance: northwind_loader.load_postgres manual__2025-02-05T01:35:18.568795+00:00 [queued]>
[2025-02-05T01:35:19.176+0000] {taskinstance.py:2613} INFO - Dependencies all met for dep_context=requeueable deps ti=<TaskInstance: northwind_loader.load_postgres manual__2025-02-05T01:35:18.568795+00:00 [queued]>
[2025-02-05T01:35:19.176+0000] {taskinstance.py:2866} INFO - Starting attempt 1 of 1
[2025-02-05T01:35:19.187+0000] {taskinstance.py:2889} INFO - Executing <Task(DockerOperator): load_postgres> on 2025-02-05 01:35:18.568795+00:00
[2025-02-05T01:35:19.193+0000] {logging_mixin.py:190} WARNING - /home/***/.local/lib/python3.12/site-packages/***/task/task_runner/standard_task_runner.py:70 DeprecationWarning: This process (pid=11372) is multi-threaded, use of fork() may lead to deadlocks in the child.
[2025-02-05T01:35:19.194+0000] {standard_task_runner.py:72} INFO - Started process 11373 to run task
[2025-02-05T01:35:19.193+0000] {standard_task_runner.py:104} INFO - Running: ['***', 'tasks', 'run', 'northwind_loader', 'load_postgres', 'manual__2025-02-05T01:35:18.568795+00:00', '--job-id', '69', '--raw', '--subdir', 'DAGS_FOLDER/northwind_etl/northwind_loader_mel.py', '--cfg-path', '/tmp/tmp9vz8pqkb']
[2025-02-05T01:35:19.195+0000] {standard_task_runner.py:105} INFO - Job 69: Subtask load_postgres
[2025-02-05T01:35:19.230+0000] {task_command.py:467} INFO - Running <TaskInstance: northwind_loader.load_postgres manual__2025-02-05T01:35:18.568795+00:00 [running]> on host 09d05643d017
[2025-02-05T01:35:19.297+0000] {taskinstance.py:3132} INFO - Exporting env vars: AIRFLOW_CTX_DAG_OWNER='gabriel' AIRFLOW_CTX_DAG_ID='northwind_loader' AIRFLOW_CTX_TASK_ID='load_postgres' AIRFLOW_CTX_EXECUTION_DATE='2025-02-05T01:35:18.568795+00:00' AIRFLOW_CTX_TRY_NUMBER='1' AIRFLOW_CTX_DAG_RUN_ID='manual__2025-02-05T01:35:18.568795+00:00'
[2025-02-05T01:35:19.297+0000] {taskinstance.py:731} INFO - ::endgroup::
[2025-02-05T01:35:19.335+0000] {docker.py:379} INFO - Starting docker container from image meu-meltano
[2025-02-05T01:35:19.847+0000] {docker.py:73} INFO - + set -e
[2025-02-05T01:35:19.848+0000] {docker.py:73} INFO - + cd /meltano/demo-project
[2025-02-05T01:35:19.849+0000] {docker.py:73} INFO - + echo 'Iniciando processo...'
[2025-02-05T01:35:19.849+0000] {docker.py:73} INFO - + echo 'Instalando target-postgres...'
[2025-02-05T01:35:19.850+0000] {docker.py:73} INFO - + meltano add loader target-postgres
[2025-02-05T01:35:19.851+0000] {docker.py:73} INFO - Iniciando processo...
[2025-02-05T01:35:19.851+0000] {docker.py:73} INFO - Instalando target-postgres...
[2025-02-05T01:35:22.109+0000] {docker.py:73} INFO - Added loader 'target-postgres' to your project
[2025-02-05T01:35:22.110+0000] {docker.py:73} INFO - Variant:	meltanolabs (default)
[2025-02-05T01:35:22.110+0000] {docker.py:73} INFO - Repository:	https://github.com/MeltanoLabs/target-postgres
[2025-02-05T01:35:22.110+0000] {docker.py:73} INFO - Documentation:	https://hub.meltano.com/loaders/target-postgres--meltanolabs
[2025-02-05T01:35:22.173+0000] {docker.py:73} INFO - [2m2025-02-05T01:35:22.171650Z[0m [[32m[1minfo     [0m] [1mInstalling loader 'target-postgres'[0m
[2025-02-05T01:35:40.520+0000] {docker.py:73} INFO - [2m2025-02-05T01:35:40.518935Z[0m [[32m[1minfo     [0m] [1mInstalled loader 'target-postgres'[0m
[2025-02-05T01:35:40.521+0000] {docker.py:73} INFO - 
[2025-02-05T01:35:40.521+0000] {docker.py:73} INFO - To learn more about loader 'target-postgres', visit https://hub.meltano.com/loaders/target-postgres--meltanolabs
[2025-02-05T01:35:41.493+0000] {docker.py:73} INFO - + echo 'Configurando target-postgres...'
[2025-02-05T01:35:41.493+0000] {docker.py:73} INFO - + meltano --environment=dev config target-postgres set host northwind_db
[2025-02-05T01:35:41.494+0000] {docker.py:73} INFO - Configurando target-postgres...
[2025-02-05T01:35:42.127+0000] {docker.py:73} INFO - [2m2025-02-05T01:35:42.126121Z[0m [[32m[1minfo     [0m] [1mEnvironment 'dev' is active   [0m
[2025-02-05T01:35:42.209+0000] {docker.py:73} INFO - Loader 'target-postgres' setting 'host' was set in the active environment in `meltano.yml`: 'northwind_db'
[2025-02-05T01:35:43.163+0000] {docker.py:73} INFO - + meltano --environment=dev config target-postgres set port 5432
[2025-02-05T01:35:43.803+0000] {docker.py:73} INFO - [2m2025-02-05T01:35:43.802116Z[0m [[32m[1minfo     [0m] [1mEnvironment 'dev' is active   [0m
[2025-02-05T01:35:43.882+0000] {docker.py:73} INFO - Loader 'target-postgres' setting 'port' was set in the active environment in `meltano.yml`: 5432
[2025-02-05T01:35:44.850+0000] {docker.py:73} INFO - + meltano --environment=dev config target-postgres set user northwind_user
[2025-02-05T01:35:45.478+0000] {docker.py:73} INFO - [2m2025-02-05T01:35:45.476775Z[0m [[32m[1minfo     [0m] [1mEnvironment 'dev' is active   [0m
[2025-02-05T01:35:45.558+0000] {docker.py:73} INFO - Loader 'target-postgres' setting 'user' was set in the active environment in `meltano.yml`: 'northwind_user'
[2025-02-05T01:35:46.521+0000] {docker.py:73} INFO - + meltano --environment=dev config target-postgres set password thewindisblowing
[2025-02-05T01:35:47.173+0000] {docker.py:73} INFO - [2m2025-02-05T01:35:47.171776Z[0m [[32m[1minfo     [0m] [1mEnvironment 'dev' is active   [0m
[2025-02-05T01:35:47.241+0000] {docker.py:73} INFO - Loader 'target-postgres' setting 'password' was set in `.env`: (redacted)
[2025-02-05T01:35:48.206+0000] {docker.py:73} INFO - + meltano --environment=dev config target-postgres set database northwind
[2025-02-05T01:35:48.848+0000] {docker.py:73} INFO - [2m2025-02-05T01:35:48.847136Z[0m [[32m[1minfo     [0m] [1mEnvironment 'dev' is active   [0m
[2025-02-05T01:35:48.928+0000] {docker.py:73} INFO - Loader 'target-postgres' setting 'database' was set in the active environment in `meltano.yml`: 'northwind'
[2025-02-05T01:35:49.889+0000] {docker.py:73} INFO - + meltano --environment=dev config target-postgres set default_target_schema public
[2025-02-05T01:35:50.528+0000] {docker.py:73} INFO - [2m2025-02-05T01:35:50.527524Z[0m [[32m[1minfo     [0m] [1mEnvironment 'dev' is active   [0m
[2025-02-05T01:35:50.609+0000] {docker.py:73} INFO - Loader 'target-postgres' setting 'default_target_schema' was set in the active environment in `meltano.yml`: 'public'
[2025-02-05T01:35:51.576+0000] {docker.py:73} INFO - + echo 'Carregando dados para o PostgreSQL...'
[2025-02-05T01:35:51.577+0000] {docker.py:73} INFO - Carregando dados para o PostgreSQL...
[2025-02-05T01:35:51.577+0000] {docker.py:73} INFO - + cat /meltano/demo-project/input/csv/2025-02-05/order_details.json
[2025-02-05T01:35:51.578+0000] {docker.py:73} INFO - + meltano --environment=dev invoke target-postgres
[2025-02-05T01:35:51.578+0000] {docker.py:73} INFO - + tee load_output.log
[2025-02-05T01:35:52.210+0000] {docker.py:73} INFO - [2m2025-02-05T01:35:52.208682Z[0m [[32m[1minfo     [0m] [1mEnvironment 'dev' is active   [0m
[2025-02-05T01:35:52.893+0000] {docker.py:73} INFO - 2025-02-05 01:35:52,891 | INFO     | target-postgres      | Target 'target-postgres' is listening for input from tap.
[2025-02-05T01:35:52.893+0000] {docker.py:73} INFO - 2025-02-05 01:35:52,891 | INFO     | target-postgres      | Initializing 'target-postgres' target sink...
[2025-02-05T01:35:52.893+0000] {docker.py:73} INFO - 2025-02-05 01:35:52,892 | INFO     | target-postgres.order_details | Initializing target sink for stream 'order_details'...
[2025-02-05T01:35:53.057+0000] {docker.py:73} INFO - Traceback (most recent call last):
[2025-02-05T01:35:53.058+0000] {docker.py:73} INFO -   File "/meltano/demo-project/.meltano/loaders/target-postgres/venv/bin/target-postgres", line 8, in <module>
[2025-02-05T01:35:53.059+0000] {docker.py:73} INFO -     sys.exit(TargetPostgres.cli())
[2025-02-05T01:35:53.059+0000] {docker.py:73} INFO -   File "/meltano/demo-project/.meltano/loaders/target-postgres/venv/lib/python3.10/site-packages/click/core.py", line 1161, in __call__
[2025-02-05T01:35:53.060+0000] {docker.py:73} INFO -     return self.main(*args, **kwargs)
[2025-02-05T01:35:53.060+0000] {docker.py:73} INFO -   File "/meltano/demo-project/.meltano/loaders/target-postgres/venv/lib/python3.10/site-packages/click/core.py", line 1082, in main
[2025-02-05T01:35:53.061+0000] {docker.py:73} INFO -     rv = self.invoke(ctx)
[2025-02-05T01:35:53.061+0000] {docker.py:73} INFO -   File "/meltano/demo-project/.meltano/loaders/target-postgres/venv/lib/python3.10/site-packages/singer_sdk/plugin_base.py", line 92, in invoke
[2025-02-05T01:35:53.061+0000] {docker.py:73} INFO -     return super().invoke(ctx)
[2025-02-05T01:35:53.062+0000] {docker.py:73} INFO -   File "/meltano/demo-project/.meltano/loaders/target-postgres/venv/lib/python3.10/site-packages/click/core.py", line 1443, in invoke
[2025-02-05T01:35:53.062+0000] {docker.py:73} INFO -     return ctx.invoke(self.callback, **ctx.params)
[2025-02-05T01:35:53.062+0000] {docker.py:73} INFO -   File "/meltano/demo-project/.meltano/loaders/target-postgres/venv/lib/python3.10/site-packages/click/core.py", line 788, in invoke
[2025-02-05T01:35:53.063+0000] {docker.py:73} INFO -     return __callback(*args, **kwargs)
[2025-02-05T01:35:53.063+0000] {docker.py:73} INFO -   File "/meltano/demo-project/.meltano/loaders/target-postgres/venv/lib/python3.10/site-packages/singer_sdk/target_base.py", line 586, in invoke
[2025-02-05T01:35:53.063+0000] {docker.py:73} INFO -     target.listen(file_input)
[2025-02-05T01:35:53.064+0000] {docker.py:73} INFO -   File "/meltano/demo-project/.meltano/loaders/target-postgres/venv/lib/python3.10/site-packages/singer_sdk/_singerlib/encoding/_base.py", line 53, in listen
[2025-02-05T01:35:53.064+0000] {docker.py:73} INFO -     self._process_lines(file_input or self.default_input)
[2025-02-05T01:35:53.064+0000] {docker.py:73} INFO -   File "/meltano/demo-project/.meltano/loaders/target-postgres/venv/lib/python3.10/site-packages/singer_sdk/target_base.py", line 305, in _process_lines
[2025-02-05T01:35:53.065+0000] {docker.py:73} INFO -     counter = super()._process_lines(file_input)
[2025-02-05T01:35:53.065+0000] {docker.py:73} INFO -   File "/meltano/demo-project/.meltano/loaders/target-postgres/venv/lib/python3.10/site-packages/singer_sdk/_singerlib/encoding/_base.py", line 80, in _process_lines
[2025-02-05T01:35:53.065+0000] {docker.py:73} INFO -     self._process_schema_message(line_dict)
[2025-02-05T01:35:53.065+0000] {docker.py:73} INFO -   File "/meltano/demo-project/.meltano/loaders/target-postgres/venv/lib/python3.10/site-packages/singer_sdk/target_base.py", line 421, in _process_schema_message
[2025-02-05T01:35:53.066+0000] {docker.py:73} INFO -     _ = self.get_sink(
[2025-02-05T01:35:53.066+0000] {docker.py:73} INFO -   File "/meltano/demo-project/.meltano/loaders/target-postgres/venv/lib/python3.10/site-packages/singer_sdk/target_base.py", line 815, in get_sink
[2025-02-05T01:35:53.067+0000] {docker.py:73} INFO -     return self.add_sqlsink(stream_name, schema, key_properties)
[2025-02-05T01:35:53.067+0000] {docker.py:73} INFO -   File "/meltano/demo-project/.meltano/loaders/target-postgres/venv/lib/python3.10/site-packages/singer_sdk/target_base.py", line 749, in add_sqlsink
[2025-02-05T01:35:53.067+0000] {docker.py:73} INFO -     sink.setup()
[2025-02-05T01:35:53.068+0000] {docker.py:73} INFO -   File "/meltano/demo-project/.meltano/loaders/target-postgres/venv/lib/python3.10/site-packages/target_postgres/sinks.py", line 60, in setup
[2025-02-05T01:35:53.068+0000] {docker.py:73} INFO -     self.connector.prepare_table(
[2025-02-05T01:35:53.068+0000] {docker.py:73} INFO -   File "/meltano/demo-project/.meltano/loaders/target-postgres/venv/lib/python3.10/site-packages/target_postgres/connector.py", line 192, in prepare_table
[2025-02-05T01:35:53.068+0000] {docker.py:73} INFO -     self.prepare_column(
[2025-02-05T01:35:53.069+0000] {docker.py:73} INFO -   File "/meltano/demo-project/.meltano/loaders/target-postgres/venv/lib/python3.10/site-packages/target_postgres/connector.py", line 517, in prepare_column
[2025-02-05T01:35:53.069+0000] {docker.py:73} INFO -     self._adapt_column_type(
[2025-02-05T01:35:53.070+0000] {docker.py:73} INFO -   File "/meltano/demo-project/.meltano/loaders/target-postgres/venv/lib/python3.10/site-packages/target_postgres/connector.py", line 651, in _adapt_column_type
[2025-02-05T01:35:53.070+0000] {docker.py:73} INFO -     raise NotImplementedError(msg)
[2025-02-05T01:35:53.070+0000] {docker.py:73} INFO - NotImplementedError: Altering columns is not supported. Could not convert column 'public.order_details.order_id' from 'SMALLINT' to 'TEXT'.
[2025-02-05T01:35:54.092+0000] {docker.py:73} INFO - ++ grep 'INSERT INTO' load_output.log
[2025-02-05T01:35:54.092+0000] {docker.py:73} INFO - ++ head -n 1
[2025-02-05T01:35:54.093+0000] {docker.py:73} INFO - ++ awk '-F"' '{print $2}'
[2025-02-05T01:35:54.093+0000] {docker.py:73} INFO - + TMP_TABLE=
[2025-02-05T01:35:54.093+0000] {docker.py:73} INFO - + echo 'Tabela temporária: '
[2025-02-05T01:35:54.094+0000] {docker.py:73} INFO - + apt-get update
[2025-02-05T01:35:54.094+0000] {docker.py:73} INFO - Tabela temporária:
[2025-02-05T01:35:54.158+0000] {docker.py:73} INFO - Get:1 http://deb.debian.org/debian bookworm InRelease [151 kB]
[2025-02-05T01:35:54.204+0000] {docker.py:73} INFO - Get:2 http://deb.debian.org/debian bookworm-updates InRelease [55.4 kB]
[2025-02-05T01:35:54.222+0000] {docker.py:73} INFO - Get:3 http://deb.debian.org/debian-security bookworm-security InRelease [48.0 kB]
[2025-02-05T01:35:54.265+0000] {docker.py:73} INFO - Get:4 http://deb.debian.org/debian bookworm/main amd64 Packages [8792 kB]
[2025-02-05T01:35:54.523+0000] {docker.py:73} INFO - Get:5 http://deb.debian.org/debian bookworm-updates/main amd64 Packages [13.5 kB]
[2025-02-05T01:35:54.524+0000] {docker.py:73} INFO - Get:6 http://deb.debian.org/debian-security bookworm-security/main amd64 Packages [243 kB]
[2025-02-05T01:35:55.298+0000] {docker.py:73} INFO - Fetched 9303 kB in 1s (7832 kB/s)
[2025-02-05T01:35:55.299+0000] {docker.py:73} INFO - Reading package lists...
[2025-02-05T01:35:55.739+0000] {docker.py:73} INFO - 
[2025-02-05T01:35:55.751+0000] {docker.py:73} INFO - + apt-get install -y postgresql-client
[2025-02-05T01:35:55.756+0000] {docker.py:73} INFO - Reading package lists...
[2025-02-05T01:35:56.175+0000] {docker.py:73} INFO - 
[2025-02-05T01:35:56.184+0000] {docker.py:73} INFO - Building dependency tree...
[2025-02-05T01:35:56.295+0000] {docker.py:73} INFO - 
[2025-02-05T01:35:56.295+0000] {docker.py:73} INFO - Reading state information...
[2025-02-05T01:35:56.295+0000] {docker.py:73} INFO - 
[2025-02-05T01:35:56.401+0000] {docker.py:73} INFO - The following additional packages will be installed:
[2025-02-05T01:35:56.402+0000] {docker.py:73} INFO -   libpq5 postgresql-client-15 postgresql-client-common sensible-utils
[2025-02-05T01:35:56.402+0000] {docker.py:73} INFO - Suggested packages:
[2025-02-05T01:35:56.403+0000] {docker.py:73} INFO -   postgresql-15 postgresql-doc-15
[2025-02-05T01:35:56.454+0000] {docker.py:73} INFO - The following NEW packages will be installed:
[2025-02-05T01:35:56.454+0000] {docker.py:73} INFO -   libpq5 postgresql-client postgresql-client-15 postgresql-client-common
[2025-02-05T01:35:56.455+0000] {docker.py:73} INFO -   sensible-utils
[2025-02-05T01:35:56.502+0000] {docker.py:73} INFO - 0 upgraded, 5 newly installed, 0 to remove and 0 not upgraded.
[2025-02-05T01:35:56.502+0000] {docker.py:73} INFO - Need to get 1959 kB of archives.
[2025-02-05T01:35:56.503+0000] {docker.py:73} INFO - After this operation, 9185 kB of additional disk space will be used.
[2025-02-05T01:35:56.503+0000] {docker.py:73} INFO - Get:1 http://deb.debian.org/debian bookworm/main amd64 sensible-utils all 0.0.17+nmu1 [19.0 kB]
[2025-02-05T01:35:56.521+0000] {docker.py:73} INFO - Get:2 http://deb.debian.org/debian bookworm/main amd64 libpq5 amd64 15.10-0+deb12u1 [191 kB]
[2025-02-05T01:35:56.554+0000] {docker.py:73} INFO - Get:3 http://deb.debian.org/debian bookworm/main amd64 postgresql-client-common all 248 [35.1 kB]
[2025-02-05T01:35:56.555+0000] {docker.py:73} INFO - Get:4 http://deb.debian.org/debian bookworm/main amd64 postgresql-client-15 amd64 15.10-0+deb12u1 [1704 kB]
[2025-02-05T01:35:56.626+0000] {docker.py:73} INFO - Get:5 http://deb.debian.org/debian bookworm/main amd64 postgresql-client all 15+248 [10.1 kB]
[2025-02-05T01:35:56.784+0000] {docker.py:73} INFO - debconf: delaying package configuration, since apt-utils is not installed
[2025-02-05T01:35:56.867+0000] {docker.py:73} INFO - Fetched 1959 kB in 0s (11.8 MB/s)
[2025-02-05T01:35:56.883+0000] {docker.py:73} INFO - Selecting previously unselected package sensible-utils.
[2025-02-05T01:35:56.883+0000] {docker.py:73} INFO - (Reading database ...
[2025-02-05T01:35:56.884+0000] {docker.py:73} INFO - (Reading database ... 5%(Reading database ... 10%(Reading database ... 15%(Reading database ... 20%(Reading database ... 25%(Reading database ... 30%(Reading database ... 35%(Reading database ... 40%(Reading database ... 45%(Reading database ... 50%(Reading database ... 55%(Reading database ... 60%(Reading database ... 65%(Reading database ... 70%
[2025-02-05T01:35:56.885+0000] {docker.py:73} INFO - (Reading database ... 75%
[2025-02-05T01:35:56.886+0000] {docker.py:73} INFO - (Reading database ... 80%
[2025-02-05T01:35:56.886+0000] {docker.py:73} INFO - (Reading database ... 85%
[2025-02-05T01:35:56.886+0000] {docker.py:73} INFO - (Reading database ... 90%
[2025-02-05T01:35:56.887+0000] {docker.py:73} INFO - (Reading database ... 95%
[2025-02-05T01:35:56.888+0000] {docker.py:73} INFO - (Reading database ... 100%(Reading database ... 9877 files and directories currently installed.)
[2025-02-05T01:35:56.889+0000] {docker.py:73} INFO - Preparing to unpack .../sensible-utils_0.0.17+nmu1_all.deb ...
[2025-02-05T01:35:56.892+0000] {docker.py:73} INFO - Unpacking sensible-utils (0.0.17+nmu1) ...
[2025-02-05T01:35:56.990+0000] {docker.py:73} INFO - Selecting previously unselected package libpq5:amd64.
[2025-02-05T01:35:56.991+0000] {docker.py:73} INFO - Preparing to unpack .../libpq5_15.10-0+deb12u1_amd64.deb ...
[2025-02-05T01:35:56.999+0000] {docker.py:73} INFO - Unpacking libpq5:amd64 (15.10-0+deb12u1) ...
[2025-02-05T01:35:57.094+0000] {docker.py:73} INFO - Selecting previously unselected package postgresql-client-common.
[2025-02-05T01:35:57.095+0000] {docker.py:73} INFO - Preparing to unpack .../postgresql-client-common_248_all.deb ...
[2025-02-05T01:35:57.099+0000] {docker.py:73} INFO - Unpacking postgresql-client-common (248) ...
[2025-02-05T01:35:57.184+0000] {docker.py:73} INFO - Selecting previously unselected package postgresql-client-15.
[2025-02-05T01:35:57.185+0000] {docker.py:73} INFO - Preparing to unpack .../postgresql-client-15_15.10-0+deb12u1_amd64.deb ...
[2025-02-05T01:35:57.189+0000] {docker.py:73} INFO - Unpacking postgresql-client-15 (15.10-0+deb12u1) ...
[2025-02-05T01:35:57.381+0000] {docker.py:73} INFO - Selecting previously unselected package postgresql-client.
[2025-02-05T01:35:57.382+0000] {docker.py:73} INFO - Preparing to unpack .../postgresql-client_15+248_all.deb ...
[2025-02-05T01:35:57.385+0000] {docker.py:73} INFO - Unpacking postgresql-client (15+248) ...
[2025-02-05T01:35:57.473+0000] {docker.py:73} INFO - Setting up postgresql-client-common (248) ...
[2025-02-05T01:35:57.489+0000] {docker.py:73} INFO - Setting up libpq5:amd64 (15.10-0+deb12u1) ...
[2025-02-05T01:35:57.554+0000] {docker.py:73} INFO - Setting up sensible-utils (0.0.17+nmu1) ...
[2025-02-05T01:35:57.564+0000] {docker.py:73} INFO - Setting up postgresql-client-15 (15.10-0+deb12u1) ...
[2025-02-05T01:35:58.089+0000] {docker.py:73} INFO - update-alternatives: using /usr/share/postgresql/15/man/man1/psql.1.gz to provide /usr/share/man/man1/psql.1.gz (psql.1.gz) in auto mode
[2025-02-05T01:35:58.122+0000] {docker.py:73} INFO - Setting up postgresql-client (15+248) ...
[2025-02-05T01:35:58.187+0000] {docker.py:73} INFO - Processing triggers for libc-bin (2.36-9+deb12u9) ...
[2025-02-05T01:35:58.219+0000] {docker.py:73} INFO - + echo 'Criando tabela final...'
[2025-02-05T01:35:58.220+0000] {docker.py:73} INFO - + PGPASSWORD=thewindisblowing
[2025-02-05T01:35:58.220+0000] {docker.py:73} INFO - + psql -h northwind_db -U northwind_user -d northwind -c '
[2025-02-05T01:35:58.220+0000] {docker.py:73} INFO -             DROP TABLE IF EXISTS order_details;
[2025-02-05T01:35:58.221+0000] {docker.py:73} INFO -             CREATE TABLE order_details (
[2025-02-05T01:35:58.221+0000] {docker.py:73} INFO -                 order_id SMALLINT,
[2025-02-05T01:35:58.221+0000] {docker.py:73} INFO -                 product_id SMALLINT,
[2025-02-05T01:35:58.222+0000] {docker.py:73} INFO -                 unit_price REAL,
[2025-02-05T01:35:58.222+0000] {docker.py:73} INFO -                 quantity SMALLINT,
[2025-02-05T01:35:58.222+0000] {docker.py:73} INFO -                 discount REAL
[2025-02-05T01:35:58.223+0000] {docker.py:73} INFO -             );
[2025-02-05T01:35:58.223+0000] {docker.py:73} INFO -         '
[2025-02-05T01:35:58.223+0000] {docker.py:73} INFO - Criando tabela final...
[2025-02-05T01:35:58.299+0000] {docker.py:73} INFO - DROP TABLE
[2025-02-05T01:35:58.299+0000] {docker.py:73} INFO - CREATE TABLE
[2025-02-05T01:35:58.300+0000] {docker.py:73} INFO - Convertendo e movendo dados...
[2025-02-05T01:35:58.300+0000] {docker.py:73} INFO - + echo 'Convertendo e movendo dados...'
[2025-02-05T01:35:58.301+0000] {docker.py:73} INFO - + PGPASSWORD=thewindisblowing
[2025-02-05T01:35:58.301+0000] {docker.py:73} INFO - + psql -h northwind_db -U northwind_user -d northwind -c '
[2025-02-05T01:35:58.301+0000] {docker.py:73} INFO -             INSERT INTO order_details 
[2025-02-05T01:35:58.302+0000] {docker.py:73} INFO -             SELECT 
[2025-02-05T01:35:58.302+0000] {docker.py:73} INFO -                 CAST(order_id AS SMALLINT),
[2025-02-05T01:35:58.303+0000] {docker.py:73} INFO -                 CAST(product_id AS SMALLINT),
[2025-02-05T01:35:58.303+0000] {docker.py:73} INFO -                 CAST(unit_price AS REAL),
[2025-02-05T01:35:58.303+0000] {docker.py:73} INFO -                 CAST(quantity AS SMALLINT),
[2025-02-05T01:35:58.304+0000] {docker.py:73} INFO -                 CAST(discount AS REAL)
[2025-02-05T01:35:58.304+0000] {docker.py:73} INFO -             FROM "";
[2025-02-05T01:35:58.304+0000] {docker.py:73} INFO -             
[2025-02-05T01:35:58.305+0000] {docker.py:73} INFO -             DROP TABLE "";
[2025-02-05T01:35:58.305+0000] {docker.py:73} INFO -         '
[2025-02-05T01:35:58.342+0000] {docker.py:73} INFO - ERROR:  zero-length delimited identifier at or near """"
[2025-02-05T01:35:58.342+0000] {docker.py:73} INFO - LINE 9:             FROM "";
[2025-02-05T01:35:58.343+0000] {docker.py:73} INFO -                          ^
[2025-02-05T01:35:59.895+0000] {taskinstance.py:3311} ERROR - Task failed with exception
Traceback (most recent call last):
  File "/home/airflow/.local/lib/python3.12/site-packages/airflow/models/taskinstance.py", line 767, in _execute_task
    result = _execute_callable(context=context, **execute_callable_kwargs)
             ^^^^^^^^^^^^^^^^^^^^^^^^^^^^^^^^^^^^^^^^^^^^^^^^^^^^^^^^^^^^^
  File "/home/airflow/.local/lib/python3.12/site-packages/airflow/models/taskinstance.py", line 733, in _execute_callable
    return ExecutionCallableRunner(
           ^^^^^^^^^^^^^^^^^^^^^^^^
  File "/home/airflow/.local/lib/python3.12/site-packages/airflow/utils/operator_helpers.py", line 252, in run
    return self.func(*args, **kwargs)
           ^^^^^^^^^^^^^^^^^^^^^^^^^^
  File "/home/airflow/.local/lib/python3.12/site-packages/airflow/models/baseoperator.py", line 422, in wrapper
    return func(self, *args, **kwargs)
           ^^^^^^^^^^^^^^^^^^^^^^^^^^^
  File "/home/airflow/.local/lib/python3.12/site-packages/airflow/providers/docker/operators/docker.py", line 519, in execute
    return self._run_image()
           ^^^^^^^^^^^^^^^^^
  File "/home/airflow/.local/lib/python3.12/site-packages/airflow/providers/docker/operators/docker.py", line 396, in _run_image
    return self._run_image_with_mounts(self.mounts, add_tmp_variable=False)
           ^^^^^^^^^^^^^^^^^^^^^^^^^^^^^^^^^^^^^^^^^^^^^^^^^^^^^^^^^^^^^^^^
  File "/home/airflow/.local/lib/python3.12/site-packages/airflow/providers/docker/operators/docker.py", line 453, in _run_image_with_mounts
    raise DockerContainerFailedException(f"Docker container failed: {result!r}", logs=log_lines)
airflow.providers.docker.exceptions.DockerContainerFailedException: Docker container failed: {'StatusCode': 1}
[2025-02-05T01:35:59.898+0000] {taskinstance.py:1225} INFO - Marking task as FAILED. dag_id=northwind_loader, task_id=load_postgres, run_id=manual__2025-02-05T01:35:18.568795+00:00, execution_date=20250205T013518, start_date=20250205T013519, end_date=20250205T013559
[2025-02-05T01:35:59.908+0000] {taskinstance.py:340} INFO - ::group::Post task execution logs
[2025-02-05T01:35:59.909+0000] {standard_task_runner.py:124} ERROR - Failed to execute job 69 for task load_postgres (Docker container failed: {'StatusCode': 1}; 11373)
Traceback (most recent call last):
  File "/home/airflow/.local/lib/python3.12/site-packages/airflow/task/task_runner/standard_task_runner.py", line 117, in _start_by_fork
    ret = args.func(args, dag=self.dag)
          ^^^^^^^^^^^^^^^^^^^^^^^^^^^^^
  File "/home/airflow/.local/lib/python3.12/site-packages/airflow/cli/cli_config.py", line 49, in command
    return func(*args, **kwargs)
           ^^^^^^^^^^^^^^^^^^^^^
  File "/home/airflow/.local/lib/python3.12/site-packages/airflow/utils/cli.py", line 116, in wrapper
    return f(*args, **kwargs)
           ^^^^^^^^^^^^^^^^^^
  File "/home/airflow/.local/lib/python3.12/site-packages/airflow/cli/commands/task_command.py", line 483, in task_run
    task_return_code = _run_task_by_selected_method(args, _dag, ti)
                       ^^^^^^^^^^^^^^^^^^^^^^^^^^^^^^^^^^^^^^^^^^^^
  File "/home/airflow/.local/lib/python3.12/site-packages/airflow/cli/commands/task_command.py", line 256, in _run_task_by_selected_method
    return _run_raw_task(args, ti)
           ^^^^^^^^^^^^^^^^^^^^^^^
  File "/home/airflow/.local/lib/python3.12/site-packages/airflow/cli/commands/task_command.py", line 341, in _run_raw_task
    return ti._run_raw_task(
           ^^^^^^^^^^^^^^^^^
  File "/home/airflow/.local/lib/python3.12/site-packages/airflow/utils/session.py", line 97, in wrapper
    return func(*args, session=session, **kwargs)
           ^^^^^^^^^^^^^^^^^^^^^^^^^^^^^^^^^^^^^^
  File "/home/airflow/.local/lib/python3.12/site-packages/airflow/models/taskinstance.py", line 3005, in _run_raw_task
    return _run_raw_task(
           ^^^^^^^^^^^^^^
  File "/home/airflow/.local/lib/python3.12/site-packages/airflow/models/taskinstance.py", line 273, in _run_raw_task
    TaskInstance._execute_task_with_callbacks(
  File "/home/airflow/.local/lib/python3.12/site-packages/airflow/models/taskinstance.py", line 3159, in _execute_task_with_callbacks
    result = self._execute_task(context, task_orig)
             ^^^^^^^^^^^^^^^^^^^^^^^^^^^^^^^^^^^^^^
  File "/home/airflow/.local/lib/python3.12/site-packages/airflow/models/taskinstance.py", line 3183, in _execute_task
    return _execute_task(self, context, task_orig)
           ^^^^^^^^^^^^^^^^^^^^^^^^^^^^^^^^^^^^^^^
  File "/home/airflow/.local/lib/python3.12/site-packages/airflow/models/taskinstance.py", line 767, in _execute_task
    result = _execute_callable(context=context, **execute_callable_kwargs)
             ^^^^^^^^^^^^^^^^^^^^^^^^^^^^^^^^^^^^^^^^^^^^^^^^^^^^^^^^^^^^^
  File "/home/airflow/.local/lib/python3.12/site-packages/airflow/models/taskinstance.py", line 733, in _execute_callable
    return ExecutionCallableRunner(
           ^^^^^^^^^^^^^^^^^^^^^^^^
  File "/home/airflow/.local/lib/python3.12/site-packages/airflow/utils/operator_helpers.py", line 252, in run
    return self.func(*args, **kwargs)
           ^^^^^^^^^^^^^^^^^^^^^^^^^^
  File "/home/airflow/.local/lib/python3.12/site-packages/airflow/models/baseoperator.py", line 422, in wrapper
    return func(self, *args, **kwargs)
           ^^^^^^^^^^^^^^^^^^^^^^^^^^^
  File "/home/airflow/.local/lib/python3.12/site-packages/airflow/providers/docker/operators/docker.py", line 519, in execute
    return self._run_image()
           ^^^^^^^^^^^^^^^^^
  File "/home/airflow/.local/lib/python3.12/site-packages/airflow/providers/docker/operators/docker.py", line 396, in _run_image
    return self._run_image_with_mounts(self.mounts, add_tmp_variable=False)
           ^^^^^^^^^^^^^^^^^^^^^^^^^^^^^^^^^^^^^^^^^^^^^^^^^^^^^^^^^^^^^^^^
  File "/home/airflow/.local/lib/python3.12/site-packages/airflow/providers/docker/operators/docker.py", line 453, in _run_image_with_mounts
    raise DockerContainerFailedException(f"Docker container failed: {result!r}", logs=log_lines)
airflow.providers.docker.exceptions.DockerContainerFailedException: Docker container failed: {'StatusCode': 1}
[2025-02-05T01:35:59.930+0000] {local_task_job_runner.py:266} INFO - Task exited with return code 1
[2025-02-05T01:35:59.945+0000] {taskinstance.py:3895} INFO - 0 downstream tasks scheduled from follow-on schedule check
[2025-02-05T01:35:59.947+0000] {local_task_job_runner.py:245} INFO - ::endgroup::
