[2025-02-05T01:33:11.908+0000] {local_task_job_runner.py:123} INFO - ::group::Pre task execution logs
[2025-02-05T01:33:11.923+0000] {taskinstance.py:2613} INFO - Dependencies all met for dep_context=non-requeueable deps ti=<TaskInstance: northwind_loader.load_postgres manual__2025-02-05T01:33:11.297838+00:00 [queued]>
[2025-02-05T01:33:11.930+0000] {taskinstance.py:2613} INFO - Dependencies all met for dep_context=requeueable deps ti=<TaskInstance: northwind_loader.load_postgres manual__2025-02-05T01:33:11.297838+00:00 [queued]>
[2025-02-05T01:33:11.931+0000] {taskinstance.py:2866} INFO - Starting attempt 1 of 1
[2025-02-05T01:33:11.942+0000] {taskinstance.py:2889} INFO - Executing <Task(DockerOperator): load_postgres> on 2025-02-05 01:33:11.297838+00:00
[2025-02-05T01:33:11.948+0000] {logging_mixin.py:190} WARNING - /home/***/.local/lib/python3.12/site-packages/***/task/task_runner/standard_task_runner.py:70 DeprecationWarning: This process (pid=11276) is multi-threaded, use of fork() may lead to deadlocks in the child.
[2025-02-05T01:33:11.949+0000] {standard_task_runner.py:72} INFO - Started process 11277 to run task
[2025-02-05T01:33:11.948+0000] {standard_task_runner.py:104} INFO - Running: ['***', 'tasks', 'run', 'northwind_loader', 'load_postgres', 'manual__2025-02-05T01:33:11.297838+00:00', '--job-id', '68', '--raw', '--subdir', 'DAGS_FOLDER/northwind_etl/northwind_loader_mel.py', '--cfg-path', '/tmp/tmpdfbz28vt']
[2025-02-05T01:33:11.950+0000] {standard_task_runner.py:105} INFO - Job 68: Subtask load_postgres
[2025-02-05T01:33:11.983+0000] {task_command.py:467} INFO - Running <TaskInstance: northwind_loader.load_postgres manual__2025-02-05T01:33:11.297838+00:00 [running]> on host 09d05643d017
[2025-02-05T01:33:12.049+0000] {taskinstance.py:3132} INFO - Exporting env vars: AIRFLOW_CTX_DAG_OWNER='gabriel' AIRFLOW_CTX_DAG_ID='northwind_loader' AIRFLOW_CTX_TASK_ID='load_postgres' AIRFLOW_CTX_EXECUTION_DATE='2025-02-05T01:33:11.297838+00:00' AIRFLOW_CTX_TRY_NUMBER='1' AIRFLOW_CTX_DAG_RUN_ID='manual__2025-02-05T01:33:11.297838+00:00'
[2025-02-05T01:33:12.050+0000] {taskinstance.py:731} INFO - ::endgroup::
[2025-02-05T01:33:12.087+0000] {docker.py:379} INFO - Starting docker container from image meu-meltano
[2025-02-05T01:33:12.797+0000] {docker.py:73} INFO - + set -e
[2025-02-05T01:33:12.798+0000] {docker.py:73} INFO - + cd /meltano/demo-project
[2025-02-05T01:33:12.799+0000] {docker.py:73} INFO - + echo 'Iniciando processo...'
[2025-02-05T01:33:12.799+0000] {docker.py:73} INFO - + echo 'Instalando target-postgres...'
[2025-02-05T01:33:12.800+0000] {docker.py:73} INFO - + meltano add loader target-postgres
[2025-02-05T01:33:12.800+0000] {docker.py:73} INFO - Iniciando processo...
[2025-02-05T01:33:12.801+0000] {docker.py:73} INFO - Instalando target-postgres...
[2025-02-05T01:33:15.060+0000] {docker.py:73} INFO - Added loader 'target-postgres' to your project
[2025-02-05T01:33:15.061+0000] {docker.py:73} INFO - Variant:	meltanolabs (default)
[2025-02-05T01:33:15.061+0000] {docker.py:73} INFO - Repository:	https://github.com/MeltanoLabs/target-postgres
[2025-02-05T01:33:15.061+0000] {docker.py:73} INFO - Documentation:	https://hub.meltano.com/loaders/target-postgres--meltanolabs
[2025-02-05T01:33:15.123+0000] {docker.py:73} INFO - [2m2025-02-05T01:33:15.121834Z[0m [[32m[1minfo     [0m] [1mInstalling loader 'target-postgres'[0m
[2025-02-05T01:33:37.832+0000] {docker.py:73} INFO - [2m2025-02-05T01:33:37.830926Z[0m [[32m[1minfo     [0m] [1mInstalled loader 'target-postgres'[0m
[2025-02-05T01:33:37.832+0000] {docker.py:73} INFO - 
[2025-02-05T01:33:37.833+0000] {docker.py:73} INFO - To learn more about loader 'target-postgres', visit https://hub.meltano.com/loaders/target-postgres--meltanolabs
[2025-02-05T01:33:38.803+0000] {docker.py:73} INFO - + echo 'Configurando target-postgres...'
[2025-02-05T01:33:38.803+0000] {docker.py:73} INFO - + meltano --environment=dev config target-postgres set host northwind_db
[2025-02-05T01:33:38.804+0000] {docker.py:73} INFO - Configurando target-postgres...
[2025-02-05T01:33:39.441+0000] {docker.py:73} INFO - [2m2025-02-05T01:33:39.440684Z[0m [[32m[1minfo     [0m] [1mEnvironment 'dev' is active   [0m
[2025-02-05T01:33:39.590+0000] {docker.py:73} INFO - Loader 'target-postgres' setting 'host' was set in the active environment in `meltano.yml`: 'northwind_db'
[2025-02-05T01:33:40.549+0000] {docker.py:73} INFO - + meltano --environment=dev config target-postgres set port 5432
[2025-02-05T01:33:41.181+0000] {docker.py:73} INFO - [2m2025-02-05T01:33:41.180327Z[0m [[32m[1minfo     [0m] [1mEnvironment 'dev' is active   [0m
[2025-02-05T01:33:41.271+0000] {docker.py:73} INFO - Loader 'target-postgres' setting 'port' was set in the active environment in `meltano.yml`: 5432
[2025-02-05T01:33:42.226+0000] {docker.py:73} INFO - + meltano --environment=dev config target-postgres set user northwind_user
[2025-02-05T01:33:42.865+0000] {docker.py:73} INFO - [2m2025-02-05T01:33:42.864164Z[0m [[32m[1minfo     [0m] [1mEnvironment 'dev' is active   [0m
[2025-02-05T01:33:42.958+0000] {docker.py:73} INFO - Loader 'target-postgres' setting 'user' was set in the active environment in `meltano.yml`: 'northwind_user'
[2025-02-05T01:33:43.934+0000] {docker.py:73} INFO - + meltano --environment=dev config target-postgres set password thewindisblowing
[2025-02-05T01:33:44.566+0000] {docker.py:73} INFO - [2m2025-02-05T01:33:44.564865Z[0m [[32m[1minfo     [0m] [1mEnvironment 'dev' is active   [0m
[2025-02-05T01:33:44.633+0000] {docker.py:73} INFO - Loader 'target-postgres' setting 'password' was set in `.env`: (redacted)
[2025-02-05T01:33:45.581+0000] {docker.py:73} INFO - + meltano --environment=dev config target-postgres set database northwind
[2025-02-05T01:33:46.241+0000] {docker.py:73} INFO - [2m2025-02-05T01:33:46.239754Z[0m [[32m[1minfo     [0m] [1mEnvironment 'dev' is active   [0m
[2025-02-05T01:33:46.391+0000] {docker.py:73} INFO - Loader 'target-postgres' setting 'database' was set in the active environment in `meltano.yml`: 'northwind'
[2025-02-05T01:33:47.343+0000] {docker.py:73} INFO - + meltano --environment=dev config target-postgres set default_target_schema public
[2025-02-05T01:33:47.974+0000] {docker.py:73} INFO - [2m2025-02-05T01:33:47.973048Z[0m [[32m[1minfo     [0m] [1mEnvironment 'dev' is active   [0m
[2025-02-05T01:33:48.129+0000] {docker.py:73} INFO - Loader 'target-postgres' setting 'default_target_schema' was set in the active environment in `meltano.yml`: 'public'
[2025-02-05T01:33:49.112+0000] {docker.py:73} INFO - + echo 'Carregando dados para o PostgreSQL...'
[2025-02-05T01:33:49.113+0000] {docker.py:73} INFO - Carregando dados para o PostgreSQL...
[2025-02-05T01:33:49.113+0000] {docker.py:73} INFO - + cat /meltano/demo-project/input/csv/2025-02-05/order_details.json
[2025-02-05T01:33:49.113+0000] {docker.py:73} INFO - + meltano --environment=dev invoke target-postgres
[2025-02-05T01:33:49.114+0000] {docker.py:73} INFO - + tee load_output.log
[2025-02-05T01:33:49.750+0000] {docker.py:73} INFO - [2m2025-02-05T01:33:49.749451Z[0m [[32m[1minfo     [0m] [1mEnvironment 'dev' is active   [0m
[2025-02-05T01:33:50.428+0000] {docker.py:73} INFO - 2025-02-05 01:33:50,426 | INFO     | target-postgres      | Target 'target-postgres' is listening for input from tap.
[2025-02-05T01:33:50.428+0000] {docker.py:73} INFO - 2025-02-05 01:33:50,427 | INFO     | target-postgres      | Initializing 'target-postgres' target sink...
[2025-02-05T01:33:50.429+0000] {docker.py:73} INFO - 2025-02-05 01:33:50,427 | INFO     | target-postgres.order_details | Initializing target sink for stream 'order_details'...
[2025-02-05T01:33:50.946+0000] {docker.py:73} INFO - 2025-02-05 01:33:50,944 | INFO     | target-postgres      | Target 'target-postgres' completed reading 2157 lines of input (1 schemas, 2155 records, 0 batch manifests, 1 state messages).
[2025-02-05T01:33:51.057+0000] {docker.py:73} INFO - 2025-02-05 01:33:51,055 | INFO     | target-postgres.order_details | Inserting with SQL: INSERT INTO "0667113c_12c2_403d_a75c_845010804add" (order_id, product_id, unit_price, quantity, discount, _sdc_extracted_at, _sdc_received_at, _sdc_batched_at, _sdc_deleted_at, _sdc_sequence, _sdc_table_version, _sdc_sync_started_at) VALUES (:order_id, :product_id, :unit_price, :quantity, :discount, :_sdc_extracted_at, :_sdc_received_at, :_sdc_batched_at, :_sdc_deleted_at, :_sdc_sequence, :_sdc_table_version, :_sdc_sync_started_at)
[2025-02-05T01:33:51.262+0000] {docker.py:73} INFO - 2025-02-05 01:33:51,260 | INFO     | singer_sdk.metrics   | METRIC: {"type": "timer", "metric": "batch_processing_time", "value": 0.31075429916381836, "tags": {"stream": "order_details", "pid": 65, "status": "succeeded"}}
[2025-02-05T01:33:51.272+0000] {docker.py:73} INFO - 2025-02-05 01:33:51,271 | INFO     | target-postgres.order_details | Cleaning up order_details
[2025-02-05T01:33:51.273+0000] {docker.py:73} INFO - 2025-02-05 01:33:51,271 | INFO     | singer_sdk.metrics   | METRIC: {"type": "counter", "metric": "record_count", "value": 2155, "tags": {"stream": "order_details", "pid": 65}}
[2025-02-05T01:33:51.273+0000] {docker.py:73} INFO - 2025-02-05 01:33:51,271 | INFO     | target-postgres      | Emitting completed target state {"bookmarks": {"order_details": {}}}
[2025-02-05T01:33:51.273+0000] {docker.py:73} INFO - {"bookmarks": {"order_details": {}}}
[2025-02-05T01:33:52.310+0000] {docker.py:73} INFO - ++ grep 'INSERT INTO' load_output.log
[2025-02-05T01:33:52.311+0000] {docker.py:73} INFO - ++ head -n 1
[2025-02-05T01:33:52.311+0000] {docker.py:73} INFO - ++ awk '-F"' '{print $2}'
[2025-02-05T01:33:52.313+0000] {docker.py:73} INFO - + TMP_TABLE=0667113c_12c2_403d_a75c_845010804add
[2025-02-05T01:33:52.314+0000] {docker.py:73} INFO - + echo 'Tabela temporária: 0667113c_12c2_403d_a75c_845010804add'
[2025-02-05T01:33:52.314+0000] {docker.py:73} INFO - + apt-get update
[2025-02-05T01:33:52.314+0000] {docker.py:73} INFO - Tabela temporária: 0667113c_12c2_403d_a75c_845010804add
[2025-02-05T01:33:52.445+0000] {docker.py:73} INFO - Get:1 http://deb.debian.org/debian bookworm InRelease [151 kB]
[2025-02-05T01:33:52.487+0000] {docker.py:73} INFO - Get:2 http://deb.debian.org/debian bookworm-updates InRelease [55.4 kB]
[2025-02-05T01:33:52.506+0000] {docker.py:73} INFO - Get:3 http://deb.debian.org/debian-security bookworm-security InRelease [48.0 kB]
[2025-02-05T01:33:52.560+0000] {docker.py:73} INFO - Get:4 http://deb.debian.org/debian bookworm/main amd64 Packages [8792 kB]
[2025-02-05T01:33:52.839+0000] {docker.py:73} INFO - Get:5 http://deb.debian.org/debian bookworm-updates/main amd64 Packages [13.5 kB]
[2025-02-05T01:33:52.839+0000] {docker.py:73} INFO - Get:6 http://deb.debian.org/debian-security bookworm-security/main amd64 Packages [243 kB]
[2025-02-05T01:33:53.654+0000] {docker.py:73} INFO - Fetched 9303 kB in 1s (7670 kB/s)
[2025-02-05T01:33:53.654+0000] {docker.py:73} INFO - Reading package lists...
[2025-02-05T01:33:54.074+0000] {docker.py:73} INFO - 
[2025-02-05T01:33:54.085+0000] {docker.py:73} INFO - + apt-get install -y postgresql-client
[2025-02-05T01:33:54.090+0000] {docker.py:73} INFO - Reading package lists...
[2025-02-05T01:33:54.497+0000] {docker.py:73} INFO - 
[2025-02-05T01:33:54.508+0000] {docker.py:73} INFO - Building dependency tree...
[2025-02-05T01:33:54.617+0000] {docker.py:73} INFO - 
[2025-02-05T01:33:54.618+0000] {docker.py:73} INFO - Reading state information...
[2025-02-05T01:33:54.618+0000] {docker.py:73} INFO - 
[2025-02-05T01:33:54.721+0000] {docker.py:73} INFO - The following additional packages will be installed:
[2025-02-05T01:33:54.721+0000] {docker.py:73} INFO -   libpq5 postgresql-client-15 postgresql-client-common sensible-utils
[2025-02-05T01:33:54.722+0000] {docker.py:73} INFO - Suggested packages:
[2025-02-05T01:33:54.722+0000] {docker.py:73} INFO -   postgresql-15 postgresql-doc-15
[2025-02-05T01:33:54.773+0000] {docker.py:73} INFO - The following NEW packages will be installed:
[2025-02-05T01:33:54.774+0000] {docker.py:73} INFO -   libpq5 postgresql-client postgresql-client-15 postgresql-client-common
[2025-02-05T01:33:54.774+0000] {docker.py:73} INFO -   sensible-utils
[2025-02-05T01:33:54.825+0000] {docker.py:73} INFO - 0 upgraded, 5 newly installed, 0 to remove and 0 not upgraded.
[2025-02-05T01:33:54.825+0000] {docker.py:73} INFO - Need to get 1959 kB of archives.
[2025-02-05T01:33:54.825+0000] {docker.py:73} INFO - After this operation, 9185 kB of additional disk space will be used.
[2025-02-05T01:33:54.826+0000] {docker.py:73} INFO - Get:1 http://deb.debian.org/debian bookworm/main amd64 sensible-utils all 0.0.17+nmu1 [19.0 kB]
[2025-02-05T01:33:54.844+0000] {docker.py:73} INFO - Get:2 http://deb.debian.org/debian bookworm/main amd64 libpq5 amd64 15.10-0+deb12u1 [191 kB]
[2025-02-05T01:33:54.875+0000] {docker.py:73} INFO - Get:3 http://deb.debian.org/debian bookworm/main amd64 postgresql-client-common all 248 [35.1 kB]
[2025-02-05T01:33:54.877+0000] {docker.py:73} INFO - Get:4 http://deb.debian.org/debian bookworm/main amd64 postgresql-client-15 amd64 15.10-0+deb12u1 [1704 kB]
[2025-02-05T01:33:54.970+0000] {docker.py:73} INFO - Get:5 http://deb.debian.org/debian bookworm/main amd64 postgresql-client all 15+248 [10.1 kB]
[2025-02-05T01:33:55.771+0000] {docker.py:73} INFO - debconf: delaying package configuration, since apt-utils is not installed
[2025-02-05T01:33:55.868+0000] {docker.py:73} INFO - Fetched 1959 kB in 0s (10.3 MB/s)
[2025-02-05T01:33:55.893+0000] {docker.py:73} INFO - Selecting previously unselected package sensible-utils.
[2025-02-05T01:33:55.893+0000] {docker.py:73} INFO - (Reading database ...
[2025-02-05T01:33:55.894+0000] {docker.py:73} INFO - (Reading database ... 5%(Reading database ... 10%(Reading database ... 15%(Reading database ... 20%(Reading database ... 25%(Reading database ... 30%(Reading database ... 35%(Reading database ... 40%(Reading database ... 45%(Reading database ... 50%(Reading database ... 55%(Reading database ... 60%(Reading database ... 65%(Reading database ... 70%
[2025-02-05T01:33:55.896+0000] {docker.py:73} INFO - (Reading database ... 75%
[2025-02-05T01:33:55.902+0000] {docker.py:73} INFO - (Reading database ... 80%
[2025-02-05T01:33:55.909+0000] {docker.py:73} INFO - (Reading database ... 85%
[2025-02-05T01:33:55.914+0000] {docker.py:73} INFO - (Reading database ... 90%
[2025-02-05T01:33:55.922+0000] {docker.py:73} INFO - (Reading database ... 95%
[2025-02-05T01:33:55.930+0000] {docker.py:73} INFO - (Reading database ... 100%(Reading database ... 9877 files and directories currently installed.)
[2025-02-05T01:33:55.930+0000] {docker.py:73} INFO - Preparing to unpack .../sensible-utils_0.0.17+nmu1_all.deb ...
[2025-02-05T01:33:55.936+0000] {docker.py:73} INFO - Unpacking sensible-utils (0.0.17+nmu1) ...
[2025-02-05T01:33:56.042+0000] {docker.py:73} INFO - Selecting previously unselected package libpq5:amd64.
[2025-02-05T01:33:56.042+0000] {docker.py:73} INFO - Preparing to unpack .../libpq5_15.10-0+deb12u1_amd64.deb ...
[2025-02-05T01:33:56.050+0000] {docker.py:73} INFO - Unpacking libpq5:amd64 (15.10-0+deb12u1) ...
[2025-02-05T01:33:56.168+0000] {docker.py:73} INFO - Selecting previously unselected package postgresql-client-common.
[2025-02-05T01:33:56.169+0000] {docker.py:73} INFO - Preparing to unpack .../postgresql-client-common_248_all.deb ...
[2025-02-05T01:33:56.172+0000] {docker.py:73} INFO - Unpacking postgresql-client-common (248) ...
[2025-02-05T01:33:56.277+0000] {docker.py:73} INFO - Selecting previously unselected package postgresql-client-15.
[2025-02-05T01:33:56.278+0000] {docker.py:73} INFO - Preparing to unpack .../postgresql-client-15_15.10-0+deb12u1_amd64.deb ...
[2025-02-05T01:33:56.281+0000] {docker.py:73} INFO - Unpacking postgresql-client-15 (15.10-0+deb12u1) ...
[2025-02-05T01:33:56.485+0000] {docker.py:73} INFO - Selecting previously unselected package postgresql-client.
[2025-02-05T01:33:56.487+0000] {docker.py:73} INFO - Preparing to unpack .../postgresql-client_15+248_all.deb ...
[2025-02-05T01:33:56.491+0000] {docker.py:73} INFO - Unpacking postgresql-client (15+248) ...
[2025-02-05T01:33:56.591+0000] {docker.py:73} INFO - Setting up postgresql-client-common (248) ...
[2025-02-05T01:33:56.608+0000] {docker.py:73} INFO - Setting up libpq5:amd64 (15.10-0+deb12u1) ...
[2025-02-05T01:33:56.687+0000] {docker.py:73} INFO - Setting up sensible-utils (0.0.17+nmu1) ...
[2025-02-05T01:33:56.699+0000] {docker.py:73} INFO - Setting up postgresql-client-15 (15.10-0+deb12u1) ...
[2025-02-05T01:33:57.191+0000] {docker.py:73} INFO - update-alternatives: using /usr/share/postgresql/15/man/man1/psql.1.gz to provide /usr/share/man/man1/psql.1.gz (psql.1.gz) in auto mode
[2025-02-05T01:33:57.295+0000] {docker.py:73} INFO - Setting up postgresql-client (15+248) ...
[2025-02-05T01:33:57.305+0000] {docker.py:73} INFO - Processing triggers for libc-bin (2.36-9+deb12u9) ...
[2025-02-05T01:33:57.465+0000] {docker.py:73} INFO - Criando tabela final...
[2025-02-05T01:33:57.466+0000] {docker.py:73} INFO - + echo 'Criando tabela final...'
[2025-02-05T01:33:57.466+0000] {docker.py:73} INFO - + PGPASSWORD=thewindisblowing
[2025-02-05T01:33:57.466+0000] {docker.py:73} INFO - + psql -h northwind_db -U northwind_user -d northwind -c '
[2025-02-05T01:33:57.466+0000] {docker.py:73} INFO -             DROP TABLE IF EXISTS order_details;
[2025-02-05T01:33:57.467+0000] {docker.py:73} INFO -             CREATE TABLE order_details (
[2025-02-05T01:33:57.467+0000] {docker.py:73} INFO -                 order_id SMALLINT,
[2025-02-05T01:33:57.467+0000] {docker.py:73} INFO -                 product_id SMALLINT,
[2025-02-05T01:33:57.468+0000] {docker.py:73} INFO -                 unit_price REAL,
[2025-02-05T01:33:57.468+0000] {docker.py:73} INFO -                 quantity SMALLINT,
[2025-02-05T01:33:57.468+0000] {docker.py:73} INFO -                 discount REAL
[2025-02-05T01:33:57.468+0000] {docker.py:73} INFO -             );
[2025-02-05T01:33:57.469+0000] {docker.py:73} INFO -         '
[2025-02-05T01:33:57.559+0000] {docker.py:73} INFO - DROP TABLE
[2025-02-05T01:33:57.559+0000] {docker.py:73} INFO - CREATE TABLE
[2025-02-05T01:33:57.563+0000] {docker.py:73} INFO - + echo 'Convertendo e movendo dados...'
[2025-02-05T01:33:57.564+0000] {docker.py:73} INFO - + PGPASSWORD=thewindisblowing
[2025-02-05T01:33:57.564+0000] {docker.py:73} INFO - + psql -h northwind_db -U northwind_user -d northwind -c '
[2025-02-05T01:33:57.564+0000] {docker.py:73} INFO -             INSERT INTO order_details 
[2025-02-05T01:33:57.565+0000] {docker.py:73} INFO -             SELECT 
[2025-02-05T01:33:57.565+0000] {docker.py:73} INFO -                 CAST(order_id AS SMALLINT),
[2025-02-05T01:33:57.565+0000] {docker.py:73} INFO -                 CAST(product_id AS SMALLINT),
[2025-02-05T01:33:57.566+0000] {docker.py:73} INFO -                 CAST(unit_price AS REAL),
[2025-02-05T01:33:57.566+0000] {docker.py:73} INFO -                 CAST(quantity AS SMALLINT),
[2025-02-05T01:33:57.566+0000] {docker.py:73} INFO -                 CAST(discount AS REAL)
[2025-02-05T01:33:57.567+0000] {docker.py:73} INFO -             FROM 0667113c_12c2_403d_a75c_845010804add;
[2025-02-05T01:33:57.567+0000] {docker.py:73} INFO -             
[2025-02-05T01:33:57.567+0000] {docker.py:73} INFO -             DROP TABLE 0667113c_12c2_403d_a75c_845010804add;
[2025-02-05T01:33:57.568+0000] {docker.py:73} INFO -         '
[2025-02-05T01:33:57.568+0000] {docker.py:73} INFO - Convertendo e movendo dados...
[2025-02-05T01:33:57.605+0000] {docker.py:73} INFO - ERROR:  syntax error at or near "0667113"
[2025-02-05T01:33:57.605+0000] {docker.py:73} INFO - LINE 9:             FROM 0667113c_12c2_403d_a75c_845010804add;
[2025-02-05T01:33:57.606+0000] {docker.py:73} INFO -                          ^
[2025-02-05T01:34:09.306+0000] {taskinstance.py:3311} ERROR - Task failed with exception
Traceback (most recent call last):
  File "/home/airflow/.local/lib/python3.12/site-packages/airflow/models/taskinstance.py", line 767, in _execute_task
    result = _execute_callable(context=context, **execute_callable_kwargs)
             ^^^^^^^^^^^^^^^^^^^^^^^^^^^^^^^^^^^^^^^^^^^^^^^^^^^^^^^^^^^^^
  File "/home/airflow/.local/lib/python3.12/site-packages/airflow/models/taskinstance.py", line 733, in _execute_callable
    return ExecutionCallableRunner(
           ^^^^^^^^^^^^^^^^^^^^^^^^
  File "/home/airflow/.local/lib/python3.12/site-packages/airflow/utils/operator_helpers.py", line 252, in run
    return self.func(*args, **kwargs)
           ^^^^^^^^^^^^^^^^^^^^^^^^^^
  File "/home/airflow/.local/lib/python3.12/site-packages/airflow/models/baseoperator.py", line 422, in wrapper
    return func(self, *args, **kwargs)
           ^^^^^^^^^^^^^^^^^^^^^^^^^^^
  File "/home/airflow/.local/lib/python3.12/site-packages/airflow/providers/docker/operators/docker.py", line 519, in execute
    return self._run_image()
           ^^^^^^^^^^^^^^^^^
  File "/home/airflow/.local/lib/python3.12/site-packages/airflow/providers/docker/operators/docker.py", line 396, in _run_image
    return self._run_image_with_mounts(self.mounts, add_tmp_variable=False)
           ^^^^^^^^^^^^^^^^^^^^^^^^^^^^^^^^^^^^^^^^^^^^^^^^^^^^^^^^^^^^^^^^
  File "/home/airflow/.local/lib/python3.12/site-packages/airflow/providers/docker/operators/docker.py", line 453, in _run_image_with_mounts
    raise DockerContainerFailedException(f"Docker container failed: {result!r}", logs=log_lines)
airflow.providers.docker.exceptions.DockerContainerFailedException: Docker container failed: {'StatusCode': 1}
[2025-02-05T01:34:09.309+0000] {taskinstance.py:1225} INFO - Marking task as FAILED. dag_id=northwind_loader, task_id=load_postgres, run_id=manual__2025-02-05T01:33:11.297838+00:00, execution_date=20250205T013311, start_date=20250205T013311, end_date=20250205T013409
[2025-02-05T01:34:09.320+0000] {taskinstance.py:340} INFO - ::group::Post task execution logs
[2025-02-05T01:34:09.321+0000] {standard_task_runner.py:124} ERROR - Failed to execute job 68 for task load_postgres (Docker container failed: {'StatusCode': 1}; 11277)
Traceback (most recent call last):
  File "/home/airflow/.local/lib/python3.12/site-packages/airflow/task/task_runner/standard_task_runner.py", line 117, in _start_by_fork
    ret = args.func(args, dag=self.dag)
          ^^^^^^^^^^^^^^^^^^^^^^^^^^^^^
  File "/home/airflow/.local/lib/python3.12/site-packages/airflow/cli/cli_config.py", line 49, in command
    return func(*args, **kwargs)
           ^^^^^^^^^^^^^^^^^^^^^
  File "/home/airflow/.local/lib/python3.12/site-packages/airflow/utils/cli.py", line 116, in wrapper
    return f(*args, **kwargs)
           ^^^^^^^^^^^^^^^^^^
  File "/home/airflow/.local/lib/python3.12/site-packages/airflow/cli/commands/task_command.py", line 483, in task_run
    task_return_code = _run_task_by_selected_method(args, _dag, ti)
                       ^^^^^^^^^^^^^^^^^^^^^^^^^^^^^^^^^^^^^^^^^^^^
  File "/home/airflow/.local/lib/python3.12/site-packages/airflow/cli/commands/task_command.py", line 256, in _run_task_by_selected_method
    return _run_raw_task(args, ti)
           ^^^^^^^^^^^^^^^^^^^^^^^
  File "/home/airflow/.local/lib/python3.12/site-packages/airflow/cli/commands/task_command.py", line 341, in _run_raw_task
    return ti._run_raw_task(
           ^^^^^^^^^^^^^^^^^
  File "/home/airflow/.local/lib/python3.12/site-packages/airflow/utils/session.py", line 97, in wrapper
    return func(*args, session=session, **kwargs)
           ^^^^^^^^^^^^^^^^^^^^^^^^^^^^^^^^^^^^^^
  File "/home/airflow/.local/lib/python3.12/site-packages/airflow/models/taskinstance.py", line 3005, in _run_raw_task
    return _run_raw_task(
           ^^^^^^^^^^^^^^
  File "/home/airflow/.local/lib/python3.12/site-packages/airflow/models/taskinstance.py", line 273, in _run_raw_task
    TaskInstance._execute_task_with_callbacks(
  File "/home/airflow/.local/lib/python3.12/site-packages/airflow/models/taskinstance.py", line 3159, in _execute_task_with_callbacks
    result = self._execute_task(context, task_orig)
             ^^^^^^^^^^^^^^^^^^^^^^^^^^^^^^^^^^^^^^
  File "/home/airflow/.local/lib/python3.12/site-packages/airflow/models/taskinstance.py", line 3183, in _execute_task
    return _execute_task(self, context, task_orig)
           ^^^^^^^^^^^^^^^^^^^^^^^^^^^^^^^^^^^^^^^
  File "/home/airflow/.local/lib/python3.12/site-packages/airflow/models/taskinstance.py", line 767, in _execute_task
    result = _execute_callable(context=context, **execute_callable_kwargs)
             ^^^^^^^^^^^^^^^^^^^^^^^^^^^^^^^^^^^^^^^^^^^^^^^^^^^^^^^^^^^^^
  File "/home/airflow/.local/lib/python3.12/site-packages/airflow/models/taskinstance.py", line 733, in _execute_callable
    return ExecutionCallableRunner(
           ^^^^^^^^^^^^^^^^^^^^^^^^
  File "/home/airflow/.local/lib/python3.12/site-packages/airflow/utils/operator_helpers.py", line 252, in run
    return self.func(*args, **kwargs)
           ^^^^^^^^^^^^^^^^^^^^^^^^^^
  File "/home/airflow/.local/lib/python3.12/site-packages/airflow/models/baseoperator.py", line 422, in wrapper
    return func(self, *args, **kwargs)
           ^^^^^^^^^^^^^^^^^^^^^^^^^^^
  File "/home/airflow/.local/lib/python3.12/site-packages/airflow/providers/docker/operators/docker.py", line 519, in execute
    return self._run_image()
           ^^^^^^^^^^^^^^^^^
  File "/home/airflow/.local/lib/python3.12/site-packages/airflow/providers/docker/operators/docker.py", line 396, in _run_image
    return self._run_image_with_mounts(self.mounts, add_tmp_variable=False)
           ^^^^^^^^^^^^^^^^^^^^^^^^^^^^^^^^^^^^^^^^^^^^^^^^^^^^^^^^^^^^^^^^
  File "/home/airflow/.local/lib/python3.12/site-packages/airflow/providers/docker/operators/docker.py", line 453, in _run_image_with_mounts
    raise DockerContainerFailedException(f"Docker container failed: {result!r}", logs=log_lines)
airflow.providers.docker.exceptions.DockerContainerFailedException: Docker container failed: {'StatusCode': 1}
[2025-02-05T01:34:09.342+0000] {local_task_job_runner.py:266} INFO - Task exited with return code 1
[2025-02-05T01:34:09.355+0000] {taskinstance.py:3895} INFO - 0 downstream tasks scheduled from follow-on schedule check
[2025-02-05T01:34:09.358+0000] {local_task_job_runner.py:245} INFO - ::endgroup::
