[2025-02-04T22:05:51.806+0000] {local_task_job_runner.py:123} INFO - ::group::Pre task execution logs
[2025-02-04T22:05:51.821+0000] {taskinstance.py:2613} INFO - Dependencies all met for dep_context=non-requeueable deps ti=<TaskInstance: northwind_meltano.northwind_postgres manual__2025-02-04T22:05:50.568509+00:00 [queued]>
[2025-02-04T22:05:51.827+0000] {taskinstance.py:2613} INFO - Dependencies all met for dep_context=requeueable deps ti=<TaskInstance: northwind_meltano.northwind_postgres manual__2025-02-04T22:05:50.568509+00:00 [queued]>
[2025-02-04T22:05:51.828+0000] {taskinstance.py:2866} INFO - Starting attempt 1 of 1
[2025-02-04T22:05:51.839+0000] {taskinstance.py:2889} INFO - Executing <Task(DockerOperator): northwind_postgres> on 2025-02-04 22:05:50.568509+00:00
[2025-02-04T22:05:51.845+0000] {standard_task_runner.py:104} INFO - Running: ['***', 'tasks', 'run', 'northwind_meltano', 'northwind_postgres', 'manual__2025-02-04T22:05:50.568509+00:00', '--job-id', '32', '--raw', '--subdir', 'DAGS_FOLDER/northwind_etl/northwind_meltano.py', '--cfg-path', '/tmp/tmprkwt8w6f']
[2025-02-04T22:05:51.847+0000] {standard_task_runner.py:105} INFO - Job 32: Subtask northwind_postgres
[2025-02-04T22:05:51.847+0000] {logging_mixin.py:190} WARNING - /home/***/.local/lib/python3.12/site-packages/***/task/task_runner/standard_task_runner.py:70 DeprecationWarning: This process (pid=3825) is multi-threaded, use of fork() may lead to deadlocks in the child.
[2025-02-04T22:05:51.848+0000] {standard_task_runner.py:72} INFO - Started process 3826 to run task
[2025-02-04T22:05:51.886+0000] {task_command.py:467} INFO - Running <TaskInstance: northwind_meltano.northwind_postgres manual__2025-02-04T22:05:50.568509+00:00 [running]> on host 09d05643d017
[2025-02-04T22:05:51.957+0000] {taskinstance.py:3132} INFO - Exporting env vars: AIRFLOW_CTX_DAG_OWNER='gabriel' AIRFLOW_CTX_DAG_ID='northwind_meltano' AIRFLOW_CTX_TASK_ID='northwind_postgres' AIRFLOW_CTX_EXECUTION_DATE='2025-02-04T22:05:50.568509+00:00' AIRFLOW_CTX_TRY_NUMBER='1' AIRFLOW_CTX_DAG_RUN_ID='manual__2025-02-04T22:05:50.568509+00:00'
[2025-02-04T22:05:51.958+0000] {taskinstance.py:731} INFO - ::endgroup::
[2025-02-04T22:05:52.022+0000] {docker.py:379} INFO - Starting docker container from image meu-meltano
[2025-02-04T22:05:55.812+0000] {docker.py:73} INFO - Added extractor 'tap-postgres' to your project
[2025-02-04T22:05:55.813+0000] {docker.py:73} INFO - Variant:	meltanolabs (default)
[2025-02-04T22:05:55.813+0000] {docker.py:73} INFO - Repository:	https://github.com/MeltanoLabs/tap-postgres
[2025-02-04T22:05:55.814+0000] {docker.py:73} INFO - Documentation:	https://hub.meltano.com/extractors/tap-postgres--meltanolabs
[2025-02-04T22:05:55.947+0000] {docker.py:73} INFO - [2m2025-02-04T22:05:55.946497Z[0m [[32m[1minfo     [0m] [1mInstalling extractor 'tap-postgres'[0m
[2025-02-04T22:06:15.936+0000] {docker.py:73} INFO - [2m2025-02-04T22:06:15.935231Z[0m [[32m[1minfo     [0m] [1mInstalled extractor 'tap-postgres'[0m
[2025-02-04T22:06:15.937+0000] {docker.py:73} INFO - 
[2025-02-04T22:06:15.937+0000] {docker.py:73} INFO - To learn more about extractor 'tap-postgres', visit https://hub.meltano.com/extractors/tap-postgres--meltanolabs
[2025-02-04T22:06:17.536+0000] {docker.py:73} INFO - [2m2025-02-04T22:06:17.534873Z[0m [[32m[1minfo     [0m] [1mEnvironment 'dev' is active   [0m
[2025-02-04T22:06:17.629+0000] {docker.py:73} INFO - Extractor 'tap-postgres' setting 'host' was set in the active environment in `meltano.yml`: 'northwind_db'
[2025-02-04T22:06:19.211+0000] {docker.py:73} INFO - [2m2025-02-04T22:06:19.209627Z[0m [[32m[1minfo     [0m] [1mEnvironment 'dev' is active   [0m
[2025-02-04T22:06:19.289+0000] {docker.py:73} INFO - Extractor 'tap-postgres' setting 'port' was set in the active environment in `meltano.yml`: 5432
[2025-02-04T22:06:20.909+0000] {docker.py:73} INFO - [2m2025-02-04T22:06:20.908689Z[0m [[32m[1minfo     [0m] [1mEnvironment 'dev' is active   [0m
[2025-02-04T22:06:20.990+0000] {docker.py:73} INFO - Extractor 'tap-postgres' setting 'user' was set in the active environment in `meltano.yml`: 'northwind_user'
[2025-02-04T22:06:22.577+0000] {docker.py:73} INFO - [2m2025-02-04T22:06:22.576201Z[0m [[32m[1minfo     [0m] [1mEnvironment 'dev' is active   [0m
[2025-02-04T22:06:22.644+0000] {docker.py:73} INFO - Extractor 'tap-postgres' setting 'password' was set in `.env`: (redacted)
[2025-02-04T22:06:24.220+0000] {docker.py:73} INFO - [2m2025-02-04T22:06:24.218794Z[0m [[32m[1minfo     [0m] [1mEnvironment 'dev' is active   [0m
[2025-02-04T22:06:24.299+0000] {docker.py:73} INFO - Extractor 'tap-postgres' setting 'database' was set in the active environment in `meltano.yml`: 'northwind'
[2025-02-04T22:06:25.882+0000] {docker.py:73} INFO - [2m2025-02-04T22:06:25.881172Z[0m [[32m[1minfo     [0m] [1mEnvironment 'dev' is active   [0m
[2025-02-04T22:06:25.961+0000] {docker.py:73} INFO - Extractor 'tap-postgres' setting 'filter_schemas' was set in the active environment in `meltano.yml`: ['public']
[2025-02-04T22:06:27.576+0000] {docker.py:73} INFO - [2m2025-02-04T22:06:27.574940Z[0m [[32m[1minfo     [0m] [1mEnvironment 'dev' is active   [0m
[2025-02-04T22:06:28.531+0000] {docker.py:73} INFO - /meltano/demo-project/.meltano/extractors/tap-postgres/venv/lib/python3.10/site-packages/singer_sdk/connectors/sql.py:1052: SAWarning: Did not recognize type 'bpchar' of column 'customer_id'
[2025-02-04T22:06:28.531+0000] {docker.py:73} INFO -   columns = inspected.get_multi_columns(
[2025-02-04T22:06:28.532+0000] {docker.py:73} INFO - /meltano/demo-project/.meltano/extractors/tap-postgres/venv/lib/python3.10/site-packages/singer_sdk/connectors/sql.py:1052: SAWarning: Did not recognize type 'bpchar' of column 'customer_type_id'
[2025-02-04T22:06:28.532+0000] {docker.py:73} INFO -   columns = inspected.get_multi_columns(
[2025-02-04T22:06:28.532+0000] {docker.py:73} INFO - /meltano/demo-project/.meltano/extractors/tap-postgres/venv/lib/python3.10/site-packages/singer_sdk/connectors/sql.py:1052: SAWarning: Did not recognize type 'bpchar' of column 'region_description'
[2025-02-04T22:06:28.533+0000] {docker.py:73} INFO -   columns = inspected.get_multi_columns(
[2025-02-04T22:06:28.533+0000] {docker.py:73} INFO - /meltano/demo-project/.meltano/extractors/tap-postgres/venv/lib/python3.10/site-packages/singer_sdk/connectors/sql.py:1052: SAWarning: Did not recognize type 'bpchar' of column 'territory_description'
[2025-02-04T22:06:28.533+0000] {docker.py:73} INFO -   columns = inspected.get_multi_columns(
[2025-02-04T22:06:30.219+0000] {docker.py:73} INFO - [2m2025-02-04T22:06:30.218095Z[0m [[32m[1minfo     [0m] [1mThe default environment 'dev' will be ignored for `meltano select`. To configure a specific environment, please use the option `--environment=<environment name>`.[0m
[2025-02-04T22:06:31.644+0000] {docker.py:73} INFO - [2m2025-02-04T22:06:31.642794Z[0m [[32m[1minfo     [0m] [1mEnvironment 'dev' is active   [0m
[2025-02-04T22:06:33.151+0000] {docker.py:73} INFO - 2025-02-04 22:06:33,149 | INFO     | tap-postgres         | Skipping deselected stream 'public-categories'.
[2025-02-04T22:06:33.151+0000] {docker.py:73} INFO - 2025-02-04 22:06:33,149 | INFO     | tap-postgres         | Skipping deselected stream 'public-customer_customer_demo'.
[2025-02-04T22:06:33.152+0000] {docker.py:73} INFO - 2025-02-04 22:06:33,149 | INFO     | tap-postgres         | Skipping deselected stream 'public-customer_demographics'.
[2025-02-04T22:06:33.152+0000] {docker.py:73} INFO - 2025-02-04 22:06:33,150 | INFO     | tap-postgres         | Skipping deselected stream 'public-customers'.
[2025-02-04T22:06:33.152+0000] {docker.py:73} INFO - 2025-02-04 22:06:33,150 | INFO     | tap-postgres         | Skipping deselected stream 'public-employee_territories'.
[2025-02-04T22:06:33.153+0000] {docker.py:73} INFO - 2025-02-04 22:06:33,150 | INFO     | tap-postgres         | Skipping deselected stream 'public-employees'.
[2025-02-04T22:06:33.153+0000] {docker.py:73} INFO - 2025-02-04 22:06:33,151 | INFO     | tap-postgres.public-orders | Beginning full_table sync of 'public-orders'...
[2025-02-04T22:06:33.154+0000] {docker.py:73} INFO - 2025-02-04 22:06:33,151 | INFO     | tap-postgres.public-orders | Tap has custom mapper. Using 1 provided map(s).
[2025-02-04T22:06:33.204+0000] {docker.py:73} INFO - 2025-02-04 22:06:33,203 | WARNING  | py.warnings          | /meltano/demo-project/.meltano/extractors/tap-postgres/venv/lib/python3.10/site-packages/singer_sdk/connectors/sql.py:1155: SAWarning: Did not recognize type 'bpchar' of column 'customer_id'
[2025-02-04T22:06:33.205+0000] {docker.py:73} INFO -   columns = inspector.get_columns(table_name, schema_name)
[2025-02-04T22:06:33.398+0000] {docker.py:73} INFO - 2025-02-04 22:06:33,396 | INFO     | singer_sdk.metrics   | METRIC: {"type": "timer", "metric": "sync_duration", "value": 0.24482202529907227, "tags": {"stream": "public-orders", "pid": 136, "context": {}, "status": "succeeded"}}
[2025-02-04T22:06:33.398+0000] {docker.py:73} INFO - 2025-02-04 22:06:33,397 | INFO     | singer_sdk.metrics   | METRIC: {"type": "counter", "metric": "record_count", "value": 830, "tags": {"stream": "public-orders", "pid": 136, "context": {}}}
[2025-02-04T22:06:33.399+0000] {docker.py:73} INFO - 2025-02-04 22:06:33,397 | INFO     | tap-postgres         | Skipping deselected stream 'public-products'.
[2025-02-04T22:06:33.399+0000] {docker.py:73} INFO - 2025-02-04 22:06:33,397 | INFO     | tap-postgres         | Skipping deselected stream 'public-region'.
[2025-02-04T22:06:33.400+0000] {docker.py:73} INFO - 2025-02-04 22:06:33,398 | INFO     | tap-postgres         | Skipping deselected stream 'public-shippers'.
[2025-02-04T22:06:33.400+0000] {docker.py:73} INFO - 2025-02-04 22:06:33,398 | INFO     | tap-postgres         | Skipping deselected stream 'public-suppliers'.
[2025-02-04T22:06:33.400+0000] {docker.py:73} INFO - 2025-02-04 22:06:33,398 | INFO     | tap-postgres         | Skipping deselected stream 'public-territories'.
[2025-02-04T22:06:33.401+0000] {docker.py:73} INFO - 2025-02-04 22:06:33,398 | INFO     | tap-postgres         | Skipping deselected stream 'public-us_states'.
[2025-02-04T22:06:35.053+0000] {docker.py:73} INFO - [2m2025-02-04T22:06:35.052090Z[0m [[32m[1minfo     [0m] [1mThe default environment 'dev' will be ignored for `meltano select`. To configure a specific environment, please use the option `--environment=<environment name>`.[0m
[2025-02-04T22:06:36.489+0000] {docker.py:73} INFO - [2m2025-02-04T22:06:36.488116Z[0m [[32m[1minfo     [0m] [1mEnvironment 'dev' is active   [0m
[2025-02-04T22:06:37.413+0000] {docker.py:73} INFO - 2025-02-04 22:06:37,411 | INFO     | tap-postgres         | Skipping deselected stream 'public-categories'.
[2025-02-04T22:06:37.414+0000] {docker.py:73} INFO - 2025-02-04 22:06:37,412 | INFO     | tap-postgres         | Skipping deselected stream 'public-customer_customer_demo'.
[2025-02-04T22:06:37.414+0000] {docker.py:73} INFO - 2025-02-04 22:06:37,412 | INFO     | tap-postgres         | Skipping deselected stream 'public-customer_demographics'.
[2025-02-04T22:06:37.415+0000] {docker.py:73} INFO - 2025-02-04 22:06:37,412 | INFO     | tap-postgres         | Skipping deselected stream 'public-customers'.
[2025-02-04T22:06:37.415+0000] {docker.py:73} INFO - 2025-02-04 22:06:37,412 | INFO     | tap-postgres         | Skipping deselected stream 'public-employee_territories'.
[2025-02-04T22:06:37.415+0000] {docker.py:73} INFO - 2025-02-04 22:06:37,413 | INFO     | tap-postgres.public-employees | Beginning full_table sync of 'public-employees'...
[2025-02-04T22:06:37.416+0000] {docker.py:73} INFO - 2025-02-04 22:06:37,413 | INFO     | tap-postgres.public-employees | Tap has custom mapper. Using 1 provided map(s).
[2025-02-04T22:06:37.473+0000] {docker.py:73} INFO - 2025-02-04 22:06:37,471 | INFO     | singer_sdk.metrics   | METRIC: {"type": "timer", "metric": "sync_duration", "value": 0.05752110481262207, "tags": {"stream": "public-employees", "pid": 142, "context": {}, "status": "succeeded"}}
[2025-02-04T22:06:37.473+0000] {docker.py:73} INFO - 2025-02-04 22:06:37,472 | INFO     | singer_sdk.metrics   | METRIC: {"type": "counter", "metric": "record_count", "value": 9, "tags": {"stream": "public-employees", "pid": 142, "context": {}}}
[2025-02-04T22:06:37.474+0000] {docker.py:73} INFO - 2025-02-04 22:06:37,472 | INFO     | tap-postgres.public-orders | Beginning full_table sync of 'public-orders'...
[2025-02-04T22:06:37.474+0000] {docker.py:73} INFO - 2025-02-04 22:06:37,472 | INFO     | tap-postgres.public-orders | Tap has custom mapper. Using 1 provided map(s).
[2025-02-04T22:06:37.478+0000] {docker.py:73} INFO - 2025-02-04 22:06:37,477 | WARNING  | py.warnings          | /meltano/demo-project/.meltano/extractors/tap-postgres/venv/lib/python3.10/site-packages/singer_sdk/connectors/sql.py:1155: SAWarning: Did not recognize type 'bpchar' of column 'customer_id'
[2025-02-04T22:06:37.478+0000] {docker.py:73} INFO -   columns = inspector.get_columns(table_name, schema_name)
[2025-02-04T22:06:37.680+0000] {docker.py:73} INFO - 2025-02-04 22:06:37,679 | INFO     | singer_sdk.metrics   | METRIC: {"type": "timer", "metric": "sync_duration", "value": 0.20566582679748535, "tags": {"stream": "public-orders", "pid": 142, "context": {}, "status": "succeeded"}}
[2025-02-04T22:06:37.681+0000] {docker.py:73} INFO - 2025-02-04 22:06:37,679 | INFO     | singer_sdk.metrics   | METRIC: {"type": "counter", "metric": "record_count", "value": 830, "tags": {"stream": "public-orders", "pid": 142, "context": {}}}
[2025-02-04T22:06:37.681+0000] {docker.py:73} INFO - 2025-02-04 22:06:37,679 | INFO     | tap-postgres         | Skipping deselected stream 'public-products'.
[2025-02-04T22:06:37.682+0000] {docker.py:73} INFO - 2025-02-04 22:06:37,680 | INFO     | tap-postgres         | Skipping deselected stream 'public-region'.
[2025-02-04T22:06:37.682+0000] {docker.py:73} INFO - 2025-02-04 22:06:37,680 | INFO     | tap-postgres         | Skipping deselected stream 'public-shippers'.
[2025-02-04T22:06:37.682+0000] {docker.py:73} INFO - 2025-02-04 22:06:37,680 | INFO     | tap-postgres         | Skipping deselected stream 'public-suppliers'.
[2025-02-04T22:06:37.683+0000] {docker.py:73} INFO - 2025-02-04 22:06:37,680 | INFO     | tap-postgres         | Skipping deselected stream 'public-territories'.
[2025-02-04T22:06:37.683+0000] {docker.py:73} INFO - 2025-02-04 22:06:37,680 | INFO     | tap-postgres         | Skipping deselected stream 'public-us_states'.
[2025-02-04T22:06:39.363+0000] {docker.py:73} INFO - [2m2025-02-04T22:06:39.362610Z[0m [[32m[1minfo     [0m] [1mThe default environment 'dev' will be ignored for `meltano select`. To configure a specific environment, please use the option `--environment=<environment name>`.[0m
[2025-02-04T22:06:40.809+0000] {docker.py:73} INFO - [2m2025-02-04T22:06:40.808358Z[0m [[32m[1minfo     [0m] [1mEnvironment 'dev' is active   [0m
[2025-02-04T22:06:41.731+0000] {docker.py:73} INFO - 2025-02-04 22:06:41,729 | INFO     | tap-postgres         | Skipping deselected stream 'public-categories'.
[2025-02-04T22:06:41.731+0000] {docker.py:73} INFO - 2025-02-04 22:06:41,729 | INFO     | tap-postgres         | Skipping deselected stream 'public-customer_customer_demo'.
[2025-02-04T22:06:41.731+0000] {docker.py:73} INFO - 2025-02-04 22:06:41,729 | INFO     | tap-postgres         | Skipping deselected stream 'public-customer_demographics'.
[2025-02-04T22:06:41.732+0000] {docker.py:73} INFO - 2025-02-04 22:06:41,730 | INFO     | tap-postgres.public-customers | Beginning full_table sync of 'public-customers'...
[2025-02-04T22:06:41.732+0000] {docker.py:73} INFO - 2025-02-04 22:06:41,730 | INFO     | tap-postgres.public-customers | Tap has custom mapper. Using 1 provided map(s).
[2025-02-04T22:06:41.782+0000] {docker.py:73} INFO - 2025-02-04 22:06:41,781 | WARNING  | py.warnings          | /meltano/demo-project/.meltano/extractors/tap-postgres/venv/lib/python3.10/site-packages/singer_sdk/connectors/sql.py:1155: SAWarning: Did not recognize type 'bpchar' of column 'customer_id'
[2025-02-04T22:06:41.783+0000] {docker.py:73} INFO -   columns = inspector.get_columns(table_name, schema_name)
[2025-02-04T22:06:41.808+0000] {docker.py:73} INFO - 2025-02-04 22:06:41,807 | INFO     | singer_sdk.metrics   | METRIC: {"type": "timer", "metric": "sync_duration", "value": 0.07640790939331055, "tags": {"stream": "public-customers", "pid": 148, "context": {}, "status": "succeeded"}}
[2025-02-04T22:06:41.809+0000] {docker.py:73} INFO - 2025-02-04 22:06:41,807 | INFO     | singer_sdk.metrics   | METRIC: {"type": "counter", "metric": "record_count", "value": 91, "tags": {"stream": "public-customers", "pid": 148, "context": {}}}
[2025-02-04T22:06:41.809+0000] {docker.py:73} INFO - 2025-02-04 22:06:41,808 | INFO     | tap-postgres         | Skipping deselected stream 'public-employee_territories'.
[2025-02-04T22:06:41.810+0000] {docker.py:73} INFO - 2025-02-04 22:06:41,808 | INFO     | tap-postgres.public-employees | Beginning full_table sync of 'public-employees'...
[2025-02-04T22:06:41.810+0000] {docker.py:73} INFO - 2025-02-04 22:06:41,808 | INFO     | tap-postgres.public-employees | Tap has custom mapper. Using 1 provided map(s).
[2025-02-04T22:06:41.822+0000] {docker.py:73} INFO - 2025-02-04 22:06:41,821 | INFO     | singer_sdk.metrics   | METRIC: {"type": "timer", "metric": "sync_duration", "value": 0.011807441711425781, "tags": {"stream": "public-employees", "pid": 148, "context": {}, "status": "succeeded"}}
[2025-02-04T22:06:41.822+0000] {docker.py:73} INFO - 2025-02-04 22:06:41,821 | INFO     | singer_sdk.metrics   | METRIC: {"type": "counter", "metric": "record_count", "value": 9, "tags": {"stream": "public-employees", "pid": 148, "context": {}}}
[2025-02-04T22:06:41.823+0000] {docker.py:73} INFO - 2025-02-04 22:06:41,822 | INFO     | tap-postgres.public-orders | Beginning full_table sync of 'public-orders'...
[2025-02-04T22:06:41.823+0000] {docker.py:73} INFO - 2025-02-04 22:06:41,822 | INFO     | tap-postgres.public-orders | Tap has custom mapper. Using 1 provided map(s).
[2025-02-04T22:06:42.038+0000] {docker.py:73} INFO - 2025-02-04 22:06:42,037 | INFO     | singer_sdk.metrics   | METRIC: {"type": "timer", "metric": "sync_duration", "value": 0.21436738967895508, "tags": {"stream": "public-orders", "pid": 148, "context": {}, "status": "succeeded"}}
[2025-02-04T22:06:42.039+0000] {docker.py:73} INFO - 2025-02-04 22:06:42,037 | INFO     | singer_sdk.metrics   | METRIC: {"type": "counter", "metric": "record_count", "value": 830, "tags": {"stream": "public-orders", "pid": 148, "context": {}}}
[2025-02-04T22:06:42.039+0000] {docker.py:73} INFO - 2025-02-04 22:06:42,037 | INFO     | tap-postgres         | Skipping deselected stream 'public-products'.
[2025-02-04T22:06:42.040+0000] {docker.py:73} INFO - 2025-02-04 22:06:42,037 | INFO     | tap-postgres         | Skipping deselected stream 'public-region'.
[2025-02-04T22:06:42.040+0000] {docker.py:73} INFO - 2025-02-04 22:06:42,038 | INFO     | tap-postgres         | Skipping deselected stream 'public-shippers'.
[2025-02-04T22:06:42.040+0000] {docker.py:73} INFO - 2025-02-04 22:06:42,038 | INFO     | tap-postgres         | Skipping deselected stream 'public-suppliers'.
[2025-02-04T22:06:42.041+0000] {docker.py:73} INFO - 2025-02-04 22:06:42,038 | INFO     | tap-postgres         | Skipping deselected stream 'public-territories'.
[2025-02-04T22:06:42.041+0000] {docker.py:73} INFO - 2025-02-04 22:06:42,038 | INFO     | tap-postgres         | Skipping deselected stream 'public-us_states'.
[2025-02-04T22:06:43.694+0000] {docker.py:73} INFO - [2m2025-02-04T22:06:43.693143Z[0m [[32m[1minfo     [0m] [1mThe default environment 'dev' will be ignored for `meltano select`. To configure a specific environment, please use the option `--environment=<environment name>`.[0m
[2025-02-04T22:06:45.126+0000] {docker.py:73} INFO - [2m2025-02-04T22:06:45.125560Z[0m [[32m[1minfo     [0m] [1mEnvironment 'dev' is active   [0m
[2025-02-04T22:06:46.049+0000] {docker.py:73} INFO - 2025-02-04 22:06:46,047 | INFO     | tap-postgres         | Skipping deselected stream 'public-categories'.
[2025-02-04T22:06:46.049+0000] {docker.py:73} INFO - 2025-02-04 22:06:46,047 | INFO     | tap-postgres         | Skipping deselected stream 'public-customer_customer_demo'.
[2025-02-04T22:06:46.050+0000] {docker.py:73} INFO - 2025-02-04 22:06:46,047 | INFO     | tap-postgres         | Skipping deselected stream 'public-customer_demographics'.
[2025-02-04T22:06:46.050+0000] {docker.py:73} INFO - 2025-02-04 22:06:46,048 | INFO     | tap-postgres.public-customers | Beginning full_table sync of 'public-customers'...
[2025-02-04T22:06:46.050+0000] {docker.py:73} INFO - 2025-02-04 22:06:46,048 | INFO     | tap-postgres.public-customers | Tap has custom mapper. Using 1 provided map(s).
[2025-02-04T22:06:46.101+0000] {docker.py:73} INFO - 2025-02-04 22:06:46,100 | WARNING  | py.warnings          | /meltano/demo-project/.meltano/extractors/tap-postgres/venv/lib/python3.10/site-packages/singer_sdk/connectors/sql.py:1155: SAWarning: Did not recognize type 'bpchar' of column 'customer_id'
[2025-02-04T22:06:46.102+0000] {docker.py:73} INFO -   columns = inspector.get_columns(table_name, schema_name)
[2025-02-04T22:06:46.128+0000] {docker.py:73} INFO - 2025-02-04 22:06:46,126 | INFO     | singer_sdk.metrics   | METRIC: {"type": "timer", "metric": "sync_duration", "value": 0.07761955261230469, "tags": {"stream": "public-customers", "pid": 154, "context": {}, "status": "succeeded"}}
[2025-02-04T22:06:46.129+0000] {docker.py:73} INFO - 2025-02-04 22:06:46,127 | INFO     | singer_sdk.metrics   | METRIC: {"type": "counter", "metric": "record_count", "value": 91, "tags": {"stream": "public-customers", "pid": 154, "context": {}}}
[2025-02-04T22:06:46.129+0000] {docker.py:73} INFO - 2025-02-04 22:06:46,127 | INFO     | tap-postgres         | Skipping deselected stream 'public-employee_territories'.
[2025-02-04T22:06:46.129+0000] {docker.py:73} INFO - 2025-02-04 22:06:46,128 | INFO     | tap-postgres.public-employees | Beginning full_table sync of 'public-employees'...
[2025-02-04T22:06:46.130+0000] {docker.py:73} INFO - 2025-02-04 22:06:46,128 | INFO     | tap-postgres.public-employees | Tap has custom mapper. Using 1 provided map(s).
[2025-02-04T22:06:46.141+0000] {docker.py:73} INFO - 2025-02-04 22:06:46,140 | INFO     | singer_sdk.metrics   | METRIC: {"type": "timer", "metric": "sync_duration", "value": 0.011378288269042969, "tags": {"stream": "public-employees", "pid": 154, "context": {}, "status": "succeeded"}}
[2025-02-04T22:06:46.141+0000] {docker.py:73} INFO - 2025-02-04 22:06:46,140 | INFO     | singer_sdk.metrics   | METRIC: {"type": "counter", "metric": "record_count", "value": 9, "tags": {"stream": "public-employees", "pid": 154, "context": {}}}
[2025-02-04T22:06:46.142+0000] {docker.py:73} INFO - 2025-02-04 22:06:46,141 | INFO     | tap-postgres.public-orders | Beginning full_table sync of 'public-orders'...
[2025-02-04T22:06:46.142+0000] {docker.py:73} INFO - 2025-02-04 22:06:46,141 | INFO     | tap-postgres.public-orders | Tap has custom mapper. Using 1 provided map(s).
[2025-02-04T22:06:46.355+0000] {docker.py:73} INFO - 2025-02-04 22:06:46,354 | INFO     | singer_sdk.metrics   | METRIC: {"type": "timer", "metric": "sync_duration", "value": 0.2121727466583252, "tags": {"stream": "public-orders", "pid": 154, "context": {}, "status": "succeeded"}}
[2025-02-04T22:06:46.356+0000] {docker.py:73} INFO - 2025-02-04 22:06:46,354 | INFO     | singer_sdk.metrics   | METRIC: {"type": "counter", "metric": "record_count", "value": 830, "tags": {"stream": "public-orders", "pid": 154, "context": {}}}
[2025-02-04T22:06:46.356+0000] {docker.py:73} INFO - 2025-02-04 22:06:46,354 | INFO     | tap-postgres         | Skipping deselected stream 'public-products'.
[2025-02-04T22:06:46.357+0000] {docker.py:73} INFO - 2025-02-04 22:06:46,354 | INFO     | tap-postgres         | Skipping deselected stream 'public-region'.
[2025-02-04T22:06:46.357+0000] {docker.py:73} INFO - 2025-02-04 22:06:46,355 | INFO     | tap-postgres.public-shippers | Beginning full_table sync of 'public-shippers'...
[2025-02-04T22:06:46.357+0000] {docker.py:73} INFO - 2025-02-04 22:06:46,355 | INFO     | tap-postgres.public-shippers | Tap has custom mapper. Using 1 provided map(s).
[2025-02-04T22:06:46.366+0000] {docker.py:73} INFO - 2025-02-04 22:06:46,364 | INFO     | singer_sdk.metrics   | METRIC: {"type": "timer", "metric": "sync_duration", "value": 0.009245872497558594, "tags": {"stream": "public-shippers", "pid": 154, "context": {}, "status": "succeeded"}}
[2025-02-04T22:06:46.366+0000] {docker.py:73} INFO - 2025-02-04 22:06:46,365 | INFO     | singer_sdk.metrics   | METRIC: {"type": "counter", "metric": "record_count", "value": 6, "tags": {"stream": "public-shippers", "pid": 154, "context": {}}}
[2025-02-04T22:06:46.367+0000] {docker.py:73} INFO - 2025-02-04 22:06:46,365 | INFO     | tap-postgres         | Skipping deselected stream 'public-suppliers'.
[2025-02-04T22:06:46.367+0000] {docker.py:73} INFO - 2025-02-04 22:06:46,365 | INFO     | tap-postgres         | Skipping deselected stream 'public-territories'.
[2025-02-04T22:06:46.367+0000] {docker.py:73} INFO - 2025-02-04 22:06:46,366 | INFO     | tap-postgres         | Skipping deselected stream 'public-us_states'.
[2025-02-04T22:06:48.205+0000] {taskinstance.py:340} INFO - ::group::Post task execution logs
[2025-02-04T22:06:48.205+0000] {taskinstance.py:352} INFO - Marking task as SUCCESS. dag_id=northwind_meltano, task_id=northwind_postgres, run_id=manual__2025-02-04T22:05:50.568509+00:00, execution_date=20250204T220550, start_date=20250204T220551, end_date=20250204T220648
[2025-02-04T22:06:48.228+0000] {local_task_job_runner.py:266} INFO - Task exited with return code 0
[2025-02-04T22:06:48.246+0000] {taskinstance.py:3895} INFO - 1 downstream tasks scheduled from follow-on schedule check
[2025-02-04T22:06:48.248+0000] {local_task_job_runner.py:245} INFO - ::endgroup::
