[2025-02-05T00:39:21.632+0000] {local_task_job_runner.py:123} INFO - ::group::Pre task execution logs
[2025-02-05T00:39:21.646+0000] {taskinstance.py:2613} INFO - Dependencies all met for dep_context=non-requeueable deps ti=<TaskInstance: northwind_meltano.northwind_postgres manual__2025-02-05T00:39:20.913783+00:00 [queued]>
[2025-02-05T00:39:21.652+0000] {taskinstance.py:2613} INFO - Dependencies all met for dep_context=requeueable deps ti=<TaskInstance: northwind_meltano.northwind_postgres manual__2025-02-05T00:39:20.913783+00:00 [queued]>
[2025-02-05T00:39:21.653+0000] {taskinstance.py:2866} INFO - Starting attempt 1 of 1
[2025-02-05T00:39:21.664+0000] {taskinstance.py:2889} INFO - Executing <Task(DockerOperator): northwind_postgres> on 2025-02-05 00:39:20.913783+00:00
[2025-02-05T00:39:21.670+0000] {logging_mixin.py:190} WARNING - /home/***/.local/lib/python3.12/site-packages/***/task/task_runner/standard_task_runner.py:70 DeprecationWarning: This process (pid=9048) is multi-threaded, use of fork() may lead to deadlocks in the child.
[2025-02-05T00:39:21.670+0000] {standard_task_runner.py:72} INFO - Started process 9049 to run task
[2025-02-05T00:39:21.670+0000] {standard_task_runner.py:104} INFO - Running: ['***', 'tasks', 'run', 'northwind_meltano', 'northwind_postgres', 'manual__2025-02-05T00:39:20.913783+00:00', '--job-id', '46', '--raw', '--subdir', 'DAGS_FOLDER/northwind_etl/northwind_meltano.py', '--cfg-path', '/tmp/tmp_rxrpzeb']
[2025-02-05T00:39:21.671+0000] {standard_task_runner.py:105} INFO - Job 46: Subtask northwind_postgres
[2025-02-05T00:39:21.704+0000] {task_command.py:467} INFO - Running <TaskInstance: northwind_meltano.northwind_postgres manual__2025-02-05T00:39:20.913783+00:00 [running]> on host 09d05643d017
[2025-02-05T00:39:21.771+0000] {taskinstance.py:3132} INFO - Exporting env vars: AIRFLOW_CTX_DAG_OWNER='gabriel' AIRFLOW_CTX_DAG_ID='northwind_meltano' AIRFLOW_CTX_TASK_ID='northwind_postgres' AIRFLOW_CTX_EXECUTION_DATE='2025-02-05T00:39:20.913783+00:00' AIRFLOW_CTX_TRY_NUMBER='1' AIRFLOW_CTX_DAG_RUN_ID='manual__2025-02-05T00:39:20.913783+00:00'
[2025-02-05T00:39:21.772+0000] {taskinstance.py:731} INFO - ::endgroup::
[2025-02-05T00:39:21.810+0000] {docker.py:379} INFO - Starting docker container from image meu-meltano
[2025-02-05T00:39:25.118+0000] {docker.py:73} INFO - Added extractor 'tap-postgres' to your project
[2025-02-05T00:39:25.119+0000] {docker.py:73} INFO - Variant:	meltanolabs (default)
[2025-02-05T00:39:25.119+0000] {docker.py:73} INFO - Repository:	https://github.com/MeltanoLabs/tap-postgres
[2025-02-05T00:39:25.119+0000] {docker.py:73} INFO - Documentation:	https://hub.meltano.com/extractors/tap-postgres--meltanolabs
[2025-02-05T00:39:25.250+0000] {docker.py:73} INFO - [2m2025-02-05T00:39:25.249606Z[0m [[32m[1minfo     [0m] [1mInstalling extractor 'tap-postgres'[0m
[2025-02-05T00:39:49.020+0000] {docker.py:73} INFO - [2m2025-02-05T00:39:49.019207Z[0m [[32m[1minfo     [0m] [1mInstalled extractor 'tap-postgres'[0m
[2025-02-05T00:39:49.021+0000] {docker.py:73} INFO - 
[2025-02-05T00:39:49.021+0000] {docker.py:73} INFO - To learn more about extractor 'tap-postgres', visit https://hub.meltano.com/extractors/tap-postgres--meltanolabs
[2025-02-05T00:39:50.598+0000] {docker.py:73} INFO - [2m2025-02-05T00:39:50.596989Z[0m [[32m[1minfo     [0m] [1mEnvironment 'dev' is active   [0m
[2025-02-05T00:39:50.738+0000] {docker.py:73} INFO - Extractor 'tap-postgres' setting 'host' was set in the active environment in `meltano.yml`: 'northwind_db'
[2025-02-05T00:39:52.326+0000] {docker.py:73} INFO - [2m2025-02-05T00:39:52.325460Z[0m [[32m[1minfo     [0m] [1mEnvironment 'dev' is active   [0m
[2025-02-05T00:39:52.406+0000] {docker.py:73} INFO - Extractor 'tap-postgres' setting 'port' was set in the active environment in `meltano.yml`: 5432
[2025-02-05T00:39:54.007+0000] {docker.py:73} INFO - [2m2025-02-05T00:39:54.006695Z[0m [[32m[1minfo     [0m] [1mEnvironment 'dev' is active   [0m
[2025-02-05T00:39:54.089+0000] {docker.py:73} INFO - Extractor 'tap-postgres' setting 'user' was set in the active environment in `meltano.yml`: 'northwind_user'
[2025-02-05T00:39:55.703+0000] {docker.py:73} INFO - [2m2025-02-05T00:39:55.701708Z[0m [[32m[1minfo     [0m] [1mEnvironment 'dev' is active   [0m
[2025-02-05T00:39:55.770+0000] {docker.py:73} INFO - Extractor 'tap-postgres' setting 'password' was set in `.env`: (redacted)
[2025-02-05T00:39:57.344+0000] {docker.py:73} INFO - [2m2025-02-05T00:39:57.343569Z[0m [[32m[1minfo     [0m] [1mEnvironment 'dev' is active   [0m
[2025-02-05T00:39:57.426+0000] {docker.py:73} INFO - Extractor 'tap-postgres' setting 'database' was set in the active environment in `meltano.yml`: 'northwind'
[2025-02-05T00:39:58.999+0000] {docker.py:73} INFO - [2m2025-02-05T00:39:58.998205Z[0m [[32m[1minfo     [0m] [1mEnvironment 'dev' is active   [0m
[2025-02-05T00:39:59.080+0000] {docker.py:73} INFO - Extractor 'tap-postgres' setting 'filter_schemas' was set in the active environment in `meltano.yml`: ['public']
[2025-02-05T00:40:00.666+0000] {docker.py:73} INFO - [2m2025-02-05T00:40:00.665421Z[0m [[32m[1minfo     [0m] [1mEnvironment 'dev' is active   [0m
[2025-02-05T00:40:01.643+0000] {docker.py:73} INFO - /meltano/demo-project/.meltano/extractors/tap-postgres/venv/lib/python3.10/site-packages/singer_sdk/connectors/sql.py:1052: SAWarning: Did not recognize type 'bpchar' of column 'customer_id'
[2025-02-05T00:40:01.644+0000] {docker.py:73} INFO -   columns = inspected.get_multi_columns(
[2025-02-05T00:40:01.644+0000] {docker.py:73} INFO - /meltano/demo-project/.meltano/extractors/tap-postgres/venv/lib/python3.10/site-packages/singer_sdk/connectors/sql.py:1052: SAWarning: Did not recognize type 'bpchar' of column 'customer_type_id'
[2025-02-05T00:40:01.645+0000] {docker.py:73} INFO -   columns = inspected.get_multi_columns(
[2025-02-05T00:40:01.645+0000] {docker.py:73} INFO - /meltano/demo-project/.meltano/extractors/tap-postgres/venv/lib/python3.10/site-packages/singer_sdk/connectors/sql.py:1052: SAWarning: Did not recognize type 'bpchar' of column 'region_description'
[2025-02-05T00:40:01.646+0000] {docker.py:73} INFO -   columns = inspected.get_multi_columns(
[2025-02-05T00:40:01.646+0000] {docker.py:73} INFO - /meltano/demo-project/.meltano/extractors/tap-postgres/venv/lib/python3.10/site-packages/singer_sdk/connectors/sql.py:1052: SAWarning: Did not recognize type 'bpchar' of column 'territory_description'
[2025-02-05T00:40:01.646+0000] {docker.py:73} INFO -   columns = inspected.get_multi_columns(
[2025-02-05T00:40:03.348+0000] {docker.py:73} INFO - [2m2025-02-05T00:40:03.347029Z[0m [[32m[1minfo     [0m] [1mThe default environment 'dev' will be ignored for `meltano select`. To configure a specific environment, please use the option `--environment=<environment name>`.[0m
[2025-02-05T00:40:04.840+0000] {docker.py:73} INFO - [2m2025-02-05T00:40:04.838929Z[0m [[32m[1minfo     [0m] [1mEnvironment 'dev' is active   [0m
[2025-02-05T00:40:06.364+0000] {docker.py:73} INFO - 2025-02-05 00:40:06,363 | INFO     | tap-postgres         | Skipping deselected stream 'public-categories'.
[2025-02-05T00:40:06.365+0000] {docker.py:73} INFO - 2025-02-05 00:40:06,363 | INFO     | tap-postgres         | Skipping deselected stream 'public-customer_customer_demo'.
[2025-02-05T00:40:06.366+0000] {docker.py:73} INFO - 2025-02-05 00:40:06,363 | INFO     | tap-postgres         | Skipping deselected stream 'public-customer_demographics'.
[2025-02-05T00:40:06.366+0000] {docker.py:73} INFO - 2025-02-05 00:40:06,363 | INFO     | tap-postgres         | Skipping deselected stream 'public-customers'.
[2025-02-05T00:40:06.366+0000] {docker.py:73} INFO - 2025-02-05 00:40:06,364 | INFO     | tap-postgres         | Skipping deselected stream 'public-employee_territories'.
[2025-02-05T00:40:06.367+0000] {docker.py:73} INFO - 2025-02-05 00:40:06,364 | INFO     | tap-postgres         | Skipping deselected stream 'public-employees'.
[2025-02-05T00:40:06.367+0000] {docker.py:73} INFO - 2025-02-05 00:40:06,364 | INFO     | tap-postgres.public-orders | Beginning full_table sync of 'public-orders'...
[2025-02-05T00:40:06.367+0000] {docker.py:73} INFO - 2025-02-05 00:40:06,364 | INFO     | tap-postgres.public-orders | Tap has custom mapper. Using 1 provided map(s).
[2025-02-05T00:40:06.416+0000] {docker.py:73} INFO - 2025-02-05 00:40:06,415 | WARNING  | py.warnings          | /meltano/demo-project/.meltano/extractors/tap-postgres/venv/lib/python3.10/site-packages/singer_sdk/connectors/sql.py:1155: SAWarning: Did not recognize type 'bpchar' of column 'customer_id'
[2025-02-05T00:40:06.416+0000] {docker.py:73} INFO -   columns = inspector.get_columns(table_name, schema_name)
[2025-02-05T00:40:06.609+0000] {docker.py:73} INFO - 2025-02-05 00:40:06,607 | INFO     | singer_sdk.metrics   | METRIC: {"type": "timer", "metric": "sync_duration", "value": 0.2417893409729004, "tags": {"stream": "public-orders", "pid": 136, "context": {}, "status": "succeeded"}}
[2025-02-05T00:40:06.609+0000] {docker.py:73} INFO - 2025-02-05 00:40:06,607 | INFO     | singer_sdk.metrics   | METRIC: {"type": "counter", "metric": "record_count", "value": 830, "tags": {"stream": "public-orders", "pid": 136, "context": {}}}
[2025-02-05T00:40:06.610+0000] {docker.py:73} INFO - 2025-02-05 00:40:06,608 | INFO     | tap-postgres         | Skipping deselected stream 'public-products'.
[2025-02-05T00:40:06.610+0000] {docker.py:73} INFO - 2025-02-05 00:40:06,608 | INFO     | tap-postgres         | Skipping deselected stream 'public-region'.
[2025-02-05T00:40:06.611+0000] {docker.py:73} INFO - 2025-02-05 00:40:06,608 | INFO     | tap-postgres         | Skipping deselected stream 'public-shippers'.
[2025-02-05T00:40:06.611+0000] {docker.py:73} INFO - 2025-02-05 00:40:06,609 | INFO     | tap-postgres         | Skipping deselected stream 'public-suppliers'.
[2025-02-05T00:40:06.611+0000] {docker.py:73} INFO - 2025-02-05 00:40:06,609 | INFO     | tap-postgres         | Skipping deselected stream 'public-territories'.
[2025-02-05T00:40:06.612+0000] {docker.py:73} INFO - 2025-02-05 00:40:06,609 | INFO     | tap-postgres         | Skipping deselected stream 'public-us_states'.
[2025-02-05T00:40:08.268+0000] {docker.py:73} INFO - [2m2025-02-05T00:40:08.266998Z[0m [[32m[1minfo     [0m] [1mThe default environment 'dev' will be ignored for `meltano select`. To configure a specific environment, please use the option `--environment=<environment name>`.[0m
[2025-02-05T00:40:09.745+0000] {docker.py:73} INFO - [2m2025-02-05T00:40:09.744519Z[0m [[32m[1minfo     [0m] [1mEnvironment 'dev' is active   [0m
[2025-02-05T00:40:10.675+0000] {docker.py:73} INFO - 2025-02-05 00:40:10,673 | INFO     | tap-postgres         | Skipping deselected stream 'public-categories'.
[2025-02-05T00:40:10.676+0000] {docker.py:73} INFO - 2025-02-05 00:40:10,674 | INFO     | tap-postgres         | Skipping deselected stream 'public-customer_customer_demo'.
[2025-02-05T00:40:10.676+0000] {docker.py:73} INFO - 2025-02-05 00:40:10,674 | INFO     | tap-postgres         | Skipping deselected stream 'public-customer_demographics'.
[2025-02-05T00:40:10.676+0000] {docker.py:73} INFO - 2025-02-05 00:40:10,674 | INFO     | tap-postgres         | Skipping deselected stream 'public-customers'.
[2025-02-05T00:40:10.677+0000] {docker.py:73} INFO - 2025-02-05 00:40:10,674 | INFO     | tap-postgres         | Skipping deselected stream 'public-employee_territories'.
[2025-02-05T00:40:10.677+0000] {docker.py:73} INFO - 2025-02-05 00:40:10,675 | INFO     | tap-postgres.public-employees | Beginning full_table sync of 'public-employees'...
[2025-02-05T00:40:10.678+0000] {docker.py:73} INFO - 2025-02-05 00:40:10,675 | INFO     | tap-postgres.public-employees | Tap has custom mapper. Using 1 provided map(s).
[2025-02-05T00:40:10.733+0000] {docker.py:73} INFO - 2025-02-05 00:40:10,731 | INFO     | singer_sdk.metrics   | METRIC: {"type": "timer", "metric": "sync_duration", "value": 0.05569028854370117, "tags": {"stream": "public-employees", "pid": 142, "context": {}, "status": "succeeded"}}
[2025-02-05T00:40:10.733+0000] {docker.py:73} INFO - 2025-02-05 00:40:10,732 | INFO     | singer_sdk.metrics   | METRIC: {"type": "counter", "metric": "record_count", "value": 9, "tags": {"stream": "public-employees", "pid": 142, "context": {}}}
[2025-02-05T00:40:10.733+0000] {docker.py:73} INFO - 2025-02-05 00:40:10,732 | INFO     | tap-postgres.public-orders | Beginning full_table sync of 'public-orders'...
[2025-02-05T00:40:10.734+0000] {docker.py:73} INFO - 2025-02-05 00:40:10,732 | INFO     | tap-postgres.public-orders | Tap has custom mapper. Using 1 provided map(s).
[2025-02-05T00:40:10.737+0000] {docker.py:73} INFO - 2025-02-05 00:40:10,737 | WARNING  | py.warnings          | /meltano/demo-project/.meltano/extractors/tap-postgres/venv/lib/python3.10/site-packages/singer_sdk/connectors/sql.py:1155: SAWarning: Did not recognize type 'bpchar' of column 'customer_id'
[2025-02-05T00:40:10.738+0000] {docker.py:73} INFO -   columns = inspector.get_columns(table_name, schema_name)
[2025-02-05T00:40:10.936+0000] {docker.py:73} INFO - 2025-02-05 00:40:10,935 | INFO     | singer_sdk.metrics   | METRIC: {"type": "timer", "metric": "sync_duration", "value": 0.20210838317871094, "tags": {"stream": "public-orders", "pid": 142, "context": {}, "status": "succeeded"}}
[2025-02-05T00:40:10.937+0000] {docker.py:73} INFO - 2025-02-05 00:40:10,935 | INFO     | singer_sdk.metrics   | METRIC: {"type": "counter", "metric": "record_count", "value": 830, "tags": {"stream": "public-orders", "pid": 142, "context": {}}}
[2025-02-05T00:40:10.937+0000] {docker.py:73} INFO - 2025-02-05 00:40:10,936 | INFO     | tap-postgres         | Skipping deselected stream 'public-products'.
[2025-02-05T00:40:10.938+0000] {docker.py:73} INFO - 2025-02-05 00:40:10,936 | INFO     | tap-postgres         | Skipping deselected stream 'public-region'.
[2025-02-05T00:40:10.938+0000] {docker.py:73} INFO - 2025-02-05 00:40:10,936 | INFO     | tap-postgres         | Skipping deselected stream 'public-shippers'.
[2025-02-05T00:40:10.939+0000] {docker.py:73} INFO - 2025-02-05 00:40:10,936 | INFO     | tap-postgres         | Skipping deselected stream 'public-suppliers'.
[2025-02-05T00:40:10.939+0000] {docker.py:73} INFO - 2025-02-05 00:40:10,936 | INFO     | tap-postgres         | Skipping deselected stream 'public-territories'.
[2025-02-05T00:40:10.939+0000] {docker.py:73} INFO - 2025-02-05 00:40:10,937 | INFO     | tap-postgres         | Skipping deselected stream 'public-us_states'.
[2025-02-05T00:40:12.601+0000] {docker.py:73} INFO - [2m2025-02-05T00:40:12.600577Z[0m [[32m[1minfo     [0m] [1mThe default environment 'dev' will be ignored for `meltano select`. To configure a specific environment, please use the option `--environment=<environment name>`.[0m
[2025-02-05T00:40:14.010+0000] {docker.py:73} INFO - [2m2025-02-05T00:40:14.009130Z[0m [[32m[1minfo     [0m] [1mEnvironment 'dev' is active   [0m
[2025-02-05T00:40:14.925+0000] {docker.py:73} INFO - 2025-02-05 00:40:14,924 | INFO     | tap-postgres         | Skipping deselected stream 'public-categories'.
[2025-02-05T00:40:14.926+0000] {docker.py:73} INFO - 2025-02-05 00:40:14,924 | INFO     | tap-postgres         | Skipping deselected stream 'public-customer_customer_demo'.
[2025-02-05T00:40:14.926+0000] {docker.py:73} INFO - 2025-02-05 00:40:14,924 | INFO     | tap-postgres         | Skipping deselected stream 'public-customer_demographics'.
[2025-02-05T00:40:14.927+0000] {docker.py:73} INFO - 2025-02-05 00:40:14,924 | INFO     | tap-postgres.public-customers | Beginning full_table sync of 'public-customers'...
[2025-02-05T00:40:14.927+0000] {docker.py:73} INFO - 2025-02-05 00:40:14,924 | INFO     | tap-postgres.public-customers | Tap has custom mapper. Using 1 provided map(s).
[2025-02-05T00:40:14.976+0000] {docker.py:73} INFO - 2025-02-05 00:40:14,974 | WARNING  | py.warnings          | /meltano/demo-project/.meltano/extractors/tap-postgres/venv/lib/python3.10/site-packages/singer_sdk/connectors/sql.py:1155: SAWarning: Did not recognize type 'bpchar' of column 'customer_id'
[2025-02-05T00:40:14.976+0000] {docker.py:73} INFO -   columns = inspector.get_columns(table_name, schema_name)
[2025-02-05T00:40:15.003+0000] {docker.py:73} INFO - 2025-02-05 00:40:15,002 | INFO     | singer_sdk.metrics   | METRIC: {"type": "timer", "metric": "sync_duration", "value": 0.07601356506347656, "tags": {"stream": "public-customers", "pid": 148, "context": {}, "status": "succeeded"}}
[2025-02-05T00:40:15.004+0000] {docker.py:73} INFO - 2025-02-05 00:40:15,002 | INFO     | singer_sdk.metrics   | METRIC: {"type": "counter", "metric": "record_count", "value": 91, "tags": {"stream": "public-customers", "pid": 148, "context": {}}}
[2025-02-05T00:40:15.004+0000] {docker.py:73} INFO - 2025-02-05 00:40:15,002 | INFO     | tap-postgres         | Skipping deselected stream 'public-employee_territories'.
[2025-02-05T00:40:15.004+0000] {docker.py:73} INFO - 2025-02-05 00:40:15,003 | INFO     | tap-postgres.public-employees | Beginning full_table sync of 'public-employees'...
[2025-02-05T00:40:15.005+0000] {docker.py:73} INFO - 2025-02-05 00:40:15,003 | INFO     | tap-postgres.public-employees | Tap has custom mapper. Using 1 provided map(s).
[2025-02-05T00:40:15.016+0000] {docker.py:73} INFO - 2025-02-05 00:40:15,015 | INFO     | singer_sdk.metrics   | METRIC: {"type": "timer", "metric": "sync_duration", "value": 0.011503458023071289, "tags": {"stream": "public-employees", "pid": 148, "context": {}, "status": "succeeded"}}
[2025-02-05T00:40:15.017+0000] {docker.py:73} INFO - 2025-02-05 00:40:15,015 | INFO     | singer_sdk.metrics   | METRIC: {"type": "counter", "metric": "record_count", "value": 9, "tags": {"stream": "public-employees", "pid": 148, "context": {}}}
[2025-02-05T00:40:15.017+0000] {docker.py:73} INFO - 2025-02-05 00:40:15,016 | INFO     | tap-postgres.public-orders | Beginning full_table sync of 'public-orders'...
[2025-02-05T00:40:15.018+0000] {docker.py:73} INFO - 2025-02-05 00:40:15,016 | INFO     | tap-postgres.public-orders | Tap has custom mapper. Using 1 provided map(s).
[2025-02-05T00:40:15.214+0000] {docker.py:73} INFO - 2025-02-05 00:40:15,213 | INFO     | singer_sdk.metrics   | METRIC: {"type": "timer", "metric": "sync_duration", "value": 0.19644975662231445, "tags": {"stream": "public-orders", "pid": 148, "context": {}, "status": "succeeded"}}
[2025-02-05T00:40:15.215+0000] {docker.py:73} INFO - 2025-02-05 00:40:15,213 | INFO     | singer_sdk.metrics   | METRIC: {"type": "counter", "metric": "record_count", "value": 830, "tags": {"stream": "public-orders", "pid": 148, "context": {}}}
[2025-02-05T00:40:15.215+0000] {docker.py:73} INFO - 2025-02-05 00:40:15,214 | INFO     | tap-postgres         | Skipping deselected stream 'public-products'.
[2025-02-05T00:40:15.216+0000] {docker.py:73} INFO - 2025-02-05 00:40:15,214 | INFO     | tap-postgres         | Skipping deselected stream 'public-region'.
[2025-02-05T00:40:15.216+0000] {docker.py:73} INFO - 2025-02-05 00:40:15,214 | INFO     | tap-postgres         | Skipping deselected stream 'public-shippers'.
[2025-02-05T00:40:15.217+0000] {docker.py:73} INFO - 2025-02-05 00:40:15,215 | INFO     | tap-postgres         | Skipping deselected stream 'public-suppliers'.
[2025-02-05T00:40:15.217+0000] {docker.py:73} INFO - 2025-02-05 00:40:15,215 | INFO     | tap-postgres         | Skipping deselected stream 'public-territories'.
[2025-02-05T00:40:15.217+0000] {docker.py:73} INFO - 2025-02-05 00:40:15,215 | INFO     | tap-postgres         | Skipping deselected stream 'public-us_states'.
[2025-02-05T00:40:16.873+0000] {docker.py:73} INFO - [2m2025-02-05T00:40:16.872306Z[0m [[32m[1minfo     [0m] [1mThe default environment 'dev' will be ignored for `meltano select`. To configure a specific environment, please use the option `--environment=<environment name>`.[0m
[2025-02-05T00:40:18.299+0000] {docker.py:73} INFO - [2m2025-02-05T00:40:18.298072Z[0m [[32m[1minfo     [0m] [1mEnvironment 'dev' is active   [0m
[2025-02-05T00:40:19.217+0000] {docker.py:73} INFO - 2025-02-05 00:40:19,216 | INFO     | tap-postgres         | Skipping deselected stream 'public-categories'.
[2025-02-05T00:40:19.218+0000] {docker.py:73} INFO - 2025-02-05 00:40:19,216 | INFO     | tap-postgres         | Skipping deselected stream 'public-customer_customer_demo'.
[2025-02-05T00:40:19.218+0000] {docker.py:73} INFO - 2025-02-05 00:40:19,216 | INFO     | tap-postgres         | Skipping deselected stream 'public-customer_demographics'.
[2025-02-05T00:40:19.218+0000] {docker.py:73} INFO - 2025-02-05 00:40:19,216 | INFO     | tap-postgres.public-customers | Beginning full_table sync of 'public-customers'...
[2025-02-05T00:40:19.219+0000] {docker.py:73} INFO - 2025-02-05 00:40:19,216 | INFO     | tap-postgres.public-customers | Tap has custom mapper. Using 1 provided map(s).
[2025-02-05T00:40:19.272+0000] {docker.py:73} INFO - 2025-02-05 00:40:19,271 | WARNING  | py.warnings          | /meltano/demo-project/.meltano/extractors/tap-postgres/venv/lib/python3.10/site-packages/singer_sdk/connectors/sql.py:1155: SAWarning: Did not recognize type 'bpchar' of column 'customer_id'
[2025-02-05T00:40:19.273+0000] {docker.py:73} INFO -   columns = inspector.get_columns(table_name, schema_name)
[2025-02-05T00:40:19.306+0000] {docker.py:73} INFO - 2025-02-05 00:40:19,304 | INFO     | singer_sdk.metrics   | METRIC: {"type": "timer", "metric": "sync_duration", "value": 0.086639404296875, "tags": {"stream": "public-customers", "pid": 154, "context": {}, "status": "succeeded"}}
[2025-02-05T00:40:19.307+0000] {docker.py:73} INFO - 2025-02-05 00:40:19,304 | INFO     | singer_sdk.metrics   | METRIC: {"type": "counter", "metric": "record_count", "value": 91, "tags": {"stream": "public-customers", "pid": 154, "context": {}}}
[2025-02-05T00:40:19.307+0000] {docker.py:73} INFO - 2025-02-05 00:40:19,305 | INFO     | tap-postgres         | Skipping deselected stream 'public-employee_territories'.
[2025-02-05T00:40:19.308+0000] {docker.py:73} INFO - 2025-02-05 00:40:19,306 | INFO     | tap-postgres.public-employees | Beginning full_table sync of 'public-employees'...
[2025-02-05T00:40:19.308+0000] {docker.py:73} INFO - 2025-02-05 00:40:19,306 | INFO     | tap-postgres.public-employees | Tap has custom mapper. Using 1 provided map(s).
[2025-02-05T00:40:19.321+0000] {docker.py:73} INFO - 2025-02-05 00:40:19,319 | INFO     | singer_sdk.metrics   | METRIC: {"type": "timer", "metric": "sync_duration", "value": 0.013010263442993164, "tags": {"stream": "public-employees", "pid": 154, "context": {}, "status": "succeeded"}}
[2025-02-05T00:40:19.321+0000] {docker.py:73} INFO - 2025-02-05 00:40:19,320 | INFO     | singer_sdk.metrics   | METRIC: {"type": "counter", "metric": "record_count", "value": 9, "tags": {"stream": "public-employees", "pid": 154, "context": {}}}
[2025-02-05T00:40:19.322+0000] {docker.py:73} INFO - 2025-02-05 00:40:19,320 | INFO     | tap-postgres.public-orders | Beginning full_table sync of 'public-orders'...
[2025-02-05T00:40:19.322+0000] {docker.py:73} INFO - 2025-02-05 00:40:19,320 | INFO     | tap-postgres.public-orders | Tap has custom mapper. Using 1 provided map(s).
[2025-02-05T00:40:19.521+0000] {docker.py:73} INFO - 2025-02-05 00:40:19,520 | INFO     | singer_sdk.metrics   | METRIC: {"type": "timer", "metric": "sync_duration", "value": 0.19884443283081055, "tags": {"stream": "public-orders", "pid": 154, "context": {}, "status": "succeeded"}}
[2025-02-05T00:40:19.522+0000] {docker.py:73} INFO - 2025-02-05 00:40:19,520 | INFO     | singer_sdk.metrics   | METRIC: {"type": "counter", "metric": "record_count", "value": 830, "tags": {"stream": "public-orders", "pid": 154, "context": {}}}
[2025-02-05T00:40:19.522+0000] {docker.py:73} INFO - 2025-02-05 00:40:19,521 | INFO     | tap-postgres         | Skipping deselected stream 'public-products'.
[2025-02-05T00:40:19.523+0000] {docker.py:73} INFO - 2025-02-05 00:40:19,521 | INFO     | tap-postgres         | Skipping deselected stream 'public-region'.
[2025-02-05T00:40:19.523+0000] {docker.py:73} INFO - 2025-02-05 00:40:19,521 | INFO     | tap-postgres.public-shippers | Beginning full_table sync of 'public-shippers'...
[2025-02-05T00:40:19.524+0000] {docker.py:73} INFO - 2025-02-05 00:40:19,521 | INFO     | tap-postgres.public-shippers | Tap has custom mapper. Using 1 provided map(s).
[2025-02-05T00:40:19.531+0000] {docker.py:73} INFO - 2025-02-05 00:40:19,530 | INFO     | singer_sdk.metrics   | METRIC: {"type": "timer", "metric": "sync_duration", "value": 0.008309602737426758, "tags": {"stream": "public-shippers", "pid": 154, "context": {}, "status": "succeeded"}}
[2025-02-05T00:40:19.532+0000] {docker.py:73} INFO - 2025-02-05 00:40:19,530 | INFO     | singer_sdk.metrics   | METRIC: {"type": "counter", "metric": "record_count", "value": 6, "tags": {"stream": "public-shippers", "pid": 154, "context": {}}}
[2025-02-05T00:40:19.532+0000] {docker.py:73} INFO - 2025-02-05 00:40:19,531 | INFO     | tap-postgres         | Skipping deselected stream 'public-suppliers'.
[2025-02-05T00:40:19.533+0000] {docker.py:73} INFO - 2025-02-05 00:40:19,531 | INFO     | tap-postgres         | Skipping deselected stream 'public-territories'.
[2025-02-05T00:40:19.533+0000] {docker.py:73} INFO - 2025-02-05 00:40:19,531 | INFO     | tap-postgres         | Skipping deselected stream 'public-us_states'.
[2025-02-05T00:40:21.871+0000] {taskinstance.py:340} INFO - ::group::Post task execution logs
[2025-02-05T00:40:21.871+0000] {taskinstance.py:352} INFO - Marking task as SUCCESS. dag_id=northwind_meltano, task_id=northwind_postgres, run_id=manual__2025-02-05T00:39:20.913783+00:00, execution_date=20250205T003920, start_date=20250205T003921, end_date=20250205T004021
[2025-02-05T00:40:21.895+0000] {local_task_job_runner.py:266} INFO - Task exited with return code 0
[2025-02-05T00:40:21.911+0000] {taskinstance.py:3895} INFO - 1 downstream tasks scheduled from follow-on schedule check
[2025-02-05T00:40:21.913+0000] {local_task_job_runner.py:245} INFO - ::endgroup::
