[2025-02-04T20:25:33.354+0000] {local_task_job_runner.py:123} INFO - ::group::Pre task execution logs
[2025-02-04T20:25:33.369+0000] {taskinstance.py:2613} INFO - Dependencies all met for dep_context=non-requeueable deps ti=<TaskInstance: northwind_meltano.agora_vai manual__2025-02-04T20:25:32.887288+00:00 [queued]>
[2025-02-04T20:25:33.376+0000] {taskinstance.py:2613} INFO - Dependencies all met for dep_context=requeueable deps ti=<TaskInstance: northwind_meltano.agora_vai manual__2025-02-04T20:25:32.887288+00:00 [queued]>
[2025-02-04T20:25:33.377+0000] {taskinstance.py:2866} INFO - Starting attempt 1 of 1
[2025-02-04T20:25:33.388+0000] {taskinstance.py:2889} INFO - Executing <Task(DockerOperator): agora_vai> on 2025-02-04 20:25:32.887288+00:00
[2025-02-04T20:25:33.394+0000] {standard_task_runner.py:104} INFO - Running: ['***', 'tasks', 'run', 'northwind_meltano', 'agora_vai', 'manual__2025-02-04T20:25:32.887288+00:00', '--job-id', '16', '--raw', '--subdir', 'DAGS_FOLDER/northwind_etl/northwind_meltano.py', '--cfg-path', '/tmp/tmp1kauwyd4']
[2025-02-04T20:25:33.396+0000] {standard_task_runner.py:105} INFO - Job 16: Subtask agora_vai
[2025-02-04T20:25:33.397+0000] {logging_mixin.py:190} WARNING - /home/***/.local/lib/python3.12/site-packages/***/task/task_runner/standard_task_runner.py:70 DeprecationWarning: This process (pid=265) is multi-threaded, use of fork() may lead to deadlocks in the child.
[2025-02-04T20:25:33.397+0000] {standard_task_runner.py:72} INFO - Started process 267 to run task
[2025-02-04T20:25:33.433+0000] {task_command.py:467} INFO - Running <TaskInstance: northwind_meltano.agora_vai manual__2025-02-04T20:25:32.887288+00:00 [running]> on host 09d05643d017
[2025-02-04T20:25:33.502+0000] {taskinstance.py:3132} INFO - Exporting env vars: AIRFLOW_CTX_DAG_OWNER='gabriel' AIRFLOW_CTX_DAG_ID='northwind_meltano' AIRFLOW_CTX_TASK_ID='agora_vai' AIRFLOW_CTX_EXECUTION_DATE='2025-02-04T20:25:32.887288+00:00' AIRFLOW_CTX_TRY_NUMBER='1' AIRFLOW_CTX_DAG_RUN_ID='manual__2025-02-04T20:25:32.887288+00:00'
[2025-02-04T20:25:33.503+0000] {taskinstance.py:731} INFO - ::endgroup::
[2025-02-04T20:25:33.554+0000] {docker.py:379} INFO - Starting docker container from image meu-meltano
[2025-02-04T20:25:34.209+0000] {docker.py:73} INFO - Get:1 http://deb.debian.org/debian bookworm InRelease [151 kB]
[2025-02-04T20:25:34.255+0000] {docker.py:73} INFO - Get:2 http://deb.debian.org/debian bookworm-updates InRelease [55.4 kB]
[2025-02-04T20:25:34.273+0000] {docker.py:73} INFO - Get:3 http://deb.debian.org/debian-security bookworm-security InRelease [48.0 kB]
[2025-02-04T20:25:34.332+0000] {docker.py:73} INFO - Get:4 http://deb.debian.org/debian bookworm/main amd64 Packages [8792 kB]
[2025-02-04T20:25:34.634+0000] {docker.py:73} INFO - Get:5 http://deb.debian.org/debian bookworm-updates/main amd64 Packages [13.5 kB]
[2025-02-04T20:25:34.635+0000] {docker.py:73} INFO - Get:6 http://deb.debian.org/debian-security bookworm-security/main amd64 Packages [243 kB]
[2025-02-04T20:25:35.518+0000] {docker.py:73} INFO - Fetched 9303 kB in 1s (6666 kB/s)
[2025-02-04T20:25:35.519+0000] {docker.py:73} INFO - Reading package lists...
[2025-02-04T20:25:35.948+0000] {docker.py:73} INFO - 
[2025-02-04T20:25:35.965+0000] {docker.py:73} INFO - Reading package lists...
[2025-02-04T20:25:36.391+0000] {docker.py:73} INFO - 
[2025-02-04T20:25:36.400+0000] {docker.py:73} INFO - Building dependency tree...
[2025-02-04T20:25:36.503+0000] {docker.py:73} INFO - 
[2025-02-04T20:25:36.503+0000] {docker.py:73} INFO - Reading state information...
[2025-02-04T20:25:36.504+0000] {docker.py:73} INFO - 
[2025-02-04T20:25:36.603+0000] {docker.py:73} INFO - The following additional packages will be installed:
[2025-02-04T20:25:36.604+0000] {docker.py:73} INFO -   libpq5 postgresql-client-15 postgresql-client-common sensible-utils
[2025-02-04T20:25:36.605+0000] {docker.py:73} INFO - Suggested packages:
[2025-02-04T20:25:36.605+0000] {docker.py:73} INFO -   postgresql-15 postgresql-doc-15
[2025-02-04T20:25:36.655+0000] {docker.py:73} INFO - The following NEW packages will be installed:
[2025-02-04T20:25:36.656+0000] {docker.py:73} INFO -   libpq5 postgresql-client postgresql-client-15 postgresql-client-common
[2025-02-04T20:25:36.656+0000] {docker.py:73} INFO -   sensible-utils
[2025-02-04T20:25:36.703+0000] {docker.py:73} INFO - 0 upgraded, 5 newly installed, 0 to remove and 0 not upgraded.
[2025-02-04T20:25:36.704+0000] {docker.py:73} INFO - Need to get 1959 kB of archives.
[2025-02-04T20:25:36.704+0000] {docker.py:73} INFO - After this operation, 9185 kB of additional disk space will be used.
[2025-02-04T20:25:36.705+0000] {docker.py:73} INFO - Get:1 http://deb.debian.org/debian bookworm/main amd64 sensible-utils all 0.0.17+nmu1 [19.0 kB]
[2025-02-04T20:25:36.721+0000] {docker.py:73} INFO - Get:2 http://deb.debian.org/debian bookworm/main amd64 libpq5 amd64 15.10-0+deb12u1 [191 kB]
[2025-02-04T20:25:36.753+0000] {docker.py:73} INFO - Get:3 http://deb.debian.org/debian bookworm/main amd64 postgresql-client-common all 248 [35.1 kB]
[2025-02-04T20:25:36.755+0000] {docker.py:73} INFO - Get:4 http://deb.debian.org/debian bookworm/main amd64 postgresql-client-15 amd64 15.10-0+deb12u1 [1704 kB]
[2025-02-04T20:25:36.828+0000] {docker.py:73} INFO - Get:5 http://deb.debian.org/debian bookworm/main amd64 postgresql-client all 15+248 [10.1 kB]
[2025-02-04T20:25:36.926+0000] {docker.py:73} INFO - debconf: delaying package configuration, since apt-utils is not installed
[2025-02-04T20:25:36.949+0000] {docker.py:73} INFO - Fetched 1959 kB in 0s (11.7 MB/s)
[2025-02-04T20:25:36.969+0000] {docker.py:73} INFO - Selecting previously unselected package sensible-utils.
[2025-02-04T20:25:36.970+0000] {docker.py:73} INFO - (Reading database ...
[2025-02-04T20:25:36.970+0000] {docker.py:73} INFO - (Reading database ... 5%(Reading database ... 10%(Reading database ... 15%(Reading database ... 20%(Reading database ... 25%(Reading database ... 30%(Reading database ... 35%(Reading database ... 40%(Reading database ... 45%(Reading database ... 50%(Reading database ... 55%(Reading database ... 60%(Reading database ... 65%(Reading database ... 70%
[2025-02-04T20:25:36.971+0000] {docker.py:73} INFO - (Reading database ... 75%
[2025-02-04T20:25:36.971+0000] {docker.py:73} INFO - (Reading database ... 80%
[2025-02-04T20:25:36.972+0000] {docker.py:73} INFO - (Reading database ... 85%
[2025-02-04T20:25:36.972+0000] {docker.py:73} INFO - (Reading database ... 90%
[2025-02-04T20:25:36.973+0000] {docker.py:73} INFO - (Reading database ... 95%
[2025-02-04T20:25:36.974+0000] {docker.py:73} INFO - (Reading database ... 100%(Reading database ... 9877 files and directories currently installed.)
[2025-02-04T20:25:36.975+0000] {docker.py:73} INFO - Preparing to unpack .../sensible-utils_0.0.17+nmu1_all.deb ...
[2025-02-04T20:25:36.978+0000] {docker.py:73} INFO - Unpacking sensible-utils (0.0.17+nmu1) ...
[2025-02-04T20:25:37.013+0000] {docker.py:73} INFO - Selecting previously unselected package libpq5:amd64.
[2025-02-04T20:25:37.014+0000] {docker.py:73} INFO - Preparing to unpack .../libpq5_15.10-0+deb12u1_amd64.deb ...
[2025-02-04T20:25:37.022+0000] {docker.py:73} INFO - Unpacking libpq5:amd64 (15.10-0+deb12u1) ...
[2025-02-04T20:25:37.068+0000] {docker.py:73} INFO - Selecting previously unselected package postgresql-client-common.
[2025-02-04T20:25:37.070+0000] {docker.py:73} INFO - Preparing to unpack .../postgresql-client-common_248_all.deb ...
[2025-02-04T20:25:37.077+0000] {docker.py:73} INFO - Unpacking postgresql-client-common (248) ...
[2025-02-04T20:25:37.117+0000] {docker.py:73} INFO - Selecting previously unselected package postgresql-client-15.
[2025-02-04T20:25:37.117+0000] {docker.py:73} INFO - Preparing to unpack .../postgresql-client-15_15.10-0+deb12u1_amd64.deb ...
[2025-02-04T20:25:37.122+0000] {docker.py:73} INFO - Unpacking postgresql-client-15 (15.10-0+deb12u1) ...
[2025-02-04T20:25:37.261+0000] {docker.py:73} INFO - Selecting previously unselected package postgresql-client.
[2025-02-04T20:25:37.262+0000] {docker.py:73} INFO - Preparing to unpack .../postgresql-client_15+248_all.deb ...
[2025-02-04T20:25:37.266+0000] {docker.py:73} INFO - Unpacking postgresql-client (15+248) ...
[2025-02-04T20:25:37.297+0000] {docker.py:73} INFO - Setting up postgresql-client-common (248) ...
[2025-02-04T20:25:37.314+0000] {docker.py:73} INFO - Setting up libpq5:amd64 (15.10-0+deb12u1) ...
[2025-02-04T20:25:37.326+0000] {docker.py:73} INFO - Setting up sensible-utils (0.0.17+nmu1) ...
[2025-02-04T20:25:37.337+0000] {docker.py:73} INFO - Setting up postgresql-client-15 (15.10-0+deb12u1) ...
[2025-02-04T20:25:37.829+0000] {docker.py:73} INFO - update-alternatives: using /usr/share/postgresql/15/man/man1/psql.1.gz to provide /usr/share/man/man1/psql.1.gz (psql.1.gz) in auto mode
[2025-02-04T20:25:37.865+0000] {docker.py:73} INFO - Setting up postgresql-client (15+248) ...
[2025-02-04T20:25:37.877+0000] {docker.py:73} INFO - Processing triggers for libc-bin (2.36-9+deb12u9) ...
[2025-02-04T20:25:37.957+0000] {docker.py:73} INFO -  ?column? 
[2025-02-04T20:25:37.958+0000] {docker.py:73} INFO - ----------
[2025-02-04T20:25:37.958+0000] {docker.py:73} INFO -         1
[2025-02-04T20:25:37.959+0000] {docker.py:73} INFO - (1 row)
[2025-02-04T20:25:38.578+0000] {taskinstance.py:340} INFO - ::group::Post task execution logs
[2025-02-04T20:25:38.579+0000] {taskinstance.py:352} INFO - Marking task as SUCCESS. dag_id=northwind_meltano, task_id=agora_vai, run_id=manual__2025-02-04T20:25:32.887288+00:00, execution_date=20250204T202532, start_date=20250204T202533, end_date=20250204T202538
[2025-02-04T20:25:38.636+0000] {local_task_job_runner.py:266} INFO - Task exited with return code 0
[2025-02-04T20:25:38.652+0000] {taskinstance.py:3895} INFO - 0 downstream tasks scheduled from follow-on schedule check
[2025-02-04T20:25:38.654+0000] {local_task_job_runner.py:245} INFO - ::endgroup::
