[2025-02-05T02:27:03.111+0000] {local_task_job_runner.py:123} INFO - ::group::Pre task execution logs
[2025-02-05T02:27:03.131+0000] {taskinstance.py:2613} INFO - Dependencies all met for dep_context=non-requeueable deps ti=<TaskInstance: northwind_etl.extract_order_details scheduled__2024-10-01T08:00:00+00:00 [queued]>
[2025-02-05T02:27:03.141+0000] {taskinstance.py:2613} INFO - Dependencies all met for dep_context=requeueable deps ti=<TaskInstance: northwind_etl.extract_order_details scheduled__2024-10-01T08:00:00+00:00 [queued]>
[2025-02-05T02:27:03.142+0000] {taskinstance.py:2866} INFO - Starting attempt 1 of 1
[2025-02-05T02:27:03.232+0000] {taskinstance.py:2889} INFO - Executing <Task(PythonOperator): extract_order_details> on 2024-10-01 08:00:00+00:00
[2025-02-05T02:27:03.242+0000] {logging_mixin.py:190} WARNING - /home/***/.local/lib/python3.12/site-packages/***/task/task_runner/standard_task_runner.py:70 DeprecationWarning: This process (pid=16357) is multi-threaded, use of fork() may lead to deadlocks in the child.
[2025-02-05T02:27:03.243+0000] {standard_task_runner.py:72} INFO - Started process 16389 to run task
[2025-02-05T02:27:03.243+0000] {standard_task_runner.py:104} INFO - Running: ['***', 'tasks', 'run', 'northwind_etl', 'extract_order_details', 'scheduled__2024-10-01T08:00:00+00:00', '--job-id', '631', '--raw', '--subdir', 'DAGS_FOLDER/northwind_etl/northwind_etl.py', '--cfg-path', '/tmp/tmpk8cg646t']
[2025-02-05T02:27:03.245+0000] {standard_task_runner.py:105} INFO - Job 631: Subtask extract_order_details
[2025-02-05T02:27:03.305+0000] {task_command.py:467} INFO - Running <TaskInstance: northwind_etl.extract_order_details scheduled__2024-10-01T08:00:00+00:00 [running]> on host 09d05643d017
[2025-02-05T02:27:03.416+0000] {taskinstance.py:3132} INFO - Exporting env vars: AIRFLOW_CTX_DAG_OWNER='gabriel' AIRFLOW_CTX_DAG_ID='northwind_etl' AIRFLOW_CTX_TASK_ID='extract_order_details' AIRFLOW_CTX_EXECUTION_DATE='2024-10-01T08:00:00+00:00' AIRFLOW_CTX_TRY_NUMBER='1' AIRFLOW_CTX_DAG_RUN_ID='scheduled__2024-10-01T08:00:00+00:00'
[2025-02-05T02:27:03.418+0000] {taskinstance.py:731} INFO - ::endgroup::
[2025-02-05T02:27:03.434+0000] {logging_mixin.py:190} INFO - CSV extraction for date: 2024-10-01
[2025-02-05T02:27:03.444+0000] {logging_mixin.py:190} INFO - Total records extracted from CSV: 2155
[2025-02-05T02:27:03.444+0000] {logging_mixin.py:190} INFO - Columns present: order_id, product_id, unit_price, quantity, discount
[2025-02-05T02:27:03.487+0000] {logging_mixin.py:190} INFO - CSV data saved successfully at: /opt/***/data/csv/order_details/2024-10-01/order_details.parquet
[2025-02-05T02:27:03.488+0000] {python.py:240} INFO - Done. Returned value was: Extracted 2155 records from order_details.csv
[2025-02-05T02:27:03.512+0000] {taskinstance.py:340} INFO - ::group::Post task execution logs
[2025-02-05T02:27:03.513+0000] {taskinstance.py:352} INFO - Marking task as SUCCESS. dag_id=northwind_etl, task_id=extract_order_details, run_id=scheduled__2024-10-01T08:00:00+00:00, execution_date=20241001T080000, start_date=20250205T022703, end_date=20250205T022703
[2025-02-05T02:27:03.542+0000] {local_task_job_runner.py:266} INFO - Task exited with return code 0
[2025-02-05T02:27:03.557+0000] {taskinstance.py:3895} INFO - 0 downstream tasks scheduled from follow-on schedule check
[2025-02-05T02:27:03.560+0000] {local_task_job_runner.py:245} INFO - ::endgroup::
