[2025-02-04T21:54:46.014+0000] {local_task_job_runner.py:123} INFO - ::group::Pre task execution logs
[2025-02-04T21:54:46.037+0000] {taskinstance.py:2613} INFO - Dependencies all met for dep_context=non-requeueable deps ti=<TaskInstance: northwind_meltano.setup_meltano manual__2025-02-04T21:54:45.668531+00:00 [queued]>
[2025-02-04T21:54:46.045+0000] {taskinstance.py:2613} INFO - Dependencies all met for dep_context=requeueable deps ti=<TaskInstance: northwind_meltano.setup_meltano manual__2025-02-04T21:54:45.668531+00:00 [queued]>
[2025-02-04T21:54:46.045+0000] {taskinstance.py:2866} INFO - Starting attempt 1 of 1
[2025-02-04T21:54:46.062+0000] {taskinstance.py:2889} INFO - Executing <Task(DockerOperator): setup_meltano> on 2025-02-04 21:54:45.668531+00:00
[2025-02-04T21:54:46.068+0000] {standard_task_runner.py:104} INFO - Running: ['***', 'tasks', 'run', 'northwind_meltano', 'setup_meltano', 'manual__2025-02-04T21:54:45.668531+00:00', '--job-id', '31', '--raw', '--subdir', 'DAGS_FOLDER/northwind_etl/northwind_meltano.py', '--cfg-path', '/tmp/tmps1u8amzx']
[2025-02-04T21:54:46.070+0000] {standard_task_runner.py:105} INFO - Job 31: Subtask setup_meltano
[2025-02-04T21:54:46.071+0000] {logging_mixin.py:190} WARNING - /home/***/.local/lib/python3.12/site-packages/***/task/task_runner/standard_task_runner.py:70 DeprecationWarning: This process (pid=3436) is multi-threaded, use of fork() may lead to deadlocks in the child.
[2025-02-04T21:54:46.072+0000] {standard_task_runner.py:72} INFO - Started process 3437 to run task
[2025-02-04T21:54:46.105+0000] {task_command.py:467} INFO - Running <TaskInstance: northwind_meltano.setup_meltano manual__2025-02-04T21:54:45.668531+00:00 [running]> on host 09d05643d017
[2025-02-04T21:54:46.175+0000] {taskinstance.py:3132} INFO - Exporting env vars: AIRFLOW_CTX_DAG_OWNER='gabriel' AIRFLOW_CTX_DAG_ID='northwind_meltano' AIRFLOW_CTX_TASK_ID='setup_meltano' AIRFLOW_CTX_EXECUTION_DATE='2025-02-04T21:54:45.668531+00:00' AIRFLOW_CTX_TRY_NUMBER='1' AIRFLOW_CTX_DAG_RUN_ID='manual__2025-02-04T21:54:45.668531+00:00'
[2025-02-04T21:54:46.175+0000] {taskinstance.py:731} INFO - ::endgroup::
[2025-02-04T21:54:46.213+0000] {docker.py:379} INFO - Starting docker container from image meu-meltano
[2025-02-04T21:54:49.503+0000] {docker.py:73} INFO - Added extractor 'tap-postgres' to your project
[2025-02-04T21:54:49.504+0000] {docker.py:73} INFO - Variant:	meltanolabs (default)
[2025-02-04T21:54:49.504+0000] {docker.py:73} INFO - Repository:	https://github.com/MeltanoLabs/tap-postgres
[2025-02-04T21:54:49.505+0000] {docker.py:73} INFO - Documentation:	https://hub.meltano.com/extractors/tap-postgres--meltanolabs
[2025-02-04T21:54:49.635+0000] {docker.py:73} INFO - [2m2025-02-04T21:54:49.634268Z[0m [[32m[1minfo     [0m] [1mInstalling extractor 'tap-postgres'[0m
[2025-02-04T21:55:13.634+0000] {docker.py:73} INFO - [2m2025-02-04T21:55:13.633251Z[0m [[32m[1minfo     [0m] [1mInstalled extractor 'tap-postgres'[0m
[2025-02-04T21:55:13.635+0000] {docker.py:73} INFO - 
[2025-02-04T21:55:13.635+0000] {docker.py:73} INFO - To learn more about extractor 'tap-postgres', visit https://hub.meltano.com/extractors/tap-postgres--meltanolabs
[2025-02-04T21:55:15.228+0000] {docker.py:73} INFO - [2m2025-02-04T21:55:15.227504Z[0m [[32m[1minfo     [0m] [1mEnvironment 'dev' is active   [0m
[2025-02-04T21:55:15.310+0000] {docker.py:73} INFO - Extractor 'tap-postgres' setting 'host' was set in the active environment in `meltano.yml`: 'northwind_db'
[2025-02-04T21:55:16.910+0000] {docker.py:73} INFO - [2m2025-02-04T21:55:16.908719Z[0m [[32m[1minfo     [0m] [1mEnvironment 'dev' is active   [0m
[2025-02-04T21:55:17.126+0000] {docker.py:73} INFO - Extractor 'tap-postgres' setting 'port' was set in the active environment in `meltano.yml`: 5432
[2025-02-04T21:55:18.701+0000] {docker.py:73} INFO - [2m2025-02-04T21:55:18.700188Z[0m [[32m[1minfo     [0m] [1mEnvironment 'dev' is active   [0m
[2025-02-04T21:55:18.780+0000] {docker.py:73} INFO - Extractor 'tap-postgres' setting 'user' was set in the active environment in `meltano.yml`: 'northwind_user'
[2025-02-04T21:55:20.383+0000] {docker.py:73} INFO - [2m2025-02-04T21:55:20.382640Z[0m [[32m[1minfo     [0m] [1mEnvironment 'dev' is active   [0m
[2025-02-04T21:55:20.451+0000] {docker.py:73} INFO - Extractor 'tap-postgres' setting 'password' was set in `.env`: (redacted)
[2025-02-04T21:55:22.036+0000] {docker.py:73} INFO - [2m2025-02-04T21:55:22.035280Z[0m [[32m[1minfo     [0m] [1mEnvironment 'dev' is active   [0m
[2025-02-04T21:55:22.117+0000] {docker.py:73} INFO - Extractor 'tap-postgres' setting 'database' was set in the active environment in `meltano.yml`: 'northwind'
[2025-02-04T21:55:23.692+0000] {docker.py:73} INFO - [2m2025-02-04T21:55:23.690827Z[0m [[32m[1minfo     [0m] [1mEnvironment 'dev' is active   [0m
[2025-02-04T21:55:23.772+0000] {docker.py:73} INFO - Extractor 'tap-postgres' setting 'filter_schemas' was set in the active environment in `meltano.yml`: ['public']
[2025-02-04T21:55:25.407+0000] {docker.py:73} INFO - [2m2025-02-04T21:55:25.406005Z[0m [[32m[1minfo     [0m] [1mEnvironment 'dev' is active   [0m
[2025-02-04T21:55:26.414+0000] {docker.py:73} INFO - /meltano/demo-project/.meltano/extractors/tap-postgres/venv/lib/python3.10/site-packages/singer_sdk/connectors/sql.py:1052: SAWarning: Did not recognize type 'bpchar' of column 'customer_id'
[2025-02-04T21:55:26.415+0000] {docker.py:73} INFO -   columns = inspected.get_multi_columns(
[2025-02-04T21:55:26.415+0000] {docker.py:73} INFO - /meltano/demo-project/.meltano/extractors/tap-postgres/venv/lib/python3.10/site-packages/singer_sdk/connectors/sql.py:1052: SAWarning: Did not recognize type 'bpchar' of column 'customer_type_id'
[2025-02-04T21:55:26.416+0000] {docker.py:73} INFO -   columns = inspected.get_multi_columns(
[2025-02-04T21:55:26.416+0000] {docker.py:73} INFO - /meltano/demo-project/.meltano/extractors/tap-postgres/venv/lib/python3.10/site-packages/singer_sdk/connectors/sql.py:1052: SAWarning: Did not recognize type 'bpchar' of column 'region_description'
[2025-02-04T21:55:26.416+0000] {docker.py:73} INFO -   columns = inspected.get_multi_columns(
[2025-02-04T21:55:26.417+0000] {docker.py:73} INFO - /meltano/demo-project/.meltano/extractors/tap-postgres/venv/lib/python3.10/site-packages/singer_sdk/connectors/sql.py:1052: SAWarning: Did not recognize type 'bpchar' of column 'territory_description'
[2025-02-04T21:55:26.417+0000] {docker.py:73} INFO -   columns = inspected.get_multi_columns(
[2025-02-04T21:55:28.080+0000] {docker.py:73} INFO - [2m2025-02-04T21:55:28.079155Z[0m [[32m[1minfo     [0m] [1mThe default environment 'dev' will be ignored for `meltano select`. To configure a specific environment, please use the option `--environment=<environment name>`.[0m
[2025-02-04T21:55:29.566+0000] {docker.py:73} INFO - [2m2025-02-04T21:55:29.565686Z[0m [[32m[1minfo     [0m] [1mEnvironment 'dev' is active   [0m
[2025-02-04T21:55:31.089+0000] {docker.py:73} INFO - 2025-02-04 21:55:31,088 | INFO     | tap-postgres         | Skipping deselected stream 'public-categories'.
[2025-02-04T21:55:31.090+0000] {docker.py:73} INFO - 2025-02-04 21:55:31,088 | INFO     | tap-postgres         | Skipping deselected stream 'public-customer_customer_demo'.
[2025-02-04T21:55:31.091+0000] {docker.py:73} INFO - 2025-02-04 21:55:31,088 | INFO     | tap-postgres         | Skipping deselected stream 'public-customer_demographics'.
[2025-02-04T21:55:31.091+0000] {docker.py:73} INFO - 2025-02-04 21:55:31,089 | INFO     | tap-postgres         | Skipping deselected stream 'public-customers'.
[2025-02-04T21:55:31.091+0000] {docker.py:73} INFO - 2025-02-04 21:55:31,089 | INFO     | tap-postgres         | Skipping deselected stream 'public-employee_territories'.
[2025-02-04T21:55:31.092+0000] {docker.py:73} INFO - 2025-02-04 21:55:31,089 | INFO     | tap-postgres         | Skipping deselected stream 'public-employees'.
[2025-02-04T21:55:31.092+0000] {docker.py:73} INFO - 2025-02-04 21:55:31,090 | INFO     | tap-postgres.public-orders | Beginning full_table sync of 'public-orders'...
[2025-02-04T21:55:31.092+0000] {docker.py:73} INFO - 2025-02-04 21:55:31,090 | INFO     | tap-postgres.public-orders | Tap has custom mapper. Using 1 provided map(s).
[2025-02-04T21:55:31.142+0000] {docker.py:73} INFO - 2025-02-04 21:55:31,140 | WARNING  | py.warnings          | /meltano/demo-project/.meltano/extractors/tap-postgres/venv/lib/python3.10/site-packages/singer_sdk/connectors/sql.py:1155: SAWarning: Did not recognize type 'bpchar' of column 'customer_id'
[2025-02-04T21:55:31.142+0000] {docker.py:73} INFO -   columns = inspector.get_columns(table_name, schema_name)
[2025-02-04T21:55:31.341+0000] {docker.py:73} INFO - 2025-02-04 21:55:31,340 | INFO     | singer_sdk.metrics   | METRIC: {"type": "timer", "metric": "sync_duration", "value": 0.2494666576385498, "tags": {"stream": "public-orders", "pid": 136, "context": {}, "status": "succeeded"}}
[2025-02-04T21:55:31.342+0000] {docker.py:73} INFO - 2025-02-04 21:55:31,340 | INFO     | singer_sdk.metrics   | METRIC: {"type": "counter", "metric": "record_count", "value": 830, "tags": {"stream": "public-orders", "pid": 136, "context": {}}}
[2025-02-04T21:55:31.343+0000] {docker.py:73} INFO - 2025-02-04 21:55:31,341 | INFO     | tap-postgres         | Skipping deselected stream 'public-products'.
[2025-02-04T21:55:31.343+0000] {docker.py:73} INFO - 2025-02-04 21:55:31,341 | INFO     | tap-postgres         | Skipping deselected stream 'public-region'.
[2025-02-04T21:55:31.343+0000] {docker.py:73} INFO - 2025-02-04 21:55:31,341 | INFO     | tap-postgres         | Skipping deselected stream 'public-shippers'.
[2025-02-04T21:55:31.344+0000] {docker.py:73} INFO - 2025-02-04 21:55:31,341 | INFO     | tap-postgres         | Skipping deselected stream 'public-suppliers'.
[2025-02-04T21:55:31.344+0000] {docker.py:73} INFO - 2025-02-04 21:55:31,342 | INFO     | tap-postgres         | Skipping deselected stream 'public-territories'.
[2025-02-04T21:55:31.345+0000] {docker.py:73} INFO - 2025-02-04 21:55:31,342 | INFO     | tap-postgres         | Skipping deselected stream 'public-us_states'.
[2025-02-04T21:55:32.985+0000] {docker.py:73} INFO - [2m2025-02-04T21:55:32.984448Z[0m [[32m[1minfo     [0m] [1mThe default environment 'dev' will be ignored for `meltano select`. To configure a specific environment, please use the option `--environment=<environment name>`.[0m
[2025-02-04T21:55:34.462+0000] {docker.py:73} INFO - [2m2025-02-04T21:55:34.460524Z[0m [[32m[1minfo     [0m] [1mEnvironment 'dev' is active   [0m
[2025-02-04T21:55:35.415+0000] {docker.py:73} INFO - 2025-02-04 21:55:35,413 | INFO     | tap-postgres         | Skipping deselected stream 'public-categories'.
[2025-02-04T21:55:35.415+0000] {docker.py:73} INFO - 2025-02-04 21:55:35,413 | INFO     | tap-postgres         | Skipping deselected stream 'public-customer_customer_demo'.
[2025-02-04T21:55:35.416+0000] {docker.py:73} INFO - 2025-02-04 21:55:35,413 | INFO     | tap-postgres         | Skipping deselected stream 'public-customer_demographics'.
[2025-02-04T21:55:35.416+0000] {docker.py:73} INFO - 2025-02-04 21:55:35,414 | INFO     | tap-postgres         | Skipping deselected stream 'public-customers'.
[2025-02-04T21:55:35.416+0000] {docker.py:73} INFO - 2025-02-04 21:55:35,414 | INFO     | tap-postgres         | Skipping deselected stream 'public-employee_territories'.
[2025-02-04T21:55:35.417+0000] {docker.py:73} INFO - 2025-02-04 21:55:35,414 | INFO     | tap-postgres.public-employees | Beginning full_table sync of 'public-employees'...
[2025-02-04T21:55:35.417+0000] {docker.py:73} INFO - 2025-02-04 21:55:35,414 | INFO     | tap-postgres.public-employees | Tap has custom mapper. Using 1 provided map(s).
[2025-02-04T21:55:35.515+0000] {docker.py:73} INFO - 2025-02-04 21:55:35,514 | INFO     | singer_sdk.metrics   | METRIC: {"type": "timer", "metric": "sync_duration", "value": 0.0984201431274414, "tags": {"stream": "public-employees", "pid": 142, "context": {}, "status": "succeeded"}}
[2025-02-04T21:55:35.516+0000] {docker.py:73} INFO - 2025-02-04 21:55:35,514 | INFO     | singer_sdk.metrics   | METRIC: {"type": "counter", "metric": "record_count", "value": 9, "tags": {"stream": "public-employees", "pid": 142, "context": {}}}
[2025-02-04T21:55:35.516+0000] {docker.py:73} INFO - 2025-02-04 21:55:35,515 | INFO     | tap-postgres.public-orders | Beginning full_table sync of 'public-orders'...
[2025-02-04T21:55:35.516+0000] {docker.py:73} INFO - 2025-02-04 21:55:35,515 | INFO     | tap-postgres.public-orders | Tap has custom mapper. Using 1 provided map(s).
[2025-02-04T21:55:35.521+0000] {docker.py:73} INFO - 2025-02-04 21:55:35,520 | WARNING  | py.warnings          | /meltano/demo-project/.meltano/extractors/tap-postgres/venv/lib/python3.10/site-packages/singer_sdk/connectors/sql.py:1155: SAWarning: Did not recognize type 'bpchar' of column 'customer_id'
[2025-02-04T21:55:35.522+0000] {docker.py:73} INFO -   columns = inspector.get_columns(table_name, schema_name)
[2025-02-04T21:55:35.730+0000] {docker.py:73} INFO - 2025-02-04 21:55:35,728 | INFO     | singer_sdk.metrics   | METRIC: {"type": "timer", "metric": "sync_duration", "value": 0.21271729469299316, "tags": {"stream": "public-orders", "pid": 142, "context": {}, "status": "succeeded"}}
[2025-02-04T21:55:35.730+0000] {docker.py:73} INFO - 2025-02-04 21:55:35,728 | INFO     | singer_sdk.metrics   | METRIC: {"type": "counter", "metric": "record_count", "value": 830, "tags": {"stream": "public-orders", "pid": 142, "context": {}}}
[2025-02-04T21:55:35.731+0000] {docker.py:73} INFO - 2025-02-04 21:55:35,729 | INFO     | tap-postgres         | Skipping deselected stream 'public-products'.
[2025-02-04T21:55:35.731+0000] {docker.py:73} INFO - 2025-02-04 21:55:35,729 | INFO     | tap-postgres         | Skipping deselected stream 'public-region'.
[2025-02-04T21:55:35.731+0000] {docker.py:73} INFO - 2025-02-04 21:55:35,729 | INFO     | tap-postgres         | Skipping deselected stream 'public-shippers'.
[2025-02-04T21:55:35.732+0000] {docker.py:73} INFO - 2025-02-04 21:55:35,730 | INFO     | tap-postgres         | Skipping deselected stream 'public-suppliers'.
[2025-02-04T21:55:35.732+0000] {docker.py:73} INFO - 2025-02-04 21:55:35,730 | INFO     | tap-postgres         | Skipping deselected stream 'public-territories'.
[2025-02-04T21:55:35.733+0000] {docker.py:73} INFO - 2025-02-04 21:55:35,730 | INFO     | tap-postgres         | Skipping deselected stream 'public-us_states'.
[2025-02-04T21:55:37.385+0000] {docker.py:73} INFO - [2m2025-02-04T21:55:37.384186Z[0m [[32m[1minfo     [0m] [1mThe default environment 'dev' will be ignored for `meltano select`. To configure a specific environment, please use the option `--environment=<environment name>`.[0m
[2025-02-04T21:55:38.805+0000] {docker.py:73} INFO - [2m2025-02-04T21:55:38.803579Z[0m [[32m[1minfo     [0m] [1mEnvironment 'dev' is active   [0m
[2025-02-04T21:55:39.719+0000] {docker.py:73} INFO - 2025-02-04 21:55:39,717 | INFO     | tap-postgres         | Skipping deselected stream 'public-categories'.
[2025-02-04T21:55:39.719+0000] {docker.py:73} INFO - 2025-02-04 21:55:39,717 | INFO     | tap-postgres         | Skipping deselected stream 'public-customer_customer_demo'.
[2025-02-04T21:55:39.720+0000] {docker.py:73} INFO - 2025-02-04 21:55:39,718 | INFO     | tap-postgres         | Skipping deselected stream 'public-customer_demographics'.
[2025-02-04T21:55:39.720+0000] {docker.py:73} INFO - 2025-02-04 21:55:39,718 | INFO     | tap-postgres.public-customers | Beginning full_table sync of 'public-customers'...
[2025-02-04T21:55:39.720+0000] {docker.py:73} INFO - 2025-02-04 21:55:39,718 | INFO     | tap-postgres.public-customers | Tap has custom mapper. Using 1 provided map(s).
[2025-02-04T21:55:39.770+0000] {docker.py:73} INFO - 2025-02-04 21:55:39,769 | WARNING  | py.warnings          | /meltano/demo-project/.meltano/extractors/tap-postgres/venv/lib/python3.10/site-packages/singer_sdk/connectors/sql.py:1155: SAWarning: Did not recognize type 'bpchar' of column 'customer_id'
[2025-02-04T21:55:39.771+0000] {docker.py:73} INFO -   columns = inspector.get_columns(table_name, schema_name)
[2025-02-04T21:55:39.849+0000] {docker.py:73} INFO - 2025-02-04 21:55:39,847 | INFO     | singer_sdk.metrics   | METRIC: {"type": "timer", "metric": "sync_duration", "value": 0.12821745872497559, "tags": {"stream": "public-customers", "pid": 148, "context": {}, "status": "succeeded"}}
[2025-02-04T21:55:39.849+0000] {docker.py:73} INFO - 2025-02-04 21:55:39,848 | INFO     | singer_sdk.metrics   | METRIC: {"type": "counter", "metric": "record_count", "value": 91, "tags": {"stream": "public-customers", "pid": 148, "context": {}}}
[2025-02-04T21:55:39.850+0000] {docker.py:73} INFO - 2025-02-04 21:55:39,848 | INFO     | tap-postgres         | Skipping deselected stream 'public-employee_territories'.
[2025-02-04T21:55:39.850+0000] {docker.py:73} INFO - 2025-02-04 21:55:39,848 | INFO     | tap-postgres.public-employees | Beginning full_table sync of 'public-employees'...
[2025-02-04T21:55:39.851+0000] {docker.py:73} INFO - 2025-02-04 21:55:39,848 | INFO     | tap-postgres.public-employees | Tap has custom mapper. Using 1 provided map(s).
[2025-02-04T21:55:39.861+0000] {docker.py:73} INFO - 2025-02-04 21:55:39,860 | INFO     | singer_sdk.metrics   | METRIC: {"type": "timer", "metric": "sync_duration", "value": 0.011157512664794922, "tags": {"stream": "public-employees", "pid": 148, "context": {}, "status": "succeeded"}}
[2025-02-04T21:55:39.862+0000] {docker.py:73} INFO - 2025-02-04 21:55:39,861 | INFO     | singer_sdk.metrics   | METRIC: {"type": "counter", "metric": "record_count", "value": 9, "tags": {"stream": "public-employees", "pid": 148, "context": {}}}
[2025-02-04T21:55:39.862+0000] {docker.py:73} INFO - 2025-02-04 21:55:39,861 | INFO     | tap-postgres.public-orders | Beginning full_table sync of 'public-orders'...
[2025-02-04T21:55:39.863+0000] {docker.py:73} INFO - 2025-02-04 21:55:39,861 | INFO     | tap-postgres.public-orders | Tap has custom mapper. Using 1 provided map(s).
[2025-02-04T21:55:40.063+0000] {docker.py:73} INFO - 2025-02-04 21:55:40,062 | INFO     | singer_sdk.metrics   | METRIC: {"type": "timer", "metric": "sync_duration", "value": 0.19990205764770508, "tags": {"stream": "public-orders", "pid": 148, "context": {}, "status": "succeeded"}}
[2025-02-04T21:55:40.064+0000] {docker.py:73} INFO - 2025-02-04 21:55:40,062 | INFO     | singer_sdk.metrics   | METRIC: {"type": "counter", "metric": "record_count", "value": 830, "tags": {"stream": "public-orders", "pid": 148, "context": {}}}
[2025-02-04T21:55:40.064+0000] {docker.py:73} INFO - 2025-02-04 21:55:40,062 | INFO     | tap-postgres         | Skipping deselected stream 'public-products'.
[2025-02-04T21:55:40.065+0000] {docker.py:73} INFO - 2025-02-04 21:55:40,063 | INFO     | tap-postgres         | Skipping deselected stream 'public-region'.
[2025-02-04T21:55:40.065+0000] {docker.py:73} INFO - 2025-02-04 21:55:40,063 | INFO     | tap-postgres         | Skipping deselected stream 'public-shippers'.
[2025-02-04T21:55:40.066+0000] {docker.py:73} INFO - 2025-02-04 21:55:40,063 | INFO     | tap-postgres         | Skipping deselected stream 'public-suppliers'.
[2025-02-04T21:55:40.066+0000] {docker.py:73} INFO - 2025-02-04 21:55:40,063 | INFO     | tap-postgres         | Skipping deselected stream 'public-territories'.
[2025-02-04T21:55:40.067+0000] {docker.py:73} INFO - 2025-02-04 21:55:40,064 | INFO     | tap-postgres         | Skipping deselected stream 'public-us_states'.
[2025-02-04T21:55:41.743+0000] {docker.py:73} INFO - [2m2025-02-04T21:55:41.742405Z[0m [[32m[1minfo     [0m] [1mThe default environment 'dev' will be ignored for `meltano select`. To configure a specific environment, please use the option `--environment=<environment name>`.[0m
[2025-02-04T21:55:43.183+0000] {docker.py:73} INFO - [2m2025-02-04T21:55:43.182604Z[0m [[32m[1minfo     [0m] [1mEnvironment 'dev' is active   [0m
[2025-02-04T21:55:44.110+0000] {docker.py:73} INFO - 2025-02-04 21:55:44,108 | INFO     | tap-postgres         | Skipping deselected stream 'public-categories'.
[2025-02-04T21:55:44.110+0000] {docker.py:73} INFO - 2025-02-04 21:55:44,108 | INFO     | tap-postgres         | Skipping deselected stream 'public-customer_customer_demo'.
[2025-02-04T21:55:44.111+0000] {docker.py:73} INFO - 2025-02-04 21:55:44,109 | INFO     | tap-postgres         | Skipping deselected stream 'public-customer_demographics'.
[2025-02-04T21:55:44.111+0000] {docker.py:73} INFO - 2025-02-04 21:55:44,109 | INFO     | tap-postgres.public-customers | Beginning full_table sync of 'public-customers'...
[2025-02-04T21:55:44.112+0000] {docker.py:73} INFO - 2025-02-04 21:55:44,109 | INFO     | tap-postgres.public-customers | Tap has custom mapper. Using 1 provided map(s).
[2025-02-04T21:55:44.160+0000] {docker.py:73} INFO - 2025-02-04 21:55:44,159 | WARNING  | py.warnings          | /meltano/demo-project/.meltano/extractors/tap-postgres/venv/lib/python3.10/site-packages/singer_sdk/connectors/sql.py:1155: SAWarning: Did not recognize type 'bpchar' of column 'customer_id'
[2025-02-04T21:55:44.161+0000] {docker.py:73} INFO -   columns = inspector.get_columns(table_name, schema_name)
[2025-02-04T21:55:44.186+0000] {docker.py:73} INFO - 2025-02-04 21:55:44,184 | INFO     | singer_sdk.metrics   | METRIC: {"type": "timer", "metric": "sync_duration", "value": 0.07456207275390625, "tags": {"stream": "public-customers", "pid": 154, "context": {}, "status": "succeeded"}}
[2025-02-04T21:55:44.186+0000] {docker.py:73} INFO - 2025-02-04 21:55:44,185 | INFO     | singer_sdk.metrics   | METRIC: {"type": "counter", "metric": "record_count", "value": 91, "tags": {"stream": "public-customers", "pid": 154, "context": {}}}
[2025-02-04T21:55:44.187+0000] {docker.py:73} INFO - 2025-02-04 21:55:44,185 | INFO     | tap-postgres         | Skipping deselected stream 'public-employee_territories'.
[2025-02-04T21:55:44.187+0000] {docker.py:73} INFO - 2025-02-04 21:55:44,185 | INFO     | tap-postgres.public-employees | Beginning full_table sync of 'public-employees'...
[2025-02-04T21:55:44.188+0000] {docker.py:73} INFO - 2025-02-04 21:55:44,186 | INFO     | tap-postgres.public-employees | Tap has custom mapper. Using 1 provided map(s).
[2025-02-04T21:55:44.199+0000] {docker.py:73} INFO - 2025-02-04 21:55:44,198 | INFO     | singer_sdk.metrics   | METRIC: {"type": "timer", "metric": "sync_duration", "value": 0.011883974075317383, "tags": {"stream": "public-employees", "pid": 154, "context": {}, "status": "succeeded"}}
[2025-02-04T21:55:44.200+0000] {docker.py:73} INFO - 2025-02-04 21:55:44,198 | INFO     | singer_sdk.metrics   | METRIC: {"type": "counter", "metric": "record_count", "value": 9, "tags": {"stream": "public-employees", "pid": 154, "context": {}}}
[2025-02-04T21:55:44.201+0000] {docker.py:73} INFO - 2025-02-04 21:55:44,199 | INFO     | tap-postgres.public-orders | Beginning full_table sync of 'public-orders'...
[2025-02-04T21:55:44.201+0000] {docker.py:73} INFO - 2025-02-04 21:55:44,199 | INFO     | tap-postgres.public-orders | Tap has custom mapper. Using 1 provided map(s).
[2025-02-04T21:55:44.404+0000] {docker.py:73} INFO - 2025-02-04 21:55:44,403 | INFO     | singer_sdk.metrics   | METRIC: {"type": "timer", "metric": "sync_duration", "value": 0.202988862991333, "tags": {"stream": "public-orders", "pid": 154, "context": {}, "status": "succeeded"}}
[2025-02-04T21:55:44.405+0000] {docker.py:73} INFO - 2025-02-04 21:55:44,403 | INFO     | singer_sdk.metrics   | METRIC: {"type": "counter", "metric": "record_count", "value": 830, "tags": {"stream": "public-orders", "pid": 154, "context": {}}}
[2025-02-04T21:55:44.406+0000] {docker.py:73} INFO - 2025-02-04 21:55:44,404 | INFO     | tap-postgres         | Skipping deselected stream 'public-products'.
[2025-02-04T21:55:44.406+0000] {docker.py:73} INFO - 2025-02-04 21:55:44,404 | INFO     | tap-postgres         | Skipping deselected stream 'public-region'.
[2025-02-04T21:55:44.407+0000] {docker.py:73} INFO - 2025-02-04 21:55:44,404 | INFO     | tap-postgres.public-shippers | Beginning full_table sync of 'public-shippers'...
[2025-02-04T21:55:44.407+0000] {docker.py:73} INFO - 2025-02-04 21:55:44,404 | INFO     | tap-postgres.public-shippers | Tap has custom mapper. Using 1 provided map(s).
[2025-02-04T21:55:44.432+0000] {docker.py:73} INFO - 2025-02-04 21:55:44,430 | INFO     | singer_sdk.metrics   | METRIC: {"type": "timer", "metric": "sync_duration", "value": 0.025610685348510742, "tags": {"stream": "public-shippers", "pid": 154, "context": {}, "status": "succeeded"}}
[2025-02-04T21:55:44.450+0000] {docker.py:73} INFO - 2025-02-04 21:55:44,431 | INFO     | singer_sdk.metrics   | METRIC: {"type": "counter", "metric": "record_count", "value": 6, "tags": {"stream": "public-shippers", "pid": 154, "context": {}}}
[2025-02-04T21:55:44.451+0000] {docker.py:73} INFO - 2025-02-04 21:55:44,431 | INFO     | tap-postgres         | Skipping deselected stream 'public-suppliers'.
[2025-02-04T21:55:44.451+0000] {docker.py:73} INFO - 2025-02-04 21:55:44,431 | INFO     | tap-postgres         | Skipping deselected stream 'public-territories'.
[2025-02-04T21:55:44.451+0000] {docker.py:73} INFO - 2025-02-04 21:55:44,432 | INFO     | tap-postgres         | Skipping deselected stream 'public-us_states'.
[2025-02-04T21:55:47.049+0000] {taskinstance.py:340} INFO - ::group::Post task execution logs
[2025-02-04T21:55:47.050+0000] {taskinstance.py:352} INFO - Marking task as SUCCESS. dag_id=northwind_meltano, task_id=setup_meltano, run_id=manual__2025-02-04T21:54:45.668531+00:00, execution_date=20250204T215445, start_date=20250204T215446, end_date=20250204T215547
[2025-02-04T21:55:47.100+0000] {local_task_job_runner.py:266} INFO - Task exited with return code 0
[2025-02-04T21:55:47.116+0000] {taskinstance.py:3895} INFO - 0 downstream tasks scheduled from follow-on schedule check
[2025-02-04T21:55:47.118+0000] {local_task_job_runner.py:245} INFO - ::endgroup::
