[2025-02-02T18:44:14.919+0000] {local_task_job_runner.py:123} INFO - ::group::Pre task execution logs
[2025-02-02T18:44:14.930+0000] {taskinstance.py:2613} INFO - Dependencies all met for dep_context=non-requeueable deps ti=<TaskInstance: northwind_etl.extract_orders manual__2025-02-02T18:44:13.778356+00:00 [queued]>
[2025-02-02T18:44:14.936+0000] {taskinstance.py:2613} INFO - Dependencies all met for dep_context=requeueable deps ti=<TaskInstance: northwind_etl.extract_orders manual__2025-02-02T18:44:13.778356+00:00 [queued]>
[2025-02-02T18:44:14.936+0000] {taskinstance.py:2866} INFO - Starting attempt 1 of 1
[2025-02-02T18:44:14.947+0000] {taskinstance.py:2889} INFO - Executing <Task(PythonOperator): extract_orders> on 2025-02-02 18:44:13.778356+00:00
[2025-02-02T18:44:14.953+0000] {standard_task_runner.py:104} INFO - Running: ['***', 'tasks', 'run', 'northwind_etl', 'extract_orders', 'manual__2025-02-02T18:44:13.778356+00:00', '--job-id', '412', '--raw', '--subdir', 'DAGS_FOLDER/northwind_etl/northwind_etl.py', '--cfg-path', '/tmp/tmp1vo50cw4']
[2025-02-02T18:44:14.955+0000] {standard_task_runner.py:105} INFO - Job 412: Subtask extract_orders
[2025-02-02T18:44:14.956+0000] {logging_mixin.py:190} WARNING - /home/***/.local/lib/python3.12/site-packages/***/task/task_runner/standard_task_runner.py:70 DeprecationWarning: This process (pid=1040) is multi-threaded, use of fork() may lead to deadlocks in the child.
[2025-02-02T18:44:14.957+0000] {standard_task_runner.py:72} INFO - Started process 1042 to run task
[2025-02-02T18:44:14.990+0000] {task_command.py:467} INFO - Running <TaskInstance: northwind_etl.extract_orders manual__2025-02-02T18:44:13.778356+00:00 [running]> on host a0f93d34c5b4
[2025-02-02T18:44:15.049+0000] {taskinstance.py:3132} INFO - Exporting env vars: AIRFLOW_CTX_DAG_OWNER='gabriel' AIRFLOW_CTX_DAG_ID='northwind_etl' AIRFLOW_CTX_TASK_ID='extract_orders' AIRFLOW_CTX_EXECUTION_DATE='2025-02-02T18:44:13.778356+00:00' AIRFLOW_CTX_TRY_NUMBER='1' AIRFLOW_CTX_DAG_RUN_ID='manual__2025-02-02T18:44:13.778356+00:00'
[2025-02-02T18:44:15.050+0000] {taskinstance.py:731} INFO - ::endgroup::
[2025-02-02T18:44:15.065+0000] {logging_mixin.py:190} INFO - table: orders, date: 2025-02-02
[2025-02-02T18:44:15.102+0000] {logging_mixin.py:190} INFO - Total records extracted: 830
[2025-02-02T18:44:15.102+0000] {logging_mixin.py:190} INFO - Columns present: order_id, customer_id, employee_id, order_date, required_date, shipped_date, ship_via, freight, ship_name, ship_address, ship_city, ship_region, ship_postal_code, ship_country
[2025-02-02T18:44:15.152+0000] {logging_mixin.py:190} INFO - Extraction saved successfully at: /opt/***/data/postgres/orders/2025-02-02/orders.parquet
[2025-02-02T18:44:15.153+0000] {python.py:240} INFO - Done. Returned value was: Extracted 830 records from orders
[2025-02-02T18:44:15.173+0000] {taskinstance.py:340} INFO - ::group::Post task execution logs
[2025-02-02T18:44:15.174+0000] {taskinstance.py:352} INFO - Marking task as SUCCESS. dag_id=northwind_etl, task_id=extract_orders, run_id=manual__2025-02-02T18:44:13.778356+00:00, execution_date=20250202T184413, start_date=20250202T184414, end_date=20250202T184415
[2025-02-02T18:44:15.211+0000] {local_task_job_runner.py:266} INFO - Task exited with return code 0
[2025-02-02T18:44:15.226+0000] {taskinstance.py:3895} INFO - 1 downstream tasks scheduled from follow-on schedule check
[2025-02-02T18:44:15.228+0000] {local_task_job_runner.py:245} INFO - ::endgroup::
