[2025-02-05T01:16:55.589+0000] {local_task_job_runner.py:123} INFO - ::group::Pre task execution logs
[2025-02-05T01:16:55.604+0000] {taskinstance.py:2613} INFO - Dependencies all met for dep_context=non-requeueable deps ti=<TaskInstance: northwind_loader.load_postgres manual__2025-02-05T01:16:55.227463+00:00 [queued]>
[2025-02-05T01:16:55.610+0000] {taskinstance.py:2613} INFO - Dependencies all met for dep_context=requeueable deps ti=<TaskInstance: northwind_loader.load_postgres manual__2025-02-05T01:16:55.227463+00:00 [queued]>
[2025-02-05T01:16:55.610+0000] {taskinstance.py:2866} INFO - Starting attempt 1 of 1
[2025-02-05T01:16:55.695+0000] {taskinstance.py:2889} INFO - Executing <Task(DockerOperator): load_postgres> on 2025-02-05 01:16:55.227463+00:00
[2025-02-05T01:16:55.701+0000] {logging_mixin.py:190} WARNING - /home/***/.local/lib/python3.12/site-packages/***/task/task_runner/standard_task_runner.py:70 DeprecationWarning: This process (pid=10528) is multi-threaded, use of fork() may lead to deadlocks in the child.
[2025-02-05T01:16:55.702+0000] {standard_task_runner.py:72} INFO - Started process 10529 to run task
[2025-02-05T01:16:55.701+0000] {standard_task_runner.py:104} INFO - Running: ['***', 'tasks', 'run', 'northwind_loader', 'load_postgres', 'manual__2025-02-05T01:16:55.227463+00:00', '--job-id', '61', '--raw', '--subdir', 'DAGS_FOLDER/northwind_etl/northwind_loader_mel.py', '--cfg-path', '/tmp/tmpdslx63j6']
[2025-02-05T01:16:55.703+0000] {standard_task_runner.py:105} INFO - Job 61: Subtask load_postgres
[2025-02-05T01:16:55.735+0000] {task_command.py:467} INFO - Running <TaskInstance: northwind_loader.load_postgres manual__2025-02-05T01:16:55.227463+00:00 [running]> on host 09d05643d017
[2025-02-05T01:16:55.801+0000] {taskinstance.py:3132} INFO - Exporting env vars: AIRFLOW_CTX_DAG_OWNER='gabriel' AIRFLOW_CTX_DAG_ID='northwind_loader' AIRFLOW_CTX_TASK_ID='load_postgres' AIRFLOW_CTX_EXECUTION_DATE='2025-02-05T01:16:55.227463+00:00' AIRFLOW_CTX_TRY_NUMBER='1' AIRFLOW_CTX_DAG_RUN_ID='manual__2025-02-05T01:16:55.227463+00:00'
[2025-02-05T01:16:55.801+0000] {taskinstance.py:731} INFO - ::endgroup::
[2025-02-05T01:16:55.840+0000] {docker.py:379} INFO - Starting docker container from image meu-meltano
[2025-02-05T01:16:56.504+0000] {docker.py:73} INFO - + set -e
[2025-02-05T01:16:56.504+0000] {docker.py:73} INFO - + cd /meltano/demo-project
[2025-02-05T01:16:56.505+0000] {docker.py:73} INFO - + echo 'Iniciando processo...'
[2025-02-05T01:16:56.505+0000] {docker.py:73} INFO - + echo 'Instalando target-postgres...'
[2025-02-05T01:16:56.506+0000] {docker.py:73} INFO - + meltano add loader target-postgres
[2025-02-05T01:16:56.506+0000] {docker.py:73} INFO - Iniciando processo...
[2025-02-05T01:16:56.507+0000] {docker.py:73} INFO - Instalando target-postgres...
[2025-02-05T01:16:58.784+0000] {docker.py:73} INFO - Added loader 'target-postgres' to your project
[2025-02-05T01:16:58.785+0000] {docker.py:73} INFO - Variant:	meltanolabs (default)
[2025-02-05T01:16:58.785+0000] {docker.py:73} INFO - Repository:	https://github.com/MeltanoLabs/target-postgres
[2025-02-05T01:16:58.786+0000] {docker.py:73} INFO - Documentation:	https://hub.meltano.com/loaders/target-postgres--meltanolabs
[2025-02-05T01:16:58.850+0000] {docker.py:73} INFO - [2m2025-02-05T01:16:58.848738Z[0m [[32m[1minfo     [0m] [1mInstalling loader 'target-postgres'[0m
[2025-02-05T01:17:18.507+0000] {docker.py:73} INFO - [2m2025-02-05T01:17:18.505657Z[0m [[32m[1minfo     [0m] [1mInstalled loader 'target-postgres'[0m
[2025-02-05T01:17:18.507+0000] {docker.py:73} INFO - 
[2025-02-05T01:17:18.508+0000] {docker.py:73} INFO - To learn more about loader 'target-postgres', visit https://hub.meltano.com/loaders/target-postgres--meltanolabs
[2025-02-05T01:17:19.476+0000] {docker.py:73} INFO - Configurando target-postgres...
[2025-02-05T01:17:19.477+0000] {docker.py:73} INFO - + echo 'Configurando target-postgres...'
[2025-02-05T01:17:19.477+0000] {docker.py:73} INFO - + meltano --environment=dev config target-postgres set host northwind_db
[2025-02-05T01:17:20.129+0000] {docker.py:73} INFO - [2m2025-02-05T01:17:20.128147Z[0m [[32m[1minfo     [0m] [1mEnvironment 'dev' is active   [0m
[2025-02-05T01:17:20.209+0000] {docker.py:73} INFO - Loader 'target-postgres' setting 'host' was set in the active environment in `meltano.yml`: 'northwind_db'
[2025-02-05T01:17:21.157+0000] {docker.py:73} INFO - + meltano --environment=dev config target-postgres set port 5432
[2025-02-05T01:17:21.790+0000] {docker.py:73} INFO - [2m2025-02-05T01:17:21.789098Z[0m [[32m[1minfo     [0m] [1mEnvironment 'dev' is active   [0m
[2025-02-05T01:17:21.869+0000] {docker.py:73} INFO - Loader 'target-postgres' setting 'port' was set in the active environment in `meltano.yml`: 5432
[2025-02-05T01:17:22.816+0000] {docker.py:73} INFO - + meltano --environment=dev config target-postgres set user northwind_user
[2025-02-05T01:17:23.466+0000] {docker.py:73} INFO - [2m2025-02-05T01:17:23.464650Z[0m [[32m[1minfo     [0m] [1mEnvironment 'dev' is active   [0m
[2025-02-05T01:17:23.545+0000] {docker.py:73} INFO - Loader 'target-postgres' setting 'user' was set in the active environment in `meltano.yml`: 'northwind_user'
[2025-02-05T01:17:24.523+0000] {docker.py:73} INFO - + meltano --environment=dev config target-postgres set password thewindisblowing
[2025-02-05T01:17:25.159+0000] {docker.py:73} INFO - [2m2025-02-05T01:17:25.157969Z[0m [[32m[1minfo     [0m] [1mEnvironment 'dev' is active   [0m
[2025-02-05T01:17:25.228+0000] {docker.py:73} INFO - Loader 'target-postgres' setting 'password' was set in `.env`: (redacted)
[2025-02-05T01:17:26.178+0000] {docker.py:73} INFO - + meltano --environment=dev config target-postgres set database northwind
[2025-02-05T01:17:26.815+0000] {docker.py:73} INFO - [2m2025-02-05T01:17:26.814133Z[0m [[32m[1minfo     [0m] [1mEnvironment 'dev' is active   [0m
[2025-02-05T01:17:26.897+0000] {docker.py:73} INFO - Loader 'target-postgres' setting 'database' was set in the active environment in `meltano.yml`: 'northwind'
[2025-02-05T01:17:27.845+0000] {docker.py:73} INFO - + meltano --environment=dev config target-postgres set default_target_schema public
[2025-02-05T01:17:28.469+0000] {docker.py:73} INFO - [2m2025-02-05T01:17:28.468545Z[0m [[32m[1minfo     [0m] [1mEnvironment 'dev' is active   [0m
[2025-02-05T01:17:28.549+0000] {docker.py:73} INFO - Loader 'target-postgres' setting 'default_target_schema' was set in the active environment in `meltano.yml`: 'public'
[2025-02-05T01:17:29.515+0000] {docker.py:73} INFO - Tentando carregar o arquivo...
[2025-02-05T01:17:29.515+0000] {docker.py:73} INFO - + echo 'Tentando carregar o arquivo...'
[2025-02-05T01:17:29.516+0000] {docker.py:73} INFO - ++ date +%Y-%m-%d
[2025-02-05T01:17:29.516+0000] {docker.py:73} INFO - + CURRENT_DATE=2025-02-05
[2025-02-05T01:17:29.517+0000] {docker.py:73} INFO - + echo Data
[2025-02-05T01:17:29.517+0000] {docker.py:73} INFO - Data
[2025-02-05T01:17:30.838+0000] {taskinstance.py:340} INFO - ::group::Post task execution logs
[2025-02-05T01:17:30.839+0000] {taskinstance.py:352} INFO - Marking task as SUCCESS. dag_id=northwind_loader, task_id=load_postgres, run_id=manual__2025-02-05T01:16:55.227463+00:00, execution_date=20250205T011655, start_date=20250205T011655, end_date=20250205T011730
[2025-02-05T01:17:30.867+0000] {local_task_job_runner.py:266} INFO - Task exited with return code 0
[2025-02-05T01:17:30.884+0000] {taskinstance.py:3895} INFO - 0 downstream tasks scheduled from follow-on schedule check
[2025-02-05T01:17:30.887+0000] {local_task_job_runner.py:245} INFO - ::endgroup::
