[2025-02-05T01:29:29.960+0000] {local_task_job_runner.py:123} INFO - ::group::Pre task execution logs
[2025-02-05T01:29:29.975+0000] {taskinstance.py:2613} INFO - Dependencies all met for dep_context=non-requeueable deps ti=<TaskInstance: northwind_loader.load_postgres manual__2025-02-05T01:29:29.098896+00:00 [queued]>
[2025-02-05T01:29:29.981+0000] {taskinstance.py:2613} INFO - Dependencies all met for dep_context=requeueable deps ti=<TaskInstance: northwind_loader.load_postgres manual__2025-02-05T01:29:29.098896+00:00 [queued]>
[2025-02-05T01:29:29.982+0000] {taskinstance.py:2866} INFO - Starting attempt 1 of 1
[2025-02-05T01:29:29.993+0000] {taskinstance.py:2889} INFO - Executing <Task(DockerOperator): load_postgres> on 2025-02-05 01:29:29.098896+00:00
[2025-02-05T01:29:29.999+0000] {logging_mixin.py:190} WARNING - /home/***/.local/lib/python3.12/site-packages/***/task/task_runner/standard_task_runner.py:70 DeprecationWarning: This process (pid=11099) is multi-threaded, use of fork() may lead to deadlocks in the child.
[2025-02-05T01:29:29.998+0000] {standard_task_runner.py:104} INFO - Running: ['***', 'tasks', 'run', 'northwind_loader', 'load_postgres', 'manual__2025-02-05T01:29:29.098896+00:00', '--job-id', '66', '--raw', '--subdir', 'DAGS_FOLDER/northwind_etl/northwind_loader_mel.py', '--cfg-path', '/tmp/tmpea4zj8i0']
[2025-02-05T01:29:30.000+0000] {standard_task_runner.py:72} INFO - Started process 11100 to run task
[2025-02-05T01:29:30.000+0000] {standard_task_runner.py:105} INFO - Job 66: Subtask load_postgres
[2025-02-05T01:29:30.033+0000] {task_command.py:467} INFO - Running <TaskInstance: northwind_loader.load_postgres manual__2025-02-05T01:29:29.098896+00:00 [running]> on host 09d05643d017
[2025-02-05T01:29:30.100+0000] {taskinstance.py:3132} INFO - Exporting env vars: AIRFLOW_CTX_DAG_OWNER='gabriel' AIRFLOW_CTX_DAG_ID='northwind_loader' AIRFLOW_CTX_TASK_ID='load_postgres' AIRFLOW_CTX_EXECUTION_DATE='2025-02-05T01:29:29.098896+00:00' AIRFLOW_CTX_TRY_NUMBER='1' AIRFLOW_CTX_DAG_RUN_ID='manual__2025-02-05T01:29:29.098896+00:00'
[2025-02-05T01:29:30.101+0000] {taskinstance.py:731} INFO - ::endgroup::
[2025-02-05T01:29:30.138+0000] {docker.py:379} INFO - Starting docker container from image meu-meltano
[2025-02-05T01:29:30.564+0000] {docker.py:73} INFO - + set -e
[2025-02-05T01:29:30.565+0000] {docker.py:73} INFO - Iniciando processo...
[2025-02-05T01:29:30.566+0000] {docker.py:73} INFO - Instalando target-postgres...
[2025-02-05T01:29:30.566+0000] {docker.py:73} INFO - + cd /meltano/demo-project
[2025-02-05T01:29:30.567+0000] {docker.py:73} INFO - + echo 'Iniciando processo...'
[2025-02-05T01:29:30.567+0000] {docker.py:73} INFO - + echo 'Instalando target-postgres...'
[2025-02-05T01:29:30.568+0000] {docker.py:73} INFO - + meltano add loader target-postgres
[2025-02-05T01:29:32.398+0000] {docker.py:73} INFO - Added loader 'target-postgres' to your project
[2025-02-05T01:29:32.399+0000] {docker.py:73} INFO - Variant:	meltanolabs (default)
[2025-02-05T01:29:32.399+0000] {docker.py:73} INFO - Repository:	https://github.com/MeltanoLabs/target-postgres
[2025-02-05T01:29:32.400+0000] {docker.py:73} INFO - Documentation:	https://hub.meltano.com/loaders/target-postgres--meltanolabs
[2025-02-05T01:29:32.469+0000] {docker.py:73} INFO - [2m2025-02-05T01:29:32.468696Z[0m [[32m[1minfo     [0m] [1mInstalling loader 'target-postgres'[0m
[2025-02-05T01:29:48.259+0000] {docker.py:73} INFO - [2m2025-02-05T01:29:48.258409Z[0m [[32m[1minfo     [0m] [1mInstalled loader 'target-postgres'[0m
[2025-02-05T01:29:48.260+0000] {docker.py:73} INFO - 
[2025-02-05T01:29:48.261+0000] {docker.py:73} INFO - To learn more about loader 'target-postgres', visit https://hub.meltano.com/loaders/target-postgres--meltanolabs
[2025-02-05T01:29:49.213+0000] {docker.py:73} INFO - + echo 'Configurando target-postgres...'
[2025-02-05T01:29:49.214+0000] {docker.py:73} INFO - + meltano --environment=dev config target-postgres set host northwind_db
[2025-02-05T01:29:49.214+0000] {docker.py:73} INFO - Configurando target-postgres...
[2025-02-05T01:29:49.862+0000] {docker.py:73} INFO - [2m2025-02-05T01:29:49.860959Z[0m [[32m[1minfo     [0m] [1mEnvironment 'dev' is active   [0m
[2025-02-05T01:29:49.948+0000] {docker.py:73} INFO - Loader 'target-postgres' setting 'host' was set in the active environment in `meltano.yml`: 'northwind_db'
[2025-02-05T01:29:50.906+0000] {docker.py:73} INFO - + meltano --environment=dev config target-postgres set port 5432
[2025-02-05T01:29:51.547+0000] {docker.py:73} INFO - [2m2025-02-05T01:29:51.545680Z[0m [[32m[1minfo     [0m] [1mEnvironment 'dev' is active   [0m
[2025-02-05T01:29:51.628+0000] {docker.py:73} INFO - Loader 'target-postgres' setting 'port' was set in the active environment in `meltano.yml`: 5432
[2025-02-05T01:29:52.584+0000] {docker.py:73} INFO - + meltano --environment=dev config target-postgres set user northwind_user
[2025-02-05T01:29:53.229+0000] {docker.py:73} INFO - [2m2025-02-05T01:29:53.228571Z[0m [[32m[1minfo     [0m] [1mEnvironment 'dev' is active   [0m
[2025-02-05T01:29:53.309+0000] {docker.py:73} INFO - Loader 'target-postgres' setting 'user' was set in the active environment in `meltano.yml`: 'northwind_user'
[2025-02-05T01:29:54.274+0000] {docker.py:73} INFO - + meltano --environment=dev config target-postgres set password thewindisblowing
[2025-02-05T01:29:54.918+0000] {docker.py:73} INFO - [2m2025-02-05T01:29:54.917106Z[0m [[32m[1minfo     [0m] [1mEnvironment 'dev' is active   [0m
[2025-02-05T01:29:54.987+0000] {docker.py:73} INFO - Loader 'target-postgres' setting 'password' was set in `.env`: (redacted)
[2025-02-05T01:29:55.940+0000] {docker.py:73} INFO - + meltano --environment=dev config target-postgres set database northwind
[2025-02-05T01:29:56.575+0000] {docker.py:73} INFO - [2m2025-02-05T01:29:56.573646Z[0m [[32m[1minfo     [0m] [1mEnvironment 'dev' is active   [0m
[2025-02-05T01:29:56.655+0000] {docker.py:73} INFO - Loader 'target-postgres' setting 'database' was set in the active environment in `meltano.yml`: 'northwind'
[2025-02-05T01:29:57.619+0000] {docker.py:73} INFO - + meltano --environment=dev config target-postgres set default_target_schema public
[2025-02-05T01:29:58.263+0000] {docker.py:73} INFO - [2m2025-02-05T01:29:58.262111Z[0m [[32m[1minfo     [0m] [1mEnvironment 'dev' is active   [0m
[2025-02-05T01:29:58.346+0000] {docker.py:73} INFO - Loader 'target-postgres' setting 'default_target_schema' was set in the active environment in `meltano.yml`: 'public'
[2025-02-05T01:29:59.335+0000] {docker.py:73} INFO - + meltano --environment=dev config target-postgres set stream_maps '{
[2025-02-05T01:29:59.335+0000] {docker.py:73} INFO -             "order_details": {
[2025-02-05T01:29:59.336+0000] {docker.py:73} INFO -                 "__source__": "order_details",
[2025-02-05T01:29:59.336+0000] {docker.py:73} INFO -                 "__table__": "order_details",
[2025-02-05T01:29:59.337+0000] {docker.py:73} INFO -                 "__columns__": {
[2025-02-05T01:29:59.337+0000] {docker.py:73} INFO -                     "order_id": {"type": "smallint"},
[2025-02-05T01:29:59.337+0000] {docker.py:73} INFO -                     "product_id": {"type": "smallint"},
[2025-02-05T01:29:59.338+0000] {docker.py:73} INFO -                     "unit_price": {"type": "real"},
[2025-02-05T01:29:59.338+0000] {docker.py:73} INFO -                     "quantity": {"type": "smallint"},
[2025-02-05T01:29:59.338+0000] {docker.py:73} INFO -                     "discount": {"type": "real"}
[2025-02-05T01:29:59.339+0000] {docker.py:73} INFO -                 }
[2025-02-05T01:29:59.339+0000] {docker.py:73} INFO -             }
[2025-02-05T01:29:59.339+0000] {docker.py:73} INFO -         }'
[2025-02-05T01:29:59.970+0000] {docker.py:73} INFO - [2m2025-02-05T01:29:59.969185Z[0m [[32m[1minfo     [0m] [1mEnvironment 'dev' is active   [0m
[2025-02-05T01:30:00.056+0000] {docker.py:73} INFO - Loader 'target-postgres' setting 'stream_maps' was set in the active environment in `meltano.yml`: {'order_details': {'__source__': 'order_details', '__table__': 'order_details', '__columns__': {'order_id': {'type': 'smallint'}, 'product_id': {'type': 'smallint'}, 'unit_price': {'type': 'real'}, 'quantity': {'type': 'smallint'}, 'discount': {'type': 'real'}}}}
[2025-02-05T01:30:01.027+0000] {docker.py:73} INFO - + echo 'Carregando dados para o PostgreSQL...'
[2025-02-05T01:30:01.028+0000] {docker.py:73} INFO - Carregando dados para o PostgreSQL...
[2025-02-05T01:30:01.029+0000] {docker.py:73} INFO - + cat /meltano/demo-project/input/csv/2025-02-05/order_details.json
[2025-02-05T01:30:01.029+0000] {docker.py:73} INFO - + meltano --environment=dev invoke target-postgres
[2025-02-05T01:30:01.029+0000] {docker.py:73} INFO - + tee load_output.log
[2025-02-05T01:30:01.669+0000] {docker.py:73} INFO - [2m2025-02-05T01:30:01.668394Z[0m [[32m[1minfo     [0m] [1mEnvironment 'dev' is active   [0m
[2025-02-05T01:30:02.391+0000] {docker.py:73} INFO - 2025-02-05 01:30:02,389 | INFO     | target-postgres      | Target 'target-postgres' is listening for input from tap.
[2025-02-05T01:30:02.392+0000] {docker.py:73} INFO - Traceback (most recent call last):
[2025-02-05T01:30:02.392+0000] {docker.py:73} INFO -   File "/meltano/demo-project/.meltano/loaders/target-postgres/venv/bin/target-postgres", line 8, in <module>
[2025-02-05T01:30:02.393+0000] {docker.py:73} INFO -     sys.exit(TargetPostgres.cli())
[2025-02-05T01:30:02.393+0000] {docker.py:73} INFO -   File "/meltano/demo-project/.meltano/loaders/target-postgres/venv/lib/python3.10/site-packages/click/core.py", line 1161, in __call__
[2025-02-05T01:30:02.394+0000] {docker.py:73} INFO -     return self.main(*args, **kwargs)
[2025-02-05T01:30:02.394+0000] {docker.py:73} INFO -   File "/meltano/demo-project/.meltano/loaders/target-postgres/venv/lib/python3.10/site-packages/click/core.py", line 1082, in main
[2025-02-05T01:30:02.394+0000] {docker.py:73} INFO -     rv = self.invoke(ctx)
[2025-02-05T01:30:02.395+0000] {docker.py:73} INFO -   File "/meltano/demo-project/.meltano/loaders/target-postgres/venv/lib/python3.10/site-packages/singer_sdk/plugin_base.py", line 92, in invoke
[2025-02-05T01:30:02.395+0000] {docker.py:73} INFO -     return super().invoke(ctx)
[2025-02-05T01:30:02.395+0000] {docker.py:73} INFO -   File "/meltano/demo-project/.meltano/loaders/target-postgres/venv/lib/python3.10/site-packages/click/core.py", line 1443, in invoke
[2025-02-05T01:30:02.396+0000] {docker.py:73} INFO -     return ctx.invoke(self.callback, **ctx.params)
[2025-02-05T01:30:02.396+0000] {docker.py:73} INFO -   File "/meltano/demo-project/.meltano/loaders/target-postgres/venv/lib/python3.10/site-packages/click/core.py", line 788, in invoke
[2025-02-05T01:30:02.396+0000] {docker.py:73} INFO -     return __callback(*args, **kwargs)
[2025-02-05T01:30:02.397+0000] {docker.py:73} INFO -   File "/meltano/demo-project/.meltano/loaders/target-postgres/venv/lib/python3.10/site-packages/singer_sdk/target_base.py", line 586, in invoke
[2025-02-05T01:30:02.397+0000] {docker.py:73} INFO -     target.listen(file_input)
[2025-02-05T01:30:02.397+0000] {docker.py:73} INFO -   File "/meltano/demo-project/.meltano/loaders/target-postgres/venv/lib/python3.10/site-packages/singer_sdk/_singerlib/encoding/_base.py", line 53, in listen
[2025-02-05T01:30:02.398+0000] {docker.py:73} INFO -     self._process_lines(file_input or self.default_input)
[2025-02-05T01:30:02.398+0000] {docker.py:73} INFO -   File "/meltano/demo-project/.meltano/loaders/target-postgres/venv/lib/python3.10/site-packages/singer_sdk/target_base.py", line 305, in _process_lines
[2025-02-05T01:30:02.398+0000] {docker.py:73} INFO -     counter = super()._process_lines(file_input)
[2025-02-05T01:30:02.399+0000] {docker.py:73} INFO -   File "/meltano/demo-project/.meltano/loaders/target-postgres/venv/lib/python3.10/site-packages/singer_sdk/_singerlib/encoding/_base.py", line 80, in _process_lines
[2025-02-05T01:30:02.399+0000] {docker.py:73} INFO -     self._process_schema_message(line_dict)
[2025-02-05T01:30:02.399+0000] {docker.py:73} INFO -   File "/meltano/demo-project/.meltano/loaders/target-postgres/venv/lib/python3.10/site-packages/singer_sdk/target_base.py", line 415, in _process_schema_message
[2025-02-05T01:30:02.400+0000] {docker.py:73} INFO -     self.mapper.register_raw_stream_schema(
[2025-02-05T01:30:02.400+0000] {docker.py:73} INFO -   File "/meltano/demo-project/.meltano/loaders/target-postgres/venv/lib/python3.10/site-packages/singer_sdk/mapper.py", line 814, in register_raw_stream_schema
[2025-02-05T01:30:02.400+0000] {docker.py:73} INFO -     mapper = CustomStreamMap(
[2025-02-05T01:30:02.401+0000] {docker.py:73} INFO -   File "/meltano/demo-project/.meltano/loaders/target-postgres/venv/lib/python3.10/site-packages/singer_sdk/mapper.py", line 286, in __init__
[2025-02-05T01:30:02.401+0000] {docker.py:73} INFO -     ) = self._init_functions_and_schema(stream_map=map_transform)
[2025-02-05T01:30:02.401+0000] {docker.py:73} INFO -   File "/meltano/demo-project/.meltano/loaders/target-postgres/venv/lib/python3.10/site-packages/singer_sdk/mapper.py", line 500, in _init_functions_and_schema
[2025-02-05T01:30:02.402+0000] {docker.py:73} INFO -     if prop_def in {None, NULL_STRING}:
[2025-02-05T01:30:02.402+0000] {docker.py:73} INFO - TypeError: unhashable type: 'dict'
[2025-02-05T01:30:03.413+0000] {docker.py:73} INFO - + echo 'Load completo!'
[2025-02-05T01:30:03.414+0000] {docker.py:73} INFO - Load completo!
[2025-02-05T01:30:04.387+0000] {taskinstance.py:340} INFO - ::group::Post task execution logs
[2025-02-05T01:30:04.388+0000] {taskinstance.py:352} INFO - Marking task as SUCCESS. dag_id=northwind_loader, task_id=load_postgres, run_id=manual__2025-02-05T01:29:29.098896+00:00, execution_date=20250205T012929, start_date=20250205T012929, end_date=20250205T013004
[2025-02-05T01:30:04.436+0000] {local_task_job_runner.py:266} INFO - Task exited with return code 0
[2025-02-05T01:30:04.452+0000] {taskinstance.py:3895} INFO - 0 downstream tasks scheduled from follow-on schedule check
[2025-02-05T01:30:04.454+0000] {local_task_job_runner.py:245} INFO - ::endgroup::
