[2025-02-05T01:50:49.488+0000] {local_task_job_runner.py:123} INFO - ::group::Pre task execution logs
[2025-02-05T01:50:49.501+0000] {taskinstance.py:2613} INFO - Dependencies all met for dep_context=non-requeueable deps ti=<TaskInstance: northwind_loader.load_postgres scheduled__2025-02-04T00:00:00+00:00 [queued]>
[2025-02-05T01:50:49.507+0000] {taskinstance.py:2613} INFO - Dependencies all met for dep_context=requeueable deps ti=<TaskInstance: northwind_loader.load_postgres scheduled__2025-02-04T00:00:00+00:00 [queued]>
[2025-02-05T01:50:49.508+0000] {taskinstance.py:2866} INFO - Starting attempt 1 of 1
[2025-02-05T01:50:49.518+0000] {taskinstance.py:2889} INFO - Executing <Task(DockerOperator): load_postgres> on 2025-02-04 00:00:00+00:00
[2025-02-05T01:50:49.524+0000] {logging_mixin.py:190} WARNING - /home/***/.local/lib/python3.12/site-packages/***/task/task_runner/standard_task_runner.py:70 DeprecationWarning: This process (pid=12085) is multi-threaded, use of fork() may lead to deadlocks in the child.
[2025-02-05T01:50:49.525+0000] {standard_task_runner.py:72} INFO - Started process 12086 to run task
[2025-02-05T01:50:49.524+0000] {standard_task_runner.py:104} INFO - Running: ['***', 'tasks', 'run', 'northwind_loader', 'load_postgres', 'scheduled__2025-02-04T00:00:00+00:00', '--job-id', '74', '--raw', '--subdir', 'DAGS_FOLDER/northwind_etl/northwind_loader_mel.py', '--cfg-path', '/tmp/tmp0fb3c37b']
[2025-02-05T01:50:49.525+0000] {standard_task_runner.py:105} INFO - Job 74: Subtask load_postgres
[2025-02-05T01:50:49.631+0000] {task_command.py:467} INFO - Running <TaskInstance: northwind_loader.load_postgres scheduled__2025-02-04T00:00:00+00:00 [running]> on host 09d05643d017
[2025-02-05T01:50:49.696+0000] {taskinstance.py:3132} INFO - Exporting env vars: AIRFLOW_CTX_DAG_OWNER='gabriel' AIRFLOW_CTX_DAG_ID='northwind_loader' AIRFLOW_CTX_TASK_ID='load_postgres' AIRFLOW_CTX_EXECUTION_DATE='2025-02-04T00:00:00+00:00' AIRFLOW_CTX_TRY_NUMBER='1' AIRFLOW_CTX_DAG_RUN_ID='scheduled__2025-02-04T00:00:00+00:00'
[2025-02-05T01:50:49.697+0000] {taskinstance.py:731} INFO - ::endgroup::
[2025-02-05T01:50:49.733+0000] {docker.py:379} INFO - Starting docker container from image meu-meltano
[2025-02-05T01:50:50.237+0000] {docker.py:73} INFO - + set -e
[2025-02-05T01:50:50.237+0000] {docker.py:73} INFO - + cd /meltano/demo-project
[2025-02-05T01:50:50.238+0000] {docker.py:73} INFO - + apt-get update
[2025-02-05T01:50:50.289+0000] {docker.py:73} INFO - Get:1 http://deb.debian.org/debian bookworm InRelease [151 kB]
[2025-02-05T01:50:50.327+0000] {docker.py:73} INFO - Get:2 http://deb.debian.org/debian bookworm-updates InRelease [55.4 kB]
[2025-02-05T01:50:50.342+0000] {docker.py:73} INFO - Get:3 http://deb.debian.org/debian-security bookworm-security InRelease [48.0 kB]
[2025-02-05T01:50:50.402+0000] {docker.py:73} INFO - Get:4 http://deb.debian.org/debian bookworm/main amd64 Packages [8792 kB]
[2025-02-05T01:50:50.695+0000] {docker.py:73} INFO - Get:5 http://deb.debian.org/debian bookworm-updates/main amd64 Packages [13.5 kB]
[2025-02-05T01:50:50.696+0000] {docker.py:73} INFO - Get:6 http://deb.debian.org/debian-security bookworm-security/main amd64 Packages [243 kB]
[2025-02-05T01:50:51.487+0000] {docker.py:73} INFO - Fetched 9303 kB in 1s (7518 kB/s)
[2025-02-05T01:50:51.487+0000] {docker.py:73} INFO - Reading package lists...
[2025-02-05T01:50:51.902+0000] {docker.py:73} INFO - 
[2025-02-05T01:50:51.913+0000] {docker.py:73} INFO - + apt-get install -y postgresql-client jq
[2025-02-05T01:50:51.917+0000] {docker.py:73} INFO - Reading package lists...
[2025-02-05T01:50:52.368+0000] {docker.py:73} INFO - 
[2025-02-05T01:50:52.378+0000] {docker.py:73} INFO - Building dependency tree...
[2025-02-05T01:50:52.511+0000] {docker.py:73} INFO - 
[2025-02-05T01:50:52.512+0000] {docker.py:73} INFO - Reading state information...
[2025-02-05T01:50:52.512+0000] {docker.py:73} INFO - 
[2025-02-05T01:50:52.616+0000] {docker.py:73} INFO - The following additional packages will be installed:
[2025-02-05T01:50:52.617+0000] {docker.py:73} INFO -   libjq1 libonig5 libpq5 postgresql-client-15 postgresql-client-common
[2025-02-05T01:50:52.617+0000] {docker.py:73} INFO -   sensible-utils
[2025-02-05T01:50:52.617+0000] {docker.py:73} INFO - Suggested packages:
[2025-02-05T01:50:52.618+0000] {docker.py:73} INFO -   postgresql-15 postgresql-doc-15
[2025-02-05T01:50:52.681+0000] {docker.py:73} INFO - The following NEW packages will be installed:
[2025-02-05T01:50:52.682+0000] {docker.py:73} INFO -   jq libjq1 libonig5 libpq5 postgresql-client postgresql-client-15
[2025-02-05T01:50:52.682+0000] {docker.py:73} INFO -   postgresql-client-common sensible-utils
[2025-02-05T01:50:52.731+0000] {docker.py:73} INFO - 0 upgraded, 8 newly installed, 0 to remove and 0 not upgraded.
[2025-02-05T01:50:52.731+0000] {docker.py:73} INFO - Need to get 2347 kB of archives.
[2025-02-05T01:50:52.732+0000] {docker.py:73} INFO - After this operation, 10.4 MB of additional disk space will be used.
[2025-02-05T01:50:52.732+0000] {docker.py:73} INFO - Get:1 http://deb.debian.org/debian bookworm/main amd64 sensible-utils all 0.0.17+nmu1 [19.0 kB]
[2025-02-05T01:50:52.748+0000] {docker.py:73} INFO - Get:2 http://deb.debian.org/debian bookworm/main amd64 libonig5 amd64 6.9.8-1 [188 kB]
[2025-02-05T01:50:52.780+0000] {docker.py:73} INFO - Get:3 http://deb.debian.org/debian bookworm/main amd64 libjq1 amd64 1.6-2.1 [135 kB]
[2025-02-05T01:50:52.791+0000] {docker.py:73} INFO - Get:4 http://deb.debian.org/debian bookworm/main amd64 jq amd64 1.6-2.1 [64.9 kB]
[2025-02-05T01:50:52.793+0000] {docker.py:73} INFO - Get:5 http://deb.debian.org/debian bookworm/main amd64 libpq5 amd64 15.10-0+deb12u1 [191 kB]
[2025-02-05T01:50:52.806+0000] {docker.py:73} INFO - Get:6 http://deb.debian.org/debian bookworm/main amd64 postgresql-client-common all 248 [35.1 kB]
[2025-02-05T01:50:52.807+0000] {docker.py:73} INFO - Get:7 http://deb.debian.org/debian bookworm/main amd64 postgresql-client-15 amd64 15.10-0+deb12u1 [1704 kB]
[2025-02-05T01:50:52.855+0000] {docker.py:73} INFO - Get:8 http://deb.debian.org/debian bookworm/main amd64 postgresql-client all 15+248 [10.1 kB]
[2025-02-05T01:50:53.053+0000] {docker.py:73} INFO - debconf: delaying package configuration, since apt-utils is not installed
[2025-02-05T01:50:53.076+0000] {docker.py:73} INFO - Fetched 2347 kB in 0s (13.9 MB/s)
[2025-02-05T01:50:53.092+0000] {docker.py:73} INFO - Selecting previously unselected package sensible-utils.
[2025-02-05T01:50:53.092+0000] {docker.py:73} INFO - (Reading database ...
[2025-02-05T01:50:53.093+0000] {docker.py:73} INFO - (Reading database ... 5%(Reading database ... 10%(Reading database ... 15%(Reading database ... 20%(Reading database ... 25%(Reading database ... 30%(Reading database ... 35%(Reading database ... 40%(Reading database ... 45%(Reading database ... 50%(Reading database ... 55%(Reading database ... 60%(Reading database ... 65%(Reading database ... 70%
[2025-02-05T01:50:53.094+0000] {docker.py:73} INFO - (Reading database ... 75%
[2025-02-05T01:50:53.094+0000] {docker.py:73} INFO - (Reading database ... 80%
[2025-02-05T01:50:53.095+0000] {docker.py:73} INFO - (Reading database ... 85%
[2025-02-05T01:50:53.095+0000] {docker.py:73} INFO - (Reading database ... 90%
[2025-02-05T01:50:53.096+0000] {docker.py:73} INFO - (Reading database ... 95%
[2025-02-05T01:50:53.097+0000] {docker.py:73} INFO - (Reading database ... 100%(Reading database ... 9877 files and directories currently installed.)
[2025-02-05T01:50:53.097+0000] {docker.py:73} INFO - Preparing to unpack .../0-sensible-utils_0.0.17+nmu1_all.deb ...
[2025-02-05T01:50:53.101+0000] {docker.py:73} INFO - Unpacking sensible-utils (0.0.17+nmu1) ...
[2025-02-05T01:50:53.187+0000] {docker.py:73} INFO - Selecting previously unselected package libonig5:amd64.
[2025-02-05T01:50:53.188+0000] {docker.py:73} INFO - Preparing to unpack .../1-libonig5_6.9.8-1_amd64.deb ...
[2025-02-05T01:50:53.195+0000] {docker.py:73} INFO - Unpacking libonig5:amd64 (6.9.8-1) ...
[2025-02-05T01:50:53.291+0000] {docker.py:73} INFO - Selecting previously unselected package libjq1:amd64.
[2025-02-05T01:50:53.292+0000] {docker.py:73} INFO - Preparing to unpack .../2-libjq1_1.6-2.1_amd64.deb ...
[2025-02-05T01:50:53.296+0000] {docker.py:73} INFO - Unpacking libjq1:amd64 (1.6-2.1) ...
[2025-02-05T01:50:53.383+0000] {docker.py:73} INFO - Selecting previously unselected package jq.
[2025-02-05T01:50:53.384+0000] {docker.py:73} INFO - Preparing to unpack .../3-jq_1.6-2.1_amd64.deb ...
[2025-02-05T01:50:53.388+0000] {docker.py:73} INFO - Unpacking jq (1.6-2.1) ...
[2025-02-05T01:50:53.425+0000] {docker.py:73} INFO - Selecting previously unselected package libpq5:amd64.
[2025-02-05T01:50:53.426+0000] {docker.py:73} INFO - Preparing to unpack .../4-libpq5_15.10-0+deb12u1_amd64.deb ...
[2025-02-05T01:50:53.483+0000] {docker.py:73} INFO - Unpacking libpq5:amd64 (15.10-0+deb12u1) ...
[2025-02-05T01:50:53.524+0000] {docker.py:73} INFO - Selecting previously unselected package postgresql-client-common.
[2025-02-05T01:50:53.525+0000] {docker.py:73} INFO - Preparing to unpack .../5-postgresql-client-common_248_all.deb ...
[2025-02-05T01:50:53.584+0000] {docker.py:73} INFO - Unpacking postgresql-client-common (248) ...
[2025-02-05T01:50:53.617+0000] {docker.py:73} INFO - Selecting previously unselected package postgresql-client-15.
[2025-02-05T01:50:53.618+0000] {docker.py:73} INFO - Preparing to unpack .../6-postgresql-client-15_15.10-0+deb12u1_amd64.deb ...
[2025-02-05T01:50:53.621+0000] {docker.py:73} INFO - Unpacking postgresql-client-15 (15.10-0+deb12u1) ...
[2025-02-05T01:50:53.818+0000] {docker.py:73} INFO - Selecting previously unselected package postgresql-client.
[2025-02-05T01:50:53.820+0000] {docker.py:73} INFO - Preparing to unpack .../7-postgresql-client_15+248_all.deb ...
[2025-02-05T01:50:53.824+0000] {docker.py:73} INFO - Unpacking postgresql-client (15+248) ...
[2025-02-05T01:50:53.910+0000] {docker.py:73} INFO - Setting up postgresql-client-common (248) ...
[2025-02-05T01:50:53.983+0000] {docker.py:73} INFO - Setting up libpq5:amd64 (15.10-0+deb12u1) ...
[2025-02-05T01:50:53.993+0000] {docker.py:73} INFO - Setting up sensible-utils (0.0.17+nmu1) ...
[2025-02-05T01:50:54.003+0000] {docker.py:73} INFO - Setting up libonig5:amd64 (6.9.8-1) ...
[2025-02-05T01:50:54.076+0000] {docker.py:73} INFO - Setting up libjq1:amd64 (1.6-2.1) ...
[2025-02-05T01:50:54.090+0000] {docker.py:73} INFO - Setting up postgresql-client-15 (15.10-0+deb12u1) ...
[2025-02-05T01:50:54.655+0000] {docker.py:73} INFO - update-alternatives: using /usr/share/postgresql/15/man/man1/psql.1.gz to provide /usr/share/man/man1/psql.1.gz (psql.1.gz) in auto mode
[2025-02-05T01:50:54.689+0000] {docker.py:73} INFO - Setting up jq (1.6-2.1) ...
[2025-02-05T01:50:54.699+0000] {docker.py:73} INFO - Setting up postgresql-client (15+248) ...
[2025-02-05T01:50:54.774+0000] {docker.py:73} INFO - Processing triggers for libc-bin (2.36-9+deb12u9) ...
[2025-02-05T01:50:55.143+0000] {docker.py:73} INFO - + echo 'Criando tabela final...'
[2025-02-05T01:50:55.144+0000] {docker.py:73} INFO - + PGPASSWORD=thewindisblowing
[2025-02-05T01:50:55.144+0000] {docker.py:73} INFO - + psql -h northwind_db -U northwind_user -d northwind -c '
[2025-02-05T01:50:55.145+0000] {docker.py:73} INFO -             DROP TABLE IF EXISTS order_details;
[2025-02-05T01:50:55.145+0000] {docker.py:73} INFO -             CREATE TABLE order_details (
[2025-02-05T01:50:55.146+0000] {docker.py:73} INFO -                 order_id SMALLINT,
[2025-02-05T01:50:55.146+0000] {docker.py:73} INFO -                 product_id SMALLINT,
[2025-02-05T01:50:55.147+0000] {docker.py:73} INFO -                 unit_price REAL,
[2025-02-05T01:50:55.147+0000] {docker.py:73} INFO -                 quantity SMALLINT,
[2025-02-05T01:50:55.147+0000] {docker.py:73} INFO -                 discount REAL
[2025-02-05T01:50:55.148+0000] {docker.py:73} INFO -             );'
[2025-02-05T01:50:55.148+0000] {docker.py:73} INFO - Criando tabela final...
[2025-02-05T01:50:55.229+0000] {docker.py:73} INFO - DROP TABLE
[2025-02-05T01:50:55.230+0000] {docker.py:73} INFO - CREATE TABLE
[2025-02-05T01:50:55.230+0000] {docker.py:73} INFO - Carregando dados...
[2025-02-05T01:50:55.231+0000] {docker.py:73} INFO - + echo 'Carregando dados...'
[2025-02-05T01:50:55.232+0000] {docker.py:73} INFO - + cat /meltano/demo-project/input/csv/2025-02-05/order_details.json
[2025-02-05T01:50:55.232+0000] {docker.py:73} INFO - + jq -r 'select(.type == "RECORD") | .record | [(.order_id|tonumber), (.product_id|tonumber), (.unit_price|tonumber), (.quantity|tonumber), (.discount|tonumber)] | @csv'
[2025-02-05T01:50:55.233+0000] {docker.py:73} INFO - + PGPASSWORD=thewindisblowing
[2025-02-05T01:50:55.233+0000] {docker.py:73} INFO - + psql -h northwind_db -U northwind_user -d northwind -c 'COPY order_details FROM STDIN WITH (FORMAT csv)'
[2025-02-05T01:50:55.316+0000] {docker.py:73} INFO - COPY 2155
[2025-02-05T01:50:55.317+0000] {docker.py:73} INFO - + echo 'Verificando dados carregados:'
[2025-02-05T01:50:55.317+0000] {docker.py:73} INFO - + PGPASSWORD=thewindisblowing
[2025-02-05T01:50:55.318+0000] {docker.py:73} INFO - + psql -h northwind_db -U northwind_user -d northwind -c '
[2025-02-05T01:50:55.318+0000] {docker.py:73} INFO -             SELECT 
[2025-02-05T01:50:55.318+0000] {docker.py:73} INFO -                 pg_typeof(order_id) as order_id_type,
[2025-02-05T01:50:55.319+0000] {docker.py:73} INFO -                 pg_typeof(product_id) as product_id_type,
[2025-02-05T01:50:55.319+0000] {docker.py:73} INFO -                 pg_typeof(unit_price) as unit_price_type,
[2025-02-05T01:50:55.319+0000] {docker.py:73} INFO -                 pg_typeof(quantity) as quantity_type,
[2025-02-05T01:50:55.320+0000] {docker.py:73} INFO -                 pg_typeof(discount) as discount_type
[2025-02-05T01:50:55.320+0000] {docker.py:73} INFO -             FROM order_details 
[2025-02-05T01:50:55.320+0000] {docker.py:73} INFO -             LIMIT 1;
[2025-02-05T01:50:55.321+0000] {docker.py:73} INFO -             
[2025-02-05T01:50:55.321+0000] {docker.py:73} INFO -             SELECT COUNT(*) as total_records FROM order_details;
[2025-02-05T01:50:55.321+0000] {docker.py:73} INFO -         '
[2025-02-05T01:50:55.321+0000] {docker.py:73} INFO - Verificando dados carregados:
[2025-02-05T01:50:55.362+0000] {docker.py:73} INFO -  order_id_type | product_id_type | unit_price_type | quantity_type | discount_type 
[2025-02-05T01:50:55.362+0000] {docker.py:73} INFO - ---------------+-----------------+-----------------+---------------+---------------
[2025-02-05T01:50:55.363+0000] {docker.py:73} INFO -  smallint      | smallint        | real            | smallint      | real
[2025-02-05T01:50:55.363+0000] {docker.py:73} INFO - (1 row)
[2025-02-05T01:50:55.364+0000] {docker.py:73} INFO - 
[2025-02-05T01:50:55.364+0000] {docker.py:73} INFO -  total_records 
[2025-02-05T01:50:55.364+0000] {docker.py:73} INFO - ---------------
[2025-02-05T01:50:55.365+0000] {docker.py:73} INFO -           2155
[2025-02-05T01:50:55.365+0000] {docker.py:73} INFO - (1 row)
[2025-02-05T01:50:56.134+0000] {taskinstance.py:340} INFO - ::group::Post task execution logs
[2025-02-05T01:50:56.135+0000] {taskinstance.py:352} INFO - Marking task as SUCCESS. dag_id=northwind_loader, task_id=load_postgres, run_id=scheduled__2025-02-04T00:00:00+00:00, execution_date=20250204T000000, start_date=20250205T015049, end_date=20250205T015056
[2025-02-05T01:50:56.189+0000] {local_task_job_runner.py:266} INFO - Task exited with return code 0
[2025-02-05T01:50:56.206+0000] {taskinstance.py:3895} INFO - 0 downstream tasks scheduled from follow-on schedule check
[2025-02-05T01:50:56.208+0000] {local_task_job_runner.py:245} INFO - ::endgroup::
