[2025-02-05T02:25:47.193+0000] {local_task_job_runner.py:123} INFO - ::group::Pre task execution logs
[2025-02-05T02:25:47.221+0000] {taskinstance.py:2613} INFO - Dependencies all met for dep_context=non-requeueable deps ti=<TaskInstance: northwind_etl.extract_order_details scheduled__2024-04-22T08:00:00+00:00 [queued]>
[2025-02-05T02:25:47.238+0000] {taskinstance.py:2613} INFO - Dependencies all met for dep_context=requeueable deps ti=<TaskInstance: northwind_etl.extract_order_details scheduled__2024-04-22T08:00:00+00:00 [queued]>
[2025-02-05T02:25:47.239+0000] {taskinstance.py:2866} INFO - Starting attempt 1 of 1
[2025-02-05T02:25:47.287+0000] {taskinstance.py:2889} INFO - Executing <Task(PythonOperator): extract_order_details> on 2024-04-22 08:00:00+00:00
[2025-02-05T02:25:47.306+0000] {logging_mixin.py:190} WARNING - /home/***/.local/lib/python3.12/site-packages/***/task/task_runner/standard_task_runner.py:70 DeprecationWarning: This process (pid=14743) is multi-threaded, use of fork() may lead to deadlocks in the child.
[2025-02-05T02:25:47.314+0000] {standard_task_runner.py:72} INFO - Started process 14777 to run task
[2025-02-05T02:25:47.327+0000] {standard_task_runner.py:104} INFO - Running: ['***', 'tasks', 'run', 'northwind_etl', 'extract_order_details', 'scheduled__2024-04-22T08:00:00+00:00', '--job-id', '311', '--raw', '--subdir', 'DAGS_FOLDER/northwind_etl/northwind_etl.py', '--cfg-path', '/tmp/tmpd1y5xz2h']
[2025-02-05T02:25:47.331+0000] {standard_task_runner.py:105} INFO - Job 311: Subtask extract_order_details
[2025-02-05T02:25:47.421+0000] {task_command.py:467} INFO - Running <TaskInstance: northwind_etl.extract_order_details scheduled__2024-04-22T08:00:00+00:00 [running]> on host 09d05643d017
[2025-02-05T02:25:47.665+0000] {taskinstance.py:3132} INFO - Exporting env vars: AIRFLOW_CTX_DAG_OWNER='gabriel' AIRFLOW_CTX_DAG_ID='northwind_etl' AIRFLOW_CTX_TASK_ID='extract_order_details' AIRFLOW_CTX_EXECUTION_DATE='2024-04-22T08:00:00+00:00' AIRFLOW_CTX_TRY_NUMBER='1' AIRFLOW_CTX_DAG_RUN_ID='scheduled__2024-04-22T08:00:00+00:00'
[2025-02-05T02:25:47.668+0000] {taskinstance.py:731} INFO - ::endgroup::
[2025-02-05T02:25:47.704+0000] {logging_mixin.py:190} INFO - CSV extraction for date: 2024-04-22
[2025-02-05T02:25:47.744+0000] {logging_mixin.py:190} INFO - Total records extracted from CSV: 2155
[2025-02-05T02:25:47.745+0000] {logging_mixin.py:190} INFO - Columns present: order_id, product_id, unit_price, quantity, discount
[2025-02-05T02:25:47.877+0000] {logging_mixin.py:190} INFO - CSV data saved successfully at: /opt/***/data/csv/order_details/2024-04-22/order_details.parquet
[2025-02-05T02:25:47.879+0000] {python.py:240} INFO - Done. Returned value was: Extracted 2155 records from order_details.csv
[2025-02-05T02:25:47.934+0000] {taskinstance.py:340} INFO - ::group::Post task execution logs
[2025-02-05T02:25:47.935+0000] {taskinstance.py:352} INFO - Marking task as SUCCESS. dag_id=northwind_etl, task_id=extract_order_details, run_id=scheduled__2024-04-22T08:00:00+00:00, execution_date=20240422T080000, start_date=20250205T022547, end_date=20250205T022547
[2025-02-05T02:25:48.009+0000] {local_task_job_runner.py:266} INFO - Task exited with return code 0
[2025-02-05T02:25:48.044+0000] {taskinstance.py:3895} INFO - 0 downstream tasks scheduled from follow-on schedule check
[2025-02-05T02:25:48.058+0000] {local_task_job_runner.py:245} INFO - ::endgroup::
