[2025-02-02T20:09:06.931+0000] {processor.py:186} INFO - Started process (PID=190) to work on /opt/airflow/dags/northwind_etl/northwind_meltano.py
[2025-02-02T20:09:06.932+0000] {processor.py:914} INFO - Processing file /opt/airflow/dags/northwind_etl/northwind_meltano.py for tasks to queue
[2025-02-02T20:09:06.934+0000] {logging_mixin.py:190} INFO - [2025-02-02T20:09:06.934+0000] {dagbag.py:588} INFO - Filling up the DagBag from /opt/airflow/dags/northwind_etl/northwind_meltano.py
[2025-02-02T20:09:06.975+0000] {processor.py:925} INFO - DAG(s) 'northwind_meltano' retrieved from /opt/airflow/dags/northwind_etl/northwind_meltano.py
[2025-02-02T20:09:07.203+0000] {logging_mixin.py:190} INFO - [2025-02-02T20:09:07.203+0000] {override.py:1911} INFO - Created Permission View: can edit on DAG:northwind_meltano
[2025-02-02T20:09:07.211+0000] {logging_mixin.py:190} INFO - [2025-02-02T20:09:07.211+0000] {override.py:1911} INFO - Created Permission View: can read on DAG:northwind_meltano
[2025-02-02T20:09:07.217+0000] {logging_mixin.py:190} INFO - [2025-02-02T20:09:07.216+0000] {override.py:1911} INFO - Created Permission View: can delete on DAG:northwind_meltano
[2025-02-02T20:09:07.222+0000] {logging_mixin.py:190} INFO - [2025-02-02T20:09:07.222+0000] {override.py:1911} INFO - Created Permission View: can create on DAG Run:northwind_meltano
[2025-02-02T20:09:07.228+0000] {logging_mixin.py:190} INFO - [2025-02-02T20:09:07.227+0000] {override.py:1911} INFO - Created Permission View: menu access on DAG Run:northwind_meltano
[2025-02-02T20:09:07.233+0000] {logging_mixin.py:190} INFO - [2025-02-02T20:09:07.232+0000] {override.py:1911} INFO - Created Permission View: can delete on DAG Run:northwind_meltano
[2025-02-02T20:09:07.795+0000] {logging_mixin.py:190} INFO - [2025-02-02T20:09:07.794+0000] {override.py:1911} INFO - Created Permission View: can read on DAG Run:northwind_meltano
[2025-02-02T20:09:07.796+0000] {logging_mixin.py:190} INFO - [2025-02-02T20:09:07.795+0000] {dag.py:3239} INFO - Sync 1 DAGs
[2025-02-02T20:09:07.811+0000] {logging_mixin.py:190} INFO - [2025-02-02T20:09:07.810+0000] {dag.py:3262} INFO - Creating ORM DAG for northwind_meltano
[2025-02-02T20:09:07.823+0000] {logging_mixin.py:190} INFO - [2025-02-02T20:09:07.823+0000] {dag.py:4180} INFO - Setting next_dagrun for northwind_meltano to 2024-01-01 08:00:00+00:00, run_after=2024-01-02 08:00:00+00:00
[2025-02-02T20:09:07.842+0000] {processor.py:208} INFO - Processing /opt/airflow/dags/northwind_etl/northwind_meltano.py took 0.916 seconds
[2025-02-02T20:09:37.949+0000] {processor.py:186} INFO - Started process (PID=207) to work on /opt/airflow/dags/northwind_etl/northwind_meltano.py
[2025-02-02T20:09:37.950+0000] {processor.py:914} INFO - Processing file /opt/airflow/dags/northwind_etl/northwind_meltano.py for tasks to queue
[2025-02-02T20:09:37.952+0000] {logging_mixin.py:190} INFO - [2025-02-02T20:09:37.951+0000] {dagbag.py:588} INFO - Filling up the DagBag from /opt/airflow/dags/northwind_etl/northwind_meltano.py
[2025-02-02T20:09:37.972+0000] {processor.py:925} INFO - DAG(s) 'northwind_meltano' retrieved from /opt/airflow/dags/northwind_etl/northwind_meltano.py
[2025-02-02T20:09:37.993+0000] {logging_mixin.py:190} INFO - [2025-02-02T20:09:37.993+0000] {dag.py:3239} INFO - Sync 1 DAGs
[2025-02-02T20:09:38.013+0000] {logging_mixin.py:190} INFO - [2025-02-02T20:09:38.012+0000] {dag.py:4180} INFO - Setting next_dagrun for northwind_meltano to 2024-01-01 08:00:00+00:00, run_after=2024-01-02 08:00:00+00:00
[2025-02-02T20:09:38.027+0000] {processor.py:208} INFO - Processing /opt/airflow/dags/northwind_etl/northwind_meltano.py took 0.083 seconds
[2025-02-02T20:10:08.282+0000] {processor.py:186} INFO - Started process (PID=224) to work on /opt/airflow/dags/northwind_etl/northwind_meltano.py
[2025-02-02T20:10:08.282+0000] {processor.py:914} INFO - Processing file /opt/airflow/dags/northwind_etl/northwind_meltano.py for tasks to queue
[2025-02-02T20:10:08.284+0000] {logging_mixin.py:190} INFO - [2025-02-02T20:10:08.284+0000] {dagbag.py:588} INFO - Filling up the DagBag from /opt/airflow/dags/northwind_etl/northwind_meltano.py
[2025-02-02T20:10:08.305+0000] {processor.py:925} INFO - DAG(s) 'northwind_meltano' retrieved from /opt/airflow/dags/northwind_etl/northwind_meltano.py
[2025-02-02T20:10:08.328+0000] {logging_mixin.py:190} INFO - [2025-02-02T20:10:08.327+0000] {dag.py:3239} INFO - Sync 1 DAGs
[2025-02-02T20:10:08.349+0000] {logging_mixin.py:190} INFO - [2025-02-02T20:10:08.348+0000] {dag.py:4180} INFO - Setting next_dagrun for northwind_meltano to 2024-01-01 08:00:00+00:00, run_after=2024-01-02 08:00:00+00:00
[2025-02-02T20:10:08.364+0000] {processor.py:208} INFO - Processing /opt/airflow/dags/northwind_etl/northwind_meltano.py took 0.086 seconds
[2025-02-02T20:17:30.778+0000] {processor.py:186} INFO - Started process (PID=189) to work on /opt/airflow/dags/northwind_etl/northwind_meltano.py
[2025-02-02T20:17:30.779+0000] {processor.py:914} INFO - Processing file /opt/airflow/dags/northwind_etl/northwind_meltano.py for tasks to queue
[2025-02-02T20:17:30.781+0000] {logging_mixin.py:190} INFO - [2025-02-02T20:17:30.781+0000] {dagbag.py:588} INFO - Filling up the DagBag from /opt/airflow/dags/northwind_etl/northwind_meltano.py
[2025-02-02T20:17:30.810+0000] {processor.py:925} INFO - DAG(s) 'northwind_meltano' retrieved from /opt/airflow/dags/northwind_etl/northwind_meltano.py
[2025-02-02T20:17:31.011+0000] {logging_mixin.py:190} INFO - [2025-02-02T20:17:31.011+0000] {override.py:1911} INFO - Created Permission View: can delete on DAG:northwind_meltano
[2025-02-02T20:17:31.020+0000] {logging_mixin.py:190} INFO - [2025-02-02T20:17:31.019+0000] {override.py:1911} INFO - Created Permission View: can edit on DAG:northwind_meltano
[2025-02-02T20:17:31.025+0000] {logging_mixin.py:190} INFO - [2025-02-02T20:17:31.025+0000] {override.py:1911} INFO - Created Permission View: can read on DAG:northwind_meltano
[2025-02-02T20:17:31.031+0000] {logging_mixin.py:190} INFO - [2025-02-02T20:17:31.031+0000] {override.py:1911} INFO - Created Permission View: can create on DAG Run:northwind_meltano
[2025-02-02T20:17:31.036+0000] {logging_mixin.py:190} INFO - [2025-02-02T20:17:31.036+0000] {override.py:1911} INFO - Created Permission View: can delete on DAG Run:northwind_meltano
[2025-02-02T20:17:31.042+0000] {logging_mixin.py:190} INFO - [2025-02-02T20:17:31.041+0000] {override.py:1911} INFO - Created Permission View: menu access on DAG Run:northwind_meltano
[2025-02-02T20:17:31.047+0000] {logging_mixin.py:190} INFO - [2025-02-02T20:17:31.047+0000] {override.py:1911} INFO - Created Permission View: can read on DAG Run:northwind_meltano
[2025-02-02T20:17:31.047+0000] {logging_mixin.py:190} INFO - [2025-02-02T20:17:31.047+0000] {dag.py:3239} INFO - Sync 1 DAGs
[2025-02-02T20:17:31.059+0000] {logging_mixin.py:190} INFO - [2025-02-02T20:17:31.058+0000] {dag.py:3262} INFO - Creating ORM DAG for northwind_meltano
[2025-02-02T20:17:31.068+0000] {logging_mixin.py:190} INFO - [2025-02-02T20:17:31.068+0000] {dag.py:4180} INFO - Setting next_dagrun for northwind_meltano to 2024-01-01 08:00:00+00:00, run_after=2024-01-02 08:00:00+00:00
[2025-02-02T20:17:31.084+0000] {processor.py:208} INFO - Processing /opt/airflow/dags/northwind_etl/northwind_meltano.py took 0.310 seconds
[2025-02-02T20:18:01.332+0000] {processor.py:186} INFO - Started process (PID=206) to work on /opt/airflow/dags/northwind_etl/northwind_meltano.py
[2025-02-02T20:18:01.332+0000] {processor.py:914} INFO - Processing file /opt/airflow/dags/northwind_etl/northwind_meltano.py for tasks to queue
[2025-02-02T20:18:01.334+0000] {logging_mixin.py:190} INFO - [2025-02-02T20:18:01.334+0000] {dagbag.py:588} INFO - Filling up the DagBag from /opt/airflow/dags/northwind_etl/northwind_meltano.py
[2025-02-02T20:18:01.356+0000] {processor.py:925} INFO - DAG(s) 'northwind_meltano' retrieved from /opt/airflow/dags/northwind_etl/northwind_meltano.py
[2025-02-02T20:18:01.375+0000] {logging_mixin.py:190} INFO - [2025-02-02T20:18:01.375+0000] {dag.py:3239} INFO - Sync 1 DAGs
[2025-02-02T20:18:01.394+0000] {logging_mixin.py:190} INFO - [2025-02-02T20:18:01.394+0000] {dag.py:4180} INFO - Setting next_dagrun for northwind_meltano to 2024-01-01 08:00:00+00:00, run_after=2024-01-02 08:00:00+00:00
[2025-02-02T20:18:01.408+0000] {processor.py:208} INFO - Processing /opt/airflow/dags/northwind_etl/northwind_meltano.py took 0.081 seconds
[2025-02-02T20:18:31.645+0000] {processor.py:186} INFO - Started process (PID=223) to work on /opt/airflow/dags/northwind_etl/northwind_meltano.py
[2025-02-02T20:18:31.646+0000] {processor.py:914} INFO - Processing file /opt/airflow/dags/northwind_etl/northwind_meltano.py for tasks to queue
[2025-02-02T20:18:31.648+0000] {logging_mixin.py:190} INFO - [2025-02-02T20:18:31.647+0000] {dagbag.py:588} INFO - Filling up the DagBag from /opt/airflow/dags/northwind_etl/northwind_meltano.py
[2025-02-02T20:18:31.668+0000] {processor.py:925} INFO - DAG(s) 'northwind_meltano' retrieved from /opt/airflow/dags/northwind_etl/northwind_meltano.py
[2025-02-02T20:18:31.689+0000] {logging_mixin.py:190} INFO - [2025-02-02T20:18:31.688+0000] {dag.py:3239} INFO - Sync 1 DAGs
[2025-02-02T20:18:31.708+0000] {logging_mixin.py:190} INFO - [2025-02-02T20:18:31.708+0000] {dag.py:4180} INFO - Setting next_dagrun for northwind_meltano to 2024-01-01 08:00:00+00:00, run_after=2024-01-02 08:00:00+00:00
[2025-02-02T20:18:31.722+0000] {processor.py:208} INFO - Processing /opt/airflow/dags/northwind_etl/northwind_meltano.py took 0.081 seconds
[2025-02-02T20:19:01.962+0000] {processor.py:186} INFO - Started process (PID=240) to work on /opt/airflow/dags/northwind_etl/northwind_meltano.py
[2025-02-02T20:19:01.963+0000] {processor.py:914} INFO - Processing file /opt/airflow/dags/northwind_etl/northwind_meltano.py for tasks to queue
[2025-02-02T20:19:01.965+0000] {logging_mixin.py:190} INFO - [2025-02-02T20:19:01.965+0000] {dagbag.py:588} INFO - Filling up the DagBag from /opt/airflow/dags/northwind_etl/northwind_meltano.py
[2025-02-02T20:19:01.988+0000] {processor.py:925} INFO - DAG(s) 'northwind_meltano' retrieved from /opt/airflow/dags/northwind_etl/northwind_meltano.py
[2025-02-02T20:19:02.009+0000] {logging_mixin.py:190} INFO - [2025-02-02T20:19:02.009+0000] {dag.py:3239} INFO - Sync 1 DAGs
[2025-02-02T20:19:02.028+0000] {logging_mixin.py:190} INFO - [2025-02-02T20:19:02.027+0000] {dag.py:4180} INFO - Setting next_dagrun for northwind_meltano to 2024-01-01 08:00:00+00:00, run_after=2024-01-02 08:00:00+00:00
[2025-02-02T20:19:02.110+0000] {processor.py:208} INFO - Processing /opt/airflow/dags/northwind_etl/northwind_meltano.py took 0.153 seconds
[2025-02-02T20:19:32.389+0000] {processor.py:186} INFO - Started process (PID=257) to work on /opt/airflow/dags/northwind_etl/northwind_meltano.py
[2025-02-02T20:19:32.390+0000] {processor.py:914} INFO - Processing file /opt/airflow/dags/northwind_etl/northwind_meltano.py for tasks to queue
[2025-02-02T20:19:32.392+0000] {logging_mixin.py:190} INFO - [2025-02-02T20:19:32.392+0000] {dagbag.py:588} INFO - Filling up the DagBag from /opt/airflow/dags/northwind_etl/northwind_meltano.py
[2025-02-02T20:19:32.414+0000] {processor.py:925} INFO - DAG(s) 'northwind_meltano' retrieved from /opt/airflow/dags/northwind_etl/northwind_meltano.py
[2025-02-02T20:19:32.435+0000] {logging_mixin.py:190} INFO - [2025-02-02T20:19:32.435+0000] {dag.py:3239} INFO - Sync 1 DAGs
[2025-02-02T20:19:32.454+0000] {logging_mixin.py:190} INFO - [2025-02-02T20:19:32.454+0000] {dag.py:4180} INFO - Setting next_dagrun for northwind_meltano to 2024-01-01 08:00:00+00:00, run_after=2024-01-02 08:00:00+00:00
[2025-02-02T20:19:32.469+0000] {processor.py:208} INFO - Processing /opt/airflow/dags/northwind_etl/northwind_meltano.py took 0.085 seconds
