[2025-02-05T02:25:18.226+0000] {local_task_job_runner.py:123} INFO - ::group::Pre task execution logs
[2025-02-05T02:25:18.264+0000] {taskinstance.py:2613} INFO - Dependencies all met for dep_context=non-requeueable deps ti=<TaskInstance: northwind_etl.extract_order_details scheduled__2024-02-26T08:00:00+00:00 [queued]>
[2025-02-05T02:25:18.287+0000] {taskinstance.py:2613} INFO - Dependencies all met for dep_context=requeueable deps ti=<TaskInstance: northwind_etl.extract_order_details scheduled__2024-02-26T08:00:00+00:00 [queued]>
[2025-02-05T02:25:18.302+0000] {taskinstance.py:2866} INFO - Starting attempt 1 of 1
[2025-02-05T02:25:18.383+0000] {taskinstance.py:2889} INFO - Executing <Task(PythonOperator): extract_order_details> on 2024-02-26 08:00:00+00:00
[2025-02-05T02:25:18.400+0000] {standard_task_runner.py:104} INFO - Running: ['***', 'tasks', 'run', 'northwind_etl', 'extract_order_details', 'scheduled__2024-02-26T08:00:00+00:00', '--job-id', '196', '--raw', '--subdir', 'DAGS_FOLDER/northwind_etl/northwind_etl.py', '--cfg-path', '/tmp/tmppdtrw9tr']
[2025-02-05T02:25:18.401+0000] {logging_mixin.py:190} WARNING - /home/***/.local/lib/python3.12/site-packages/***/task/task_runner/standard_task_runner.py:70 DeprecationWarning: This process (pid=14141) is multi-threaded, use of fork() may lead to deadlocks in the child.
[2025-02-05T02:25:18.403+0000] {standard_task_runner.py:105} INFO - Job 196: Subtask extract_order_details
[2025-02-05T02:25:18.404+0000] {standard_task_runner.py:72} INFO - Started process 14190 to run task
[2025-02-05T02:25:18.467+0000] {task_command.py:467} INFO - Running <TaskInstance: northwind_etl.extract_order_details scheduled__2024-02-26T08:00:00+00:00 [running]> on host 09d05643d017
[2025-02-05T02:25:18.577+0000] {taskinstance.py:3132} INFO - Exporting env vars: AIRFLOW_CTX_DAG_OWNER='gabriel' AIRFLOW_CTX_DAG_ID='northwind_etl' AIRFLOW_CTX_TASK_ID='extract_order_details' AIRFLOW_CTX_EXECUTION_DATE='2024-02-26T08:00:00+00:00' AIRFLOW_CTX_TRY_NUMBER='1' AIRFLOW_CTX_DAG_RUN_ID='scheduled__2024-02-26T08:00:00+00:00'
[2025-02-05T02:25:18.578+0000] {taskinstance.py:731} INFO - ::endgroup::
[2025-02-05T02:25:18.598+0000] {logging_mixin.py:190} INFO - CSV extraction for date: 2024-02-26
[2025-02-05T02:25:18.609+0000] {logging_mixin.py:190} INFO - Total records extracted from CSV: 2155
[2025-02-05T02:25:18.610+0000] {logging_mixin.py:190} INFO - Columns present: order_id, product_id, unit_price, quantity, discount
[2025-02-05T02:25:18.659+0000] {logging_mixin.py:190} INFO - CSV data saved successfully at: /opt/***/data/csv/order_details/2024-02-26/order_details.parquet
[2025-02-05T02:25:18.660+0000] {python.py:240} INFO - Done. Returned value was: Extracted 2155 records from order_details.csv
[2025-02-05T02:25:18.687+0000] {taskinstance.py:340} INFO - ::group::Post task execution logs
[2025-02-05T02:25:18.688+0000] {taskinstance.py:352} INFO - Marking task as SUCCESS. dag_id=northwind_etl, task_id=extract_order_details, run_id=scheduled__2024-02-26T08:00:00+00:00, execution_date=20240226T080000, start_date=20250205T022518, end_date=20250205T022518
[2025-02-05T02:25:18.743+0000] {local_task_job_runner.py:266} INFO - Task exited with return code 0
[2025-02-05T02:25:18.761+0000] {taskinstance.py:3895} INFO - 0 downstream tasks scheduled from follow-on schedule check
[2025-02-05T02:25:18.763+0000] {local_task_job_runner.py:245} INFO - ::endgroup::
