[2025-02-05T02:24:50.811+0000] {local_task_job_runner.py:123} INFO - ::group::Pre task execution logs
[2025-02-05T02:24:50.831+0000] {taskinstance.py:2613} INFO - Dependencies all met for dep_context=non-requeueable deps ti=<TaskInstance: northwind_etl.extract_orders manual__2025-02-05T02:24:49.937257+00:00 [queued]>
[2025-02-05T02:24:50.841+0000] {taskinstance.py:2613} INFO - Dependencies all met for dep_context=requeueable deps ti=<TaskInstance: northwind_etl.extract_orders manual__2025-02-05T02:24:49.937257+00:00 [queued]>
[2025-02-05T02:24:50.842+0000] {taskinstance.py:2866} INFO - Starting attempt 1 of 1
[2025-02-05T02:24:50.882+0000] {taskinstance.py:2889} INFO - Executing <Task(PythonOperator): extract_orders> on 2025-02-05 02:24:49.937257+00:00
[2025-02-05T02:24:50.892+0000] {logging_mixin.py:190} WARNING - /home/***/.local/lib/python3.12/site-packages/***/task/task_runner/standard_task_runner.py:70 DeprecationWarning: This process (pid=13580) is multi-threaded, use of fork() may lead to deadlocks in the child.
[2025-02-05T02:24:50.892+0000] {standard_task_runner.py:104} INFO - Running: ['***', 'tasks', 'run', 'northwind_etl', 'extract_orders', 'manual__2025-02-05T02:24:49.937257+00:00', '--job-id', '75', '--raw', '--subdir', 'DAGS_FOLDER/northwind_etl/northwind_etl.py', '--cfg-path', '/tmp/tmpv85y84s9']
[2025-02-05T02:24:50.894+0000] {standard_task_runner.py:72} INFO - Started process 13595 to run task
[2025-02-05T02:24:50.894+0000] {standard_task_runner.py:105} INFO - Job 75: Subtask extract_orders
[2025-02-05T02:24:50.951+0000] {task_command.py:467} INFO - Running <TaskInstance: northwind_etl.extract_orders manual__2025-02-05T02:24:49.937257+00:00 [running]> on host 09d05643d017
[2025-02-05T02:24:51.051+0000] {taskinstance.py:3132} INFO - Exporting env vars: AIRFLOW_CTX_DAG_OWNER='gabriel' AIRFLOW_CTX_DAG_ID='northwind_etl' AIRFLOW_CTX_TASK_ID='extract_orders' AIRFLOW_CTX_EXECUTION_DATE='2025-02-05T02:24:49.937257+00:00' AIRFLOW_CTX_TRY_NUMBER='1' AIRFLOW_CTX_DAG_RUN_ID='manual__2025-02-05T02:24:49.937257+00:00'
[2025-02-05T02:24:51.053+0000] {taskinstance.py:731} INFO - ::endgroup::
[2025-02-05T02:24:51.108+0000] {logging_mixin.py:190} INFO - table: orders, date: 2025-02-05
[2025-02-05T02:24:51.196+0000] {logging_mixin.py:190} INFO - Total records extracted: 830
[2025-02-05T02:24:51.197+0000] {logging_mixin.py:190} INFO - Columns present: order_id, customer_id, employee_id, order_date, required_date, shipped_date, ship_via, freight, ship_name, ship_address, ship_city, ship_region, ship_postal_code, ship_country
[2025-02-05T02:24:51.464+0000] {logging_mixin.py:190} INFO - Extraction saved successfully at: /opt/***/data/postgres/orders/2025-02-05/orders.parquet
[2025-02-05T02:24:51.471+0000] {python.py:240} INFO - Done. Returned value was: Extracted 830 records from orders
[2025-02-05T02:24:51.520+0000] {taskinstance.py:340} INFO - ::group::Post task execution logs
[2025-02-05T02:24:51.522+0000] {taskinstance.py:352} INFO - Marking task as SUCCESS. dag_id=northwind_etl, task_id=extract_orders, run_id=manual__2025-02-05T02:24:49.937257+00:00, execution_date=20250205T022449, start_date=20250205T022450, end_date=20250205T022451
[2025-02-05T02:24:51.595+0000] {local_task_job_runner.py:266} INFO - Task exited with return code 0
[2025-02-05T02:24:51.607+0000] {local_task_job_runner.py:245} INFO - ::endgroup::
