[2025-02-05T02:25:09.611+0000] {local_task_job_runner.py:123} INFO - ::group::Pre task execution logs
[2025-02-05T02:25:09.636+0000] {taskinstance.py:2613} INFO - Dependencies all met for dep_context=non-requeueable deps ti=<TaskInstance: northwind_etl.extract_order_details scheduled__2024-02-07T08:00:00+00:00 [queued]>
[2025-02-05T02:25:09.649+0000] {taskinstance.py:2613} INFO - Dependencies all met for dep_context=requeueable deps ti=<TaskInstance: northwind_etl.extract_order_details scheduled__2024-02-07T08:00:00+00:00 [queued]>
[2025-02-05T02:25:09.650+0000] {taskinstance.py:2866} INFO - Starting attempt 1 of 1
[2025-02-05T02:25:09.694+0000] {taskinstance.py:2889} INFO - Executing <Task(PythonOperator): extract_order_details> on 2024-02-07 08:00:00+00:00
[2025-02-05T02:25:09.718+0000] {logging_mixin.py:190} WARNING - /home/***/.local/lib/python3.12/site-packages/***/task/task_runner/standard_task_runner.py:70 DeprecationWarning: This process (pid=13942) is multi-threaded, use of fork() may lead to deadlocks in the child.
[2025-02-05T02:25:09.720+0000] {standard_task_runner.py:72} INFO - Started process 13997 to run task
[2025-02-05T02:25:09.718+0000] {standard_task_runner.py:104} INFO - Running: ['***', 'tasks', 'run', 'northwind_etl', 'extract_order_details', 'scheduled__2024-02-07T08:00:00+00:00', '--job-id', '159', '--raw', '--subdir', 'DAGS_FOLDER/northwind_etl/northwind_etl.py', '--cfg-path', '/tmp/tmpcaxclsyf']
[2025-02-05T02:25:09.721+0000] {standard_task_runner.py:105} INFO - Job 159: Subtask extract_order_details
[2025-02-05T02:25:09.831+0000] {task_command.py:467} INFO - Running <TaskInstance: northwind_etl.extract_order_details scheduled__2024-02-07T08:00:00+00:00 [running]> on host 09d05643d017
[2025-02-05T02:25:09.996+0000] {taskinstance.py:3132} INFO - Exporting env vars: AIRFLOW_CTX_DAG_OWNER='gabriel' AIRFLOW_CTX_DAG_ID='northwind_etl' AIRFLOW_CTX_TASK_ID='extract_order_details' AIRFLOW_CTX_EXECUTION_DATE='2024-02-07T08:00:00+00:00' AIRFLOW_CTX_TRY_NUMBER='1' AIRFLOW_CTX_DAG_RUN_ID='scheduled__2024-02-07T08:00:00+00:00'
[2025-02-05T02:25:09.998+0000] {taskinstance.py:731} INFO - ::endgroup::
[2025-02-05T02:25:10.015+0000] {logging_mixin.py:190} INFO - CSV extraction for date: 2024-02-07
[2025-02-05T02:25:10.030+0000] {logging_mixin.py:190} INFO - Total records extracted from CSV: 2155
[2025-02-05T02:25:10.031+0000] {logging_mixin.py:190} INFO - Columns present: order_id, product_id, unit_price, quantity, discount
[2025-02-05T02:25:10.102+0000] {logging_mixin.py:190} INFO - CSV data saved successfully at: /opt/***/data/csv/order_details/2024-02-07/order_details.parquet
[2025-02-05T02:25:10.103+0000] {python.py:240} INFO - Done. Returned value was: Extracted 2155 records from order_details.csv
[2025-02-05T02:25:10.135+0000] {taskinstance.py:340} INFO - ::group::Post task execution logs
[2025-02-05T02:25:10.137+0000] {taskinstance.py:352} INFO - Marking task as SUCCESS. dag_id=northwind_etl, task_id=extract_order_details, run_id=scheduled__2024-02-07T08:00:00+00:00, execution_date=20240207T080000, start_date=20250205T022509, end_date=20250205T022510
[2025-02-05T02:25:10.189+0000] {local_task_job_runner.py:266} INFO - Task exited with return code 0
[2025-02-05T02:25:10.224+0000] {taskinstance.py:3895} INFO - 0 downstream tasks scheduled from follow-on schedule check
[2025-02-05T02:25:10.232+0000] {local_task_job_runner.py:245} INFO - ::endgroup::
