[2025-02-05T02:30:14.600+0000] {local_task_job_runner.py:123} INFO - ::group::Pre task execution logs
[2025-02-05T02:30:14.612+0000] {taskinstance.py:2613} INFO - Dependencies all met for dep_context=non-requeueable deps ti=<TaskInstance: northwind_etl.extract_orders manual__2025-02-05T02:30:13.372083+00:00 [queued]>
[2025-02-05T02:30:14.619+0000] {taskinstance.py:2613} INFO - Dependencies all met for dep_context=requeueable deps ti=<TaskInstance: northwind_etl.extract_orders manual__2025-02-05T02:30:13.372083+00:00 [queued]>
[2025-02-05T02:30:14.620+0000] {taskinstance.py:2866} INFO - Starting attempt 1 of 1
[2025-02-05T02:30:14.631+0000] {taskinstance.py:2889} INFO - Executing <Task(PythonOperator): extract_orders> on 2025-02-05 02:30:13.372083+00:00
[2025-02-05T02:30:14.637+0000] {logging_mixin.py:190} WARNING - /home/***/.local/lib/python3.12/site-packages/***/task/task_runner/standard_task_runner.py:70 DeprecationWarning: This process (pid=16683) is multi-threaded, use of fork() may lead to deadlocks in the child.
[2025-02-05T02:30:14.639+0000] {standard_task_runner.py:72} INFO - Started process 16685 to run task
[2025-02-05T02:30:14.638+0000] {standard_task_runner.py:104} INFO - Running: ['***', 'tasks', 'run', 'northwind_etl', 'extract_orders', 'manual__2025-02-05T02:30:13.372083+00:00', '--job-id', '661', '--raw', '--subdir', 'DAGS_FOLDER/northwind_etl/northwind_etl.py', '--cfg-path', '/tmp/tmp295ou6gz']
[2025-02-05T02:30:14.639+0000] {standard_task_runner.py:105} INFO - Job 661: Subtask extract_orders
[2025-02-05T02:30:14.683+0000] {task_command.py:467} INFO - Running <TaskInstance: northwind_etl.extract_orders manual__2025-02-05T02:30:13.372083+00:00 [running]> on host 09d05643d017
[2025-02-05T02:30:14.810+0000] {taskinstance.py:3132} INFO - Exporting env vars: AIRFLOW_CTX_DAG_OWNER='gabriel' AIRFLOW_CTX_DAG_ID='northwind_etl' AIRFLOW_CTX_TASK_ID='extract_orders' AIRFLOW_CTX_EXECUTION_DATE='2025-02-05T02:30:13.372083+00:00' AIRFLOW_CTX_TRY_NUMBER='1' AIRFLOW_CTX_DAG_RUN_ID='manual__2025-02-05T02:30:13.372083+00:00'
[2025-02-05T02:30:14.811+0000] {taskinstance.py:731} INFO - ::endgroup::
[2025-02-05T02:30:14.823+0000] {logging_mixin.py:190} INFO - table: orders, date: 2025-02-05
[2025-02-05T02:30:14.861+0000] {logging_mixin.py:190} INFO - Total records extracted: 830
[2025-02-05T02:30:14.861+0000] {logging_mixin.py:190} INFO - Columns present: order_id, customer_id, employee_id, order_date, required_date, shipped_date, ship_via, freight, ship_name, ship_address, ship_city, ship_region, ship_postal_code, ship_country
[2025-02-05T02:30:14.900+0000] {logging_mixin.py:190} INFO - Extraction saved successfully at: /opt/***/data/postgres/orders/2025-02-05/orders.parquet
[2025-02-05T02:30:14.901+0000] {python.py:240} INFO - Done. Returned value was: Extracted 830 records from orders
[2025-02-05T02:30:14.919+0000] {taskinstance.py:340} INFO - ::group::Post task execution logs
[2025-02-05T02:30:14.920+0000] {taskinstance.py:352} INFO - Marking task as SUCCESS. dag_id=northwind_etl, task_id=extract_orders, run_id=manual__2025-02-05T02:30:13.372083+00:00, execution_date=20250205T023013, start_date=20250205T023014, end_date=20250205T023014
[2025-02-05T02:30:14.973+0000] {local_task_job_runner.py:266} INFO - Task exited with return code 0
[2025-02-05T02:30:14.988+0000] {taskinstance.py:3895} INFO - 1 downstream tasks scheduled from follow-on schedule check
[2025-02-05T02:30:14.989+0000] {local_task_job_runner.py:245} INFO - ::endgroup::
