[2025-02-01T20:33:31.368+0000] {processor.py:186} INFO - Started process (PID=172) to work on /home/airflow/.local/lib/python3.12/site-packages/airflow/example_dags/example_workday_timetable.py
[2025-02-01T20:33:31.369+0000] {processor.py:914} INFO - Processing file /home/airflow/.local/lib/python3.12/site-packages/airflow/example_dags/example_workday_timetable.py for tasks to queue
[2025-02-01T20:33:31.370+0000] {logging_mixin.py:190} INFO - [2025-02-01T20:33:31.370+0000] {dagbag.py:588} INFO - Filling up the DagBag from /home/airflow/.local/lib/python3.12/site-packages/airflow/example_dags/example_workday_timetable.py
[2025-02-01T20:33:31.382+0000] {processor.py:925} INFO - DAG(s) 'example_workday_timetable' retrieved from /home/airflow/.local/lib/python3.12/site-packages/airflow/example_dags/example_workday_timetable.py
[2025-02-01T20:33:31.577+0000] {logging_mixin.py:190} INFO - [2025-02-01T20:33:31.576+0000] {override.py:1911} INFO - Created Permission View: can read on DAG:example_workday_timetable
[2025-02-01T20:33:31.585+0000] {logging_mixin.py:190} INFO - [2025-02-01T20:33:31.585+0000] {override.py:1911} INFO - Created Permission View: can delete on DAG:example_workday_timetable
[2025-02-01T20:33:31.592+0000] {logging_mixin.py:190} INFO - [2025-02-01T20:33:31.592+0000] {override.py:1911} INFO - Created Permission View: can edit on DAG:example_workday_timetable
[2025-02-01T20:33:31.600+0000] {logging_mixin.py:190} INFO - [2025-02-01T20:33:31.600+0000] {override.py:1911} INFO - Created Permission View: can read on DAG Run:example_workday_timetable
[2025-02-01T20:33:31.607+0000] {logging_mixin.py:190} INFO - [2025-02-01T20:33:31.607+0000] {override.py:1911} INFO - Created Permission View: menu access on DAG Run:example_workday_timetable
[2025-02-01T20:33:31.614+0000] {logging_mixin.py:190} INFO - [2025-02-01T20:33:31.614+0000] {override.py:1911} INFO - Created Permission View: can create on DAG Run:example_workday_timetable
[2025-02-01T20:33:31.623+0000] {logging_mixin.py:190} INFO - [2025-02-01T20:33:31.622+0000] {override.py:1911} INFO - Created Permission View: can delete on DAG Run:example_workday_timetable
[2025-02-01T20:33:31.623+0000] {logging_mixin.py:190} INFO - [2025-02-01T20:33:31.623+0000] {dag.py:3239} INFO - Sync 1 DAGs
[2025-02-01T20:33:31.635+0000] {logging_mixin.py:190} INFO - [2025-02-01T20:33:31.634+0000] {dag.py:3262} INFO - Creating ORM DAG for example_workday_timetable
[2025-02-01T20:33:31.702+0000] {logging_mixin.py:190} INFO - [2025-02-01T20:33:31.701+0000] {dag.py:4180} INFO - Setting next_dagrun for example_workday_timetable to 2021-01-04 00:00:00+00:00, run_after=2021-01-05 00:00:00+00:00
[2025-02-01T20:33:31.731+0000] {processor.py:208} INFO - Processing /home/airflow/.local/lib/python3.12/site-packages/airflow/example_dags/example_workday_timetable.py took 0.367 seconds
[2025-02-01T20:34:02.522+0000] {processor.py:186} INFO - Started process (PID=464) to work on /home/airflow/.local/lib/python3.12/site-packages/airflow/example_dags/example_workday_timetable.py
[2025-02-01T20:34:02.523+0000] {processor.py:914} INFO - Processing file /home/airflow/.local/lib/python3.12/site-packages/airflow/example_dags/example_workday_timetable.py for tasks to queue
[2025-02-01T20:34:02.524+0000] {logging_mixin.py:190} INFO - [2025-02-01T20:34:02.524+0000] {dagbag.py:588} INFO - Filling up the DagBag from /home/airflow/.local/lib/python3.12/site-packages/airflow/example_dags/example_workday_timetable.py
[2025-02-01T20:34:02.529+0000] {processor.py:925} INFO - DAG(s) 'example_workday_timetable' retrieved from /home/airflow/.local/lib/python3.12/site-packages/airflow/example_dags/example_workday_timetable.py
[2025-02-01T20:34:02.546+0000] {logging_mixin.py:190} INFO - [2025-02-01T20:34:02.546+0000] {dag.py:3239} INFO - Sync 1 DAGs
[2025-02-01T20:34:02.605+0000] {logging_mixin.py:190} INFO - [2025-02-01T20:34:02.605+0000] {dag.py:4180} INFO - Setting next_dagrun for example_workday_timetable to 2021-01-04 00:00:00+00:00, run_after=2021-01-05 00:00:00+00:00
[2025-02-01T20:34:02.622+0000] {processor.py:208} INFO - Processing /home/airflow/.local/lib/python3.12/site-packages/airflow/example_dags/example_workday_timetable.py took 0.105 seconds
[2025-02-01T20:34:33.347+0000] {processor.py:186} INFO - Started process (PID=755) to work on /home/airflow/.local/lib/python3.12/site-packages/airflow/example_dags/example_workday_timetable.py
[2025-02-01T20:34:33.348+0000] {processor.py:914} INFO - Processing file /home/airflow/.local/lib/python3.12/site-packages/airflow/example_dags/example_workday_timetable.py for tasks to queue
[2025-02-01T20:34:33.349+0000] {logging_mixin.py:190} INFO - [2025-02-01T20:34:33.349+0000] {dagbag.py:588} INFO - Filling up the DagBag from /home/airflow/.local/lib/python3.12/site-packages/airflow/example_dags/example_workday_timetable.py
[2025-02-01T20:34:33.353+0000] {processor.py:925} INFO - DAG(s) 'example_workday_timetable' retrieved from /home/airflow/.local/lib/python3.12/site-packages/airflow/example_dags/example_workday_timetable.py
[2025-02-01T20:34:33.367+0000] {logging_mixin.py:190} INFO - [2025-02-01T20:34:33.367+0000] {dag.py:3239} INFO - Sync 1 DAGs
[2025-02-01T20:34:33.414+0000] {logging_mixin.py:190} INFO - [2025-02-01T20:34:33.414+0000] {dag.py:4180} INFO - Setting next_dagrun for example_workday_timetable to 2021-01-04 00:00:00+00:00, run_after=2021-01-05 00:00:00+00:00
[2025-02-01T20:34:33.428+0000] {processor.py:208} INFO - Processing /home/airflow/.local/lib/python3.12/site-packages/airflow/example_dags/example_workday_timetable.py took 0.085 seconds
[2025-02-01T20:35:03.926+0000] {processor.py:186} INFO - Started process (PID=1046) to work on /home/airflow/.local/lib/python3.12/site-packages/airflow/example_dags/example_workday_timetable.py
[2025-02-01T20:35:03.926+0000] {processor.py:914} INFO - Processing file /home/airflow/.local/lib/python3.12/site-packages/airflow/example_dags/example_workday_timetable.py for tasks to queue
[2025-02-01T20:35:03.928+0000] {logging_mixin.py:190} INFO - [2025-02-01T20:35:03.928+0000] {dagbag.py:588} INFO - Filling up the DagBag from /home/airflow/.local/lib/python3.12/site-packages/airflow/example_dags/example_workday_timetable.py
[2025-02-01T20:35:03.932+0000] {processor.py:925} INFO - DAG(s) 'example_workday_timetable' retrieved from /home/airflow/.local/lib/python3.12/site-packages/airflow/example_dags/example_workday_timetable.py
[2025-02-01T20:35:03.946+0000] {logging_mixin.py:190} INFO - [2025-02-01T20:35:03.945+0000] {dag.py:3239} INFO - Sync 1 DAGs
[2025-02-01T20:35:03.993+0000] {logging_mixin.py:190} INFO - [2025-02-01T20:35:03.993+0000] {dag.py:4180} INFO - Setting next_dagrun for example_workday_timetable to 2021-01-04 00:00:00+00:00, run_after=2021-01-05 00:00:00+00:00
[2025-02-01T20:35:04.008+0000] {processor.py:208} INFO - Processing /home/airflow/.local/lib/python3.12/site-packages/airflow/example_dags/example_workday_timetable.py took 0.087 seconds
[2025-02-01T20:38:45.481+0000] {processor.py:186} INFO - Started process (PID=173) to work on /home/airflow/.local/lib/python3.12/site-packages/airflow/example_dags/example_workday_timetable.py
[2025-02-01T20:38:45.481+0000] {processor.py:914} INFO - Processing file /home/airflow/.local/lib/python3.12/site-packages/airflow/example_dags/example_workday_timetable.py for tasks to queue
[2025-02-01T20:38:45.483+0000] {logging_mixin.py:190} INFO - [2025-02-01T20:38:45.483+0000] {dagbag.py:588} INFO - Filling up the DagBag from /home/airflow/.local/lib/python3.12/site-packages/airflow/example_dags/example_workday_timetable.py
[2025-02-01T20:38:45.495+0000] {processor.py:925} INFO - DAG(s) 'example_workday_timetable' retrieved from /home/airflow/.local/lib/python3.12/site-packages/airflow/example_dags/example_workday_timetable.py
[2025-02-01T20:38:45.525+0000] {logging_mixin.py:190} INFO - [2025-02-01T20:38:45.525+0000] {dag.py:3239} INFO - Sync 1 DAGs
[2025-02-01T20:38:45.573+0000] {logging_mixin.py:190} INFO - [2025-02-01T20:38:45.573+0000] {dag.py:4180} INFO - Setting next_dagrun for example_workday_timetable to 2021-01-04 00:00:00+00:00, run_after=2021-01-05 00:00:00+00:00
[2025-02-01T20:38:45.587+0000] {processor.py:208} INFO - Processing /home/airflow/.local/lib/python3.12/site-packages/airflow/example_dags/example_workday_timetable.py took 0.110 seconds
[2025-02-01T20:39:16.248+0000] {processor.py:186} INFO - Started process (PID=464) to work on /home/airflow/.local/lib/python3.12/site-packages/airflow/example_dags/example_workday_timetable.py
[2025-02-01T20:39:16.248+0000] {processor.py:914} INFO - Processing file /home/airflow/.local/lib/python3.12/site-packages/airflow/example_dags/example_workday_timetable.py for tasks to queue
[2025-02-01T20:39:16.250+0000] {logging_mixin.py:190} INFO - [2025-02-01T20:39:16.250+0000] {dagbag.py:588} INFO - Filling up the DagBag from /home/airflow/.local/lib/python3.12/site-packages/airflow/example_dags/example_workday_timetable.py
[2025-02-01T20:39:16.255+0000] {processor.py:925} INFO - DAG(s) 'example_workday_timetable' retrieved from /home/airflow/.local/lib/python3.12/site-packages/airflow/example_dags/example_workday_timetable.py
[2025-02-01T20:39:16.270+0000] {logging_mixin.py:190} INFO - [2025-02-01T20:39:16.270+0000] {dag.py:3239} INFO - Sync 1 DAGs
[2025-02-01T20:39:16.320+0000] {logging_mixin.py:190} INFO - [2025-02-01T20:39:16.319+0000] {dag.py:4180} INFO - Setting next_dagrun for example_workday_timetable to 2021-01-04 00:00:00+00:00, run_after=2021-01-05 00:00:00+00:00
[2025-02-01T20:39:16.333+0000] {processor.py:208} INFO - Processing /home/airflow/.local/lib/python3.12/site-packages/airflow/example_dags/example_workday_timetable.py took 0.092 seconds
[2025-02-01T20:39:46.409+0000] {processor.py:186} INFO - Started process (PID=755) to work on /home/airflow/.local/lib/python3.12/site-packages/airflow/example_dags/example_workday_timetable.py
[2025-02-01T20:39:46.410+0000] {processor.py:914} INFO - Processing file /home/airflow/.local/lib/python3.12/site-packages/airflow/example_dags/example_workday_timetable.py for tasks to queue
[2025-02-01T20:39:46.412+0000] {logging_mixin.py:190} INFO - [2025-02-01T20:39:46.412+0000] {dagbag.py:588} INFO - Filling up the DagBag from /home/airflow/.local/lib/python3.12/site-packages/airflow/example_dags/example_workday_timetable.py
[2025-02-01T20:39:46.418+0000] {processor.py:925} INFO - DAG(s) 'example_workday_timetable' retrieved from /home/airflow/.local/lib/python3.12/site-packages/airflow/example_dags/example_workday_timetable.py
[2025-02-01T20:39:46.434+0000] {logging_mixin.py:190} INFO - [2025-02-01T20:39:46.433+0000] {dag.py:3239} INFO - Sync 1 DAGs
[2025-02-01T20:39:46.485+0000] {logging_mixin.py:190} INFO - [2025-02-01T20:39:46.485+0000] {dag.py:4180} INFO - Setting next_dagrun for example_workday_timetable to 2021-01-04 00:00:00+00:00, run_after=2021-01-05 00:00:00+00:00
[2025-02-01T20:39:46.501+0000] {processor.py:208} INFO - Processing /home/airflow/.local/lib/python3.12/site-packages/airflow/example_dags/example_workday_timetable.py took 0.096 seconds
[2025-02-01T20:40:16.600+0000] {processor.py:186} INFO - Started process (PID=1051) to work on /home/airflow/.local/lib/python3.12/site-packages/airflow/example_dags/example_workday_timetable.py
[2025-02-01T20:40:16.600+0000] {processor.py:914} INFO - Processing file /home/airflow/.local/lib/python3.12/site-packages/airflow/example_dags/example_workday_timetable.py for tasks to queue
[2025-02-01T20:40:16.602+0000] {logging_mixin.py:190} INFO - [2025-02-01T20:40:16.601+0000] {dagbag.py:588} INFO - Filling up the DagBag from /home/airflow/.local/lib/python3.12/site-packages/airflow/example_dags/example_workday_timetable.py
[2025-02-01T20:40:16.605+0000] {processor.py:925} INFO - DAG(s) 'example_workday_timetable' retrieved from /home/airflow/.local/lib/python3.12/site-packages/airflow/example_dags/example_workday_timetable.py
[2025-02-01T20:40:16.619+0000] {logging_mixin.py:190} INFO - [2025-02-01T20:40:16.618+0000] {dag.py:3239} INFO - Sync 1 DAGs
[2025-02-01T20:40:16.664+0000] {logging_mixin.py:190} INFO - [2025-02-01T20:40:16.664+0000] {dag.py:4180} INFO - Setting next_dagrun for example_workday_timetable to 2021-01-04 00:00:00+00:00, run_after=2021-01-05 00:00:00+00:00
[2025-02-01T20:40:16.677+0000] {processor.py:208} INFO - Processing /home/airflow/.local/lib/python3.12/site-packages/airflow/example_dags/example_workday_timetable.py took 0.082 seconds
[2025-02-01T20:40:46.915+0000] {processor.py:186} INFO - Started process (PID=1337) to work on /home/airflow/.local/lib/python3.12/site-packages/airflow/example_dags/example_workday_timetable.py
[2025-02-01T20:40:46.916+0000] {processor.py:914} INFO - Processing file /home/airflow/.local/lib/python3.12/site-packages/airflow/example_dags/example_workday_timetable.py for tasks to queue
[2025-02-01T20:40:46.918+0000] {logging_mixin.py:190} INFO - [2025-02-01T20:40:46.917+0000] {dagbag.py:588} INFO - Filling up the DagBag from /home/airflow/.local/lib/python3.12/site-packages/airflow/example_dags/example_workday_timetable.py
[2025-02-01T20:40:46.921+0000] {processor.py:925} INFO - DAG(s) 'example_workday_timetable' retrieved from /home/airflow/.local/lib/python3.12/site-packages/airflow/example_dags/example_workday_timetable.py
[2025-02-01T20:40:46.936+0000] {logging_mixin.py:190} INFO - [2025-02-01T20:40:46.936+0000] {dag.py:3239} INFO - Sync 1 DAGs
[2025-02-01T20:40:46.984+0000] {logging_mixin.py:190} INFO - [2025-02-01T20:40:46.984+0000] {dag.py:4180} INFO - Setting next_dagrun for example_workday_timetable to 2021-01-04 00:00:00+00:00, run_after=2021-01-05 00:00:00+00:00
[2025-02-01T20:40:46.998+0000] {processor.py:208} INFO - Processing /home/airflow/.local/lib/python3.12/site-packages/airflow/example_dags/example_workday_timetable.py took 0.087 seconds
[2025-02-01T20:41:17.571+0000] {processor.py:186} INFO - Started process (PID=1628) to work on /home/airflow/.local/lib/python3.12/site-packages/airflow/example_dags/example_workday_timetable.py
[2025-02-01T20:41:17.572+0000] {processor.py:914} INFO - Processing file /home/airflow/.local/lib/python3.12/site-packages/airflow/example_dags/example_workday_timetable.py for tasks to queue
[2025-02-01T20:41:17.575+0000] {logging_mixin.py:190} INFO - [2025-02-01T20:41:17.574+0000] {dagbag.py:588} INFO - Filling up the DagBag from /home/airflow/.local/lib/python3.12/site-packages/airflow/example_dags/example_workday_timetable.py
[2025-02-01T20:41:17.579+0000] {processor.py:925} INFO - DAG(s) 'example_workday_timetable' retrieved from /home/airflow/.local/lib/python3.12/site-packages/airflow/example_dags/example_workday_timetable.py
[2025-02-01T20:41:17.593+0000] {logging_mixin.py:190} INFO - [2025-02-01T20:41:17.593+0000] {dag.py:3239} INFO - Sync 1 DAGs
[2025-02-01T20:41:17.641+0000] {logging_mixin.py:190} INFO - [2025-02-01T20:41:17.641+0000] {dag.py:4180} INFO - Setting next_dagrun for example_workday_timetable to 2021-01-04 00:00:00+00:00, run_after=2021-01-05 00:00:00+00:00
[2025-02-01T20:41:17.654+0000] {processor.py:208} INFO - Processing /home/airflow/.local/lib/python3.12/site-packages/airflow/example_dags/example_workday_timetable.py took 0.087 seconds
[2025-02-01T20:41:48.547+0000] {processor.py:186} INFO - Started process (PID=1919) to work on /home/airflow/.local/lib/python3.12/site-packages/airflow/example_dags/example_workday_timetable.py
[2025-02-01T20:41:48.547+0000] {processor.py:914} INFO - Processing file /home/airflow/.local/lib/python3.12/site-packages/airflow/example_dags/example_workday_timetable.py for tasks to queue
[2025-02-01T20:41:48.550+0000] {logging_mixin.py:190} INFO - [2025-02-01T20:41:48.549+0000] {dagbag.py:588} INFO - Filling up the DagBag from /home/airflow/.local/lib/python3.12/site-packages/airflow/example_dags/example_workday_timetable.py
[2025-02-01T20:41:48.554+0000] {processor.py:925} INFO - DAG(s) 'example_workday_timetable' retrieved from /home/airflow/.local/lib/python3.12/site-packages/airflow/example_dags/example_workday_timetable.py
[2025-02-01T20:41:48.570+0000] {logging_mixin.py:190} INFO - [2025-02-01T20:41:48.570+0000] {dag.py:3239} INFO - Sync 1 DAGs
[2025-02-01T20:41:48.617+0000] {logging_mixin.py:190} INFO - [2025-02-01T20:41:48.617+0000] {dag.py:4180} INFO - Setting next_dagrun for example_workday_timetable to 2021-01-04 00:00:00+00:00, run_after=2021-01-05 00:00:00+00:00
[2025-02-01T20:41:48.632+0000] {processor.py:208} INFO - Processing /home/airflow/.local/lib/python3.12/site-packages/airflow/example_dags/example_workday_timetable.py took 0.089 seconds
[2025-02-01T20:42:19.516+0000] {processor.py:186} INFO - Started process (PID=2210) to work on /home/airflow/.local/lib/python3.12/site-packages/airflow/example_dags/example_workday_timetable.py
[2025-02-01T20:42:19.516+0000] {processor.py:914} INFO - Processing file /home/airflow/.local/lib/python3.12/site-packages/airflow/example_dags/example_workday_timetable.py for tasks to queue
[2025-02-01T20:42:19.519+0000] {logging_mixin.py:190} INFO - [2025-02-01T20:42:19.518+0000] {dagbag.py:588} INFO - Filling up the DagBag from /home/airflow/.local/lib/python3.12/site-packages/airflow/example_dags/example_workday_timetable.py
[2025-02-01T20:42:19.523+0000] {processor.py:925} INFO - DAG(s) 'example_workday_timetable' retrieved from /home/airflow/.local/lib/python3.12/site-packages/airflow/example_dags/example_workday_timetable.py
[2025-02-01T20:42:19.539+0000] {logging_mixin.py:190} INFO - [2025-02-01T20:42:19.539+0000] {dag.py:3239} INFO - Sync 1 DAGs
[2025-02-01T20:42:19.592+0000] {logging_mixin.py:190} INFO - [2025-02-01T20:42:19.592+0000] {dag.py:4180} INFO - Setting next_dagrun for example_workday_timetable to 2021-01-04 00:00:00+00:00, run_after=2021-01-05 00:00:00+00:00
[2025-02-01T20:42:19.606+0000] {processor.py:208} INFO - Processing /home/airflow/.local/lib/python3.12/site-packages/airflow/example_dags/example_workday_timetable.py took 0.095 seconds
[2025-02-01T20:42:49.822+0000] {processor.py:186} INFO - Started process (PID=2501) to work on /home/airflow/.local/lib/python3.12/site-packages/airflow/example_dags/example_workday_timetable.py
[2025-02-01T20:42:49.823+0000] {processor.py:914} INFO - Processing file /home/airflow/.local/lib/python3.12/site-packages/airflow/example_dags/example_workday_timetable.py for tasks to queue
[2025-02-01T20:42:49.825+0000] {logging_mixin.py:190} INFO - [2025-02-01T20:42:49.824+0000] {dagbag.py:588} INFO - Filling up the DagBag from /home/airflow/.local/lib/python3.12/site-packages/airflow/example_dags/example_workday_timetable.py
[2025-02-01T20:42:49.829+0000] {processor.py:925} INFO - DAG(s) 'example_workday_timetable' retrieved from /home/airflow/.local/lib/python3.12/site-packages/airflow/example_dags/example_workday_timetable.py
[2025-02-01T20:42:49.843+0000] {logging_mixin.py:190} INFO - [2025-02-01T20:42:49.843+0000] {dag.py:3239} INFO - Sync 1 DAGs
[2025-02-01T20:42:49.891+0000] {logging_mixin.py:190} INFO - [2025-02-01T20:42:49.891+0000] {dag.py:4180} INFO - Setting next_dagrun for example_workday_timetable to 2021-01-04 00:00:00+00:00, run_after=2021-01-05 00:00:00+00:00
[2025-02-01T20:42:49.904+0000] {processor.py:208} INFO - Processing /home/airflow/.local/lib/python3.12/site-packages/airflow/example_dags/example_workday_timetable.py took 0.086 seconds
[2025-02-01T20:43:20.502+0000] {processor.py:186} INFO - Started process (PID=2792) to work on /home/airflow/.local/lib/python3.12/site-packages/airflow/example_dags/example_workday_timetable.py
[2025-02-01T20:43:20.503+0000] {processor.py:914} INFO - Processing file /home/airflow/.local/lib/python3.12/site-packages/airflow/example_dags/example_workday_timetable.py for tasks to queue
[2025-02-01T20:43:20.505+0000] {logging_mixin.py:190} INFO - [2025-02-01T20:43:20.505+0000] {dagbag.py:588} INFO - Filling up the DagBag from /home/airflow/.local/lib/python3.12/site-packages/airflow/example_dags/example_workday_timetable.py
[2025-02-01T20:43:20.510+0000] {processor.py:925} INFO - DAG(s) 'example_workday_timetable' retrieved from /home/airflow/.local/lib/python3.12/site-packages/airflow/example_dags/example_workday_timetable.py
[2025-02-01T20:43:20.525+0000] {logging_mixin.py:190} INFO - [2025-02-01T20:43:20.524+0000] {dag.py:3239} INFO - Sync 1 DAGs
[2025-02-01T20:43:20.577+0000] {logging_mixin.py:190} INFO - [2025-02-01T20:43:20.577+0000] {dag.py:4180} INFO - Setting next_dagrun for example_workday_timetable to 2021-01-04 00:00:00+00:00, run_after=2021-01-05 00:00:00+00:00
[2025-02-01T20:43:20.591+0000] {processor.py:208} INFO - Processing /home/airflow/.local/lib/python3.12/site-packages/airflow/example_dags/example_workday_timetable.py took 0.093 seconds
[2025-02-01T20:43:50.893+0000] {processor.py:186} INFO - Started process (PID=3083) to work on /home/airflow/.local/lib/python3.12/site-packages/airflow/example_dags/example_workday_timetable.py
[2025-02-01T20:43:50.894+0000] {processor.py:914} INFO - Processing file /home/airflow/.local/lib/python3.12/site-packages/airflow/example_dags/example_workday_timetable.py for tasks to queue
[2025-02-01T20:43:50.896+0000] {logging_mixin.py:190} INFO - [2025-02-01T20:43:50.895+0000] {dagbag.py:588} INFO - Filling up the DagBag from /home/airflow/.local/lib/python3.12/site-packages/airflow/example_dags/example_workday_timetable.py
[2025-02-01T20:43:50.899+0000] {processor.py:925} INFO - DAG(s) 'example_workday_timetable' retrieved from /home/airflow/.local/lib/python3.12/site-packages/airflow/example_dags/example_workday_timetable.py
[2025-02-01T20:43:50.914+0000] {logging_mixin.py:190} INFO - [2025-02-01T20:43:50.914+0000] {dag.py:3239} INFO - Sync 1 DAGs
[2025-02-01T20:43:50.962+0000] {logging_mixin.py:190} INFO - [2025-02-01T20:43:50.962+0000] {dag.py:4180} INFO - Setting next_dagrun for example_workday_timetable to 2021-01-04 00:00:00+00:00, run_after=2021-01-05 00:00:00+00:00
[2025-02-01T20:43:50.975+0000] {processor.py:208} INFO - Processing /home/airflow/.local/lib/python3.12/site-packages/airflow/example_dags/example_workday_timetable.py took 0.086 seconds
[2025-02-01T20:44:21.380+0000] {processor.py:186} INFO - Started process (PID=3374) to work on /home/airflow/.local/lib/python3.12/site-packages/airflow/example_dags/example_workday_timetable.py
[2025-02-01T20:44:21.381+0000] {processor.py:914} INFO - Processing file /home/airflow/.local/lib/python3.12/site-packages/airflow/example_dags/example_workday_timetable.py for tasks to queue
[2025-02-01T20:44:21.383+0000] {logging_mixin.py:190} INFO - [2025-02-01T20:44:21.382+0000] {dagbag.py:588} INFO - Filling up the DagBag from /home/airflow/.local/lib/python3.12/site-packages/airflow/example_dags/example_workday_timetable.py
[2025-02-01T20:44:21.386+0000] {processor.py:925} INFO - DAG(s) 'example_workday_timetable' retrieved from /home/airflow/.local/lib/python3.12/site-packages/airflow/example_dags/example_workday_timetable.py
[2025-02-01T20:44:21.400+0000] {logging_mixin.py:190} INFO - [2025-02-01T20:44:21.400+0000] {dag.py:3239} INFO - Sync 1 DAGs
[2025-02-01T20:44:21.448+0000] {logging_mixin.py:190} INFO - [2025-02-01T20:44:21.448+0000] {dag.py:4180} INFO - Setting next_dagrun for example_workday_timetable to 2021-01-04 00:00:00+00:00, run_after=2021-01-05 00:00:00+00:00
[2025-02-01T20:44:21.461+0000] {processor.py:208} INFO - Processing /home/airflow/.local/lib/python3.12/site-packages/airflow/example_dags/example_workday_timetable.py took 0.085 seconds
[2025-02-01T20:44:51.773+0000] {processor.py:186} INFO - Started process (PID=3665) to work on /home/airflow/.local/lib/python3.12/site-packages/airflow/example_dags/example_workday_timetable.py
[2025-02-01T20:44:51.774+0000] {processor.py:914} INFO - Processing file /home/airflow/.local/lib/python3.12/site-packages/airflow/example_dags/example_workday_timetable.py for tasks to queue
[2025-02-01T20:44:51.776+0000] {logging_mixin.py:190} INFO - [2025-02-01T20:44:51.776+0000] {dagbag.py:588} INFO - Filling up the DagBag from /home/airflow/.local/lib/python3.12/site-packages/airflow/example_dags/example_workday_timetable.py
[2025-02-01T20:44:51.781+0000] {processor.py:925} INFO - DAG(s) 'example_workday_timetable' retrieved from /home/airflow/.local/lib/python3.12/site-packages/airflow/example_dags/example_workday_timetable.py
[2025-02-01T20:44:51.797+0000] {logging_mixin.py:190} INFO - [2025-02-01T20:44:51.797+0000] {dag.py:3239} INFO - Sync 1 DAGs
[2025-02-01T20:44:51.850+0000] {logging_mixin.py:190} INFO - [2025-02-01T20:44:51.850+0000] {dag.py:4180} INFO - Setting next_dagrun for example_workday_timetable to 2021-01-04 00:00:00+00:00, run_after=2021-01-05 00:00:00+00:00
[2025-02-01T20:44:51.864+0000] {processor.py:208} INFO - Processing /home/airflow/.local/lib/python3.12/site-packages/airflow/example_dags/example_workday_timetable.py took 0.096 seconds
