[2025-02-01T20:33:31.782+0000] {processor.py:186} INFO - Started process (PID=186) to work on /home/airflow/.local/lib/python3.12/site-packages/airflow/example_dags/example_subdag_operator.py
[2025-02-01T20:33:31.783+0000] {processor.py:914} INFO - Processing file /home/airflow/.local/lib/python3.12/site-packages/airflow/example_dags/example_subdag_operator.py for tasks to queue
[2025-02-01T20:33:31.784+0000] {logging_mixin.py:190} INFO - [2025-02-01T20:33:31.784+0000] {dagbag.py:588} INFO - Filling up the DagBag from /home/airflow/.local/lib/python3.12/site-packages/airflow/example_dags/example_subdag_operator.py
[2025-02-01T20:33:31.812+0000] {processor.py:925} INFO - DAG(s) 'example_subdag_operator.section-1', 'example_subdag_operator.section-2', 'example_subdag_operator' retrieved from /home/airflow/.local/lib/python3.12/site-packages/airflow/example_dags/example_subdag_operator.py
[2025-02-01T20:33:31.912+0000] {logging_mixin.py:190} INFO - [2025-02-01T20:33:31.911+0000] {override.py:1911} INFO - Created Permission View: can read on DAG:example_subdag_operator
[2025-02-01T20:33:31.921+0000] {logging_mixin.py:190} INFO - [2025-02-01T20:33:31.921+0000] {override.py:1911} INFO - Created Permission View: can delete on DAG:example_subdag_operator
[2025-02-01T20:33:31.929+0000] {logging_mixin.py:190} INFO - [2025-02-01T20:33:31.928+0000] {override.py:1911} INFO - Created Permission View: can edit on DAG:example_subdag_operator
[2025-02-01T20:33:31.937+0000] {logging_mixin.py:190} INFO - [2025-02-01T20:33:31.937+0000] {override.py:1911} INFO - Created Permission View: can read on DAG Run:example_subdag_operator
[2025-02-01T20:33:31.943+0000] {logging_mixin.py:190} INFO - [2025-02-01T20:33:31.943+0000] {override.py:1911} INFO - Created Permission View: menu access on DAG Run:example_subdag_operator
[2025-02-01T20:33:31.949+0000] {logging_mixin.py:190} INFO - [2025-02-01T20:33:31.949+0000] {override.py:1911} INFO - Created Permission View: can create on DAG Run:example_subdag_operator
[2025-02-01T20:33:31.955+0000] {logging_mixin.py:190} INFO - [2025-02-01T20:33:31.955+0000] {override.py:1911} INFO - Created Permission View: can delete on DAG Run:example_subdag_operator
[2025-02-01T20:33:31.956+0000] {logging_mixin.py:190} INFO - [2025-02-01T20:33:31.956+0000] {dag.py:3239} INFO - Sync 3 DAGs
[2025-02-01T20:33:31.970+0000] {logging_mixin.py:190} INFO - [2025-02-01T20:33:31.969+0000] {dag.py:3262} INFO - Creating ORM DAG for example_subdag_operator
[2025-02-01T20:33:31.970+0000] {logging_mixin.py:190} INFO - [2025-02-01T20:33:31.970+0000] {dag.py:3262} INFO - Creating ORM DAG for example_subdag_operator.section-2
[2025-02-01T20:33:31.971+0000] {logging_mixin.py:190} INFO - [2025-02-01T20:33:31.971+0000] {dag.py:3262} INFO - Creating ORM DAG for example_subdag_operator.section-1
[2025-02-01T20:33:31.978+0000] {logging_mixin.py:190} INFO - [2025-02-01T20:33:31.978+0000] {dag.py:4180} INFO - Setting next_dagrun for example_subdag_operator to 2022-01-01 00:00:00+00:00, run_after=2022-01-01 00:00:00+00:00
[2025-02-01T20:33:31.979+0000] {logging_mixin.py:190} INFO - [2025-02-01T20:33:31.979+0000] {dag.py:4180} INFO - Setting next_dagrun for example_subdag_operator.section-1 to None, run_after=None
[2025-02-01T20:33:31.980+0000] {logging_mixin.py:190} INFO - [2025-02-01T20:33:31.980+0000] {dag.py:4180} INFO - Setting next_dagrun for example_subdag_operator.section-2 to None, run_after=None
[2025-02-01T20:33:31.990+0000] {logging_mixin.py:190} INFO - [2025-02-01T20:33:31.990+0000] {dag.py:3239} INFO - Sync 2 DAGs
[2025-02-01T20:33:31.998+0000] {logging_mixin.py:190} INFO - [2025-02-01T20:33:31.997+0000] {dag.py:4180} INFO - Setting next_dagrun for example_subdag_operator.section-1 to None, run_after=None
[2025-02-01T20:33:32.001+0000] {logging_mixin.py:190} INFO - [2025-02-01T20:33:32.001+0000] {dag.py:4180} INFO - Setting next_dagrun for example_subdag_operator.section-2 to None, run_after=None
[2025-02-01T20:33:32.014+0000] {processor.py:208} INFO - Processing /home/airflow/.local/lib/python3.12/site-packages/airflow/example_dags/example_subdag_operator.py took 0.238 seconds
[2025-02-01T20:34:02.610+0000] {processor.py:186} INFO - Started process (PID=472) to work on /home/airflow/.local/lib/python3.12/site-packages/airflow/example_dags/example_subdag_operator.py
[2025-02-01T20:34:02.611+0000] {processor.py:914} INFO - Processing file /home/airflow/.local/lib/python3.12/site-packages/airflow/example_dags/example_subdag_operator.py for tasks to queue
[2025-02-01T20:34:02.613+0000] {logging_mixin.py:190} INFO - [2025-02-01T20:34:02.612+0000] {dagbag.py:588} INFO - Filling up the DagBag from /home/airflow/.local/lib/python3.12/site-packages/airflow/example_dags/example_subdag_operator.py
[2025-02-01T20:34:02.636+0000] {processor.py:925} INFO - DAG(s) 'example_subdag_operator.section-1', 'example_subdag_operator.section-2', 'example_subdag_operator' retrieved from /home/airflow/.local/lib/python3.12/site-packages/airflow/example_dags/example_subdag_operator.py
[2025-02-01T20:34:02.650+0000] {logging_mixin.py:190} INFO - [2025-02-01T20:34:02.650+0000] {dag.py:3239} INFO - Sync 3 DAGs
[2025-02-01T20:34:02.672+0000] {logging_mixin.py:190} INFO - [2025-02-01T20:34:02.671+0000] {dag.py:4180} INFO - Setting next_dagrun for example_subdag_operator to 2022-01-01 00:00:00+00:00, run_after=2022-01-01 00:00:00+00:00
[2025-02-01T20:34:02.675+0000] {logging_mixin.py:190} INFO - [2025-02-01T20:34:02.675+0000] {dag.py:4180} INFO - Setting next_dagrun for example_subdag_operator.section-1 to None, run_after=None
[2025-02-01T20:34:02.677+0000] {logging_mixin.py:190} INFO - [2025-02-01T20:34:02.677+0000] {dag.py:4180} INFO - Setting next_dagrun for example_subdag_operator.section-2 to None, run_after=None
[2025-02-01T20:34:02.684+0000] {logging_mixin.py:190} INFO - [2025-02-01T20:34:02.684+0000] {dag.py:3239} INFO - Sync 2 DAGs
[2025-02-01T20:34:02.690+0000] {logging_mixin.py:190} INFO - [2025-02-01T20:34:02.690+0000] {dag.py:4180} INFO - Setting next_dagrun for example_subdag_operator.section-1 to None, run_after=None
[2025-02-01T20:34:02.691+0000] {logging_mixin.py:190} INFO - [2025-02-01T20:34:02.690+0000] {dag.py:4180} INFO - Setting next_dagrun for example_subdag_operator.section-2 to None, run_after=None
[2025-02-01T20:34:02.702+0000] {processor.py:208} INFO - Processing /home/airflow/.local/lib/python3.12/site-packages/airflow/example_dags/example_subdag_operator.py took 0.097 seconds
[2025-02-01T20:34:33.422+0000] {processor.py:186} INFO - Started process (PID=763) to work on /home/airflow/.local/lib/python3.12/site-packages/airflow/example_dags/example_subdag_operator.py
[2025-02-01T20:34:33.422+0000] {processor.py:914} INFO - Processing file /home/airflow/.local/lib/python3.12/site-packages/airflow/example_dags/example_subdag_operator.py for tasks to queue
[2025-02-01T20:34:33.424+0000] {logging_mixin.py:190} INFO - [2025-02-01T20:34:33.424+0000] {dagbag.py:588} INFO - Filling up the DagBag from /home/airflow/.local/lib/python3.12/site-packages/airflow/example_dags/example_subdag_operator.py
[2025-02-01T20:34:33.442+0000] {processor.py:925} INFO - DAG(s) 'example_subdag_operator.section-1', 'example_subdag_operator.section-2', 'example_subdag_operator' retrieved from /home/airflow/.local/lib/python3.12/site-packages/airflow/example_dags/example_subdag_operator.py
[2025-02-01T20:34:33.454+0000] {logging_mixin.py:190} INFO - [2025-02-01T20:34:33.454+0000] {dag.py:3239} INFO - Sync 3 DAGs
[2025-02-01T20:34:33.472+0000] {logging_mixin.py:190} INFO - [2025-02-01T20:34:33.472+0000] {dag.py:4180} INFO - Setting next_dagrun for example_subdag_operator to 2022-01-01 00:00:00+00:00, run_after=2022-01-01 00:00:00+00:00
[2025-02-01T20:34:33.475+0000] {logging_mixin.py:190} INFO - [2025-02-01T20:34:33.475+0000] {dag.py:4180} INFO - Setting next_dagrun for example_subdag_operator.section-1 to None, run_after=None
[2025-02-01T20:34:33.476+0000] {logging_mixin.py:190} INFO - [2025-02-01T20:34:33.476+0000] {dag.py:4180} INFO - Setting next_dagrun for example_subdag_operator.section-2 to None, run_after=None
[2025-02-01T20:34:33.481+0000] {logging_mixin.py:190} INFO - [2025-02-01T20:34:33.481+0000] {dag.py:3239} INFO - Sync 2 DAGs
[2025-02-01T20:34:33.485+0000] {logging_mixin.py:190} INFO - [2025-02-01T20:34:33.485+0000] {dag.py:4180} INFO - Setting next_dagrun for example_subdag_operator.section-1 to None, run_after=None
[2025-02-01T20:34:33.485+0000] {logging_mixin.py:190} INFO - [2025-02-01T20:34:33.485+0000] {dag.py:4180} INFO - Setting next_dagrun for example_subdag_operator.section-2 to None, run_after=None
[2025-02-01T20:34:33.493+0000] {processor.py:208} INFO - Processing /home/airflow/.local/lib/python3.12/site-packages/airflow/example_dags/example_subdag_operator.py took 0.076 seconds
[2025-02-01T20:35:04.007+0000] {processor.py:186} INFO - Started process (PID=1054) to work on /home/airflow/.local/lib/python3.12/site-packages/airflow/example_dags/example_subdag_operator.py
[2025-02-01T20:35:04.008+0000] {processor.py:914} INFO - Processing file /home/airflow/.local/lib/python3.12/site-packages/airflow/example_dags/example_subdag_operator.py for tasks to queue
[2025-02-01T20:35:04.010+0000] {logging_mixin.py:190} INFO - [2025-02-01T20:35:04.010+0000] {dagbag.py:588} INFO - Filling up the DagBag from /home/airflow/.local/lib/python3.12/site-packages/airflow/example_dags/example_subdag_operator.py
[2025-02-01T20:35:04.030+0000] {processor.py:925} INFO - DAG(s) 'example_subdag_operator.section-1', 'example_subdag_operator.section-2', 'example_subdag_operator' retrieved from /home/airflow/.local/lib/python3.12/site-packages/airflow/example_dags/example_subdag_operator.py
[2025-02-01T20:35:04.042+0000] {logging_mixin.py:190} INFO - [2025-02-01T20:35:04.042+0000] {dag.py:3239} INFO - Sync 3 DAGs
[2025-02-01T20:35:04.059+0000] {logging_mixin.py:190} INFO - [2025-02-01T20:35:04.059+0000] {dag.py:4180} INFO - Setting next_dagrun for example_subdag_operator to 2022-01-01 00:00:00+00:00, run_after=2022-01-01 00:00:00+00:00
[2025-02-01T20:35:04.063+0000] {logging_mixin.py:190} INFO - [2025-02-01T20:35:04.063+0000] {dag.py:4180} INFO - Setting next_dagrun for example_subdag_operator.section-1 to None, run_after=None
[2025-02-01T20:35:04.065+0000] {logging_mixin.py:190} INFO - [2025-02-01T20:35:04.065+0000] {dag.py:4180} INFO - Setting next_dagrun for example_subdag_operator.section-2 to None, run_after=None
[2025-02-01T20:35:04.071+0000] {logging_mixin.py:190} INFO - [2025-02-01T20:35:04.070+0000] {dag.py:3239} INFO - Sync 2 DAGs
[2025-02-01T20:35:04.074+0000] {logging_mixin.py:190} INFO - [2025-02-01T20:35:04.074+0000] {dag.py:4180} INFO - Setting next_dagrun for example_subdag_operator.section-1 to None, run_after=None
[2025-02-01T20:35:04.075+0000] {logging_mixin.py:190} INFO - [2025-02-01T20:35:04.075+0000] {dag.py:4180} INFO - Setting next_dagrun for example_subdag_operator.section-2 to None, run_after=None
[2025-02-01T20:35:04.084+0000] {processor.py:208} INFO - Processing /home/airflow/.local/lib/python3.12/site-packages/airflow/example_dags/example_subdag_operator.py took 0.080 seconds
[2025-02-01T20:38:46.546+0000] {processor.py:186} INFO - Started process (PID=186) to work on /home/airflow/.local/lib/python3.12/site-packages/airflow/example_dags/example_subdag_operator.py
[2025-02-01T20:38:46.547+0000] {processor.py:914} INFO - Processing file /home/airflow/.local/lib/python3.12/site-packages/airflow/example_dags/example_subdag_operator.py for tasks to queue
[2025-02-01T20:38:46.549+0000] {logging_mixin.py:190} INFO - [2025-02-01T20:38:46.548+0000] {dagbag.py:588} INFO - Filling up the DagBag from /home/airflow/.local/lib/python3.12/site-packages/airflow/example_dags/example_subdag_operator.py
[2025-02-01T20:38:46.569+0000] {processor.py:925} INFO - DAG(s) 'example_subdag_operator.section-1', 'example_subdag_operator.section-2', 'example_subdag_operator' retrieved from /home/airflow/.local/lib/python3.12/site-packages/airflow/example_dags/example_subdag_operator.py
[2025-02-01T20:38:46.585+0000] {logging_mixin.py:190} INFO - [2025-02-01T20:38:46.585+0000] {dag.py:3239} INFO - Sync 3 DAGs
[2025-02-01T20:38:46.605+0000] {logging_mixin.py:190} INFO - [2025-02-01T20:38:46.604+0000] {dag.py:4180} INFO - Setting next_dagrun for example_subdag_operator to 2022-01-01 00:00:00+00:00, run_after=2022-01-01 00:00:00+00:00
[2025-02-01T20:38:46.608+0000] {logging_mixin.py:190} INFO - [2025-02-01T20:38:46.607+0000] {dag.py:4180} INFO - Setting next_dagrun for example_subdag_operator.section-1 to None, run_after=None
[2025-02-01T20:38:46.609+0000] {logging_mixin.py:190} INFO - [2025-02-01T20:38:46.609+0000] {dag.py:4180} INFO - Setting next_dagrun for example_subdag_operator.section-2 to None, run_after=None
[2025-02-01T20:38:46.615+0000] {logging_mixin.py:190} INFO - [2025-02-01T20:38:46.615+0000] {dag.py:3239} INFO - Sync 2 DAGs
[2025-02-01T20:38:46.620+0000] {logging_mixin.py:190} INFO - [2025-02-01T20:38:46.619+0000] {dag.py:4180} INFO - Setting next_dagrun for example_subdag_operator.section-1 to None, run_after=None
[2025-02-01T20:38:46.620+0000] {logging_mixin.py:190} INFO - [2025-02-01T20:38:46.620+0000] {dag.py:4180} INFO - Setting next_dagrun for example_subdag_operator.section-2 to None, run_after=None
[2025-02-01T20:38:46.628+0000] {processor.py:208} INFO - Processing /home/airflow/.local/lib/python3.12/site-packages/airflow/example_dags/example_subdag_operator.py took 0.086 seconds
[2025-02-01T20:39:17.339+0000] {processor.py:186} INFO - Started process (PID=477) to work on /home/airflow/.local/lib/python3.12/site-packages/airflow/example_dags/example_subdag_operator.py
[2025-02-01T20:39:17.340+0000] {processor.py:914} INFO - Processing file /home/airflow/.local/lib/python3.12/site-packages/airflow/example_dags/example_subdag_operator.py for tasks to queue
[2025-02-01T20:39:17.342+0000] {logging_mixin.py:190} INFO - [2025-02-01T20:39:17.341+0000] {dagbag.py:588} INFO - Filling up the DagBag from /home/airflow/.local/lib/python3.12/site-packages/airflow/example_dags/example_subdag_operator.py
[2025-02-01T20:39:17.361+0000] {processor.py:925} INFO - DAG(s) 'example_subdag_operator.section-1', 'example_subdag_operator.section-2', 'example_subdag_operator' retrieved from /home/airflow/.local/lib/python3.12/site-packages/airflow/example_dags/example_subdag_operator.py
[2025-02-01T20:39:17.373+0000] {logging_mixin.py:190} INFO - [2025-02-01T20:39:17.373+0000] {dag.py:3239} INFO - Sync 3 DAGs
[2025-02-01T20:39:17.390+0000] {logging_mixin.py:190} INFO - [2025-02-01T20:39:17.390+0000] {dag.py:4180} INFO - Setting next_dagrun for example_subdag_operator to 2022-01-01 00:00:00+00:00, run_after=2022-01-01 00:00:00+00:00
[2025-02-01T20:39:17.394+0000] {logging_mixin.py:190} INFO - [2025-02-01T20:39:17.394+0000] {dag.py:4180} INFO - Setting next_dagrun for example_subdag_operator.section-1 to None, run_after=None
[2025-02-01T20:39:17.395+0000] {logging_mixin.py:190} INFO - [2025-02-01T20:39:17.395+0000] {dag.py:4180} INFO - Setting next_dagrun for example_subdag_operator.section-2 to None, run_after=None
[2025-02-01T20:39:17.400+0000] {logging_mixin.py:190} INFO - [2025-02-01T20:39:17.400+0000] {dag.py:3239} INFO - Sync 2 DAGs
[2025-02-01T20:39:17.404+0000] {logging_mixin.py:190} INFO - [2025-02-01T20:39:17.404+0000] {dag.py:4180} INFO - Setting next_dagrun for example_subdag_operator.section-1 to None, run_after=None
[2025-02-01T20:39:17.405+0000] {logging_mixin.py:190} INFO - [2025-02-01T20:39:17.405+0000] {dag.py:4180} INFO - Setting next_dagrun for example_subdag_operator.section-2 to None, run_after=None
[2025-02-01T20:39:17.413+0000] {processor.py:208} INFO - Processing /home/airflow/.local/lib/python3.12/site-packages/airflow/example_dags/example_subdag_operator.py took 0.079 seconds
[2025-02-01T20:39:47.503+0000] {processor.py:186} INFO - Started process (PID=765) to work on /home/airflow/.local/lib/python3.12/site-packages/airflow/example_dags/example_subdag_operator.py
[2025-02-01T20:39:47.504+0000] {processor.py:914} INFO - Processing file /home/airflow/.local/lib/python3.12/site-packages/airflow/example_dags/example_subdag_operator.py for tasks to queue
[2025-02-01T20:39:47.505+0000] {logging_mixin.py:190} INFO - [2025-02-01T20:39:47.505+0000] {dagbag.py:588} INFO - Filling up the DagBag from /home/airflow/.local/lib/python3.12/site-packages/airflow/example_dags/example_subdag_operator.py
[2025-02-01T20:39:47.523+0000] {processor.py:925} INFO - DAG(s) 'example_subdag_operator.section-1', 'example_subdag_operator.section-2', 'example_subdag_operator' retrieved from /home/airflow/.local/lib/python3.12/site-packages/airflow/example_dags/example_subdag_operator.py
[2025-02-01T20:39:47.535+0000] {logging_mixin.py:190} INFO - [2025-02-01T20:39:47.534+0000] {dag.py:3239} INFO - Sync 3 DAGs
[2025-02-01T20:39:47.552+0000] {logging_mixin.py:190} INFO - [2025-02-01T20:39:47.552+0000] {dag.py:4180} INFO - Setting next_dagrun for example_subdag_operator to 2022-01-01 00:00:00+00:00, run_after=2022-01-01 00:00:00+00:00
[2025-02-01T20:39:47.555+0000] {logging_mixin.py:190} INFO - [2025-02-01T20:39:47.555+0000] {dag.py:4180} INFO - Setting next_dagrun for example_subdag_operator.section-1 to None, run_after=None
[2025-02-01T20:39:47.557+0000] {logging_mixin.py:190} INFO - [2025-02-01T20:39:47.557+0000] {dag.py:4180} INFO - Setting next_dagrun for example_subdag_operator.section-2 to None, run_after=None
[2025-02-01T20:39:47.562+0000] {logging_mixin.py:190} INFO - [2025-02-01T20:39:47.562+0000] {dag.py:3239} INFO - Sync 2 DAGs
[2025-02-01T20:39:47.566+0000] {logging_mixin.py:190} INFO - [2025-02-01T20:39:47.566+0000] {dag.py:4180} INFO - Setting next_dagrun for example_subdag_operator.section-1 to None, run_after=None
[2025-02-01T20:39:47.566+0000] {logging_mixin.py:190} INFO - [2025-02-01T20:39:47.566+0000] {dag.py:4180} INFO - Setting next_dagrun for example_subdag_operator.section-2 to None, run_after=None
[2025-02-01T20:39:47.628+0000] {processor.py:208} INFO - Processing /home/airflow/.local/lib/python3.12/site-packages/airflow/example_dags/example_subdag_operator.py took 0.130 seconds
[2025-02-01T20:40:17.721+0000] {processor.py:186} INFO - Started process (PID=1056) to work on /home/airflow/.local/lib/python3.12/site-packages/airflow/example_dags/example_subdag_operator.py
[2025-02-01T20:40:17.722+0000] {processor.py:914} INFO - Processing file /home/airflow/.local/lib/python3.12/site-packages/airflow/example_dags/example_subdag_operator.py for tasks to queue
[2025-02-01T20:40:17.724+0000] {logging_mixin.py:190} INFO - [2025-02-01T20:40:17.723+0000] {dagbag.py:588} INFO - Filling up the DagBag from /home/airflow/.local/lib/python3.12/site-packages/airflow/example_dags/example_subdag_operator.py
[2025-02-01T20:40:17.743+0000] {processor.py:925} INFO - DAG(s) 'example_subdag_operator.section-1', 'example_subdag_operator.section-2', 'example_subdag_operator' retrieved from /home/airflow/.local/lib/python3.12/site-packages/airflow/example_dags/example_subdag_operator.py
[2025-02-01T20:40:17.755+0000] {logging_mixin.py:190} INFO - [2025-02-01T20:40:17.755+0000] {dag.py:3239} INFO - Sync 3 DAGs
[2025-02-01T20:40:17.773+0000] {logging_mixin.py:190} INFO - [2025-02-01T20:40:17.773+0000] {dag.py:4180} INFO - Setting next_dagrun for example_subdag_operator to 2022-01-01 00:00:00+00:00, run_after=2022-01-01 00:00:00+00:00
[2025-02-01T20:40:17.777+0000] {logging_mixin.py:190} INFO - [2025-02-01T20:40:17.776+0000] {dag.py:4180} INFO - Setting next_dagrun for example_subdag_operator.section-1 to None, run_after=None
[2025-02-01T20:40:17.778+0000] {logging_mixin.py:190} INFO - [2025-02-01T20:40:17.778+0000] {dag.py:4180} INFO - Setting next_dagrun for example_subdag_operator.section-2 to None, run_after=None
[2025-02-01T20:40:17.783+0000] {logging_mixin.py:190} INFO - [2025-02-01T20:40:17.783+0000] {dag.py:3239} INFO - Sync 2 DAGs
[2025-02-01T20:40:17.787+0000] {logging_mixin.py:190} INFO - [2025-02-01T20:40:17.787+0000] {dag.py:4180} INFO - Setting next_dagrun for example_subdag_operator.section-1 to None, run_after=None
[2025-02-01T20:40:17.788+0000] {logging_mixin.py:190} INFO - [2025-02-01T20:40:17.788+0000] {dag.py:4180} INFO - Setting next_dagrun for example_subdag_operator.section-2 to None, run_after=None
[2025-02-01T20:40:17.797+0000] {processor.py:208} INFO - Processing /home/airflow/.local/lib/python3.12/site-packages/airflow/example_dags/example_subdag_operator.py took 0.080 seconds
[2025-02-01T20:40:48.007+0000] {processor.py:186} INFO - Started process (PID=1347) to work on /home/airflow/.local/lib/python3.12/site-packages/airflow/example_dags/example_subdag_operator.py
[2025-02-01T20:40:48.008+0000] {processor.py:914} INFO - Processing file /home/airflow/.local/lib/python3.12/site-packages/airflow/example_dags/example_subdag_operator.py for tasks to queue
[2025-02-01T20:40:48.010+0000] {logging_mixin.py:190} INFO - [2025-02-01T20:40:48.009+0000] {dagbag.py:588} INFO - Filling up the DagBag from /home/airflow/.local/lib/python3.12/site-packages/airflow/example_dags/example_subdag_operator.py
[2025-02-01T20:40:48.028+0000] {processor.py:925} INFO - DAG(s) 'example_subdag_operator.section-1', 'example_subdag_operator.section-2', 'example_subdag_operator' retrieved from /home/airflow/.local/lib/python3.12/site-packages/airflow/example_dags/example_subdag_operator.py
[2025-02-01T20:40:48.039+0000] {logging_mixin.py:190} INFO - [2025-02-01T20:40:48.039+0000] {dag.py:3239} INFO - Sync 3 DAGs
[2025-02-01T20:40:48.056+0000] {logging_mixin.py:190} INFO - [2025-02-01T20:40:48.056+0000] {dag.py:4180} INFO - Setting next_dagrun for example_subdag_operator to 2022-01-01 00:00:00+00:00, run_after=2022-01-01 00:00:00+00:00
[2025-02-01T20:40:48.060+0000] {logging_mixin.py:190} INFO - [2025-02-01T20:40:48.059+0000] {dag.py:4180} INFO - Setting next_dagrun for example_subdag_operator.section-1 to None, run_after=None
[2025-02-01T20:40:48.061+0000] {logging_mixin.py:190} INFO - [2025-02-01T20:40:48.061+0000] {dag.py:4180} INFO - Setting next_dagrun for example_subdag_operator.section-2 to None, run_after=None
[2025-02-01T20:40:48.067+0000] {logging_mixin.py:190} INFO - [2025-02-01T20:40:48.066+0000] {dag.py:3239} INFO - Sync 2 DAGs
[2025-02-01T20:40:48.071+0000] {logging_mixin.py:190} INFO - [2025-02-01T20:40:48.070+0000] {dag.py:4180} INFO - Setting next_dagrun for example_subdag_operator.section-1 to None, run_after=None
[2025-02-01T20:40:48.071+0000] {logging_mixin.py:190} INFO - [2025-02-01T20:40:48.071+0000] {dag.py:4180} INFO - Setting next_dagrun for example_subdag_operator.section-2 to None, run_after=None
[2025-02-01T20:40:48.080+0000] {processor.py:208} INFO - Processing /home/airflow/.local/lib/python3.12/site-packages/airflow/example_dags/example_subdag_operator.py took 0.077 seconds
[2025-02-01T20:41:18.659+0000] {processor.py:186} INFO - Started process (PID=1638) to work on /home/airflow/.local/lib/python3.12/site-packages/airflow/example_dags/example_subdag_operator.py
[2025-02-01T20:41:18.660+0000] {processor.py:914} INFO - Processing file /home/airflow/.local/lib/python3.12/site-packages/airflow/example_dags/example_subdag_operator.py for tasks to queue
[2025-02-01T20:41:18.661+0000] {logging_mixin.py:190} INFO - [2025-02-01T20:41:18.661+0000] {dagbag.py:588} INFO - Filling up the DagBag from /home/airflow/.local/lib/python3.12/site-packages/airflow/example_dags/example_subdag_operator.py
[2025-02-01T20:41:18.679+0000] {processor.py:925} INFO - DAG(s) 'example_subdag_operator.section-1', 'example_subdag_operator.section-2', 'example_subdag_operator' retrieved from /home/airflow/.local/lib/python3.12/site-packages/airflow/example_dags/example_subdag_operator.py
[2025-02-01T20:41:18.690+0000] {logging_mixin.py:190} INFO - [2025-02-01T20:41:18.690+0000] {dag.py:3239} INFO - Sync 3 DAGs
[2025-02-01T20:41:18.706+0000] {logging_mixin.py:190} INFO - [2025-02-01T20:41:18.706+0000] {dag.py:4180} INFO - Setting next_dagrun for example_subdag_operator to 2022-01-01 00:00:00+00:00, run_after=2022-01-01 00:00:00+00:00
[2025-02-01T20:41:18.709+0000] {logging_mixin.py:190} INFO - [2025-02-01T20:41:18.709+0000] {dag.py:4180} INFO - Setting next_dagrun for example_subdag_operator.section-1 to None, run_after=None
[2025-02-01T20:41:18.710+0000] {logging_mixin.py:190} INFO - [2025-02-01T20:41:18.710+0000] {dag.py:4180} INFO - Setting next_dagrun for example_subdag_operator.section-2 to None, run_after=None
[2025-02-01T20:41:18.715+0000] {logging_mixin.py:190} INFO - [2025-02-01T20:41:18.715+0000] {dag.py:3239} INFO - Sync 2 DAGs
[2025-02-01T20:41:18.720+0000] {logging_mixin.py:190} INFO - [2025-02-01T20:41:18.720+0000] {dag.py:4180} INFO - Setting next_dagrun for example_subdag_operator.section-1 to None, run_after=None
[2025-02-01T20:41:18.721+0000] {logging_mixin.py:190} INFO - [2025-02-01T20:41:18.721+0000] {dag.py:4180} INFO - Setting next_dagrun for example_subdag_operator.section-2 to None, run_after=None
[2025-02-01T20:41:18.731+0000] {processor.py:208} INFO - Processing /home/airflow/.local/lib/python3.12/site-packages/airflow/example_dags/example_subdag_operator.py took 0.076 seconds
[2025-02-01T20:41:49.639+0000] {processor.py:186} INFO - Started process (PID=1929) to work on /home/airflow/.local/lib/python3.12/site-packages/airflow/example_dags/example_subdag_operator.py
[2025-02-01T20:41:49.640+0000] {processor.py:914} INFO - Processing file /home/airflow/.local/lib/python3.12/site-packages/airflow/example_dags/example_subdag_operator.py for tasks to queue
[2025-02-01T20:41:49.642+0000] {logging_mixin.py:190} INFO - [2025-02-01T20:41:49.641+0000] {dagbag.py:588} INFO - Filling up the DagBag from /home/airflow/.local/lib/python3.12/site-packages/airflow/example_dags/example_subdag_operator.py
[2025-02-01T20:41:49.664+0000] {processor.py:925} INFO - DAG(s) 'example_subdag_operator.section-1', 'example_subdag_operator.section-2', 'example_subdag_operator' retrieved from /home/airflow/.local/lib/python3.12/site-packages/airflow/example_dags/example_subdag_operator.py
[2025-02-01T20:41:49.679+0000] {logging_mixin.py:190} INFO - [2025-02-01T20:41:49.679+0000] {dag.py:3239} INFO - Sync 3 DAGs
[2025-02-01T20:41:49.702+0000] {logging_mixin.py:190} INFO - [2025-02-01T20:41:49.702+0000] {dag.py:4180} INFO - Setting next_dagrun for example_subdag_operator to 2022-01-01 00:00:00+00:00, run_after=2022-01-01 00:00:00+00:00
[2025-02-01T20:41:49.707+0000] {logging_mixin.py:190} INFO - [2025-02-01T20:41:49.706+0000] {dag.py:4180} INFO - Setting next_dagrun for example_subdag_operator.section-1 to None, run_after=None
[2025-02-01T20:41:49.710+0000] {logging_mixin.py:190} INFO - [2025-02-01T20:41:49.710+0000] {dag.py:4180} INFO - Setting next_dagrun for example_subdag_operator.section-2 to None, run_after=None
[2025-02-01T20:41:49.720+0000] {logging_mixin.py:190} INFO - [2025-02-01T20:41:49.720+0000] {dag.py:3239} INFO - Sync 2 DAGs
[2025-02-01T20:41:49.725+0000] {logging_mixin.py:190} INFO - [2025-02-01T20:41:49.725+0000] {dag.py:4180} INFO - Setting next_dagrun for example_subdag_operator.section-1 to None, run_after=None
[2025-02-01T20:41:49.726+0000] {logging_mixin.py:190} INFO - [2025-02-01T20:41:49.726+0000] {dag.py:4180} INFO - Setting next_dagrun for example_subdag_operator.section-2 to None, run_after=None
[2025-02-01T20:41:49.736+0000] {processor.py:208} INFO - Processing /home/airflow/.local/lib/python3.12/site-packages/airflow/example_dags/example_subdag_operator.py took 0.101 seconds
[2025-02-01T20:42:20.616+0000] {processor.py:186} INFO - Started process (PID=2220) to work on /home/airflow/.local/lib/python3.12/site-packages/airflow/example_dags/example_subdag_operator.py
[2025-02-01T20:42:20.616+0000] {processor.py:914} INFO - Processing file /home/airflow/.local/lib/python3.12/site-packages/airflow/example_dags/example_subdag_operator.py for tasks to queue
[2025-02-01T20:42:20.618+0000] {logging_mixin.py:190} INFO - [2025-02-01T20:42:20.618+0000] {dagbag.py:588} INFO - Filling up the DagBag from /home/airflow/.local/lib/python3.12/site-packages/airflow/example_dags/example_subdag_operator.py
[2025-02-01T20:42:20.637+0000] {processor.py:925} INFO - DAG(s) 'example_subdag_operator.section-1', 'example_subdag_operator.section-2', 'example_subdag_operator' retrieved from /home/airflow/.local/lib/python3.12/site-packages/airflow/example_dags/example_subdag_operator.py
[2025-02-01T20:42:20.650+0000] {logging_mixin.py:190} INFO - [2025-02-01T20:42:20.650+0000] {dag.py:3239} INFO - Sync 3 DAGs
[2025-02-01T20:42:20.668+0000] {logging_mixin.py:190} INFO - [2025-02-01T20:42:20.668+0000] {dag.py:4180} INFO - Setting next_dagrun for example_subdag_operator to 2022-01-01 00:00:00+00:00, run_after=2022-01-01 00:00:00+00:00
[2025-02-01T20:42:20.671+0000] {logging_mixin.py:190} INFO - [2025-02-01T20:42:20.671+0000] {dag.py:4180} INFO - Setting next_dagrun for example_subdag_operator.section-1 to None, run_after=None
[2025-02-01T20:42:20.672+0000] {logging_mixin.py:190} INFO - [2025-02-01T20:42:20.672+0000] {dag.py:4180} INFO - Setting next_dagrun for example_subdag_operator.section-2 to None, run_after=None
[2025-02-01T20:42:20.679+0000] {logging_mixin.py:190} INFO - [2025-02-01T20:42:20.678+0000] {dag.py:3239} INFO - Sync 2 DAGs
[2025-02-01T20:42:20.684+0000] {logging_mixin.py:190} INFO - [2025-02-01T20:42:20.683+0000] {dag.py:4180} INFO - Setting next_dagrun for example_subdag_operator.section-1 to None, run_after=None
[2025-02-01T20:42:20.684+0000] {logging_mixin.py:190} INFO - [2025-02-01T20:42:20.684+0000] {dag.py:4180} INFO - Setting next_dagrun for example_subdag_operator.section-2 to None, run_after=None
[2025-02-01T20:42:20.694+0000] {processor.py:208} INFO - Processing /home/airflow/.local/lib/python3.12/site-packages/airflow/example_dags/example_subdag_operator.py took 0.084 seconds
[2025-02-01T20:42:50.909+0000] {processor.py:186} INFO - Started process (PID=2511) to work on /home/airflow/.local/lib/python3.12/site-packages/airflow/example_dags/example_subdag_operator.py
[2025-02-01T20:42:50.909+0000] {processor.py:914} INFO - Processing file /home/airflow/.local/lib/python3.12/site-packages/airflow/example_dags/example_subdag_operator.py for tasks to queue
[2025-02-01T20:42:50.911+0000] {logging_mixin.py:190} INFO - [2025-02-01T20:42:50.911+0000] {dagbag.py:588} INFO - Filling up the DagBag from /home/airflow/.local/lib/python3.12/site-packages/airflow/example_dags/example_subdag_operator.py
[2025-02-01T20:42:50.929+0000] {processor.py:925} INFO - DAG(s) 'example_subdag_operator.section-1', 'example_subdag_operator.section-2', 'example_subdag_operator' retrieved from /home/airflow/.local/lib/python3.12/site-packages/airflow/example_dags/example_subdag_operator.py
[2025-02-01T20:42:50.940+0000] {logging_mixin.py:190} INFO - [2025-02-01T20:42:50.940+0000] {dag.py:3239} INFO - Sync 3 DAGs
[2025-02-01T20:42:50.960+0000] {logging_mixin.py:190} INFO - [2025-02-01T20:42:50.960+0000] {dag.py:4180} INFO - Setting next_dagrun for example_subdag_operator to 2022-01-01 00:00:00+00:00, run_after=2022-01-01 00:00:00+00:00
[2025-02-01T20:42:50.963+0000] {logging_mixin.py:190} INFO - [2025-02-01T20:42:50.963+0000] {dag.py:4180} INFO - Setting next_dagrun for example_subdag_operator.section-1 to None, run_after=None
[2025-02-01T20:42:50.964+0000] {logging_mixin.py:190} INFO - [2025-02-01T20:42:50.964+0000] {dag.py:4180} INFO - Setting next_dagrun for example_subdag_operator.section-2 to None, run_after=None
[2025-02-01T20:42:50.971+0000] {logging_mixin.py:190} INFO - [2025-02-01T20:42:50.970+0000] {dag.py:3239} INFO - Sync 2 DAGs
[2025-02-01T20:42:50.976+0000] {logging_mixin.py:190} INFO - [2025-02-01T20:42:50.976+0000] {dag.py:4180} INFO - Setting next_dagrun for example_subdag_operator.section-1 to None, run_after=None
[2025-02-01T20:42:50.977+0000] {logging_mixin.py:190} INFO - [2025-02-01T20:42:50.977+0000] {dag.py:4180} INFO - Setting next_dagrun for example_subdag_operator.section-2 to None, run_after=None
[2025-02-01T20:42:50.986+0000] {processor.py:208} INFO - Processing /home/airflow/.local/lib/python3.12/site-packages/airflow/example_dags/example_subdag_operator.py took 0.082 seconds
[2025-02-01T20:43:21.599+0000] {processor.py:186} INFO - Started process (PID=2802) to work on /home/airflow/.local/lib/python3.12/site-packages/airflow/example_dags/example_subdag_operator.py
[2025-02-01T20:43:21.600+0000] {processor.py:914} INFO - Processing file /home/airflow/.local/lib/python3.12/site-packages/airflow/example_dags/example_subdag_operator.py for tasks to queue
[2025-02-01T20:43:21.602+0000] {logging_mixin.py:190} INFO - [2025-02-01T20:43:21.601+0000] {dagbag.py:588} INFO - Filling up the DagBag from /home/airflow/.local/lib/python3.12/site-packages/airflow/example_dags/example_subdag_operator.py
[2025-02-01T20:43:21.623+0000] {processor.py:925} INFO - DAG(s) 'example_subdag_operator.section-1', 'example_subdag_operator.section-2', 'example_subdag_operator' retrieved from /home/airflow/.local/lib/python3.12/site-packages/airflow/example_dags/example_subdag_operator.py
[2025-02-01T20:43:21.635+0000] {logging_mixin.py:190} INFO - [2025-02-01T20:43:21.635+0000] {dag.py:3239} INFO - Sync 3 DAGs
[2025-02-01T20:43:21.653+0000] {logging_mixin.py:190} INFO - [2025-02-01T20:43:21.653+0000] {dag.py:4180} INFO - Setting next_dagrun for example_subdag_operator to 2022-01-01 00:00:00+00:00, run_after=2022-01-01 00:00:00+00:00
[2025-02-01T20:43:21.656+0000] {logging_mixin.py:190} INFO - [2025-02-01T20:43:21.656+0000] {dag.py:4180} INFO - Setting next_dagrun for example_subdag_operator.section-1 to None, run_after=None
[2025-02-01T20:43:21.657+0000] {logging_mixin.py:190} INFO - [2025-02-01T20:43:21.657+0000] {dag.py:4180} INFO - Setting next_dagrun for example_subdag_operator.section-2 to None, run_after=None
[2025-02-01T20:43:21.662+0000] {logging_mixin.py:190} INFO - [2025-02-01T20:43:21.662+0000] {dag.py:3239} INFO - Sync 2 DAGs
[2025-02-01T20:43:21.667+0000] {logging_mixin.py:190} INFO - [2025-02-01T20:43:21.667+0000] {dag.py:4180} INFO - Setting next_dagrun for example_subdag_operator.section-1 to None, run_after=None
[2025-02-01T20:43:21.667+0000] {logging_mixin.py:190} INFO - [2025-02-01T20:43:21.667+0000] {dag.py:4180} INFO - Setting next_dagrun for example_subdag_operator.section-2 to None, run_after=None
[2025-02-01T20:43:21.677+0000] {processor.py:208} INFO - Processing /home/airflow/.local/lib/python3.12/site-packages/airflow/example_dags/example_subdag_operator.py took 0.082 seconds
[2025-02-01T20:43:51.982+0000] {processor.py:186} INFO - Started process (PID=3093) to work on /home/airflow/.local/lib/python3.12/site-packages/airflow/example_dags/example_subdag_operator.py
[2025-02-01T20:43:51.983+0000] {processor.py:914} INFO - Processing file /home/airflow/.local/lib/python3.12/site-packages/airflow/example_dags/example_subdag_operator.py for tasks to queue
[2025-02-01T20:43:51.985+0000] {logging_mixin.py:190} INFO - [2025-02-01T20:43:51.985+0000] {dagbag.py:588} INFO - Filling up the DagBag from /home/airflow/.local/lib/python3.12/site-packages/airflow/example_dags/example_subdag_operator.py
[2025-02-01T20:43:52.004+0000] {processor.py:925} INFO - DAG(s) 'example_subdag_operator.section-1', 'example_subdag_operator.section-2', 'example_subdag_operator' retrieved from /home/airflow/.local/lib/python3.12/site-packages/airflow/example_dags/example_subdag_operator.py
[2025-02-01T20:43:52.017+0000] {logging_mixin.py:190} INFO - [2025-02-01T20:43:52.017+0000] {dag.py:3239} INFO - Sync 3 DAGs
[2025-02-01T20:43:52.037+0000] {logging_mixin.py:190} INFO - [2025-02-01T20:43:52.037+0000] {dag.py:4180} INFO - Setting next_dagrun for example_subdag_operator to 2022-01-01 00:00:00+00:00, run_after=2022-01-01 00:00:00+00:00
[2025-02-01T20:43:52.040+0000] {logging_mixin.py:190} INFO - [2025-02-01T20:43:52.040+0000] {dag.py:4180} INFO - Setting next_dagrun for example_subdag_operator.section-1 to None, run_after=None
[2025-02-01T20:43:52.042+0000] {logging_mixin.py:190} INFO - [2025-02-01T20:43:52.042+0000] {dag.py:4180} INFO - Setting next_dagrun for example_subdag_operator.section-2 to None, run_after=None
[2025-02-01T20:43:52.048+0000] {logging_mixin.py:190} INFO - [2025-02-01T20:43:52.047+0000] {dag.py:3239} INFO - Sync 2 DAGs
[2025-02-01T20:43:52.053+0000] {logging_mixin.py:190} INFO - [2025-02-01T20:43:52.052+0000] {dag.py:4180} INFO - Setting next_dagrun for example_subdag_operator.section-1 to None, run_after=None
[2025-02-01T20:43:52.053+0000] {logging_mixin.py:190} INFO - [2025-02-01T20:43:52.053+0000] {dag.py:4180} INFO - Setting next_dagrun for example_subdag_operator.section-2 to None, run_after=None
[2025-02-01T20:43:52.063+0000] {processor.py:208} INFO - Processing /home/airflow/.local/lib/python3.12/site-packages/airflow/example_dags/example_subdag_operator.py took 0.085 seconds
[2025-02-01T20:44:22.467+0000] {processor.py:186} INFO - Started process (PID=3384) to work on /home/airflow/.local/lib/python3.12/site-packages/airflow/example_dags/example_subdag_operator.py
[2025-02-01T20:44:22.467+0000] {processor.py:914} INFO - Processing file /home/airflow/.local/lib/python3.12/site-packages/airflow/example_dags/example_subdag_operator.py for tasks to queue
[2025-02-01T20:44:22.469+0000] {logging_mixin.py:190} INFO - [2025-02-01T20:44:22.469+0000] {dagbag.py:588} INFO - Filling up the DagBag from /home/airflow/.local/lib/python3.12/site-packages/airflow/example_dags/example_subdag_operator.py
[2025-02-01T20:44:22.491+0000] {processor.py:925} INFO - DAG(s) 'example_subdag_operator.section-1', 'example_subdag_operator.section-2', 'example_subdag_operator' retrieved from /home/airflow/.local/lib/python3.12/site-packages/airflow/example_dags/example_subdag_operator.py
[2025-02-01T20:44:22.503+0000] {logging_mixin.py:190} INFO - [2025-02-01T20:44:22.503+0000] {dag.py:3239} INFO - Sync 3 DAGs
[2025-02-01T20:44:22.519+0000] {logging_mixin.py:190} INFO - [2025-02-01T20:44:22.519+0000] {dag.py:4180} INFO - Setting next_dagrun for example_subdag_operator to 2022-01-01 00:00:00+00:00, run_after=2022-01-01 00:00:00+00:00
[2025-02-01T20:44:22.522+0000] {logging_mixin.py:190} INFO - [2025-02-01T20:44:22.522+0000] {dag.py:4180} INFO - Setting next_dagrun for example_subdag_operator.section-1 to None, run_after=None
[2025-02-01T20:44:22.523+0000] {logging_mixin.py:190} INFO - [2025-02-01T20:44:22.523+0000] {dag.py:4180} INFO - Setting next_dagrun for example_subdag_operator.section-2 to None, run_after=None
[2025-02-01T20:44:22.528+0000] {logging_mixin.py:190} INFO - [2025-02-01T20:44:22.528+0000] {dag.py:3239} INFO - Sync 2 DAGs
[2025-02-01T20:44:22.532+0000] {logging_mixin.py:190} INFO - [2025-02-01T20:44:22.531+0000] {dag.py:4180} INFO - Setting next_dagrun for example_subdag_operator.section-1 to None, run_after=None
[2025-02-01T20:44:22.532+0000] {logging_mixin.py:190} INFO - [2025-02-01T20:44:22.532+0000] {dag.py:4180} INFO - Setting next_dagrun for example_subdag_operator.section-2 to None, run_after=None
[2025-02-01T20:44:22.581+0000] {processor.py:208} INFO - Processing /home/airflow/.local/lib/python3.12/site-packages/airflow/example_dags/example_subdag_operator.py took 0.120 seconds
[2025-02-01T20:44:52.868+0000] {processor.py:186} INFO - Started process (PID=3675) to work on /home/airflow/.local/lib/python3.12/site-packages/airflow/example_dags/example_subdag_operator.py
[2025-02-01T20:44:52.869+0000] {processor.py:914} INFO - Processing file /home/airflow/.local/lib/python3.12/site-packages/airflow/example_dags/example_subdag_operator.py for tasks to queue
[2025-02-01T20:44:52.872+0000] {logging_mixin.py:190} INFO - [2025-02-01T20:44:52.871+0000] {dagbag.py:588} INFO - Filling up the DagBag from /home/airflow/.local/lib/python3.12/site-packages/airflow/example_dags/example_subdag_operator.py
[2025-02-01T20:44:52.892+0000] {processor.py:925} INFO - DAG(s) 'example_subdag_operator.section-1', 'example_subdag_operator.section-2', 'example_subdag_operator' retrieved from /home/airflow/.local/lib/python3.12/site-packages/airflow/example_dags/example_subdag_operator.py
[2025-02-01T20:44:52.905+0000] {logging_mixin.py:190} INFO - [2025-02-01T20:44:52.904+0000] {dag.py:3239} INFO - Sync 3 DAGs
[2025-02-01T20:44:52.924+0000] {logging_mixin.py:190} INFO - [2025-02-01T20:44:52.923+0000] {dag.py:4180} INFO - Setting next_dagrun for example_subdag_operator to 2022-01-01 00:00:00+00:00, run_after=2022-01-01 00:00:00+00:00
[2025-02-01T20:44:52.927+0000] {logging_mixin.py:190} INFO - [2025-02-01T20:44:52.927+0000] {dag.py:4180} INFO - Setting next_dagrun for example_subdag_operator.section-1 to None, run_after=None
[2025-02-01T20:44:52.928+0000] {logging_mixin.py:190} INFO - [2025-02-01T20:44:52.928+0000] {dag.py:4180} INFO - Setting next_dagrun for example_subdag_operator.section-2 to None, run_after=None
[2025-02-01T20:44:52.934+0000] {logging_mixin.py:190} INFO - [2025-02-01T20:44:52.933+0000] {dag.py:3239} INFO - Sync 2 DAGs
[2025-02-01T20:44:52.938+0000] {logging_mixin.py:190} INFO - [2025-02-01T20:44:52.938+0000] {dag.py:4180} INFO - Setting next_dagrun for example_subdag_operator.section-1 to None, run_after=None
[2025-02-01T20:44:52.939+0000] {logging_mixin.py:190} INFO - [2025-02-01T20:44:52.939+0000] {dag.py:4180} INFO - Setting next_dagrun for example_subdag_operator.section-2 to None, run_after=None
[2025-02-01T20:44:52.948+0000] {processor.py:208} INFO - Processing /home/airflow/.local/lib/python3.12/site-packages/airflow/example_dags/example_subdag_operator.py took 0.084 seconds
