[2025-02-01T20:33:32.852+0000] {processor.py:186} INFO - Started process (PID=201) to work on /home/airflow/.local/lib/python3.12/site-packages/airflow/example_dags/example_inlet_event_extra.py
[2025-02-01T20:33:32.853+0000] {processor.py:914} INFO - Processing file /home/airflow/.local/lib/python3.12/site-packages/airflow/example_dags/example_inlet_event_extra.py for tasks to queue
[2025-02-01T20:33:32.855+0000] {logging_mixin.py:190} INFO - [2025-02-01T20:33:32.855+0000] {dagbag.py:588} INFO - Filling up the DagBag from /home/airflow/.local/lib/python3.12/site-packages/airflow/example_dags/example_inlet_event_extra.py
[2025-02-01T20:33:33.574+0000] {processor.py:925} INFO - DAG(s) 'read_dataset_event_from_classic', 'read_dataset_event' retrieved from /home/airflow/.local/lib/python3.12/site-packages/airflow/example_dags/example_inlet_event_extra.py
[2025-02-01T20:33:33.697+0000] {logging_mixin.py:190} INFO - [2025-02-01T20:33:33.696+0000] {override.py:1911} INFO - Created Permission View: can read on DAG:read_dataset_event_from_classic
[2025-02-01T20:33:33.723+0000] {logging_mixin.py:190} INFO - [2025-02-01T20:33:33.723+0000] {override.py:1911} INFO - Created Permission View: can delete on DAG:read_dataset_event_from_classic
[2025-02-01T20:33:33.746+0000] {logging_mixin.py:190} INFO - [2025-02-01T20:33:33.745+0000] {override.py:1911} INFO - Created Permission View: can edit on DAG:read_dataset_event_from_classic
[2025-02-01T20:33:33.772+0000] {logging_mixin.py:190} INFO - [2025-02-01T20:33:33.772+0000] {override.py:1911} INFO - Created Permission View: can read on DAG Run:read_dataset_event_from_classic
[2025-02-01T20:33:33.792+0000] {logging_mixin.py:190} INFO - [2025-02-01T20:33:33.792+0000] {override.py:1911} INFO - Created Permission View: menu access on DAG Run:read_dataset_event_from_classic
[2025-02-01T20:33:33.815+0000] {logging_mixin.py:190} INFO - [2025-02-01T20:33:33.814+0000] {override.py:1911} INFO - Created Permission View: can create on DAG Run:read_dataset_event_from_classic
[2025-02-01T20:33:33.835+0000] {logging_mixin.py:190} INFO - [2025-02-01T20:33:33.835+0000] {override.py:1911} INFO - Created Permission View: can delete on DAG Run:read_dataset_event_from_classic
[2025-02-01T20:33:33.856+0000] {logging_mixin.py:190} INFO - [2025-02-01T20:33:33.856+0000] {override.py:1911} INFO - Created Permission View: can read on DAG:read_dataset_event
[2025-02-01T20:33:33.865+0000] {logging_mixin.py:190} INFO - [2025-02-01T20:33:33.864+0000] {override.py:1911} INFO - Created Permission View: can delete on DAG:read_dataset_event
[2025-02-01T20:33:33.873+0000] {logging_mixin.py:190} INFO - [2025-02-01T20:33:33.873+0000] {override.py:1911} INFO - Created Permission View: can edit on DAG:read_dataset_event
[2025-02-01T20:33:33.881+0000] {logging_mixin.py:190} INFO - [2025-02-01T20:33:33.880+0000] {override.py:1911} INFO - Created Permission View: can read on DAG Run:read_dataset_event
[2025-02-01T20:33:33.888+0000] {logging_mixin.py:190} INFO - [2025-02-01T20:33:33.888+0000] {override.py:1911} INFO - Created Permission View: menu access on DAG Run:read_dataset_event
[2025-02-01T20:33:33.894+0000] {logging_mixin.py:190} INFO - [2025-02-01T20:33:33.894+0000] {override.py:1911} INFO - Created Permission View: can create on DAG Run:read_dataset_event
[2025-02-01T20:33:33.901+0000] {logging_mixin.py:190} INFO - [2025-02-01T20:33:33.901+0000] {override.py:1911} INFO - Created Permission View: can delete on DAG Run:read_dataset_event
[2025-02-01T20:33:33.902+0000] {logging_mixin.py:190} INFO - [2025-02-01T20:33:33.902+0000] {dag.py:3239} INFO - Sync 2 DAGs
[2025-02-01T20:33:33.918+0000] {logging_mixin.py:190} INFO - [2025-02-01T20:33:33.918+0000] {dag.py:3262} INFO - Creating ORM DAG for read_dataset_event_from_classic
[2025-02-01T20:33:33.919+0000] {logging_mixin.py:190} INFO - [2025-02-01T20:33:33.919+0000] {dag.py:3262} INFO - Creating ORM DAG for read_dataset_event
[2025-02-01T20:33:33.931+0000] {logging_mixin.py:190} INFO - [2025-02-01T20:33:33.931+0000] {dag.py:4180} INFO - Setting next_dagrun for read_dataset_event to 2025-01-31 00:00:00+00:00, run_after=2025-02-01 00:00:00+00:00
[2025-02-01T20:33:33.933+0000] {logging_mixin.py:190} INFO - [2025-02-01T20:33:33.933+0000] {dag.py:4180} INFO - Setting next_dagrun for read_dataset_event_from_classic to 2025-01-31 00:00:00+00:00, run_after=2025-02-01 00:00:00+00:00
[2025-02-01T20:33:33.954+0000] {processor.py:208} INFO - Processing /home/airflow/.local/lib/python3.12/site-packages/airflow/example_dags/example_inlet_event_extra.py took 1.108 seconds
[2025-02-01T20:34:04.777+0000] {processor.py:186} INFO - Started process (PID=492) to work on /home/airflow/.local/lib/python3.12/site-packages/airflow/example_dags/example_inlet_event_extra.py
[2025-02-01T20:34:04.778+0000] {processor.py:914} INFO - Processing file /home/airflow/.local/lib/python3.12/site-packages/airflow/example_dags/example_inlet_event_extra.py for tasks to queue
[2025-02-01T20:34:04.779+0000] {logging_mixin.py:190} INFO - [2025-02-01T20:34:04.779+0000] {dagbag.py:588} INFO - Filling up the DagBag from /home/airflow/.local/lib/python3.12/site-packages/airflow/example_dags/example_inlet_event_extra.py
[2025-02-01T20:34:05.231+0000] {processor.py:925} INFO - DAG(s) 'read_dataset_event', 'read_dataset_event_from_classic' retrieved from /home/airflow/.local/lib/python3.12/site-packages/airflow/example_dags/example_inlet_event_extra.py
[2025-02-01T20:34:05.247+0000] {logging_mixin.py:190} INFO - [2025-02-01T20:34:05.247+0000] {dag.py:3239} INFO - Sync 2 DAGs
[2025-02-01T20:34:05.266+0000] {logging_mixin.py:190} INFO - [2025-02-01T20:34:05.266+0000] {dag.py:4180} INFO - Setting next_dagrun for read_dataset_event to 2025-01-31 00:00:00+00:00, run_after=2025-02-01 00:00:00+00:00
[2025-02-01T20:34:05.270+0000] {logging_mixin.py:190} INFO - [2025-02-01T20:34:05.270+0000] {dag.py:4180} INFO - Setting next_dagrun for read_dataset_event_from_classic to 2025-01-31 00:00:00+00:00, run_after=2025-02-01 00:00:00+00:00
[2025-02-01T20:34:05.282+0000] {processor.py:208} INFO - Processing /home/airflow/.local/lib/python3.12/site-packages/airflow/example_dags/example_inlet_event_extra.py took 0.509 seconds
[2025-02-01T20:34:35.558+0000] {processor.py:186} INFO - Started process (PID=783) to work on /home/airflow/.local/lib/python3.12/site-packages/airflow/example_dags/example_inlet_event_extra.py
[2025-02-01T20:34:35.559+0000] {processor.py:914} INFO - Processing file /home/airflow/.local/lib/python3.12/site-packages/airflow/example_dags/example_inlet_event_extra.py for tasks to queue
[2025-02-01T20:34:35.560+0000] {logging_mixin.py:190} INFO - [2025-02-01T20:34:35.560+0000] {dagbag.py:588} INFO - Filling up the DagBag from /home/airflow/.local/lib/python3.12/site-packages/airflow/example_dags/example_inlet_event_extra.py
[2025-02-01T20:34:36.011+0000] {processor.py:925} INFO - DAG(s) 'read_dataset_event', 'read_dataset_event_from_classic' retrieved from /home/airflow/.local/lib/python3.12/site-packages/airflow/example_dags/example_inlet_event_extra.py
[2025-02-01T20:34:36.042+0000] {logging_mixin.py:190} INFO - [2025-02-01T20:34:36.042+0000] {dag.py:3239} INFO - Sync 2 DAGs
[2025-02-01T20:34:36.091+0000] {logging_mixin.py:190} INFO - [2025-02-01T20:34:36.091+0000] {dag.py:4180} INFO - Setting next_dagrun for read_dataset_event to 2025-01-31 00:00:00+00:00, run_after=2025-02-01 00:00:00+00:00
[2025-02-01T20:34:36.103+0000] {logging_mixin.py:190} INFO - [2025-02-01T20:34:36.102+0000] {dag.py:4180} INFO - Setting next_dagrun for read_dataset_event_from_classic to 2025-01-31 00:00:00+00:00, run_after=2025-02-01 00:00:00+00:00
[2025-02-01T20:34:36.134+0000] {processor.py:208} INFO - Processing /home/airflow/.local/lib/python3.12/site-packages/airflow/example_dags/example_inlet_event_extra.py took 0.580 seconds
[2025-02-01T20:35:06.275+0000] {processor.py:186} INFO - Started process (PID=1071) to work on /home/airflow/.local/lib/python3.12/site-packages/airflow/example_dags/example_inlet_event_extra.py
[2025-02-01T20:35:06.275+0000] {processor.py:914} INFO - Processing file /home/airflow/.local/lib/python3.12/site-packages/airflow/example_dags/example_inlet_event_extra.py for tasks to queue
[2025-02-01T20:35:06.277+0000] {logging_mixin.py:190} INFO - [2025-02-01T20:35:06.277+0000] {dagbag.py:588} INFO - Filling up the DagBag from /home/airflow/.local/lib/python3.12/site-packages/airflow/example_dags/example_inlet_event_extra.py
[2025-02-01T20:35:06.882+0000] {processor.py:925} INFO - DAG(s) 'read_dataset_event', 'read_dataset_event_from_classic' retrieved from /home/airflow/.local/lib/python3.12/site-packages/airflow/example_dags/example_inlet_event_extra.py
[2025-02-01T20:35:06.902+0000] {logging_mixin.py:190} INFO - [2025-02-01T20:35:06.902+0000] {dag.py:3239} INFO - Sync 2 DAGs
[2025-02-01T20:35:06.925+0000] {logging_mixin.py:190} INFO - [2025-02-01T20:35:06.925+0000] {dag.py:4180} INFO - Setting next_dagrun for read_dataset_event to 2025-01-31 00:00:00+00:00, run_after=2025-02-01 00:00:00+00:00
[2025-02-01T20:35:06.930+0000] {logging_mixin.py:190} INFO - [2025-02-01T20:35:06.930+0000] {dag.py:4180} INFO - Setting next_dagrun for read_dataset_event_from_classic to 2025-01-31 00:00:00+00:00, run_after=2025-02-01 00:00:00+00:00
[2025-02-01T20:35:06.959+0000] {processor.py:208} INFO - Processing /home/airflow/.local/lib/python3.12/site-packages/airflow/example_dags/example_inlet_event_extra.py took 0.688 seconds
[2025-02-01T20:38:46.856+0000] {processor.py:186} INFO - Started process (PID=201) to work on /home/airflow/.local/lib/python3.12/site-packages/airflow/example_dags/example_inlet_event_extra.py
[2025-02-01T20:38:46.857+0000] {processor.py:914} INFO - Processing file /home/airflow/.local/lib/python3.12/site-packages/airflow/example_dags/example_inlet_event_extra.py for tasks to queue
[2025-02-01T20:38:46.858+0000] {logging_mixin.py:190} INFO - [2025-02-01T20:38:46.858+0000] {dagbag.py:588} INFO - Filling up the DagBag from /home/airflow/.local/lib/python3.12/site-packages/airflow/example_dags/example_inlet_event_extra.py
[2025-02-01T20:38:47.368+0000] {processor.py:925} INFO - DAG(s) 'read_dataset_event_from_classic', 'read_dataset_event' retrieved from /home/airflow/.local/lib/python3.12/site-packages/airflow/example_dags/example_inlet_event_extra.py
[2025-02-01T20:38:47.386+0000] {logging_mixin.py:190} INFO - [2025-02-01T20:38:47.386+0000] {dag.py:3239} INFO - Sync 2 DAGs
[2025-02-01T20:38:47.406+0000] {logging_mixin.py:190} INFO - [2025-02-01T20:38:47.406+0000] {dag.py:4180} INFO - Setting next_dagrun for read_dataset_event to 2025-01-31 00:00:00+00:00, run_after=2025-02-01 00:00:00+00:00
[2025-02-01T20:38:47.411+0000] {logging_mixin.py:190} INFO - [2025-02-01T20:38:47.410+0000] {dag.py:4180} INFO - Setting next_dagrun for read_dataset_event_from_classic to 2025-01-31 00:00:00+00:00, run_after=2025-02-01 00:00:00+00:00
[2025-02-01T20:38:47.424+0000] {processor.py:208} INFO - Processing /home/airflow/.local/lib/python3.12/site-packages/airflow/example_dags/example_inlet_event_extra.py took 0.572 seconds
[2025-02-01T20:39:17.800+0000] {processor.py:186} INFO - Started process (PID=502) to work on /home/airflow/.local/lib/python3.12/site-packages/airflow/example_dags/example_inlet_event_extra.py
[2025-02-01T20:39:17.801+0000] {processor.py:914} INFO - Processing file /home/airflow/.local/lib/python3.12/site-packages/airflow/example_dags/example_inlet_event_extra.py for tasks to queue
[2025-02-01T20:39:17.802+0000] {logging_mixin.py:190} INFO - [2025-02-01T20:39:17.802+0000] {dagbag.py:588} INFO - Filling up the DagBag from /home/airflow/.local/lib/python3.12/site-packages/airflow/example_dags/example_inlet_event_extra.py
[2025-02-01T20:39:18.273+0000] {processor.py:925} INFO - DAG(s) 'read_dataset_event_from_classic', 'read_dataset_event' retrieved from /home/airflow/.local/lib/python3.12/site-packages/airflow/example_dags/example_inlet_event_extra.py
[2025-02-01T20:39:18.290+0000] {logging_mixin.py:190} INFO - [2025-02-01T20:39:18.289+0000] {dag.py:3239} INFO - Sync 2 DAGs
[2025-02-01T20:39:18.309+0000] {logging_mixin.py:190} INFO - [2025-02-01T20:39:18.309+0000] {dag.py:4180} INFO - Setting next_dagrun for read_dataset_event to 2025-01-31 00:00:00+00:00, run_after=2025-02-01 00:00:00+00:00
[2025-02-01T20:39:18.313+0000] {logging_mixin.py:190} INFO - [2025-02-01T20:39:18.313+0000] {dag.py:4180} INFO - Setting next_dagrun for read_dataset_event_from_classic to 2025-01-31 00:00:00+00:00, run_after=2025-02-01 00:00:00+00:00
[2025-02-01T20:39:18.325+0000] {processor.py:208} INFO - Processing /home/airflow/.local/lib/python3.12/site-packages/airflow/example_dags/example_inlet_event_extra.py took 0.529 seconds
[2025-02-01T20:39:48.859+0000] {processor.py:186} INFO - Started process (PID=793) to work on /home/airflow/.local/lib/python3.12/site-packages/airflow/example_dags/example_inlet_event_extra.py
[2025-02-01T20:39:48.860+0000] {processor.py:914} INFO - Processing file /home/airflow/.local/lib/python3.12/site-packages/airflow/example_dags/example_inlet_event_extra.py for tasks to queue
[2025-02-01T20:39:48.861+0000] {logging_mixin.py:190} INFO - [2025-02-01T20:39:48.861+0000] {dagbag.py:588} INFO - Filling up the DagBag from /home/airflow/.local/lib/python3.12/site-packages/airflow/example_dags/example_inlet_event_extra.py
[2025-02-01T20:39:49.388+0000] {processor.py:925} INFO - DAG(s) 'read_dataset_event', 'read_dataset_event_from_classic' retrieved from /home/airflow/.local/lib/python3.12/site-packages/airflow/example_dags/example_inlet_event_extra.py
[2025-02-01T20:39:49.412+0000] {logging_mixin.py:190} INFO - [2025-02-01T20:39:49.412+0000] {dag.py:3239} INFO - Sync 2 DAGs
[2025-02-01T20:39:49.434+0000] {logging_mixin.py:190} INFO - [2025-02-01T20:39:49.433+0000] {dag.py:4180} INFO - Setting next_dagrun for read_dataset_event to 2025-01-31 00:00:00+00:00, run_after=2025-02-01 00:00:00+00:00
[2025-02-01T20:39:49.440+0000] {logging_mixin.py:190} INFO - [2025-02-01T20:39:49.439+0000] {dag.py:4180} INFO - Setting next_dagrun for read_dataset_event_from_classic to 2025-01-31 00:00:00+00:00, run_after=2025-02-01 00:00:00+00:00
[2025-02-01T20:39:49.454+0000] {processor.py:208} INFO - Processing /home/airflow/.local/lib/python3.12/site-packages/airflow/example_dags/example_inlet_event_extra.py took 0.599 seconds
[2025-02-01T20:40:19.998+0000] {processor.py:186} INFO - Started process (PID=1084) to work on /home/airflow/.local/lib/python3.12/site-packages/airflow/example_dags/example_inlet_event_extra.py
[2025-02-01T20:40:19.998+0000] {processor.py:914} INFO - Processing file /home/airflow/.local/lib/python3.12/site-packages/airflow/example_dags/example_inlet_event_extra.py for tasks to queue
[2025-02-01T20:40:20.000+0000] {logging_mixin.py:190} INFO - [2025-02-01T20:40:19.999+0000] {dagbag.py:588} INFO - Filling up the DagBag from /home/airflow/.local/lib/python3.12/site-packages/airflow/example_dags/example_inlet_event_extra.py
[2025-02-01T20:40:20.431+0000] {processor.py:925} INFO - DAG(s) 'read_dataset_event_from_classic', 'read_dataset_event' retrieved from /home/airflow/.local/lib/python3.12/site-packages/airflow/example_dags/example_inlet_event_extra.py
[2025-02-01T20:40:20.448+0000] {logging_mixin.py:190} INFO - [2025-02-01T20:40:20.447+0000] {dag.py:3239} INFO - Sync 2 DAGs
[2025-02-01T20:40:20.468+0000] {logging_mixin.py:190} INFO - [2025-02-01T20:40:20.468+0000] {dag.py:4180} INFO - Setting next_dagrun for read_dataset_event to 2025-01-31 00:00:00+00:00, run_after=2025-02-01 00:00:00+00:00
[2025-02-01T20:40:20.473+0000] {logging_mixin.py:190} INFO - [2025-02-01T20:40:20.473+0000] {dag.py:4180} INFO - Setting next_dagrun for read_dataset_event_from_classic to 2025-01-31 00:00:00+00:00, run_after=2025-02-01 00:00:00+00:00
[2025-02-01T20:40:20.486+0000] {processor.py:208} INFO - Processing /home/airflow/.local/lib/python3.12/site-packages/airflow/example_dags/example_inlet_event_extra.py took 0.492 seconds
[2025-02-01T20:40:51.224+0000] {processor.py:186} INFO - Started process (PID=1375) to work on /home/airflow/.local/lib/python3.12/site-packages/airflow/example_dags/example_inlet_event_extra.py
[2025-02-01T20:40:51.225+0000] {processor.py:914} INFO - Processing file /home/airflow/.local/lib/python3.12/site-packages/airflow/example_dags/example_inlet_event_extra.py for tasks to queue
[2025-02-01T20:40:51.226+0000] {logging_mixin.py:190} INFO - [2025-02-01T20:40:51.226+0000] {dagbag.py:588} INFO - Filling up the DagBag from /home/airflow/.local/lib/python3.12/site-packages/airflow/example_dags/example_inlet_event_extra.py
[2025-02-01T20:40:51.683+0000] {processor.py:925} INFO - DAG(s) 'read_dataset_event_from_classic', 'read_dataset_event' retrieved from /home/airflow/.local/lib/python3.12/site-packages/airflow/example_dags/example_inlet_event_extra.py
[2025-02-01T20:40:51.699+0000] {logging_mixin.py:190} INFO - [2025-02-01T20:40:51.698+0000] {dag.py:3239} INFO - Sync 2 DAGs
[2025-02-01T20:40:51.720+0000] {logging_mixin.py:190} INFO - [2025-02-01T20:40:51.720+0000] {dag.py:4180} INFO - Setting next_dagrun for read_dataset_event to 2025-01-31 00:00:00+00:00, run_after=2025-02-01 00:00:00+00:00
[2025-02-01T20:40:51.724+0000] {logging_mixin.py:190} INFO - [2025-02-01T20:40:51.724+0000] {dag.py:4180} INFO - Setting next_dagrun for read_dataset_event_from_classic to 2025-01-31 00:00:00+00:00, run_after=2025-02-01 00:00:00+00:00
[2025-02-01T20:40:51.736+0000] {processor.py:208} INFO - Processing /home/airflow/.local/lib/python3.12/site-packages/airflow/example_dags/example_inlet_event_extra.py took 0.515 seconds
[2025-02-01T20:41:21.864+0000] {processor.py:186} INFO - Started process (PID=1666) to work on /home/airflow/.local/lib/python3.12/site-packages/airflow/example_dags/example_inlet_event_extra.py
[2025-02-01T20:41:21.864+0000] {processor.py:914} INFO - Processing file /home/airflow/.local/lib/python3.12/site-packages/airflow/example_dags/example_inlet_event_extra.py for tasks to queue
[2025-02-01T20:41:21.866+0000] {logging_mixin.py:190} INFO - [2025-02-01T20:41:21.866+0000] {dagbag.py:588} INFO - Filling up the DagBag from /home/airflow/.local/lib/python3.12/site-packages/airflow/example_dags/example_inlet_event_extra.py
[2025-02-01T20:41:22.342+0000] {processor.py:925} INFO - DAG(s) 'read_dataset_event_from_classic', 'read_dataset_event' retrieved from /home/airflow/.local/lib/python3.12/site-packages/airflow/example_dags/example_inlet_event_extra.py
[2025-02-01T20:41:22.359+0000] {logging_mixin.py:190} INFO - [2025-02-01T20:41:22.359+0000] {dag.py:3239} INFO - Sync 2 DAGs
[2025-02-01T20:41:22.380+0000] {logging_mixin.py:190} INFO - [2025-02-01T20:41:22.380+0000] {dag.py:4180} INFO - Setting next_dagrun for read_dataset_event to 2025-01-31 00:00:00+00:00, run_after=2025-02-01 00:00:00+00:00
[2025-02-01T20:41:22.385+0000] {logging_mixin.py:190} INFO - [2025-02-01T20:41:22.385+0000] {dag.py:4180} INFO - Setting next_dagrun for read_dataset_event_from_classic to 2025-01-31 00:00:00+00:00, run_after=2025-02-01 00:00:00+00:00
[2025-02-01T20:41:22.455+0000] {processor.py:208} INFO - Processing /home/airflow/.local/lib/python3.12/site-packages/airflow/example_dags/example_inlet_event_extra.py took 0.595 seconds
[2025-02-01T20:41:52.888+0000] {processor.py:186} INFO - Started process (PID=1957) to work on /home/airflow/.local/lib/python3.12/site-packages/airflow/example_dags/example_inlet_event_extra.py
[2025-02-01T20:41:52.889+0000] {processor.py:914} INFO - Processing file /home/airflow/.local/lib/python3.12/site-packages/airflow/example_dags/example_inlet_event_extra.py for tasks to queue
[2025-02-01T20:41:52.891+0000] {logging_mixin.py:190} INFO - [2025-02-01T20:41:52.891+0000] {dagbag.py:588} INFO - Filling up the DagBag from /home/airflow/.local/lib/python3.12/site-packages/airflow/example_dags/example_inlet_event_extra.py
[2025-02-01T20:41:53.325+0000] {processor.py:925} INFO - DAG(s) 'read_dataset_event', 'read_dataset_event_from_classic' retrieved from /home/airflow/.local/lib/python3.12/site-packages/airflow/example_dags/example_inlet_event_extra.py
[2025-02-01T20:41:53.342+0000] {logging_mixin.py:190} INFO - [2025-02-01T20:41:53.342+0000] {dag.py:3239} INFO - Sync 2 DAGs
[2025-02-01T20:41:53.362+0000] {logging_mixin.py:190} INFO - [2025-02-01T20:41:53.362+0000] {dag.py:4180} INFO - Setting next_dagrun for read_dataset_event to 2025-01-31 00:00:00+00:00, run_after=2025-02-01 00:00:00+00:00
[2025-02-01T20:41:53.366+0000] {logging_mixin.py:190} INFO - [2025-02-01T20:41:53.366+0000] {dag.py:4180} INFO - Setting next_dagrun for read_dataset_event_from_classic to 2025-01-31 00:00:00+00:00, run_after=2025-02-01 00:00:00+00:00
[2025-02-01T20:41:53.378+0000] {processor.py:208} INFO - Processing /home/airflow/.local/lib/python3.12/site-packages/airflow/example_dags/example_inlet_event_extra.py took 0.495 seconds
[2025-02-01T20:42:23.840+0000] {processor.py:186} INFO - Started process (PID=2248) to work on /home/airflow/.local/lib/python3.12/site-packages/airflow/example_dags/example_inlet_event_extra.py
[2025-02-01T20:42:23.841+0000] {processor.py:914} INFO - Processing file /home/airflow/.local/lib/python3.12/site-packages/airflow/example_dags/example_inlet_event_extra.py for tasks to queue
[2025-02-01T20:42:23.842+0000] {logging_mixin.py:190} INFO - [2025-02-01T20:42:23.842+0000] {dagbag.py:588} INFO - Filling up the DagBag from /home/airflow/.local/lib/python3.12/site-packages/airflow/example_dags/example_inlet_event_extra.py
[2025-02-01T20:42:24.332+0000] {processor.py:925} INFO - DAG(s) 'read_dataset_event', 'read_dataset_event_from_classic' retrieved from /home/airflow/.local/lib/python3.12/site-packages/airflow/example_dags/example_inlet_event_extra.py
[2025-02-01T20:42:24.349+0000] {logging_mixin.py:190} INFO - [2025-02-01T20:42:24.349+0000] {dag.py:3239} INFO - Sync 2 DAGs
[2025-02-01T20:42:24.370+0000] {logging_mixin.py:190} INFO - [2025-02-01T20:42:24.370+0000] {dag.py:4180} INFO - Setting next_dagrun for read_dataset_event to 2025-01-31 00:00:00+00:00, run_after=2025-02-01 00:00:00+00:00
[2025-02-01T20:42:24.375+0000] {logging_mixin.py:190} INFO - [2025-02-01T20:42:24.374+0000] {dag.py:4180} INFO - Setting next_dagrun for read_dataset_event_from_classic to 2025-01-31 00:00:00+00:00, run_after=2025-02-01 00:00:00+00:00
[2025-02-01T20:42:24.389+0000] {processor.py:208} INFO - Processing /home/airflow/.local/lib/python3.12/site-packages/airflow/example_dags/example_inlet_event_extra.py took 0.553 seconds
[2025-02-01T20:42:55.144+0000] {processor.py:186} INFO - Started process (PID=2539) to work on /home/airflow/.local/lib/python3.12/site-packages/airflow/example_dags/example_inlet_event_extra.py
[2025-02-01T20:42:55.144+0000] {processor.py:914} INFO - Processing file /home/airflow/.local/lib/python3.12/site-packages/airflow/example_dags/example_inlet_event_extra.py for tasks to queue
[2025-02-01T20:42:55.146+0000] {logging_mixin.py:190} INFO - [2025-02-01T20:42:55.146+0000] {dagbag.py:588} INFO - Filling up the DagBag from /home/airflow/.local/lib/python3.12/site-packages/airflow/example_dags/example_inlet_event_extra.py
[2025-02-01T20:42:55.610+0000] {processor.py:925} INFO - DAG(s) 'read_dataset_event', 'read_dataset_event_from_classic' retrieved from /home/airflow/.local/lib/python3.12/site-packages/airflow/example_dags/example_inlet_event_extra.py
[2025-02-01T20:42:55.626+0000] {logging_mixin.py:190} INFO - [2025-02-01T20:42:55.626+0000] {dag.py:3239} INFO - Sync 2 DAGs
[2025-02-01T20:42:55.644+0000] {logging_mixin.py:190} INFO - [2025-02-01T20:42:55.644+0000] {dag.py:4180} INFO - Setting next_dagrun for read_dataset_event to 2025-01-31 00:00:00+00:00, run_after=2025-02-01 00:00:00+00:00
[2025-02-01T20:42:55.648+0000] {logging_mixin.py:190} INFO - [2025-02-01T20:42:55.648+0000] {dag.py:4180} INFO - Setting next_dagrun for read_dataset_event_from_classic to 2025-01-31 00:00:00+00:00, run_after=2025-02-01 00:00:00+00:00
[2025-02-01T20:42:55.661+0000] {processor.py:208} INFO - Processing /home/airflow/.local/lib/python3.12/site-packages/airflow/example_dags/example_inlet_event_extra.py took 0.522 seconds
[2025-02-01T20:43:25.835+0000] {processor.py:186} INFO - Started process (PID=2830) to work on /home/airflow/.local/lib/python3.12/site-packages/airflow/example_dags/example_inlet_event_extra.py
[2025-02-01T20:43:25.836+0000] {processor.py:914} INFO - Processing file /home/airflow/.local/lib/python3.12/site-packages/airflow/example_dags/example_inlet_event_extra.py for tasks to queue
[2025-02-01T20:43:25.838+0000] {logging_mixin.py:190} INFO - [2025-02-01T20:43:25.838+0000] {dagbag.py:588} INFO - Filling up the DagBag from /home/airflow/.local/lib/python3.12/site-packages/airflow/example_dags/example_inlet_event_extra.py
[2025-02-01T20:43:26.341+0000] {processor.py:925} INFO - DAG(s) 'read_dataset_event', 'read_dataset_event_from_classic' retrieved from /home/airflow/.local/lib/python3.12/site-packages/airflow/example_dags/example_inlet_event_extra.py
[2025-02-01T20:43:26.361+0000] {logging_mixin.py:190} INFO - [2025-02-01T20:43:26.360+0000] {dag.py:3239} INFO - Sync 2 DAGs
[2025-02-01T20:43:26.383+0000] {logging_mixin.py:190} INFO - [2025-02-01T20:43:26.383+0000] {dag.py:4180} INFO - Setting next_dagrun for read_dataset_event to 2025-01-31 00:00:00+00:00, run_after=2025-02-01 00:00:00+00:00
[2025-02-01T20:43:26.389+0000] {logging_mixin.py:190} INFO - [2025-02-01T20:43:26.388+0000] {dag.py:4180} INFO - Setting next_dagrun for read_dataset_event_from_classic to 2025-01-31 00:00:00+00:00, run_after=2025-02-01 00:00:00+00:00
[2025-02-01T20:43:26.403+0000] {processor.py:208} INFO - Processing /home/airflow/.local/lib/python3.12/site-packages/airflow/example_dags/example_inlet_event_extra.py took 0.573 seconds
[2025-02-01T20:43:57.224+0000] {processor.py:186} INFO - Started process (PID=3121) to work on /home/airflow/.local/lib/python3.12/site-packages/airflow/example_dags/example_inlet_event_extra.py
[2025-02-01T20:43:57.225+0000] {processor.py:914} INFO - Processing file /home/airflow/.local/lib/python3.12/site-packages/airflow/example_dags/example_inlet_event_extra.py for tasks to queue
[2025-02-01T20:43:57.227+0000] {logging_mixin.py:190} INFO - [2025-02-01T20:43:57.227+0000] {dagbag.py:588} INFO - Filling up the DagBag from /home/airflow/.local/lib/python3.12/site-packages/airflow/example_dags/example_inlet_event_extra.py
[2025-02-01T20:43:57.696+0000] {processor.py:925} INFO - DAG(s) 'read_dataset_event', 'read_dataset_event_from_classic' retrieved from /home/airflow/.local/lib/python3.12/site-packages/airflow/example_dags/example_inlet_event_extra.py
[2025-02-01T20:43:57.713+0000] {logging_mixin.py:190} INFO - [2025-02-01T20:43:57.713+0000] {dag.py:3239} INFO - Sync 2 DAGs
[2025-02-01T20:43:57.736+0000] {logging_mixin.py:190} INFO - [2025-02-01T20:43:57.736+0000] {dag.py:4180} INFO - Setting next_dagrun for read_dataset_event to 2025-01-31 00:00:00+00:00, run_after=2025-02-01 00:00:00+00:00
[2025-02-01T20:43:57.741+0000] {logging_mixin.py:190} INFO - [2025-02-01T20:43:57.741+0000] {dag.py:4180} INFO - Setting next_dagrun for read_dataset_event_from_classic to 2025-01-31 00:00:00+00:00, run_after=2025-02-01 00:00:00+00:00
[2025-02-01T20:43:57.755+0000] {processor.py:208} INFO - Processing /home/airflow/.local/lib/python3.12/site-packages/airflow/example_dags/example_inlet_event_extra.py took 0.534 seconds
[2025-02-01T20:44:27.817+0000] {processor.py:186} INFO - Started process (PID=3412) to work on /home/airflow/.local/lib/python3.12/site-packages/airflow/example_dags/example_inlet_event_extra.py
[2025-02-01T20:44:27.818+0000] {processor.py:914} INFO - Processing file /home/airflow/.local/lib/python3.12/site-packages/airflow/example_dags/example_inlet_event_extra.py for tasks to queue
[2025-02-01T20:44:27.820+0000] {logging_mixin.py:190} INFO - [2025-02-01T20:44:27.819+0000] {dagbag.py:588} INFO - Filling up the DagBag from /home/airflow/.local/lib/python3.12/site-packages/airflow/example_dags/example_inlet_event_extra.py
[2025-02-01T20:44:28.274+0000] {processor.py:925} INFO - DAG(s) 'read_dataset_event', 'read_dataset_event_from_classic' retrieved from /home/airflow/.local/lib/python3.12/site-packages/airflow/example_dags/example_inlet_event_extra.py
[2025-02-01T20:44:28.290+0000] {logging_mixin.py:190} INFO - [2025-02-01T20:44:28.290+0000] {dag.py:3239} INFO - Sync 2 DAGs
[2025-02-01T20:44:28.310+0000] {logging_mixin.py:190} INFO - [2025-02-01T20:44:28.310+0000] {dag.py:4180} INFO - Setting next_dagrun for read_dataset_event to 2025-01-31 00:00:00+00:00, run_after=2025-02-01 00:00:00+00:00
[2025-02-01T20:44:28.315+0000] {logging_mixin.py:190} INFO - [2025-02-01T20:44:28.314+0000] {dag.py:4180} INFO - Setting next_dagrun for read_dataset_event_from_classic to 2025-01-31 00:00:00+00:00, run_after=2025-02-01 00:00:00+00:00
[2025-02-01T20:44:28.327+0000] {processor.py:208} INFO - Processing /home/airflow/.local/lib/python3.12/site-packages/airflow/example_dags/example_inlet_event_extra.py took 0.514 seconds
[2025-02-01T20:44:59.110+0000] {processor.py:186} INFO - Started process (PID=3703) to work on /home/airflow/.local/lib/python3.12/site-packages/airflow/example_dags/example_inlet_event_extra.py
[2025-02-01T20:44:59.111+0000] {processor.py:914} INFO - Processing file /home/airflow/.local/lib/python3.12/site-packages/airflow/example_dags/example_inlet_event_extra.py for tasks to queue
[2025-02-01T20:44:59.113+0000] {logging_mixin.py:190} INFO - [2025-02-01T20:44:59.112+0000] {dagbag.py:588} INFO - Filling up the DagBag from /home/airflow/.local/lib/python3.12/site-packages/airflow/example_dags/example_inlet_event_extra.py
[2025-02-01T20:44:59.549+0000] {processor.py:925} INFO - DAG(s) 'read_dataset_event', 'read_dataset_event_from_classic' retrieved from /home/airflow/.local/lib/python3.12/site-packages/airflow/example_dags/example_inlet_event_extra.py
[2025-02-01T20:44:59.570+0000] {logging_mixin.py:190} INFO - [2025-02-01T20:44:59.570+0000] {dag.py:3239} INFO - Sync 2 DAGs
[2025-02-01T20:44:59.595+0000] {logging_mixin.py:190} INFO - [2025-02-01T20:44:59.595+0000] {dag.py:4180} INFO - Setting next_dagrun for read_dataset_event to 2025-01-31 00:00:00+00:00, run_after=2025-02-01 00:00:00+00:00
[2025-02-01T20:44:59.600+0000] {logging_mixin.py:190} INFO - [2025-02-01T20:44:59.600+0000] {dag.py:4180} INFO - Setting next_dagrun for read_dataset_event_from_classic to 2025-01-31 00:00:00+00:00, run_after=2025-02-01 00:00:00+00:00
[2025-02-01T20:44:59.635+0000] {processor.py:208} INFO - Processing /home/airflow/.local/lib/python3.12/site-packages/airflow/example_dags/example_inlet_event_extra.py took 0.529 seconds
