[2025-02-01T20:33:39.887+0000] {processor.py:186} INFO - Started process (PID=351) to work on /home/airflow/.local/lib/python3.12/site-packages/airflow/example_dags/example_dag_decorator.py
[2025-02-01T20:33:39.888+0000] {processor.py:914} INFO - Processing file /home/airflow/.local/lib/python3.12/site-packages/airflow/example_dags/example_dag_decorator.py for tasks to queue
[2025-02-01T20:33:39.890+0000] {logging_mixin.py:190} INFO - [2025-02-01T20:33:39.890+0000] {dagbag.py:588} INFO - Filling up the DagBag from /home/airflow/.local/lib/python3.12/site-packages/airflow/example_dags/example_dag_decorator.py
[2025-02-01T20:33:39.902+0000] {processor.py:925} INFO - DAG(s) 'example_dag_decorator' retrieved from /home/airflow/.local/lib/python3.12/site-packages/airflow/example_dags/example_dag_decorator.py
[2025-02-01T20:33:40.000+0000] {logging_mixin.py:190} INFO - [2025-02-01T20:33:40.000+0000] {override.py:1911} INFO - Created Permission View: can read on DAG:example_dag_decorator
[2025-02-01T20:33:40.012+0000] {logging_mixin.py:190} INFO - [2025-02-01T20:33:40.012+0000] {override.py:1911} INFO - Created Permission View: can delete on DAG:example_dag_decorator
[2025-02-01T20:33:40.018+0000] {logging_mixin.py:190} INFO - [2025-02-01T20:33:40.018+0000] {override.py:1911} INFO - Created Permission View: can edit on DAG:example_dag_decorator
[2025-02-01T20:33:40.025+0000] {logging_mixin.py:190} INFO - [2025-02-01T20:33:40.025+0000] {override.py:1911} INFO - Created Permission View: can read on DAG Run:example_dag_decorator
[2025-02-01T20:33:40.031+0000] {logging_mixin.py:190} INFO - [2025-02-01T20:33:40.031+0000] {override.py:1911} INFO - Created Permission View: menu access on DAG Run:example_dag_decorator
[2025-02-01T20:33:40.038+0000] {logging_mixin.py:190} INFO - [2025-02-01T20:33:40.037+0000] {override.py:1911} INFO - Created Permission View: can create on DAG Run:example_dag_decorator
[2025-02-01T20:33:40.044+0000] {logging_mixin.py:190} INFO - [2025-02-01T20:33:40.043+0000] {override.py:1911} INFO - Created Permission View: can delete on DAG Run:example_dag_decorator
[2025-02-01T20:33:40.044+0000] {logging_mixin.py:190} INFO - [2025-02-01T20:33:40.044+0000] {dag.py:3239} INFO - Sync 1 DAGs
[2025-02-01T20:33:40.055+0000] {logging_mixin.py:190} INFO - [2025-02-01T20:33:40.054+0000] {dag.py:3262} INFO - Creating ORM DAG for example_dag_decorator
[2025-02-01T20:33:40.055+0000] {logging_mixin.py:190} INFO - [2025-02-01T20:33:40.055+0000] {dag.py:4180} INFO - Setting next_dagrun for example_dag_decorator to None, run_after=None
[2025-02-01T20:33:40.068+0000] {processor.py:208} INFO - Processing /home/airflow/.local/lib/python3.12/site-packages/airflow/example_dags/example_dag_decorator.py took 0.188 seconds
[2025-02-01T20:34:10.120+0000] {processor.py:186} INFO - Started process (PID=642) to work on /home/airflow/.local/lib/python3.12/site-packages/airflow/example_dags/example_dag_decorator.py
[2025-02-01T20:34:10.122+0000] {processor.py:914} INFO - Processing file /home/airflow/.local/lib/python3.12/site-packages/airflow/example_dags/example_dag_decorator.py for tasks to queue
[2025-02-01T20:34:10.125+0000] {logging_mixin.py:190} INFO - [2025-02-01T20:34:10.125+0000] {dagbag.py:588} INFO - Filling up the DagBag from /home/airflow/.local/lib/python3.12/site-packages/airflow/example_dags/example_dag_decorator.py
[2025-02-01T20:34:10.139+0000] {processor.py:925} INFO - DAG(s) 'example_dag_decorator' retrieved from /home/airflow/.local/lib/python3.12/site-packages/airflow/example_dags/example_dag_decorator.py
[2025-02-01T20:34:10.262+0000] {logging_mixin.py:190} INFO - [2025-02-01T20:34:10.262+0000] {dag.py:3239} INFO - Sync 1 DAGs
[2025-02-01T20:34:10.274+0000] {logging_mixin.py:190} INFO - [2025-02-01T20:34:10.274+0000] {dag.py:4180} INFO - Setting next_dagrun for example_dag_decorator to None, run_after=None
[2025-02-01T20:34:10.293+0000] {processor.py:208} INFO - Processing /home/airflow/.local/lib/python3.12/site-packages/airflow/example_dags/example_dag_decorator.py took 0.180 seconds
[2025-02-01T20:34:41.158+0000] {processor.py:186} INFO - Started process (PID=935) to work on /home/airflow/.local/lib/python3.12/site-packages/airflow/example_dags/example_dag_decorator.py
[2025-02-01T20:34:41.158+0000] {processor.py:914} INFO - Processing file /home/airflow/.local/lib/python3.12/site-packages/airflow/example_dags/example_dag_decorator.py for tasks to queue
[2025-02-01T20:34:41.160+0000] {logging_mixin.py:190} INFO - [2025-02-01T20:34:41.160+0000] {dagbag.py:588} INFO - Filling up the DagBag from /home/airflow/.local/lib/python3.12/site-packages/airflow/example_dags/example_dag_decorator.py
[2025-02-01T20:34:41.168+0000] {processor.py:925} INFO - DAG(s) 'example_dag_decorator' retrieved from /home/airflow/.local/lib/python3.12/site-packages/airflow/example_dags/example_dag_decorator.py
[2025-02-01T20:34:41.250+0000] {logging_mixin.py:190} INFO - [2025-02-01T20:34:41.250+0000] {dag.py:3239} INFO - Sync 1 DAGs
[2025-02-01T20:34:41.259+0000] {logging_mixin.py:190} INFO - [2025-02-01T20:34:41.259+0000] {dag.py:4180} INFO - Setting next_dagrun for example_dag_decorator to None, run_after=None
[2025-02-01T20:34:41.274+0000] {processor.py:208} INFO - Processing /home/airflow/.local/lib/python3.12/site-packages/airflow/example_dags/example_dag_decorator.py took 0.120 seconds
[2025-02-01T20:35:11.855+0000] {processor.py:186} INFO - Started process (PID=1232) to work on /home/airflow/.local/lib/python3.12/site-packages/airflow/example_dags/example_dag_decorator.py
[2025-02-01T20:35:11.856+0000] {processor.py:914} INFO - Processing file /home/airflow/.local/lib/python3.12/site-packages/airflow/example_dags/example_dag_decorator.py for tasks to queue
[2025-02-01T20:35:11.857+0000] {logging_mixin.py:190} INFO - [2025-02-01T20:35:11.857+0000] {dagbag.py:588} INFO - Filling up the DagBag from /home/airflow/.local/lib/python3.12/site-packages/airflow/example_dags/example_dag_decorator.py
[2025-02-01T20:35:11.865+0000] {processor.py:925} INFO - DAG(s) 'example_dag_decorator' retrieved from /home/airflow/.local/lib/python3.12/site-packages/airflow/example_dags/example_dag_decorator.py
[2025-02-01T20:35:11.950+0000] {logging_mixin.py:190} INFO - [2025-02-01T20:35:11.950+0000] {dag.py:3239} INFO - Sync 1 DAGs
[2025-02-01T20:35:11.963+0000] {logging_mixin.py:190} INFO - [2025-02-01T20:35:11.962+0000] {dag.py:4180} INFO - Setting next_dagrun for example_dag_decorator to None, run_after=None
[2025-02-01T20:35:11.978+0000] {processor.py:208} INFO - Processing /home/airflow/.local/lib/python3.12/site-packages/airflow/example_dags/example_dag_decorator.py took 0.127 seconds
[2025-02-01T20:38:49.271+0000] {processor.py:186} INFO - Started process (PID=351) to work on /home/airflow/.local/lib/python3.12/site-packages/airflow/example_dags/example_dag_decorator.py
[2025-02-01T20:38:49.272+0000] {processor.py:914} INFO - Processing file /home/airflow/.local/lib/python3.12/site-packages/airflow/example_dags/example_dag_decorator.py for tasks to queue
[2025-02-01T20:38:49.274+0000] {logging_mixin.py:190} INFO - [2025-02-01T20:38:49.274+0000] {dagbag.py:588} INFO - Filling up the DagBag from /home/airflow/.local/lib/python3.12/site-packages/airflow/example_dags/example_dag_decorator.py
[2025-02-01T20:38:49.286+0000] {processor.py:925} INFO - DAG(s) 'example_dag_decorator' retrieved from /home/airflow/.local/lib/python3.12/site-packages/airflow/example_dags/example_dag_decorator.py
[2025-02-01T20:38:49.388+0000] {logging_mixin.py:190} INFO - [2025-02-01T20:38:49.388+0000] {dag.py:3239} INFO - Sync 1 DAGs
[2025-02-01T20:38:49.399+0000] {logging_mixin.py:190} INFO - [2025-02-01T20:38:49.399+0000] {dag.py:4180} INFO - Setting next_dagrun for example_dag_decorator to None, run_after=None
[2025-02-01T20:38:49.420+0000] {processor.py:208} INFO - Processing /home/airflow/.local/lib/python3.12/site-packages/airflow/example_dags/example_dag_decorator.py took 0.153 seconds
[2025-02-01T20:39:19.654+0000] {processor.py:186} INFO - Started process (PID=642) to work on /home/airflow/.local/lib/python3.12/site-packages/airflow/example_dags/example_dag_decorator.py
[2025-02-01T20:39:19.655+0000] {processor.py:914} INFO - Processing file /home/airflow/.local/lib/python3.12/site-packages/airflow/example_dags/example_dag_decorator.py for tasks to queue
[2025-02-01T20:39:19.656+0000] {logging_mixin.py:190} INFO - [2025-02-01T20:39:19.656+0000] {dagbag.py:588} INFO - Filling up the DagBag from /home/airflow/.local/lib/python3.12/site-packages/airflow/example_dags/example_dag_decorator.py
[2025-02-01T20:39:19.665+0000] {processor.py:925} INFO - DAG(s) 'example_dag_decorator' retrieved from /home/airflow/.local/lib/python3.12/site-packages/airflow/example_dags/example_dag_decorator.py
[2025-02-01T20:39:19.750+0000] {logging_mixin.py:190} INFO - [2025-02-01T20:39:19.750+0000] {dag.py:3239} INFO - Sync 1 DAGs
[2025-02-01T20:39:19.759+0000] {logging_mixin.py:190} INFO - [2025-02-01T20:39:19.759+0000] {dag.py:4180} INFO - Setting next_dagrun for example_dag_decorator to None, run_after=None
[2025-02-01T20:39:19.817+0000] {processor.py:208} INFO - Processing /home/airflow/.local/lib/python3.12/site-packages/airflow/example_dags/example_dag_decorator.py took 0.167 seconds
[2025-02-01T20:39:51.312+0000] {processor.py:186} INFO - Started process (PID=933) to work on /home/airflow/.local/lib/python3.12/site-packages/airflow/example_dags/example_dag_decorator.py
[2025-02-01T20:39:51.313+0000] {processor.py:914} INFO - Processing file /home/airflow/.local/lib/python3.12/site-packages/airflow/example_dags/example_dag_decorator.py for tasks to queue
[2025-02-01T20:39:51.315+0000] {logging_mixin.py:190} INFO - [2025-02-01T20:39:51.314+0000] {dagbag.py:588} INFO - Filling up the DagBag from /home/airflow/.local/lib/python3.12/site-packages/airflow/example_dags/example_dag_decorator.py
[2025-02-01T20:39:51.323+0000] {processor.py:925} INFO - DAG(s) 'example_dag_decorator' retrieved from /home/airflow/.local/lib/python3.12/site-packages/airflow/example_dags/example_dag_decorator.py
[2025-02-01T20:39:51.413+0000] {logging_mixin.py:190} INFO - [2025-02-01T20:39:51.413+0000] {dag.py:3239} INFO - Sync 1 DAGs
[2025-02-01T20:39:51.424+0000] {logging_mixin.py:190} INFO - [2025-02-01T20:39:51.424+0000] {dag.py:4180} INFO - Setting next_dagrun for example_dag_decorator to None, run_after=None
[2025-02-01T20:39:51.438+0000] {processor.py:208} INFO - Processing /home/airflow/.local/lib/python3.12/site-packages/airflow/example_dags/example_dag_decorator.py took 0.130 seconds
[2025-02-01T20:40:22.153+0000] {processor.py:186} INFO - Started process (PID=1224) to work on /home/airflow/.local/lib/python3.12/site-packages/airflow/example_dags/example_dag_decorator.py
[2025-02-01T20:40:22.154+0000] {processor.py:914} INFO - Processing file /home/airflow/.local/lib/python3.12/site-packages/airflow/example_dags/example_dag_decorator.py for tasks to queue
[2025-02-01T20:40:22.156+0000] {logging_mixin.py:190} INFO - [2025-02-01T20:40:22.156+0000] {dagbag.py:588} INFO - Filling up the DagBag from /home/airflow/.local/lib/python3.12/site-packages/airflow/example_dags/example_dag_decorator.py
[2025-02-01T20:40:22.165+0000] {processor.py:925} INFO - DAG(s) 'example_dag_decorator' retrieved from /home/airflow/.local/lib/python3.12/site-packages/airflow/example_dags/example_dag_decorator.py
[2025-02-01T20:40:22.252+0000] {logging_mixin.py:190} INFO - [2025-02-01T20:40:22.252+0000] {dag.py:3239} INFO - Sync 1 DAGs
[2025-02-01T20:40:22.261+0000] {logging_mixin.py:190} INFO - [2025-02-01T20:40:22.261+0000] {dag.py:4180} INFO - Setting next_dagrun for example_dag_decorator to None, run_after=None
[2025-02-01T20:40:22.275+0000] {processor.py:208} INFO - Processing /home/airflow/.local/lib/python3.12/site-packages/airflow/example_dags/example_dag_decorator.py took 0.127 seconds
[2025-02-01T20:40:53.603+0000] {processor.py:186} INFO - Started process (PID=1515) to work on /home/airflow/.local/lib/python3.12/site-packages/airflow/example_dags/example_dag_decorator.py
[2025-02-01T20:40:53.604+0000] {processor.py:914} INFO - Processing file /home/airflow/.local/lib/python3.12/site-packages/airflow/example_dags/example_dag_decorator.py for tasks to queue
[2025-02-01T20:40:53.606+0000] {logging_mixin.py:190} INFO - [2025-02-01T20:40:53.605+0000] {dagbag.py:588} INFO - Filling up the DagBag from /home/airflow/.local/lib/python3.12/site-packages/airflow/example_dags/example_dag_decorator.py
[2025-02-01T20:40:53.617+0000] {processor.py:925} INFO - DAG(s) 'example_dag_decorator' retrieved from /home/airflow/.local/lib/python3.12/site-packages/airflow/example_dags/example_dag_decorator.py
[2025-02-01T20:40:53.720+0000] {logging_mixin.py:190} INFO - [2025-02-01T20:40:53.720+0000] {dag.py:3239} INFO - Sync 1 DAGs
[2025-02-01T20:40:53.736+0000] {logging_mixin.py:190} INFO - [2025-02-01T20:40:53.736+0000] {dag.py:4180} INFO - Setting next_dagrun for example_dag_decorator to None, run_after=None
[2025-02-01T20:40:53.758+0000] {processor.py:208} INFO - Processing /home/airflow/.local/lib/python3.12/site-packages/airflow/example_dags/example_dag_decorator.py took 0.161 seconds
[2025-02-01T20:41:23.969+0000] {processor.py:186} INFO - Started process (PID=1806) to work on /home/airflow/.local/lib/python3.12/site-packages/airflow/example_dags/example_dag_decorator.py
[2025-02-01T20:41:23.970+0000] {processor.py:914} INFO - Processing file /home/airflow/.local/lib/python3.12/site-packages/airflow/example_dags/example_dag_decorator.py for tasks to queue
[2025-02-01T20:41:23.972+0000] {logging_mixin.py:190} INFO - [2025-02-01T20:41:23.971+0000] {dagbag.py:588} INFO - Filling up the DagBag from /home/airflow/.local/lib/python3.12/site-packages/airflow/example_dags/example_dag_decorator.py
[2025-02-01T20:41:23.980+0000] {processor.py:925} INFO - DAG(s) 'example_dag_decorator' retrieved from /home/airflow/.local/lib/python3.12/site-packages/airflow/example_dags/example_dag_decorator.py
[2025-02-01T20:41:24.072+0000] {logging_mixin.py:190} INFO - [2025-02-01T20:41:24.072+0000] {dag.py:3239} INFO - Sync 1 DAGs
[2025-02-01T20:41:24.087+0000] {logging_mixin.py:190} INFO - [2025-02-01T20:41:24.087+0000] {dag.py:4180} INFO - Setting next_dagrun for example_dag_decorator to None, run_after=None
[2025-02-01T20:41:24.108+0000] {processor.py:208} INFO - Processing /home/airflow/.local/lib/python3.12/site-packages/airflow/example_dags/example_dag_decorator.py took 0.143 seconds
[2025-02-01T20:41:54.801+0000] {processor.py:186} INFO - Started process (PID=2097) to work on /home/airflow/.local/lib/python3.12/site-packages/airflow/example_dags/example_dag_decorator.py
[2025-02-01T20:41:54.802+0000] {processor.py:914} INFO - Processing file /home/airflow/.local/lib/python3.12/site-packages/airflow/example_dags/example_dag_decorator.py for tasks to queue
[2025-02-01T20:41:54.803+0000] {logging_mixin.py:190} INFO - [2025-02-01T20:41:54.803+0000] {dagbag.py:588} INFO - Filling up the DagBag from /home/airflow/.local/lib/python3.12/site-packages/airflow/example_dags/example_dag_decorator.py
[2025-02-01T20:41:54.812+0000] {processor.py:925} INFO - DAG(s) 'example_dag_decorator' retrieved from /home/airflow/.local/lib/python3.12/site-packages/airflow/example_dags/example_dag_decorator.py
[2025-02-01T20:41:54.899+0000] {logging_mixin.py:190} INFO - [2025-02-01T20:41:54.898+0000] {dag.py:3239} INFO - Sync 1 DAGs
[2025-02-01T20:41:54.907+0000] {logging_mixin.py:190} INFO - [2025-02-01T20:41:54.907+0000] {dag.py:4180} INFO - Setting next_dagrun for example_dag_decorator to None, run_after=None
[2025-02-01T20:41:54.922+0000] {processor.py:208} INFO - Processing /home/airflow/.local/lib/python3.12/site-packages/airflow/example_dags/example_dag_decorator.py took 0.125 seconds
[2025-02-01T20:42:25.874+0000] {processor.py:186} INFO - Started process (PID=2388) to work on /home/airflow/.local/lib/python3.12/site-packages/airflow/example_dags/example_dag_decorator.py
[2025-02-01T20:42:25.875+0000] {processor.py:914} INFO - Processing file /home/airflow/.local/lib/python3.12/site-packages/airflow/example_dags/example_dag_decorator.py for tasks to queue
[2025-02-01T20:42:25.876+0000] {logging_mixin.py:190} INFO - [2025-02-01T20:42:25.876+0000] {dagbag.py:588} INFO - Filling up the DagBag from /home/airflow/.local/lib/python3.12/site-packages/airflow/example_dags/example_dag_decorator.py
[2025-02-01T20:42:25.884+0000] {processor.py:925} INFO - DAG(s) 'example_dag_decorator' retrieved from /home/airflow/.local/lib/python3.12/site-packages/airflow/example_dags/example_dag_decorator.py
[2025-02-01T20:42:25.975+0000] {logging_mixin.py:190} INFO - [2025-02-01T20:42:25.975+0000] {dag.py:3239} INFO - Sync 1 DAGs
[2025-02-01T20:42:25.986+0000] {logging_mixin.py:190} INFO - [2025-02-01T20:42:25.986+0000] {dag.py:4180} INFO - Setting next_dagrun for example_dag_decorator to None, run_after=None
[2025-02-01T20:42:26.000+0000] {processor.py:208} INFO - Processing /home/airflow/.local/lib/python3.12/site-packages/airflow/example_dags/example_dag_decorator.py took 0.130 seconds
[2025-02-01T20:42:57.283+0000] {processor.py:186} INFO - Started process (PID=2674) to work on /home/airflow/.local/lib/python3.12/site-packages/airflow/example_dags/example_dag_decorator.py
[2025-02-01T20:42:57.283+0000] {processor.py:914} INFO - Processing file /home/airflow/.local/lib/python3.12/site-packages/airflow/example_dags/example_dag_decorator.py for tasks to queue
[2025-02-01T20:42:57.286+0000] {logging_mixin.py:190} INFO - [2025-02-01T20:42:57.285+0000] {dagbag.py:588} INFO - Filling up the DagBag from /home/airflow/.local/lib/python3.12/site-packages/airflow/example_dags/example_dag_decorator.py
[2025-02-01T20:42:57.295+0000] {processor.py:925} INFO - DAG(s) 'example_dag_decorator' retrieved from /home/airflow/.local/lib/python3.12/site-packages/airflow/example_dags/example_dag_decorator.py
[2025-02-01T20:42:57.400+0000] {logging_mixin.py:190} INFO - [2025-02-01T20:42:57.400+0000] {dag.py:3239} INFO - Sync 1 DAGs
[2025-02-01T20:42:57.410+0000] {logging_mixin.py:190} INFO - [2025-02-01T20:42:57.410+0000] {dag.py:4180} INFO - Setting next_dagrun for example_dag_decorator to None, run_after=None
[2025-02-01T20:42:57.425+0000] {processor.py:208} INFO - Processing /home/airflow/.local/lib/python3.12/site-packages/airflow/example_dags/example_dag_decorator.py took 0.148 seconds
[2025-02-01T20:43:28.283+0000] {processor.py:186} INFO - Started process (PID=2967) to work on /home/airflow/.local/lib/python3.12/site-packages/airflow/example_dags/example_dag_decorator.py
[2025-02-01T20:43:28.284+0000] {processor.py:914} INFO - Processing file /home/airflow/.local/lib/python3.12/site-packages/airflow/example_dags/example_dag_decorator.py for tasks to queue
[2025-02-01T20:43:28.286+0000] {logging_mixin.py:190} INFO - [2025-02-01T20:43:28.286+0000] {dagbag.py:588} INFO - Filling up the DagBag from /home/airflow/.local/lib/python3.12/site-packages/airflow/example_dags/example_dag_decorator.py
[2025-02-01T20:43:28.295+0000] {processor.py:925} INFO - DAG(s) 'example_dag_decorator' retrieved from /home/airflow/.local/lib/python3.12/site-packages/airflow/example_dags/example_dag_decorator.py
[2025-02-01T20:43:28.402+0000] {logging_mixin.py:190} INFO - [2025-02-01T20:43:28.401+0000] {dag.py:3239} INFO - Sync 1 DAGs
[2025-02-01T20:43:28.418+0000] {logging_mixin.py:190} INFO - [2025-02-01T20:43:28.418+0000] {dag.py:4180} INFO - Setting next_dagrun for example_dag_decorator to None, run_after=None
[2025-02-01T20:43:28.438+0000] {processor.py:208} INFO - Processing /home/airflow/.local/lib/python3.12/site-packages/airflow/example_dags/example_dag_decorator.py took 0.159 seconds
[2025-02-01T20:43:59.375+0000] {processor.py:186} INFO - Started process (PID=3261) to work on /home/airflow/.local/lib/python3.12/site-packages/airflow/example_dags/example_dag_decorator.py
[2025-02-01T20:43:59.376+0000] {processor.py:914} INFO - Processing file /home/airflow/.local/lib/python3.12/site-packages/airflow/example_dags/example_dag_decorator.py for tasks to queue
[2025-02-01T20:43:59.378+0000] {logging_mixin.py:190} INFO - [2025-02-01T20:43:59.377+0000] {dagbag.py:588} INFO - Filling up the DagBag from /home/airflow/.local/lib/python3.12/site-packages/airflow/example_dags/example_dag_decorator.py
[2025-02-01T20:43:59.386+0000] {processor.py:925} INFO - DAG(s) 'example_dag_decorator' retrieved from /home/airflow/.local/lib/python3.12/site-packages/airflow/example_dags/example_dag_decorator.py
[2025-02-01T20:43:59.476+0000] {logging_mixin.py:190} INFO - [2025-02-01T20:43:59.476+0000] {dag.py:3239} INFO - Sync 1 DAGs
[2025-02-01T20:43:59.487+0000] {logging_mixin.py:190} INFO - [2025-02-01T20:43:59.487+0000] {dag.py:4180} INFO - Setting next_dagrun for example_dag_decorator to None, run_after=None
[2025-02-01T20:43:59.505+0000] {processor.py:208} INFO - Processing /home/airflow/.local/lib/python3.12/site-packages/airflow/example_dags/example_dag_decorator.py took 0.135 seconds
[2025-02-01T20:44:29.993+0000] {processor.py:186} INFO - Started process (PID=3552) to work on /home/airflow/.local/lib/python3.12/site-packages/airflow/example_dags/example_dag_decorator.py
[2025-02-01T20:44:29.994+0000] {processor.py:914} INFO - Processing file /home/airflow/.local/lib/python3.12/site-packages/airflow/example_dags/example_dag_decorator.py for tasks to queue
[2025-02-01T20:44:29.996+0000] {logging_mixin.py:190} INFO - [2025-02-01T20:44:29.996+0000] {dagbag.py:588} INFO - Filling up the DagBag from /home/airflow/.local/lib/python3.12/site-packages/airflow/example_dags/example_dag_decorator.py
[2025-02-01T20:44:30.004+0000] {processor.py:925} INFO - DAG(s) 'example_dag_decorator' retrieved from /home/airflow/.local/lib/python3.12/site-packages/airflow/example_dags/example_dag_decorator.py
[2025-02-01T20:44:30.105+0000] {logging_mixin.py:190} INFO - [2025-02-01T20:44:30.104+0000] {dag.py:3239} INFO - Sync 1 DAGs
[2025-02-01T20:44:30.116+0000] {logging_mixin.py:190} INFO - [2025-02-01T20:44:30.115+0000] {dag.py:4180} INFO - Setting next_dagrun for example_dag_decorator to None, run_after=None
[2025-02-01T20:44:30.130+0000] {processor.py:208} INFO - Processing /home/airflow/.local/lib/python3.12/site-packages/airflow/example_dags/example_dag_decorator.py took 0.141 seconds
[2025-02-01T20:45:00.945+0000] {processor.py:186} INFO - Started process (PID=3838) to work on /home/airflow/.local/lib/python3.12/site-packages/airflow/example_dags/example_dag_decorator.py
[2025-02-01T20:45:00.946+0000] {processor.py:914} INFO - Processing file /home/airflow/.local/lib/python3.12/site-packages/airflow/example_dags/example_dag_decorator.py for tasks to queue
[2025-02-01T20:45:00.947+0000] {logging_mixin.py:190} INFO - [2025-02-01T20:45:00.947+0000] {dagbag.py:588} INFO - Filling up the DagBag from /home/airflow/.local/lib/python3.12/site-packages/airflow/example_dags/example_dag_decorator.py
[2025-02-01T20:45:00.955+0000] {processor.py:925} INFO - DAG(s) 'example_dag_decorator' retrieved from /home/airflow/.local/lib/python3.12/site-packages/airflow/example_dags/example_dag_decorator.py
[2025-02-01T20:45:01.044+0000] {logging_mixin.py:190} INFO - [2025-02-01T20:45:01.044+0000] {dag.py:3239} INFO - Sync 1 DAGs
[2025-02-01T20:45:01.055+0000] {logging_mixin.py:190} INFO - [2025-02-01T20:45:01.054+0000] {dag.py:4180} INFO - Setting next_dagrun for example_dag_decorator to None, run_after=None
[2025-02-01T20:45:01.068+0000] {processor.py:208} INFO - Processing /home/airflow/.local/lib/python3.12/site-packages/airflow/example_dags/example_dag_decorator.py took 0.127 seconds
