[2025-02-01T20:33:32.069+0000] {processor.py:186} INFO - Started process (PID=191) to work on /home/airflow/.local/lib/python3.12/site-packages/airflow/example_dags/example_latest_only.py
[2025-02-01T20:33:32.070+0000] {processor.py:914} INFO - Processing file /home/airflow/.local/lib/python3.12/site-packages/airflow/example_dags/example_latest_only.py for tasks to queue
[2025-02-01T20:33:32.072+0000] {logging_mixin.py:190} INFO - [2025-02-01T20:33:32.072+0000] {dagbag.py:588} INFO - Filling up the DagBag from /home/airflow/.local/lib/python3.12/site-packages/airflow/example_dags/example_latest_only.py
[2025-02-01T20:33:32.080+0000] {processor.py:925} INFO - DAG(s) 'latest_only' retrieved from /home/airflow/.local/lib/python3.12/site-packages/airflow/example_dags/example_latest_only.py
[2025-02-01T20:33:32.198+0000] {logging_mixin.py:190} INFO - [2025-02-01T20:33:32.197+0000] {override.py:1911} INFO - Created Permission View: can read on DAG:latest_only
[2025-02-01T20:33:32.208+0000] {logging_mixin.py:190} INFO - [2025-02-01T20:33:32.208+0000] {override.py:1911} INFO - Created Permission View: can delete on DAG:latest_only
[2025-02-01T20:33:32.214+0000] {logging_mixin.py:190} INFO - [2025-02-01T20:33:32.214+0000] {override.py:1911} INFO - Created Permission View: can edit on DAG:latest_only
[2025-02-01T20:33:32.222+0000] {logging_mixin.py:190} INFO - [2025-02-01T20:33:32.222+0000] {override.py:1911} INFO - Created Permission View: can read on DAG Run:latest_only
[2025-02-01T20:33:32.229+0000] {logging_mixin.py:190} INFO - [2025-02-01T20:33:32.229+0000] {override.py:1911} INFO - Created Permission View: menu access on DAG Run:latest_only
[2025-02-01T20:33:32.237+0000] {logging_mixin.py:190} INFO - [2025-02-01T20:33:32.237+0000] {override.py:1911} INFO - Created Permission View: can create on DAG Run:latest_only
[2025-02-01T20:33:32.243+0000] {logging_mixin.py:190} INFO - [2025-02-01T20:33:32.243+0000] {override.py:1911} INFO - Created Permission View: can delete on DAG Run:latest_only
[2025-02-01T20:33:32.244+0000] {logging_mixin.py:190} INFO - [2025-02-01T20:33:32.244+0000] {dag.py:3239} INFO - Sync 1 DAGs
[2025-02-01T20:33:32.258+0000] {logging_mixin.py:190} INFO - [2025-02-01T20:33:32.257+0000] {dag.py:3262} INFO - Creating ORM DAG for latest_only
[2025-02-01T20:33:32.267+0000] {logging_mixin.py:190} INFO - [2025-02-01T20:33:32.266+0000] {dag.py:4180} INFO - Setting next_dagrun for latest_only to 2025-02-01 16:00:00+00:00, run_after=2025-02-01 20:00:00+00:00
[2025-02-01T20:33:32.283+0000] {processor.py:208} INFO - Processing /home/airflow/.local/lib/python3.12/site-packages/airflow/example_dags/example_latest_only.py took 0.219 seconds
[2025-02-01T20:34:02.662+0000] {processor.py:186} INFO - Started process (PID=477) to work on /home/airflow/.local/lib/python3.12/site-packages/airflow/example_dags/example_latest_only.py
[2025-02-01T20:34:02.663+0000] {processor.py:914} INFO - Processing file /home/airflow/.local/lib/python3.12/site-packages/airflow/example_dags/example_latest_only.py for tasks to queue
[2025-02-01T20:34:02.666+0000] {logging_mixin.py:190} INFO - [2025-02-01T20:34:02.665+0000] {dagbag.py:588} INFO - Filling up the DagBag from /home/airflow/.local/lib/python3.12/site-packages/airflow/example_dags/example_latest_only.py
[2025-02-01T20:34:02.671+0000] {processor.py:925} INFO - DAG(s) 'latest_only' retrieved from /home/airflow/.local/lib/python3.12/site-packages/airflow/example_dags/example_latest_only.py
[2025-02-01T20:34:02.689+0000] {logging_mixin.py:190} INFO - [2025-02-01T20:34:02.689+0000] {dag.py:3239} INFO - Sync 1 DAGs
[2025-02-01T20:34:02.709+0000] {logging_mixin.py:190} INFO - [2025-02-01T20:34:02.709+0000] {dag.py:4180} INFO - Setting next_dagrun for latest_only to 2025-02-01 16:00:00+00:00, run_after=2025-02-01 20:00:00+00:00
[2025-02-01T20:34:02.727+0000] {processor.py:208} INFO - Processing /home/airflow/.local/lib/python3.12/site-packages/airflow/example_dags/example_latest_only.py took 0.069 seconds
[2025-02-01T20:34:33.460+0000] {processor.py:186} INFO - Started process (PID=768) to work on /home/airflow/.local/lib/python3.12/site-packages/airflow/example_dags/example_latest_only.py
[2025-02-01T20:34:33.461+0000] {processor.py:914} INFO - Processing file /home/airflow/.local/lib/python3.12/site-packages/airflow/example_dags/example_latest_only.py for tasks to queue
[2025-02-01T20:34:33.462+0000] {logging_mixin.py:190} INFO - [2025-02-01T20:34:33.462+0000] {dagbag.py:588} INFO - Filling up the DagBag from /home/airflow/.local/lib/python3.12/site-packages/airflow/example_dags/example_latest_only.py
[2025-02-01T20:34:33.467+0000] {processor.py:925} INFO - DAG(s) 'latest_only' retrieved from /home/airflow/.local/lib/python3.12/site-packages/airflow/example_dags/example_latest_only.py
[2025-02-01T20:34:33.481+0000] {logging_mixin.py:190} INFO - [2025-02-01T20:34:33.480+0000] {dag.py:3239} INFO - Sync 1 DAGs
[2025-02-01T20:34:33.497+0000] {logging_mixin.py:190} INFO - [2025-02-01T20:34:33.497+0000] {dag.py:4180} INFO - Setting next_dagrun for latest_only to 2025-02-01 16:00:00+00:00, run_after=2025-02-01 20:00:00+00:00
[2025-02-01T20:34:33.511+0000] {processor.py:208} INFO - Processing /home/airflow/.local/lib/python3.12/site-packages/airflow/example_dags/example_latest_only.py took 0.055 seconds
[2025-02-01T20:35:04.041+0000] {processor.py:186} INFO - Started process (PID=1059) to work on /home/airflow/.local/lib/python3.12/site-packages/airflow/example_dags/example_latest_only.py
[2025-02-01T20:35:04.042+0000] {processor.py:914} INFO - Processing file /home/airflow/.local/lib/python3.12/site-packages/airflow/example_dags/example_latest_only.py for tasks to queue
[2025-02-01T20:35:04.043+0000] {logging_mixin.py:190} INFO - [2025-02-01T20:35:04.043+0000] {dagbag.py:588} INFO - Filling up the DagBag from /home/airflow/.local/lib/python3.12/site-packages/airflow/example_dags/example_latest_only.py
[2025-02-01T20:35:04.048+0000] {processor.py:925} INFO - DAG(s) 'latest_only' retrieved from /home/airflow/.local/lib/python3.12/site-packages/airflow/example_dags/example_latest_only.py
[2025-02-01T20:35:04.062+0000] {logging_mixin.py:190} INFO - [2025-02-01T20:35:04.062+0000] {dag.py:3239} INFO - Sync 1 DAGs
[2025-02-01T20:35:04.079+0000] {logging_mixin.py:190} INFO - [2025-02-01T20:35:04.079+0000] {dag.py:4180} INFO - Setting next_dagrun for latest_only to 2025-02-01 16:00:00+00:00, run_after=2025-02-01 20:00:00+00:00
[2025-02-01T20:35:04.094+0000] {processor.py:208} INFO - Processing /home/airflow/.local/lib/python3.12/site-packages/airflow/example_dags/example_latest_only.py took 0.057 seconds
[2025-02-01T20:38:46.663+0000] {processor.py:186} INFO - Started process (PID=191) to work on /home/airflow/.local/lib/python3.12/site-packages/airflow/example_dags/example_latest_only.py
[2025-02-01T20:38:46.664+0000] {processor.py:914} INFO - Processing file /home/airflow/.local/lib/python3.12/site-packages/airflow/example_dags/example_latest_only.py for tasks to queue
[2025-02-01T20:38:46.665+0000] {logging_mixin.py:190} INFO - [2025-02-01T20:38:46.665+0000] {dagbag.py:588} INFO - Filling up the DagBag from /home/airflow/.local/lib/python3.12/site-packages/airflow/example_dags/example_latest_only.py
[2025-02-01T20:38:46.672+0000] {processor.py:925} INFO - DAG(s) 'latest_only' retrieved from /home/airflow/.local/lib/python3.12/site-packages/airflow/example_dags/example_latest_only.py
[2025-02-01T20:38:46.693+0000] {logging_mixin.py:190} INFO - [2025-02-01T20:38:46.693+0000] {dag.py:3239} INFO - Sync 1 DAGs
[2025-02-01T20:38:46.714+0000] {logging_mixin.py:190} INFO - [2025-02-01T20:38:46.714+0000] {dag.py:4180} INFO - Setting next_dagrun for latest_only to 2025-02-01 16:00:00+00:00, run_after=2025-02-01 20:00:00+00:00
[2025-02-01T20:38:46.729+0000] {processor.py:208} INFO - Processing /home/airflow/.local/lib/python3.12/site-packages/airflow/example_dags/example_latest_only.py took 0.071 seconds
[2025-02-01T20:39:17.445+0000] {processor.py:186} INFO - Started process (PID=482) to work on /home/airflow/.local/lib/python3.12/site-packages/airflow/example_dags/example_latest_only.py
[2025-02-01T20:39:17.445+0000] {processor.py:914} INFO - Processing file /home/airflow/.local/lib/python3.12/site-packages/airflow/example_dags/example_latest_only.py for tasks to queue
[2025-02-01T20:39:17.447+0000] {logging_mixin.py:190} INFO - [2025-02-01T20:39:17.447+0000] {dagbag.py:588} INFO - Filling up the DagBag from /home/airflow/.local/lib/python3.12/site-packages/airflow/example_dags/example_latest_only.py
[2025-02-01T20:39:17.453+0000] {processor.py:925} INFO - DAG(s) 'latest_only' retrieved from /home/airflow/.local/lib/python3.12/site-packages/airflow/example_dags/example_latest_only.py
[2025-02-01T20:39:17.468+0000] {logging_mixin.py:190} INFO - [2025-02-01T20:39:17.468+0000] {dag.py:3239} INFO - Sync 1 DAGs
[2025-02-01T20:39:17.486+0000] {logging_mixin.py:190} INFO - [2025-02-01T20:39:17.486+0000] {dag.py:4180} INFO - Setting next_dagrun for latest_only to 2025-02-01 16:00:00+00:00, run_after=2025-02-01 20:00:00+00:00
[2025-02-01T20:39:17.501+0000] {processor.py:208} INFO - Processing /home/airflow/.local/lib/python3.12/site-packages/airflow/example_dags/example_latest_only.py took 0.061 seconds
[2025-02-01T20:39:47.539+0000] {processor.py:186} INFO - Started process (PID=768) to work on /home/airflow/.local/lib/python3.12/site-packages/airflow/example_dags/example_latest_only.py
[2025-02-01T20:39:47.540+0000] {processor.py:914} INFO - Processing file /home/airflow/.local/lib/python3.12/site-packages/airflow/example_dags/example_latest_only.py for tasks to queue
[2025-02-01T20:39:47.541+0000] {logging_mixin.py:190} INFO - [2025-02-01T20:39:47.541+0000] {dagbag.py:588} INFO - Filling up the DagBag from /home/airflow/.local/lib/python3.12/site-packages/airflow/example_dags/example_latest_only.py
[2025-02-01T20:39:47.546+0000] {processor.py:925} INFO - DAG(s) 'latest_only' retrieved from /home/airflow/.local/lib/python3.12/site-packages/airflow/example_dags/example_latest_only.py
[2025-02-01T20:39:47.560+0000] {logging_mixin.py:190} INFO - [2025-02-01T20:39:47.560+0000] {dag.py:3239} INFO - Sync 1 DAGs
[2025-02-01T20:39:47.577+0000] {logging_mixin.py:190} INFO - [2025-02-01T20:39:47.576+0000] {dag.py:4180} INFO - Setting next_dagrun for latest_only to 2025-02-01 16:00:00+00:00, run_after=2025-02-01 20:00:00+00:00
[2025-02-01T20:39:47.630+0000] {processor.py:208} INFO - Processing /home/airflow/.local/lib/python3.12/site-packages/airflow/example_dags/example_latest_only.py took 0.095 seconds
[2025-02-01T20:40:17.722+0000] {processor.py:186} INFO - Started process (PID=1059) to work on /home/airflow/.local/lib/python3.12/site-packages/airflow/example_dags/example_latest_only.py
[2025-02-01T20:40:17.723+0000] {processor.py:914} INFO - Processing file /home/airflow/.local/lib/python3.12/site-packages/airflow/example_dags/example_latest_only.py for tasks to queue
[2025-02-01T20:40:17.724+0000] {logging_mixin.py:190} INFO - [2025-02-01T20:40:17.724+0000] {dagbag.py:588} INFO - Filling up the DagBag from /home/airflow/.local/lib/python3.12/site-packages/airflow/example_dags/example_latest_only.py
[2025-02-01T20:40:17.729+0000] {processor.py:925} INFO - DAG(s) 'latest_only' retrieved from /home/airflow/.local/lib/python3.12/site-packages/airflow/example_dags/example_latest_only.py
[2025-02-01T20:40:17.746+0000] {logging_mixin.py:190} INFO - [2025-02-01T20:40:17.745+0000] {dag.py:3239} INFO - Sync 1 DAGs
[2025-02-01T20:40:17.763+0000] {logging_mixin.py:190} INFO - [2025-02-01T20:40:17.763+0000] {dag.py:4180} INFO - Setting next_dagrun for latest_only to 2025-02-01 16:00:00+00:00, run_after=2025-02-01 20:00:00+00:00
[2025-02-01T20:40:17.778+0000] {processor.py:208} INFO - Processing /home/airflow/.local/lib/python3.12/site-packages/airflow/example_dags/example_latest_only.py took 0.061 seconds
[2025-02-01T20:40:48.007+0000] {processor.py:186} INFO - Started process (PID=1350) to work on /home/airflow/.local/lib/python3.12/site-packages/airflow/example_dags/example_latest_only.py
[2025-02-01T20:40:48.008+0000] {processor.py:914} INFO - Processing file /home/airflow/.local/lib/python3.12/site-packages/airflow/example_dags/example_latest_only.py for tasks to queue
[2025-02-01T20:40:48.010+0000] {logging_mixin.py:190} INFO - [2025-02-01T20:40:48.009+0000] {dagbag.py:588} INFO - Filling up the DagBag from /home/airflow/.local/lib/python3.12/site-packages/airflow/example_dags/example_latest_only.py
[2025-02-01T20:40:48.014+0000] {processor.py:925} INFO - DAG(s) 'latest_only' retrieved from /home/airflow/.local/lib/python3.12/site-packages/airflow/example_dags/example_latest_only.py
[2025-02-01T20:40:48.029+0000] {logging_mixin.py:190} INFO - [2025-02-01T20:40:48.029+0000] {dag.py:3239} INFO - Sync 1 DAGs
[2025-02-01T20:40:48.047+0000] {logging_mixin.py:190} INFO - [2025-02-01T20:40:48.047+0000] {dag.py:4180} INFO - Setting next_dagrun for latest_only to 2025-02-01 16:00:00+00:00, run_after=2025-02-01 20:00:00+00:00
[2025-02-01T20:40:48.061+0000] {processor.py:208} INFO - Processing /home/airflow/.local/lib/python3.12/site-packages/airflow/example_dags/example_latest_only.py took 0.058 seconds
[2025-02-01T20:41:18.659+0000] {processor.py:186} INFO - Started process (PID=1641) to work on /home/airflow/.local/lib/python3.12/site-packages/airflow/example_dags/example_latest_only.py
[2025-02-01T20:41:18.660+0000] {processor.py:914} INFO - Processing file /home/airflow/.local/lib/python3.12/site-packages/airflow/example_dags/example_latest_only.py for tasks to queue
[2025-02-01T20:41:18.661+0000] {logging_mixin.py:190} INFO - [2025-02-01T20:41:18.661+0000] {dagbag.py:588} INFO - Filling up the DagBag from /home/airflow/.local/lib/python3.12/site-packages/airflow/example_dags/example_latest_only.py
[2025-02-01T20:41:18.666+0000] {processor.py:925} INFO - DAG(s) 'latest_only' retrieved from /home/airflow/.local/lib/python3.12/site-packages/airflow/example_dags/example_latest_only.py
[2025-02-01T20:41:18.680+0000] {logging_mixin.py:190} INFO - [2025-02-01T20:41:18.680+0000] {dag.py:3239} INFO - Sync 1 DAGs
[2025-02-01T20:41:18.697+0000] {logging_mixin.py:190} INFO - [2025-02-01T20:41:18.696+0000] {dag.py:4180} INFO - Setting next_dagrun for latest_only to 2025-02-01 16:00:00+00:00, run_after=2025-02-01 20:00:00+00:00
[2025-02-01T20:41:18.709+0000] {processor.py:208} INFO - Processing /home/airflow/.local/lib/python3.12/site-packages/airflow/example_dags/example_latest_only.py took 0.054 seconds
[2025-02-01T20:41:49.639+0000] {processor.py:186} INFO - Started process (PID=1932) to work on /home/airflow/.local/lib/python3.12/site-packages/airflow/example_dags/example_latest_only.py
[2025-02-01T20:41:49.640+0000] {processor.py:914} INFO - Processing file /home/airflow/.local/lib/python3.12/site-packages/airflow/example_dags/example_latest_only.py for tasks to queue
[2025-02-01T20:41:49.642+0000] {logging_mixin.py:190} INFO - [2025-02-01T20:41:49.641+0000] {dagbag.py:588} INFO - Filling up the DagBag from /home/airflow/.local/lib/python3.12/site-packages/airflow/example_dags/example_latest_only.py
[2025-02-01T20:41:49.647+0000] {processor.py:925} INFO - DAG(s) 'latest_only' retrieved from /home/airflow/.local/lib/python3.12/site-packages/airflow/example_dags/example_latest_only.py
[2025-02-01T20:41:49.664+0000] {logging_mixin.py:190} INFO - [2025-02-01T20:41:49.663+0000] {dag.py:3239} INFO - Sync 1 DAGs
[2025-02-01T20:41:49.685+0000] {logging_mixin.py:190} INFO - [2025-02-01T20:41:49.684+0000] {dag.py:4180} INFO - Setting next_dagrun for latest_only to 2025-02-01 16:00:00+00:00, run_after=2025-02-01 20:00:00+00:00
[2025-02-01T20:41:49.702+0000] {processor.py:208} INFO - Processing /home/airflow/.local/lib/python3.12/site-packages/airflow/example_dags/example_latest_only.py took 0.067 seconds
[2025-02-01T20:42:20.615+0000] {processor.py:186} INFO - Started process (PID=2223) to work on /home/airflow/.local/lib/python3.12/site-packages/airflow/example_dags/example_latest_only.py
[2025-02-01T20:42:20.616+0000] {processor.py:914} INFO - Processing file /home/airflow/.local/lib/python3.12/site-packages/airflow/example_dags/example_latest_only.py for tasks to queue
[2025-02-01T20:42:20.618+0000] {logging_mixin.py:190} INFO - [2025-02-01T20:42:20.618+0000] {dagbag.py:588} INFO - Filling up the DagBag from /home/airflow/.local/lib/python3.12/site-packages/airflow/example_dags/example_latest_only.py
[2025-02-01T20:42:20.623+0000] {processor.py:925} INFO - DAG(s) 'latest_only' retrieved from /home/airflow/.local/lib/python3.12/site-packages/airflow/example_dags/example_latest_only.py
[2025-02-01T20:42:20.639+0000] {logging_mixin.py:190} INFO - [2025-02-01T20:42:20.639+0000] {dag.py:3239} INFO - Sync 1 DAGs
[2025-02-01T20:42:20.658+0000] {logging_mixin.py:190} INFO - [2025-02-01T20:42:20.657+0000] {dag.py:4180} INFO - Setting next_dagrun for latest_only to 2025-02-01 16:00:00+00:00, run_after=2025-02-01 20:00:00+00:00
[2025-02-01T20:42:20.671+0000] {processor.py:208} INFO - Processing /home/airflow/.local/lib/python3.12/site-packages/airflow/example_dags/example_latest_only.py took 0.061 seconds
[2025-02-01T20:42:50.909+0000] {processor.py:186} INFO - Started process (PID=2514) to work on /home/airflow/.local/lib/python3.12/site-packages/airflow/example_dags/example_latest_only.py
[2025-02-01T20:42:50.909+0000] {processor.py:914} INFO - Processing file /home/airflow/.local/lib/python3.12/site-packages/airflow/example_dags/example_latest_only.py for tasks to queue
[2025-02-01T20:42:50.911+0000] {logging_mixin.py:190} INFO - [2025-02-01T20:42:50.911+0000] {dagbag.py:588} INFO - Filling up the DagBag from /home/airflow/.local/lib/python3.12/site-packages/airflow/example_dags/example_latest_only.py
[2025-02-01T20:42:50.916+0000] {processor.py:925} INFO - DAG(s) 'latest_only' retrieved from /home/airflow/.local/lib/python3.12/site-packages/airflow/example_dags/example_latest_only.py
[2025-02-01T20:42:50.931+0000] {logging_mixin.py:190} INFO - [2025-02-01T20:42:50.930+0000] {dag.py:3239} INFO - Sync 1 DAGs
[2025-02-01T20:42:50.949+0000] {logging_mixin.py:190} INFO - [2025-02-01T20:42:50.949+0000] {dag.py:4180} INFO - Setting next_dagrun for latest_only to 2025-02-01 16:00:00+00:00, run_after=2025-02-01 20:00:00+00:00
[2025-02-01T20:42:50.965+0000] {processor.py:208} INFO - Processing /home/airflow/.local/lib/python3.12/site-packages/airflow/example_dags/example_latest_only.py took 0.060 seconds
[2025-02-01T20:43:21.600+0000] {processor.py:186} INFO - Started process (PID=2805) to work on /home/airflow/.local/lib/python3.12/site-packages/airflow/example_dags/example_latest_only.py
[2025-02-01T20:43:21.600+0000] {processor.py:914} INFO - Processing file /home/airflow/.local/lib/python3.12/site-packages/airflow/example_dags/example_latest_only.py for tasks to queue
[2025-02-01T20:43:21.602+0000] {logging_mixin.py:190} INFO - [2025-02-01T20:43:21.602+0000] {dagbag.py:588} INFO - Filling up the DagBag from /home/airflow/.local/lib/python3.12/site-packages/airflow/example_dags/example_latest_only.py
[2025-02-01T20:43:21.608+0000] {processor.py:925} INFO - DAG(s) 'latest_only' retrieved from /home/airflow/.local/lib/python3.12/site-packages/airflow/example_dags/example_latest_only.py
[2025-02-01T20:43:21.623+0000] {logging_mixin.py:190} INFO - [2025-02-01T20:43:21.623+0000] {dag.py:3239} INFO - Sync 1 DAGs
[2025-02-01T20:43:21.641+0000] {logging_mixin.py:190} INFO - [2025-02-01T20:43:21.641+0000] {dag.py:4180} INFO - Setting next_dagrun for latest_only to 2025-02-01 16:00:00+00:00, run_after=2025-02-01 20:00:00+00:00
[2025-02-01T20:43:21.654+0000] {processor.py:208} INFO - Processing /home/airflow/.local/lib/python3.12/site-packages/airflow/example_dags/example_latest_only.py took 0.059 seconds
[2025-02-01T20:43:51.982+0000] {processor.py:186} INFO - Started process (PID=3096) to work on /home/airflow/.local/lib/python3.12/site-packages/airflow/example_dags/example_latest_only.py
[2025-02-01T20:43:51.983+0000] {processor.py:914} INFO - Processing file /home/airflow/.local/lib/python3.12/site-packages/airflow/example_dags/example_latest_only.py for tasks to queue
[2025-02-01T20:43:51.985+0000] {logging_mixin.py:190} INFO - [2025-02-01T20:43:51.985+0000] {dagbag.py:588} INFO - Filling up the DagBag from /home/airflow/.local/lib/python3.12/site-packages/airflow/example_dags/example_latest_only.py
[2025-02-01T20:43:51.990+0000] {processor.py:925} INFO - DAG(s) 'latest_only' retrieved from /home/airflow/.local/lib/python3.12/site-packages/airflow/example_dags/example_latest_only.py
[2025-02-01T20:43:52.006+0000] {logging_mixin.py:190} INFO - [2025-02-01T20:43:52.006+0000] {dag.py:3239} INFO - Sync 1 DAGs
[2025-02-01T20:43:52.026+0000] {logging_mixin.py:190} INFO - [2025-02-01T20:43:52.026+0000] {dag.py:4180} INFO - Setting next_dagrun for latest_only to 2025-02-01 16:00:00+00:00, run_after=2025-02-01 20:00:00+00:00
[2025-02-01T20:43:52.042+0000] {processor.py:208} INFO - Processing /home/airflow/.local/lib/python3.12/site-packages/airflow/example_dags/example_latest_only.py took 0.063 seconds
[2025-02-01T20:44:22.467+0000] {processor.py:186} INFO - Started process (PID=3387) to work on /home/airflow/.local/lib/python3.12/site-packages/airflow/example_dags/example_latest_only.py
[2025-02-01T20:44:22.467+0000] {processor.py:914} INFO - Processing file /home/airflow/.local/lib/python3.12/site-packages/airflow/example_dags/example_latest_only.py for tasks to queue
[2025-02-01T20:44:22.469+0000] {logging_mixin.py:190} INFO - [2025-02-01T20:44:22.469+0000] {dagbag.py:588} INFO - Filling up the DagBag from /home/airflow/.local/lib/python3.12/site-packages/airflow/example_dags/example_latest_only.py
[2025-02-01T20:44:22.475+0000] {processor.py:925} INFO - DAG(s) 'latest_only' retrieved from /home/airflow/.local/lib/python3.12/site-packages/airflow/example_dags/example_latest_only.py
[2025-02-01T20:44:22.492+0000] {logging_mixin.py:190} INFO - [2025-02-01T20:44:22.492+0000] {dag.py:3239} INFO - Sync 1 DAGs
[2025-02-01T20:44:22.509+0000] {logging_mixin.py:190} INFO - [2025-02-01T20:44:22.509+0000] {dag.py:4180} INFO - Setting next_dagrun for latest_only to 2025-02-01 16:00:00+00:00, run_after=2025-02-01 20:00:00+00:00
[2025-02-01T20:44:22.580+0000] {processor.py:208} INFO - Processing /home/airflow/.local/lib/python3.12/site-packages/airflow/example_dags/example_latest_only.py took 0.119 seconds
[2025-02-01T20:44:52.869+0000] {processor.py:186} INFO - Started process (PID=3678) to work on /home/airflow/.local/lib/python3.12/site-packages/airflow/example_dags/example_latest_only.py
[2025-02-01T20:44:52.870+0000] {processor.py:914} INFO - Processing file /home/airflow/.local/lib/python3.12/site-packages/airflow/example_dags/example_latest_only.py for tasks to queue
[2025-02-01T20:44:52.872+0000] {logging_mixin.py:190} INFO - [2025-02-01T20:44:52.871+0000] {dagbag.py:588} INFO - Filling up the DagBag from /home/airflow/.local/lib/python3.12/site-packages/airflow/example_dags/example_latest_only.py
[2025-02-01T20:44:52.877+0000] {processor.py:925} INFO - DAG(s) 'latest_only' retrieved from /home/airflow/.local/lib/python3.12/site-packages/airflow/example_dags/example_latest_only.py
[2025-02-01T20:44:52.893+0000] {logging_mixin.py:190} INFO - [2025-02-01T20:44:52.892+0000] {dag.py:3239} INFO - Sync 1 DAGs
[2025-02-01T20:44:52.913+0000] {logging_mixin.py:190} INFO - [2025-02-01T20:44:52.912+0000] {dag.py:4180} INFO - Setting next_dagrun for latest_only to 2025-02-01 16:00:00+00:00, run_after=2025-02-01 20:00:00+00:00
[2025-02-01T20:44:52.927+0000] {processor.py:208} INFO - Processing /home/airflow/.local/lib/python3.12/site-packages/airflow/example_dags/example_latest_only.py took 0.062 seconds
