[2025-02-01T20:33:32.329+0000] {processor.py:186} INFO - Started process (PID=196) to work on /home/airflow/.local/lib/python3.12/site-packages/airflow/example_dags/example_external_task_marker_dag.py
[2025-02-01T20:33:32.330+0000] {processor.py:914} INFO - Processing file /home/airflow/.local/lib/python3.12/site-packages/airflow/example_dags/example_external_task_marker_dag.py for tasks to queue
[2025-02-01T20:33:32.332+0000] {logging_mixin.py:190} INFO - [2025-02-01T20:33:32.332+0000] {dagbag.py:588} INFO - Filling up the DagBag from /home/airflow/.local/lib/python3.12/site-packages/airflow/example_dags/example_external_task_marker_dag.py
[2025-02-01T20:33:32.341+0000] {processor.py:925} INFO - DAG(s) 'example_external_task_marker_parent', 'example_external_task_marker_child' retrieved from /home/airflow/.local/lib/python3.12/site-packages/airflow/example_dags/example_external_task_marker_dag.py
[2025-02-01T20:33:32.436+0000] {logging_mixin.py:190} INFO - [2025-02-01T20:33:32.435+0000] {override.py:1911} INFO - Created Permission View: can read on DAG:example_external_task_marker_parent
[2025-02-01T20:33:32.446+0000] {logging_mixin.py:190} INFO - [2025-02-01T20:33:32.446+0000] {override.py:1911} INFO - Created Permission View: can delete on DAG:example_external_task_marker_parent
[2025-02-01T20:33:32.460+0000] {logging_mixin.py:190} INFO - [2025-02-01T20:33:32.457+0000] {override.py:1911} INFO - Created Permission View: can edit on DAG:example_external_task_marker_parent
[2025-02-01T20:33:32.475+0000] {logging_mixin.py:190} INFO - [2025-02-01T20:33:32.474+0000] {override.py:1911} INFO - Created Permission View: can read on DAG Run:example_external_task_marker_parent
[2025-02-01T20:33:32.485+0000] {logging_mixin.py:190} INFO - [2025-02-01T20:33:32.485+0000] {override.py:1911} INFO - Created Permission View: menu access on DAG Run:example_external_task_marker_parent
[2025-02-01T20:33:32.495+0000] {logging_mixin.py:190} INFO - [2025-02-01T20:33:32.494+0000] {override.py:1911} INFO - Created Permission View: can create on DAG Run:example_external_task_marker_parent
[2025-02-01T20:33:32.504+0000] {logging_mixin.py:190} INFO - [2025-02-01T20:33:32.504+0000] {override.py:1911} INFO - Created Permission View: can delete on DAG Run:example_external_task_marker_parent
[2025-02-01T20:33:32.526+0000] {logging_mixin.py:190} INFO - [2025-02-01T20:33:32.525+0000] {override.py:1911} INFO - Created Permission View: can read on DAG:example_external_task_marker_child
[2025-02-01T20:33:32.536+0000] {logging_mixin.py:190} INFO - [2025-02-01T20:33:32.536+0000] {override.py:1911} INFO - Created Permission View: can delete on DAG:example_external_task_marker_child
[2025-02-01T20:33:32.544+0000] {logging_mixin.py:190} INFO - [2025-02-01T20:33:32.543+0000] {override.py:1911} INFO - Created Permission View: can edit on DAG:example_external_task_marker_child
[2025-02-01T20:33:32.555+0000] {logging_mixin.py:190} INFO - [2025-02-01T20:33:32.554+0000] {override.py:1911} INFO - Created Permission View: can read on DAG Run:example_external_task_marker_child
[2025-02-01T20:33:32.569+0000] {logging_mixin.py:190} INFO - [2025-02-01T20:33:32.569+0000] {override.py:1911} INFO - Created Permission View: menu access on DAG Run:example_external_task_marker_child
[2025-02-01T20:33:32.579+0000] {logging_mixin.py:190} INFO - [2025-02-01T20:33:32.579+0000] {override.py:1911} INFO - Created Permission View: can create on DAG Run:example_external_task_marker_child
[2025-02-01T20:33:32.591+0000] {logging_mixin.py:190} INFO - [2025-02-01T20:33:32.591+0000] {override.py:1911} INFO - Created Permission View: can delete on DAG Run:example_external_task_marker_child
[2025-02-01T20:33:32.592+0000] {logging_mixin.py:190} INFO - [2025-02-01T20:33:32.592+0000] {dag.py:3239} INFO - Sync 2 DAGs
[2025-02-01T20:33:32.612+0000] {logging_mixin.py:190} INFO - [2025-02-01T20:33:32.611+0000] {dag.py:3262} INFO - Creating ORM DAG for example_external_task_marker_parent
[2025-02-01T20:33:32.613+0000] {logging_mixin.py:190} INFO - [2025-02-01T20:33:32.613+0000] {dag.py:3262} INFO - Creating ORM DAG for example_external_task_marker_child
[2025-02-01T20:33:32.614+0000] {logging_mixin.py:190} INFO - [2025-02-01T20:33:32.614+0000] {dag.py:4180} INFO - Setting next_dagrun for example_external_task_marker_child to None, run_after=None
[2025-02-01T20:33:32.616+0000] {logging_mixin.py:190} INFO - [2025-02-01T20:33:32.615+0000] {dag.py:4180} INFO - Setting next_dagrun for example_external_task_marker_parent to None, run_after=None
[2025-02-01T20:33:32.802+0000] {processor.py:208} INFO - Processing /home/airflow/.local/lib/python3.12/site-packages/airflow/example_dags/example_external_task_marker_dag.py took 0.479 seconds
[2025-02-01T20:34:03.750+0000] {processor.py:186} INFO - Started process (PID=484) to work on /home/airflow/.local/lib/python3.12/site-packages/airflow/example_dags/example_external_task_marker_dag.py
[2025-02-01T20:34:03.751+0000] {processor.py:914} INFO - Processing file /home/airflow/.local/lib/python3.12/site-packages/airflow/example_dags/example_external_task_marker_dag.py for tasks to queue
[2025-02-01T20:34:03.752+0000] {logging_mixin.py:190} INFO - [2025-02-01T20:34:03.752+0000] {dagbag.py:588} INFO - Filling up the DagBag from /home/airflow/.local/lib/python3.12/site-packages/airflow/example_dags/example_external_task_marker_dag.py
[2025-02-01T20:34:03.758+0000] {processor.py:925} INFO - DAG(s) 'example_external_task_marker_child', 'example_external_task_marker_parent' retrieved from /home/airflow/.local/lib/python3.12/site-packages/airflow/example_dags/example_external_task_marker_dag.py
[2025-02-01T20:34:03.773+0000] {logging_mixin.py:190} INFO - [2025-02-01T20:34:03.773+0000] {dag.py:3239} INFO - Sync 2 DAGs
[2025-02-01T20:34:03.784+0000] {logging_mixin.py:190} INFO - [2025-02-01T20:34:03.784+0000] {dag.py:4180} INFO - Setting next_dagrun for example_external_task_marker_child to None, run_after=None
[2025-02-01T20:34:03.787+0000] {logging_mixin.py:190} INFO - [2025-02-01T20:34:03.787+0000] {dag.py:4180} INFO - Setting next_dagrun for example_external_task_marker_parent to None, run_after=None
[2025-02-01T20:34:03.798+0000] {processor.py:208} INFO - Processing /home/airflow/.local/lib/python3.12/site-packages/airflow/example_dags/example_external_task_marker_dag.py took 0.053 seconds
[2025-02-01T20:34:34.536+0000] {processor.py:186} INFO - Started process (PID=775) to work on /home/airflow/.local/lib/python3.12/site-packages/airflow/example_dags/example_external_task_marker_dag.py
[2025-02-01T20:34:34.536+0000] {processor.py:914} INFO - Processing file /home/airflow/.local/lib/python3.12/site-packages/airflow/example_dags/example_external_task_marker_dag.py for tasks to queue
[2025-02-01T20:34:34.538+0000] {logging_mixin.py:190} INFO - [2025-02-01T20:34:34.538+0000] {dagbag.py:588} INFO - Filling up the DagBag from /home/airflow/.local/lib/python3.12/site-packages/airflow/example_dags/example_external_task_marker_dag.py
[2025-02-01T20:34:34.543+0000] {processor.py:925} INFO - DAG(s) 'example_external_task_marker_child', 'example_external_task_marker_parent' retrieved from /home/airflow/.local/lib/python3.12/site-packages/airflow/example_dags/example_external_task_marker_dag.py
[2025-02-01T20:34:34.558+0000] {logging_mixin.py:190} INFO - [2025-02-01T20:34:34.558+0000] {dag.py:3239} INFO - Sync 2 DAGs
[2025-02-01T20:34:34.569+0000] {logging_mixin.py:190} INFO - [2025-02-01T20:34:34.569+0000] {dag.py:4180} INFO - Setting next_dagrun for example_external_task_marker_child to None, run_after=None
[2025-02-01T20:34:34.572+0000] {logging_mixin.py:190} INFO - [2025-02-01T20:34:34.572+0000] {dag.py:4180} INFO - Setting next_dagrun for example_external_task_marker_parent to None, run_after=None
[2025-02-01T20:34:34.583+0000] {processor.py:208} INFO - Processing /home/airflow/.local/lib/python3.12/site-packages/airflow/example_dags/example_external_task_marker_dag.py took 0.051 seconds
[2025-02-01T20:35:05.142+0000] {processor.py:186} INFO - Started process (PID=1066) to work on /home/airflow/.local/lib/python3.12/site-packages/airflow/example_dags/example_external_task_marker_dag.py
[2025-02-01T20:35:05.142+0000] {processor.py:914} INFO - Processing file /home/airflow/.local/lib/python3.12/site-packages/airflow/example_dags/example_external_task_marker_dag.py for tasks to queue
[2025-02-01T20:35:05.145+0000] {logging_mixin.py:190} INFO - [2025-02-01T20:35:05.144+0000] {dagbag.py:588} INFO - Filling up the DagBag from /home/airflow/.local/lib/python3.12/site-packages/airflow/example_dags/example_external_task_marker_dag.py
[2025-02-01T20:35:05.154+0000] {processor.py:925} INFO - DAG(s) 'example_external_task_marker_child', 'example_external_task_marker_parent' retrieved from /home/airflow/.local/lib/python3.12/site-packages/airflow/example_dags/example_external_task_marker_dag.py
[2025-02-01T20:35:05.180+0000] {logging_mixin.py:190} INFO - [2025-02-01T20:35:05.180+0000] {dag.py:3239} INFO - Sync 2 DAGs
[2025-02-01T20:35:05.201+0000] {logging_mixin.py:190} INFO - [2025-02-01T20:35:05.200+0000] {dag.py:4180} INFO - Setting next_dagrun for example_external_task_marker_child to None, run_after=None
[2025-02-01T20:35:05.206+0000] {logging_mixin.py:190} INFO - [2025-02-01T20:35:05.205+0000] {dag.py:4180} INFO - Setting next_dagrun for example_external_task_marker_parent to None, run_after=None
[2025-02-01T20:35:05.225+0000] {processor.py:208} INFO - Processing /home/airflow/.local/lib/python3.12/site-packages/airflow/example_dags/example_external_task_marker_dag.py took 0.090 seconds
[2025-02-01T20:38:46.765+0000] {processor.py:186} INFO - Started process (PID=196) to work on /home/airflow/.local/lib/python3.12/site-packages/airflow/example_dags/example_external_task_marker_dag.py
[2025-02-01T20:38:46.766+0000] {processor.py:914} INFO - Processing file /home/airflow/.local/lib/python3.12/site-packages/airflow/example_dags/example_external_task_marker_dag.py for tasks to queue
[2025-02-01T20:38:46.768+0000] {logging_mixin.py:190} INFO - [2025-02-01T20:38:46.767+0000] {dagbag.py:588} INFO - Filling up the DagBag from /home/airflow/.local/lib/python3.12/site-packages/airflow/example_dags/example_external_task_marker_dag.py
[2025-02-01T20:38:46.774+0000] {processor.py:925} INFO - DAG(s) 'example_external_task_marker_parent', 'example_external_task_marker_child' retrieved from /home/airflow/.local/lib/python3.12/site-packages/airflow/example_dags/example_external_task_marker_dag.py
[2025-02-01T20:38:46.794+0000] {logging_mixin.py:190} INFO - [2025-02-01T20:38:46.793+0000] {dag.py:3239} INFO - Sync 2 DAGs
[2025-02-01T20:38:46.808+0000] {logging_mixin.py:190} INFO - [2025-02-01T20:38:46.807+0000] {dag.py:4180} INFO - Setting next_dagrun for example_external_task_marker_child to None, run_after=None
[2025-02-01T20:38:46.811+0000] {logging_mixin.py:190} INFO - [2025-02-01T20:38:46.811+0000] {dag.py:4180} INFO - Setting next_dagrun for example_external_task_marker_parent to None, run_after=None
[2025-02-01T20:38:46.824+0000] {processor.py:208} INFO - Processing /home/airflow/.local/lib/python3.12/site-packages/airflow/example_dags/example_external_task_marker_dag.py took 0.062 seconds
[2025-02-01T20:39:17.533+0000] {processor.py:186} INFO - Started process (PID=487) to work on /home/airflow/.local/lib/python3.12/site-packages/airflow/example_dags/example_external_task_marker_dag.py
[2025-02-01T20:39:17.533+0000] {processor.py:914} INFO - Processing file /home/airflow/.local/lib/python3.12/site-packages/airflow/example_dags/example_external_task_marker_dag.py for tasks to queue
[2025-02-01T20:39:17.535+0000] {logging_mixin.py:190} INFO - [2025-02-01T20:39:17.535+0000] {dagbag.py:588} INFO - Filling up the DagBag from /home/airflow/.local/lib/python3.12/site-packages/airflow/example_dags/example_external_task_marker_dag.py
[2025-02-01T20:39:17.540+0000] {processor.py:925} INFO - DAG(s) 'example_external_task_marker_parent', 'example_external_task_marker_child' retrieved from /home/airflow/.local/lib/python3.12/site-packages/airflow/example_dags/example_external_task_marker_dag.py
[2025-02-01T20:39:17.557+0000] {logging_mixin.py:190} INFO - [2025-02-01T20:39:17.557+0000] {dag.py:3239} INFO - Sync 2 DAGs
[2025-02-01T20:39:17.570+0000] {logging_mixin.py:190} INFO - [2025-02-01T20:39:17.570+0000] {dag.py:4180} INFO - Setting next_dagrun for example_external_task_marker_child to None, run_after=None
[2025-02-01T20:39:17.574+0000] {logging_mixin.py:190} INFO - [2025-02-01T20:39:17.573+0000] {dag.py:4180} INFO - Setting next_dagrun for example_external_task_marker_parent to None, run_after=None
[2025-02-01T20:39:17.588+0000] {processor.py:208} INFO - Processing /home/airflow/.local/lib/python3.12/site-packages/airflow/example_dags/example_external_task_marker_dag.py took 0.059 seconds
[2025-02-01T20:39:47.668+0000] {processor.py:186} INFO - Started process (PID=775) to work on /home/airflow/.local/lib/python3.12/site-packages/airflow/example_dags/example_external_task_marker_dag.py
[2025-02-01T20:39:47.669+0000] {processor.py:914} INFO - Processing file /home/airflow/.local/lib/python3.12/site-packages/airflow/example_dags/example_external_task_marker_dag.py for tasks to queue
[2025-02-01T20:39:47.670+0000] {logging_mixin.py:190} INFO - [2025-02-01T20:39:47.670+0000] {dagbag.py:588} INFO - Filling up the DagBag from /home/airflow/.local/lib/python3.12/site-packages/airflow/example_dags/example_external_task_marker_dag.py
[2025-02-01T20:39:47.676+0000] {processor.py:925} INFO - DAG(s) 'example_external_task_marker_parent', 'example_external_task_marker_child' retrieved from /home/airflow/.local/lib/python3.12/site-packages/airflow/example_dags/example_external_task_marker_dag.py
[2025-02-01T20:39:47.692+0000] {logging_mixin.py:190} INFO - [2025-02-01T20:39:47.692+0000] {dag.py:3239} INFO - Sync 2 DAGs
[2025-02-01T20:39:47.703+0000] {logging_mixin.py:190} INFO - [2025-02-01T20:39:47.703+0000] {dag.py:4180} INFO - Setting next_dagrun for example_external_task_marker_child to None, run_after=None
[2025-02-01T20:39:47.706+0000] {logging_mixin.py:190} INFO - [2025-02-01T20:39:47.706+0000] {dag.py:4180} INFO - Setting next_dagrun for example_external_task_marker_parent to None, run_after=None
[2025-02-01T20:39:47.718+0000] {processor.py:208} INFO - Processing /home/airflow/.local/lib/python3.12/site-packages/airflow/example_dags/example_external_task_marker_dag.py took 0.054 seconds
[2025-02-01T20:40:17.811+0000] {processor.py:186} INFO - Started process (PID=1064) to work on /home/airflow/.local/lib/python3.12/site-packages/airflow/example_dags/example_external_task_marker_dag.py
[2025-02-01T20:40:17.812+0000] {processor.py:914} INFO - Processing file /home/airflow/.local/lib/python3.12/site-packages/airflow/example_dags/example_external_task_marker_dag.py for tasks to queue
[2025-02-01T20:40:17.814+0000] {logging_mixin.py:190} INFO - [2025-02-01T20:40:17.814+0000] {dagbag.py:588} INFO - Filling up the DagBag from /home/airflow/.local/lib/python3.12/site-packages/airflow/example_dags/example_external_task_marker_dag.py
[2025-02-01T20:40:17.819+0000] {processor.py:925} INFO - DAG(s) 'example_external_task_marker_child', 'example_external_task_marker_parent' retrieved from /home/airflow/.local/lib/python3.12/site-packages/airflow/example_dags/example_external_task_marker_dag.py
[2025-02-01T20:40:17.835+0000] {logging_mixin.py:190} INFO - [2025-02-01T20:40:17.835+0000] {dag.py:3239} INFO - Sync 2 DAGs
[2025-02-01T20:40:17.845+0000] {logging_mixin.py:190} INFO - [2025-02-01T20:40:17.845+0000] {dag.py:4180} INFO - Setting next_dagrun for example_external_task_marker_child to None, run_after=None
[2025-02-01T20:40:17.848+0000] {logging_mixin.py:190} INFO - [2025-02-01T20:40:17.848+0000] {dag.py:4180} INFO - Setting next_dagrun for example_external_task_marker_parent to None, run_after=None
[2025-02-01T20:40:17.859+0000] {processor.py:208} INFO - Processing /home/airflow/.local/lib/python3.12/site-packages/airflow/example_dags/example_external_task_marker_dag.py took 0.052 seconds
[2025-02-01T20:40:48.093+0000] {processor.py:186} INFO - Started process (PID=1355) to work on /home/airflow/.local/lib/python3.12/site-packages/airflow/example_dags/example_external_task_marker_dag.py
[2025-02-01T20:40:48.094+0000] {processor.py:914} INFO - Processing file /home/airflow/.local/lib/python3.12/site-packages/airflow/example_dags/example_external_task_marker_dag.py for tasks to queue
[2025-02-01T20:40:48.095+0000] {logging_mixin.py:190} INFO - [2025-02-01T20:40:48.095+0000] {dagbag.py:588} INFO - Filling up the DagBag from /home/airflow/.local/lib/python3.12/site-packages/airflow/example_dags/example_external_task_marker_dag.py
[2025-02-01T20:40:48.101+0000] {processor.py:925} INFO - DAG(s) 'example_external_task_marker_parent', 'example_external_task_marker_child' retrieved from /home/airflow/.local/lib/python3.12/site-packages/airflow/example_dags/example_external_task_marker_dag.py
[2025-02-01T20:40:48.118+0000] {logging_mixin.py:190} INFO - [2025-02-01T20:40:48.118+0000] {dag.py:3239} INFO - Sync 2 DAGs
[2025-02-01T20:40:48.129+0000] {logging_mixin.py:190} INFO - [2025-02-01T20:40:48.129+0000] {dag.py:4180} INFO - Setting next_dagrun for example_external_task_marker_child to None, run_after=None
[2025-02-01T20:40:48.132+0000] {logging_mixin.py:190} INFO - [2025-02-01T20:40:48.132+0000] {dag.py:4180} INFO - Setting next_dagrun for example_external_task_marker_parent to None, run_after=None
[2025-02-01T20:40:48.144+0000] {processor.py:208} INFO - Processing /home/airflow/.local/lib/python3.12/site-packages/airflow/example_dags/example_external_task_marker_dag.py took 0.055 seconds
[2025-02-01T20:41:18.741+0000] {processor.py:186} INFO - Started process (PID=1646) to work on /home/airflow/.local/lib/python3.12/site-packages/airflow/example_dags/example_external_task_marker_dag.py
[2025-02-01T20:41:18.742+0000] {processor.py:914} INFO - Processing file /home/airflow/.local/lib/python3.12/site-packages/airflow/example_dags/example_external_task_marker_dag.py for tasks to queue
[2025-02-01T20:41:18.743+0000] {logging_mixin.py:190} INFO - [2025-02-01T20:41:18.743+0000] {dagbag.py:588} INFO - Filling up the DagBag from /home/airflow/.local/lib/python3.12/site-packages/airflow/example_dags/example_external_task_marker_dag.py
[2025-02-01T20:41:18.749+0000] {processor.py:925} INFO - DAG(s) 'example_external_task_marker_parent', 'example_external_task_marker_child' retrieved from /home/airflow/.local/lib/python3.12/site-packages/airflow/example_dags/example_external_task_marker_dag.py
[2025-02-01T20:41:18.766+0000] {logging_mixin.py:190} INFO - [2025-02-01T20:41:18.766+0000] {dag.py:3239} INFO - Sync 2 DAGs
[2025-02-01T20:41:18.777+0000] {logging_mixin.py:190} INFO - [2025-02-01T20:41:18.776+0000] {dag.py:4180} INFO - Setting next_dagrun for example_external_task_marker_child to None, run_after=None
[2025-02-01T20:41:18.780+0000] {logging_mixin.py:190} INFO - [2025-02-01T20:41:18.779+0000] {dag.py:4180} INFO - Setting next_dagrun for example_external_task_marker_parent to None, run_after=None
[2025-02-01T20:41:18.791+0000] {processor.py:208} INFO - Processing /home/airflow/.local/lib/python3.12/site-packages/airflow/example_dags/example_external_task_marker_dag.py took 0.054 seconds
[2025-02-01T20:41:49.744+0000] {processor.py:186} INFO - Started process (PID=1937) to work on /home/airflow/.local/lib/python3.12/site-packages/airflow/example_dags/example_external_task_marker_dag.py
[2025-02-01T20:41:49.745+0000] {processor.py:914} INFO - Processing file /home/airflow/.local/lib/python3.12/site-packages/airflow/example_dags/example_external_task_marker_dag.py for tasks to queue
[2025-02-01T20:41:49.747+0000] {logging_mixin.py:190} INFO - [2025-02-01T20:41:49.746+0000] {dagbag.py:588} INFO - Filling up the DagBag from /home/airflow/.local/lib/python3.12/site-packages/airflow/example_dags/example_external_task_marker_dag.py
[2025-02-01T20:41:49.753+0000] {processor.py:925} INFO - DAG(s) 'example_external_task_marker_parent', 'example_external_task_marker_child' retrieved from /home/airflow/.local/lib/python3.12/site-packages/airflow/example_dags/example_external_task_marker_dag.py
[2025-02-01T20:41:49.771+0000] {logging_mixin.py:190} INFO - [2025-02-01T20:41:49.771+0000] {dag.py:3239} INFO - Sync 2 DAGs
[2025-02-01T20:41:49.783+0000] {logging_mixin.py:190} INFO - [2025-02-01T20:41:49.783+0000] {dag.py:4180} INFO - Setting next_dagrun for example_external_task_marker_child to None, run_after=None
[2025-02-01T20:41:49.787+0000] {logging_mixin.py:190} INFO - [2025-02-01T20:41:49.787+0000] {dag.py:4180} INFO - Setting next_dagrun for example_external_task_marker_parent to None, run_after=None
[2025-02-01T20:41:49.801+0000] {processor.py:208} INFO - Processing /home/airflow/.local/lib/python3.12/site-packages/airflow/example_dags/example_external_task_marker_dag.py took 0.062 seconds
[2025-02-01T20:42:20.706+0000] {processor.py:186} INFO - Started process (PID=2228) to work on /home/airflow/.local/lib/python3.12/site-packages/airflow/example_dags/example_external_task_marker_dag.py
[2025-02-01T20:42:20.707+0000] {processor.py:914} INFO - Processing file /home/airflow/.local/lib/python3.12/site-packages/airflow/example_dags/example_external_task_marker_dag.py for tasks to queue
[2025-02-01T20:42:20.710+0000] {logging_mixin.py:190} INFO - [2025-02-01T20:42:20.709+0000] {dagbag.py:588} INFO - Filling up the DagBag from /home/airflow/.local/lib/python3.12/site-packages/airflow/example_dags/example_external_task_marker_dag.py
[2025-02-01T20:42:20.716+0000] {processor.py:925} INFO - DAG(s) 'example_external_task_marker_parent', 'example_external_task_marker_child' retrieved from /home/airflow/.local/lib/python3.12/site-packages/airflow/example_dags/example_external_task_marker_dag.py
[2025-02-01T20:42:20.735+0000] {logging_mixin.py:190} INFO - [2025-02-01T20:42:20.735+0000] {dag.py:3239} INFO - Sync 2 DAGs
[2025-02-01T20:42:20.748+0000] {logging_mixin.py:190} INFO - [2025-02-01T20:42:20.747+0000] {dag.py:4180} INFO - Setting next_dagrun for example_external_task_marker_child to None, run_after=None
[2025-02-01T20:42:20.751+0000] {logging_mixin.py:190} INFO - [2025-02-01T20:42:20.751+0000] {dag.py:4180} INFO - Setting next_dagrun for example_external_task_marker_parent to None, run_after=None
[2025-02-01T20:42:20.764+0000] {processor.py:208} INFO - Processing /home/airflow/.local/lib/python3.12/site-packages/airflow/example_dags/example_external_task_marker_dag.py took 0.062 seconds
[2025-02-01T20:42:51.000+0000] {processor.py:186} INFO - Started process (PID=2519) to work on /home/airflow/.local/lib/python3.12/site-packages/airflow/example_dags/example_external_task_marker_dag.py
[2025-02-01T20:42:51.001+0000] {processor.py:914} INFO - Processing file /home/airflow/.local/lib/python3.12/site-packages/airflow/example_dags/example_external_task_marker_dag.py for tasks to queue
[2025-02-01T20:42:51.003+0000] {logging_mixin.py:190} INFO - [2025-02-01T20:42:51.003+0000] {dagbag.py:588} INFO - Filling up the DagBag from /home/airflow/.local/lib/python3.12/site-packages/airflow/example_dags/example_external_task_marker_dag.py
[2025-02-01T20:42:51.009+0000] {processor.py:925} INFO - DAG(s) 'example_external_task_marker_parent', 'example_external_task_marker_child' retrieved from /home/airflow/.local/lib/python3.12/site-packages/airflow/example_dags/example_external_task_marker_dag.py
[2025-02-01T20:42:51.029+0000] {logging_mixin.py:190} INFO - [2025-02-01T20:42:51.028+0000] {dag.py:3239} INFO - Sync 2 DAGs
[2025-02-01T20:42:51.041+0000] {logging_mixin.py:190} INFO - [2025-02-01T20:42:51.041+0000] {dag.py:4180} INFO - Setting next_dagrun for example_external_task_marker_child to None, run_after=None
[2025-02-01T20:42:51.045+0000] {logging_mixin.py:190} INFO - [2025-02-01T20:42:51.045+0000] {dag.py:4180} INFO - Setting next_dagrun for example_external_task_marker_parent to None, run_after=None
[2025-02-01T20:42:51.061+0000] {processor.py:208} INFO - Processing /home/airflow/.local/lib/python3.12/site-packages/airflow/example_dags/example_external_task_marker_dag.py took 0.066 seconds
[2025-02-01T20:43:21.688+0000] {processor.py:186} INFO - Started process (PID=2810) to work on /home/airflow/.local/lib/python3.12/site-packages/airflow/example_dags/example_external_task_marker_dag.py
[2025-02-01T20:43:21.689+0000] {processor.py:914} INFO - Processing file /home/airflow/.local/lib/python3.12/site-packages/airflow/example_dags/example_external_task_marker_dag.py for tasks to queue
[2025-02-01T20:43:21.690+0000] {logging_mixin.py:190} INFO - [2025-02-01T20:43:21.690+0000] {dagbag.py:588} INFO - Filling up the DagBag from /home/airflow/.local/lib/python3.12/site-packages/airflow/example_dags/example_external_task_marker_dag.py
[2025-02-01T20:43:21.697+0000] {processor.py:925} INFO - DAG(s) 'example_external_task_marker_parent', 'example_external_task_marker_child' retrieved from /home/airflow/.local/lib/python3.12/site-packages/airflow/example_dags/example_external_task_marker_dag.py
[2025-02-01T20:43:21.717+0000] {logging_mixin.py:190} INFO - [2025-02-01T20:43:21.716+0000] {dag.py:3239} INFO - Sync 2 DAGs
[2025-02-01T20:43:21.731+0000] {logging_mixin.py:190} INFO - [2025-02-01T20:43:21.731+0000] {dag.py:4180} INFO - Setting next_dagrun for example_external_task_marker_child to None, run_after=None
[2025-02-01T20:43:21.734+0000] {logging_mixin.py:190} INFO - [2025-02-01T20:43:21.734+0000] {dag.py:4180} INFO - Setting next_dagrun for example_external_task_marker_parent to None, run_after=None
[2025-02-01T20:43:21.749+0000] {processor.py:208} INFO - Processing /home/airflow/.local/lib/python3.12/site-packages/airflow/example_dags/example_external_task_marker_dag.py took 0.066 seconds
[2025-02-01T20:43:52.077+0000] {processor.py:186} INFO - Started process (PID=3101) to work on /home/airflow/.local/lib/python3.12/site-packages/airflow/example_dags/example_external_task_marker_dag.py
[2025-02-01T20:43:52.078+0000] {processor.py:914} INFO - Processing file /home/airflow/.local/lib/python3.12/site-packages/airflow/example_dags/example_external_task_marker_dag.py for tasks to queue
[2025-02-01T20:43:52.080+0000] {logging_mixin.py:190} INFO - [2025-02-01T20:43:52.080+0000] {dagbag.py:588} INFO - Filling up the DagBag from /home/airflow/.local/lib/python3.12/site-packages/airflow/example_dags/example_external_task_marker_dag.py
[2025-02-01T20:43:52.086+0000] {processor.py:925} INFO - DAG(s) 'example_external_task_marker_child', 'example_external_task_marker_parent' retrieved from /home/airflow/.local/lib/python3.12/site-packages/airflow/example_dags/example_external_task_marker_dag.py
[2025-02-01T20:43:52.108+0000] {logging_mixin.py:190} INFO - [2025-02-01T20:43:52.108+0000] {dag.py:3239} INFO - Sync 2 DAGs
[2025-02-01T20:43:52.122+0000] {logging_mixin.py:190} INFO - [2025-02-01T20:43:52.122+0000] {dag.py:4180} INFO - Setting next_dagrun for example_external_task_marker_child to None, run_after=None
[2025-02-01T20:43:52.126+0000] {logging_mixin.py:190} INFO - [2025-02-01T20:43:52.126+0000] {dag.py:4180} INFO - Setting next_dagrun for example_external_task_marker_parent to None, run_after=None
[2025-02-01T20:43:52.140+0000] {processor.py:208} INFO - Processing /home/airflow/.local/lib/python3.12/site-packages/airflow/example_dags/example_external_task_marker_dag.py took 0.068 seconds
[2025-02-01T20:44:22.621+0000] {processor.py:186} INFO - Started process (PID=3394) to work on /home/airflow/.local/lib/python3.12/site-packages/airflow/example_dags/example_external_task_marker_dag.py
[2025-02-01T20:44:22.622+0000] {processor.py:914} INFO - Processing file /home/airflow/.local/lib/python3.12/site-packages/airflow/example_dags/example_external_task_marker_dag.py for tasks to queue
[2025-02-01T20:44:22.624+0000] {logging_mixin.py:190} INFO - [2025-02-01T20:44:22.623+0000] {dagbag.py:588} INFO - Filling up the DagBag from /home/airflow/.local/lib/python3.12/site-packages/airflow/example_dags/example_external_task_marker_dag.py
[2025-02-01T20:44:22.629+0000] {processor.py:925} INFO - DAG(s) 'example_external_task_marker_child', 'example_external_task_marker_parent' retrieved from /home/airflow/.local/lib/python3.12/site-packages/airflow/example_dags/example_external_task_marker_dag.py
[2025-02-01T20:44:22.646+0000] {logging_mixin.py:190} INFO - [2025-02-01T20:44:22.645+0000] {dag.py:3239} INFO - Sync 2 DAGs
[2025-02-01T20:44:22.656+0000] {logging_mixin.py:190} INFO - [2025-02-01T20:44:22.656+0000] {dag.py:4180} INFO - Setting next_dagrun for example_external_task_marker_child to None, run_after=None
[2025-02-01T20:44:22.659+0000] {logging_mixin.py:190} INFO - [2025-02-01T20:44:22.659+0000] {dag.py:4180} INFO - Setting next_dagrun for example_external_task_marker_parent to None, run_after=None
[2025-02-01T20:44:22.670+0000] {processor.py:208} INFO - Processing /home/airflow/.local/lib/python3.12/site-packages/airflow/example_dags/example_external_task_marker_dag.py took 0.053 seconds
[2025-02-01T20:44:52.960+0000] {processor.py:186} INFO - Started process (PID=3683) to work on /home/airflow/.local/lib/python3.12/site-packages/airflow/example_dags/example_external_task_marker_dag.py
[2025-02-01T20:44:52.961+0000] {processor.py:914} INFO - Processing file /home/airflow/.local/lib/python3.12/site-packages/airflow/example_dags/example_external_task_marker_dag.py for tasks to queue
[2025-02-01T20:44:52.963+0000] {logging_mixin.py:190} INFO - [2025-02-01T20:44:52.963+0000] {dagbag.py:588} INFO - Filling up the DagBag from /home/airflow/.local/lib/python3.12/site-packages/airflow/example_dags/example_external_task_marker_dag.py
[2025-02-01T20:44:52.970+0000] {processor.py:925} INFO - DAG(s) 'example_external_task_marker_parent', 'example_external_task_marker_child' retrieved from /home/airflow/.local/lib/python3.12/site-packages/airflow/example_dags/example_external_task_marker_dag.py
[2025-02-01T20:44:52.989+0000] {logging_mixin.py:190} INFO - [2025-02-01T20:44:52.989+0000] {dag.py:3239} INFO - Sync 2 DAGs
[2025-02-01T20:44:53.002+0000] {logging_mixin.py:190} INFO - [2025-02-01T20:44:53.002+0000] {dag.py:4180} INFO - Setting next_dagrun for example_external_task_marker_child to None, run_after=None
[2025-02-01T20:44:53.007+0000] {logging_mixin.py:190} INFO - [2025-02-01T20:44:53.007+0000] {dag.py:4180} INFO - Setting next_dagrun for example_external_task_marker_parent to None, run_after=None
[2025-02-01T20:44:53.021+0000] {processor.py:208} INFO - Processing /home/airflow/.local/lib/python3.12/site-packages/airflow/example_dags/example_external_task_marker_dag.py took 0.065 seconds
