[2025-02-01T20:33:34.312+0000] {processor.py:186} INFO - Started process (PID=221) to work on /home/airflow/.local/lib/python3.12/site-packages/airflow/example_dags/example_setup_teardown.py
[2025-02-01T20:33:34.313+0000] {processor.py:914} INFO - Processing file /home/airflow/.local/lib/python3.12/site-packages/airflow/example_dags/example_setup_teardown.py for tasks to queue
[2025-02-01T20:33:34.315+0000] {logging_mixin.py:190} INFO - [2025-02-01T20:33:34.315+0000] {dagbag.py:588} INFO - Filling up the DagBag from /home/airflow/.local/lib/python3.12/site-packages/airflow/example_dags/example_setup_teardown.py
[2025-02-01T20:33:34.323+0000] {processor.py:925} INFO - DAG(s) 'example_setup_teardown' retrieved from /home/airflow/.local/lib/python3.12/site-packages/airflow/example_dags/example_setup_teardown.py
[2025-02-01T20:33:34.502+0000] {logging_mixin.py:190} INFO - [2025-02-01T20:33:34.502+0000] {override.py:1911} INFO - Created Permission View: can read on DAG:example_setup_teardown
[2025-02-01T20:33:34.510+0000] {logging_mixin.py:190} INFO - [2025-02-01T20:33:34.510+0000] {override.py:1911} INFO - Created Permission View: can delete on DAG:example_setup_teardown
[2025-02-01T20:33:34.516+0000] {logging_mixin.py:190} INFO - [2025-02-01T20:33:34.516+0000] {override.py:1911} INFO - Created Permission View: can edit on DAG:example_setup_teardown
[2025-02-01T20:33:34.523+0000] {logging_mixin.py:190} INFO - [2025-02-01T20:33:34.523+0000] {override.py:1911} INFO - Created Permission View: can read on DAG Run:example_setup_teardown
[2025-02-01T20:33:34.529+0000] {logging_mixin.py:190} INFO - [2025-02-01T20:33:34.529+0000] {override.py:1911} INFO - Created Permission View: menu access on DAG Run:example_setup_teardown
[2025-02-01T20:33:34.536+0000] {logging_mixin.py:190} INFO - [2025-02-01T20:33:34.536+0000] {override.py:1911} INFO - Created Permission View: can create on DAG Run:example_setup_teardown
[2025-02-01T20:33:34.542+0000] {logging_mixin.py:190} INFO - [2025-02-01T20:33:34.542+0000] {override.py:1911} INFO - Created Permission View: can delete on DAG Run:example_setup_teardown
[2025-02-01T20:33:34.542+0000] {logging_mixin.py:190} INFO - [2025-02-01T20:33:34.542+0000] {dag.py:3239} INFO - Sync 1 DAGs
[2025-02-01T20:33:34.553+0000] {logging_mixin.py:190} INFO - [2025-02-01T20:33:34.553+0000] {dag.py:3262} INFO - Creating ORM DAG for example_setup_teardown
[2025-02-01T20:33:34.554+0000] {logging_mixin.py:190} INFO - [2025-02-01T20:33:34.554+0000] {dag.py:4180} INFO - Setting next_dagrun for example_setup_teardown to None, run_after=None
[2025-02-01T20:33:34.568+0000] {processor.py:208} INFO - Processing /home/airflow/.local/lib/python3.12/site-packages/airflow/example_dags/example_setup_teardown.py took 0.261 seconds
[2025-02-01T20:34:05.430+0000] {processor.py:186} INFO - Started process (PID=512) to work on /home/airflow/.local/lib/python3.12/site-packages/airflow/example_dags/example_setup_teardown.py
[2025-02-01T20:34:05.431+0000] {processor.py:914} INFO - Processing file /home/airflow/.local/lib/python3.12/site-packages/airflow/example_dags/example_setup_teardown.py for tasks to queue
[2025-02-01T20:34:05.433+0000] {logging_mixin.py:190} INFO - [2025-02-01T20:34:05.433+0000] {dagbag.py:588} INFO - Filling up the DagBag from /home/airflow/.local/lib/python3.12/site-packages/airflow/example_dags/example_setup_teardown.py
[2025-02-01T20:34:05.439+0000] {processor.py:925} INFO - DAG(s) 'example_setup_teardown' retrieved from /home/airflow/.local/lib/python3.12/site-packages/airflow/example_dags/example_setup_teardown.py
[2025-02-01T20:34:05.455+0000] {logging_mixin.py:190} INFO - [2025-02-01T20:34:05.455+0000] {dag.py:3239} INFO - Sync 1 DAGs
[2025-02-01T20:34:05.467+0000] {logging_mixin.py:190} INFO - [2025-02-01T20:34:05.467+0000] {dag.py:4180} INFO - Setting next_dagrun for example_setup_teardown to None, run_after=None
[2025-02-01T20:34:05.481+0000] {processor.py:208} INFO - Processing /home/airflow/.local/lib/python3.12/site-packages/airflow/example_dags/example_setup_teardown.py took 0.055 seconds
[2025-02-01T20:34:36.532+0000] {processor.py:186} INFO - Started process (PID=803) to work on /home/airflow/.local/lib/python3.12/site-packages/airflow/example_dags/example_setup_teardown.py
[2025-02-01T20:34:36.533+0000] {processor.py:914} INFO - Processing file /home/airflow/.local/lib/python3.12/site-packages/airflow/example_dags/example_setup_teardown.py for tasks to queue
[2025-02-01T20:34:36.535+0000] {logging_mixin.py:190} INFO - [2025-02-01T20:34:36.535+0000] {dagbag.py:588} INFO - Filling up the DagBag from /home/airflow/.local/lib/python3.12/site-packages/airflow/example_dags/example_setup_teardown.py
[2025-02-01T20:34:36.542+0000] {processor.py:925} INFO - DAG(s) 'example_setup_teardown' retrieved from /home/airflow/.local/lib/python3.12/site-packages/airflow/example_dags/example_setup_teardown.py
[2025-02-01T20:34:36.562+0000] {logging_mixin.py:190} INFO - [2025-02-01T20:34:36.562+0000] {dag.py:3239} INFO - Sync 1 DAGs
[2025-02-01T20:34:36.576+0000] {logging_mixin.py:190} INFO - [2025-02-01T20:34:36.576+0000] {dag.py:4180} INFO - Setting next_dagrun for example_setup_teardown to None, run_after=None
[2025-02-01T20:34:36.594+0000] {processor.py:208} INFO - Processing /home/airflow/.local/lib/python3.12/site-packages/airflow/example_dags/example_setup_teardown.py took 0.068 seconds
[2025-02-01T20:35:07.316+0000] {processor.py:186} INFO - Started process (PID=1094) to work on /home/airflow/.local/lib/python3.12/site-packages/airflow/example_dags/example_setup_teardown.py
[2025-02-01T20:35:07.317+0000] {processor.py:914} INFO - Processing file /home/airflow/.local/lib/python3.12/site-packages/airflow/example_dags/example_setup_teardown.py for tasks to queue
[2025-02-01T20:35:07.319+0000] {logging_mixin.py:190} INFO - [2025-02-01T20:35:07.318+0000] {dagbag.py:588} INFO - Filling up the DagBag from /home/airflow/.local/lib/python3.12/site-packages/airflow/example_dags/example_setup_teardown.py
[2025-02-01T20:35:07.324+0000] {processor.py:925} INFO - DAG(s) 'example_setup_teardown' retrieved from /home/airflow/.local/lib/python3.12/site-packages/airflow/example_dags/example_setup_teardown.py
[2025-02-01T20:35:07.340+0000] {logging_mixin.py:190} INFO - [2025-02-01T20:35:07.340+0000] {dag.py:3239} INFO - Sync 1 DAGs
[2025-02-01T20:35:07.351+0000] {logging_mixin.py:190} INFO - [2025-02-01T20:35:07.351+0000] {dag.py:4180} INFO - Setting next_dagrun for example_setup_teardown to None, run_after=None
[2025-02-01T20:35:07.367+0000] {processor.py:208} INFO - Processing /home/airflow/.local/lib/python3.12/site-packages/airflow/example_dags/example_setup_teardown.py took 0.055 seconds
[2025-02-01T20:38:47.406+0000] {processor.py:186} INFO - Started process (PID=221) to work on /home/airflow/.local/lib/python3.12/site-packages/airflow/example_dags/example_setup_teardown.py
[2025-02-01T20:38:47.407+0000] {processor.py:914} INFO - Processing file /home/airflow/.local/lib/python3.12/site-packages/airflow/example_dags/example_setup_teardown.py for tasks to queue
[2025-02-01T20:38:47.409+0000] {logging_mixin.py:190} INFO - [2025-02-01T20:38:47.408+0000] {dagbag.py:588} INFO - Filling up the DagBag from /home/airflow/.local/lib/python3.12/site-packages/airflow/example_dags/example_setup_teardown.py
[2025-02-01T20:38:47.415+0000] {processor.py:925} INFO - DAG(s) 'example_setup_teardown' retrieved from /home/airflow/.local/lib/python3.12/site-packages/airflow/example_dags/example_setup_teardown.py
[2025-02-01T20:38:47.432+0000] {logging_mixin.py:190} INFO - [2025-02-01T20:38:47.432+0000] {dag.py:3239} INFO - Sync 1 DAGs
[2025-02-01T20:38:47.446+0000] {logging_mixin.py:190} INFO - [2025-02-01T20:38:47.446+0000] {dag.py:4180} INFO - Setting next_dagrun for example_setup_teardown to None, run_after=None
[2025-02-01T20:38:47.462+0000] {processor.py:208} INFO - Processing /home/airflow/.local/lib/python3.12/site-packages/airflow/example_dags/example_setup_teardown.py took 0.061 seconds
[2025-02-01T20:39:18.045+0000] {processor.py:186} INFO - Started process (PID=512) to work on /home/airflow/.local/lib/python3.12/site-packages/airflow/example_dags/example_setup_teardown.py
[2025-02-01T20:39:18.046+0000] {processor.py:914} INFO - Processing file /home/airflow/.local/lib/python3.12/site-packages/airflow/example_dags/example_setup_teardown.py for tasks to queue
[2025-02-01T20:39:18.047+0000] {logging_mixin.py:190} INFO - [2025-02-01T20:39:18.047+0000] {dagbag.py:588} INFO - Filling up the DagBag from /home/airflow/.local/lib/python3.12/site-packages/airflow/example_dags/example_setup_teardown.py
[2025-02-01T20:39:18.053+0000] {processor.py:925} INFO - DAG(s) 'example_setup_teardown' retrieved from /home/airflow/.local/lib/python3.12/site-packages/airflow/example_dags/example_setup_teardown.py
[2025-02-01T20:39:18.069+0000] {logging_mixin.py:190} INFO - [2025-02-01T20:39:18.068+0000] {dag.py:3239} INFO - Sync 1 DAGs
[2025-02-01T20:39:18.079+0000] {logging_mixin.py:190} INFO - [2025-02-01T20:39:18.079+0000] {dag.py:4180} INFO - Setting next_dagrun for example_setup_teardown to None, run_after=None
[2025-02-01T20:39:18.094+0000] {processor.py:208} INFO - Processing /home/airflow/.local/lib/python3.12/site-packages/airflow/example_dags/example_setup_teardown.py took 0.053 seconds
[2025-02-01T20:39:49.516+0000] {processor.py:186} INFO - Started process (PID=803) to work on /home/airflow/.local/lib/python3.12/site-packages/airflow/example_dags/example_setup_teardown.py
[2025-02-01T20:39:49.517+0000] {processor.py:914} INFO - Processing file /home/airflow/.local/lib/python3.12/site-packages/airflow/example_dags/example_setup_teardown.py for tasks to queue
[2025-02-01T20:39:49.519+0000] {logging_mixin.py:190} INFO - [2025-02-01T20:39:49.519+0000] {dagbag.py:588} INFO - Filling up the DagBag from /home/airflow/.local/lib/python3.12/site-packages/airflow/example_dags/example_setup_teardown.py
[2025-02-01T20:39:49.525+0000] {processor.py:925} INFO - DAG(s) 'example_setup_teardown' retrieved from /home/airflow/.local/lib/python3.12/site-packages/airflow/example_dags/example_setup_teardown.py
[2025-02-01T20:39:49.546+0000] {logging_mixin.py:190} INFO - [2025-02-01T20:39:49.546+0000] {dag.py:3239} INFO - Sync 1 DAGs
[2025-02-01T20:39:49.559+0000] {logging_mixin.py:190} INFO - [2025-02-01T20:39:49.559+0000] {dag.py:4180} INFO - Setting next_dagrun for example_setup_teardown to None, run_after=None
[2025-02-01T20:39:49.576+0000] {processor.py:208} INFO - Processing /home/airflow/.local/lib/python3.12/site-packages/airflow/example_dags/example_setup_teardown.py took 0.065 seconds
[2025-02-01T20:40:20.576+0000] {processor.py:186} INFO - Started process (PID=1094) to work on /home/airflow/.local/lib/python3.12/site-packages/airflow/example_dags/example_setup_teardown.py
[2025-02-01T20:40:20.576+0000] {processor.py:914} INFO - Processing file /home/airflow/.local/lib/python3.12/site-packages/airflow/example_dags/example_setup_teardown.py for tasks to queue
[2025-02-01T20:40:20.578+0000] {logging_mixin.py:190} INFO - [2025-02-01T20:40:20.578+0000] {dagbag.py:588} INFO - Filling up the DagBag from /home/airflow/.local/lib/python3.12/site-packages/airflow/example_dags/example_setup_teardown.py
[2025-02-01T20:40:20.586+0000] {processor.py:925} INFO - DAG(s) 'example_setup_teardown' retrieved from /home/airflow/.local/lib/python3.12/site-packages/airflow/example_dags/example_setup_teardown.py
[2025-02-01T20:40:20.604+0000] {logging_mixin.py:190} INFO - [2025-02-01T20:40:20.604+0000] {dag.py:3239} INFO - Sync 1 DAGs
[2025-02-01T20:40:20.615+0000] {logging_mixin.py:190} INFO - [2025-02-01T20:40:20.615+0000] {dag.py:4180} INFO - Setting next_dagrun for example_setup_teardown to None, run_after=None
[2025-02-01T20:40:20.630+0000] {processor.py:208} INFO - Processing /home/airflow/.local/lib/python3.12/site-packages/airflow/example_dags/example_setup_teardown.py took 0.059 seconds
[2025-02-01T20:40:51.797+0000] {processor.py:186} INFO - Started process (PID=1385) to work on /home/airflow/.local/lib/python3.12/site-packages/airflow/example_dags/example_setup_teardown.py
[2025-02-01T20:40:51.798+0000] {processor.py:914} INFO - Processing file /home/airflow/.local/lib/python3.12/site-packages/airflow/example_dags/example_setup_teardown.py for tasks to queue
[2025-02-01T20:40:51.800+0000] {logging_mixin.py:190} INFO - [2025-02-01T20:40:51.800+0000] {dagbag.py:588} INFO - Filling up the DagBag from /home/airflow/.local/lib/python3.12/site-packages/airflow/example_dags/example_setup_teardown.py
[2025-02-01T20:40:51.806+0000] {processor.py:925} INFO - DAG(s) 'example_setup_teardown' retrieved from /home/airflow/.local/lib/python3.12/site-packages/airflow/example_dags/example_setup_teardown.py
[2025-02-01T20:40:51.823+0000] {logging_mixin.py:190} INFO - [2025-02-01T20:40:51.822+0000] {dag.py:3239} INFO - Sync 1 DAGs
[2025-02-01T20:40:51.835+0000] {logging_mixin.py:190} INFO - [2025-02-01T20:40:51.835+0000] {dag.py:4180} INFO - Setting next_dagrun for example_setup_teardown to None, run_after=None
[2025-02-01T20:40:51.851+0000] {processor.py:208} INFO - Processing /home/airflow/.local/lib/python3.12/site-packages/airflow/example_dags/example_setup_teardown.py took 0.059 seconds
[2025-02-01T20:41:22.495+0000] {processor.py:186} INFO - Started process (PID=1676) to work on /home/airflow/.local/lib/python3.12/site-packages/airflow/example_dags/example_setup_teardown.py
[2025-02-01T20:41:22.496+0000] {processor.py:914} INFO - Processing file /home/airflow/.local/lib/python3.12/site-packages/airflow/example_dags/example_setup_teardown.py for tasks to queue
[2025-02-01T20:41:22.497+0000] {logging_mixin.py:190} INFO - [2025-02-01T20:41:22.497+0000] {dagbag.py:588} INFO - Filling up the DagBag from /home/airflow/.local/lib/python3.12/site-packages/airflow/example_dags/example_setup_teardown.py
[2025-02-01T20:41:22.504+0000] {processor.py:925} INFO - DAG(s) 'example_setup_teardown' retrieved from /home/airflow/.local/lib/python3.12/site-packages/airflow/example_dags/example_setup_teardown.py
[2025-02-01T20:41:22.520+0000] {logging_mixin.py:190} INFO - [2025-02-01T20:41:22.520+0000] {dag.py:3239} INFO - Sync 1 DAGs
[2025-02-01T20:41:22.531+0000] {logging_mixin.py:190} INFO - [2025-02-01T20:41:22.531+0000] {dag.py:4180} INFO - Setting next_dagrun for example_setup_teardown to None, run_after=None
[2025-02-01T20:41:22.545+0000] {processor.py:208} INFO - Processing /home/airflow/.local/lib/python3.12/site-packages/airflow/example_dags/example_setup_teardown.py took 0.054 seconds
[2025-02-01T20:41:53.433+0000] {processor.py:186} INFO - Started process (PID=1967) to work on /home/airflow/.local/lib/python3.12/site-packages/airflow/example_dags/example_setup_teardown.py
[2025-02-01T20:41:53.433+0000] {processor.py:914} INFO - Processing file /home/airflow/.local/lib/python3.12/site-packages/airflow/example_dags/example_setup_teardown.py for tasks to queue
[2025-02-01T20:41:53.435+0000] {logging_mixin.py:190} INFO - [2025-02-01T20:41:53.435+0000] {dagbag.py:588} INFO - Filling up the DagBag from /home/airflow/.local/lib/python3.12/site-packages/airflow/example_dags/example_setup_teardown.py
[2025-02-01T20:41:53.441+0000] {processor.py:925} INFO - DAG(s) 'example_setup_teardown' retrieved from /home/airflow/.local/lib/python3.12/site-packages/airflow/example_dags/example_setup_teardown.py
[2025-02-01T20:41:53.456+0000] {logging_mixin.py:190} INFO - [2025-02-01T20:41:53.456+0000] {dag.py:3239} INFO - Sync 1 DAGs
[2025-02-01T20:41:53.467+0000] {logging_mixin.py:190} INFO - [2025-02-01T20:41:53.467+0000] {dag.py:4180} INFO - Setting next_dagrun for example_setup_teardown to None, run_after=None
[2025-02-01T20:41:53.481+0000] {processor.py:208} INFO - Processing /home/airflow/.local/lib/python3.12/site-packages/airflow/example_dags/example_setup_teardown.py took 0.052 seconds
[2025-02-01T20:42:24.560+0000] {processor.py:186} INFO - Started process (PID=2260) to work on /home/airflow/.local/lib/python3.12/site-packages/airflow/example_dags/example_setup_teardown.py
[2025-02-01T20:42:24.561+0000] {processor.py:914} INFO - Processing file /home/airflow/.local/lib/python3.12/site-packages/airflow/example_dags/example_setup_teardown.py for tasks to queue
[2025-02-01T20:42:24.563+0000] {logging_mixin.py:190} INFO - [2025-02-01T20:42:24.562+0000] {dagbag.py:588} INFO - Filling up the DagBag from /home/airflow/.local/lib/python3.12/site-packages/airflow/example_dags/example_setup_teardown.py
[2025-02-01T20:42:24.569+0000] {processor.py:925} INFO - DAG(s) 'example_setup_teardown' retrieved from /home/airflow/.local/lib/python3.12/site-packages/airflow/example_dags/example_setup_teardown.py
[2025-02-01T20:42:24.585+0000] {logging_mixin.py:190} INFO - [2025-02-01T20:42:24.585+0000] {dag.py:3239} INFO - Sync 1 DAGs
[2025-02-01T20:42:24.597+0000] {logging_mixin.py:190} INFO - [2025-02-01T20:42:24.597+0000] {dag.py:4180} INFO - Setting next_dagrun for example_setup_teardown to None, run_after=None
[2025-02-01T20:42:24.611+0000] {processor.py:208} INFO - Processing /home/airflow/.local/lib/python3.12/site-packages/airflow/example_dags/example_setup_teardown.py took 0.055 seconds
[2025-02-01T20:42:55.718+0000] {processor.py:186} INFO - Started process (PID=2549) to work on /home/airflow/.local/lib/python3.12/site-packages/airflow/example_dags/example_setup_teardown.py
[2025-02-01T20:42:55.719+0000] {processor.py:914} INFO - Processing file /home/airflow/.local/lib/python3.12/site-packages/airflow/example_dags/example_setup_teardown.py for tasks to queue
[2025-02-01T20:42:55.720+0000] {logging_mixin.py:190} INFO - [2025-02-01T20:42:55.720+0000] {dagbag.py:588} INFO - Filling up the DagBag from /home/airflow/.local/lib/python3.12/site-packages/airflow/example_dags/example_setup_teardown.py
[2025-02-01T20:42:55.726+0000] {processor.py:925} INFO - DAG(s) 'example_setup_teardown' retrieved from /home/airflow/.local/lib/python3.12/site-packages/airflow/example_dags/example_setup_teardown.py
[2025-02-01T20:42:55.741+0000] {logging_mixin.py:190} INFO - [2025-02-01T20:42:55.741+0000] {dag.py:3239} INFO - Sync 1 DAGs
[2025-02-01T20:42:55.752+0000] {logging_mixin.py:190} INFO - [2025-02-01T20:42:55.751+0000] {dag.py:4180} INFO - Setting next_dagrun for example_setup_teardown to None, run_after=None
[2025-02-01T20:42:55.765+0000] {processor.py:208} INFO - Processing /home/airflow/.local/lib/python3.12/site-packages/airflow/example_dags/example_setup_teardown.py took 0.051 seconds
[2025-02-01T20:43:26.574+0000] {processor.py:186} INFO - Started process (PID=2842) to work on /home/airflow/.local/lib/python3.12/site-packages/airflow/example_dags/example_setup_teardown.py
[2025-02-01T20:43:26.575+0000] {processor.py:914} INFO - Processing file /home/airflow/.local/lib/python3.12/site-packages/airflow/example_dags/example_setup_teardown.py for tasks to queue
[2025-02-01T20:43:26.576+0000] {logging_mixin.py:190} INFO - [2025-02-01T20:43:26.576+0000] {dagbag.py:588} INFO - Filling up the DagBag from /home/airflow/.local/lib/python3.12/site-packages/airflow/example_dags/example_setup_teardown.py
[2025-02-01T20:43:26.582+0000] {processor.py:925} INFO - DAG(s) 'example_setup_teardown' retrieved from /home/airflow/.local/lib/python3.12/site-packages/airflow/example_dags/example_setup_teardown.py
[2025-02-01T20:43:26.599+0000] {logging_mixin.py:190} INFO - [2025-02-01T20:43:26.599+0000] {dag.py:3239} INFO - Sync 1 DAGs
[2025-02-01T20:43:26.612+0000] {logging_mixin.py:190} INFO - [2025-02-01T20:43:26.612+0000] {dag.py:4180} INFO - Setting next_dagrun for example_setup_teardown to None, run_after=None
[2025-02-01T20:43:26.638+0000] {processor.py:208} INFO - Processing /home/airflow/.local/lib/python3.12/site-packages/airflow/example_dags/example_setup_teardown.py took 0.069 seconds
[2025-02-01T20:43:57.802+0000] {processor.py:186} INFO - Started process (PID=3131) to work on /home/airflow/.local/lib/python3.12/site-packages/airflow/example_dags/example_setup_teardown.py
[2025-02-01T20:43:57.802+0000] {processor.py:914} INFO - Processing file /home/airflow/.local/lib/python3.12/site-packages/airflow/example_dags/example_setup_teardown.py for tasks to queue
[2025-02-01T20:43:57.804+0000] {logging_mixin.py:190} INFO - [2025-02-01T20:43:57.804+0000] {dagbag.py:588} INFO - Filling up the DagBag from /home/airflow/.local/lib/python3.12/site-packages/airflow/example_dags/example_setup_teardown.py
[2025-02-01T20:43:57.810+0000] {processor.py:925} INFO - DAG(s) 'example_setup_teardown' retrieved from /home/airflow/.local/lib/python3.12/site-packages/airflow/example_dags/example_setup_teardown.py
[2025-02-01T20:43:57.826+0000] {logging_mixin.py:190} INFO - [2025-02-01T20:43:57.826+0000] {dag.py:3239} INFO - Sync 1 DAGs
[2025-02-01T20:43:57.837+0000] {logging_mixin.py:190} INFO - [2025-02-01T20:43:57.837+0000] {dag.py:4180} INFO - Setting next_dagrun for example_setup_teardown to None, run_after=None
[2025-02-01T20:43:57.850+0000] {processor.py:208} INFO - Processing /home/airflow/.local/lib/python3.12/site-packages/airflow/example_dags/example_setup_teardown.py took 0.053 seconds
[2025-02-01T20:44:28.389+0000] {processor.py:186} INFO - Started process (PID=3422) to work on /home/airflow/.local/lib/python3.12/site-packages/airflow/example_dags/example_setup_teardown.py
[2025-02-01T20:44:28.389+0000] {processor.py:914} INFO - Processing file /home/airflow/.local/lib/python3.12/site-packages/airflow/example_dags/example_setup_teardown.py for tasks to queue
[2025-02-01T20:44:28.391+0000] {logging_mixin.py:190} INFO - [2025-02-01T20:44:28.391+0000] {dagbag.py:588} INFO - Filling up the DagBag from /home/airflow/.local/lib/python3.12/site-packages/airflow/example_dags/example_setup_teardown.py
[2025-02-01T20:44:28.398+0000] {processor.py:925} INFO - DAG(s) 'example_setup_teardown' retrieved from /home/airflow/.local/lib/python3.12/site-packages/airflow/example_dags/example_setup_teardown.py
[2025-02-01T20:44:28.415+0000] {logging_mixin.py:190} INFO - [2025-02-01T20:44:28.414+0000] {dag.py:3239} INFO - Sync 1 DAGs
[2025-02-01T20:44:28.425+0000] {logging_mixin.py:190} INFO - [2025-02-01T20:44:28.425+0000] {dag.py:4180} INFO - Setting next_dagrun for example_setup_teardown to None, run_after=None
[2025-02-01T20:44:28.440+0000] {processor.py:208} INFO - Processing /home/airflow/.local/lib/python3.12/site-packages/airflow/example_dags/example_setup_teardown.py took 0.056 seconds
[2025-02-01T20:44:59.708+0000] {processor.py:186} INFO - Started process (PID=3713) to work on /home/airflow/.local/lib/python3.12/site-packages/airflow/example_dags/example_setup_teardown.py
[2025-02-01T20:44:59.709+0000] {processor.py:914} INFO - Processing file /home/airflow/.local/lib/python3.12/site-packages/airflow/example_dags/example_setup_teardown.py for tasks to queue
[2025-02-01T20:44:59.712+0000] {logging_mixin.py:190} INFO - [2025-02-01T20:44:59.711+0000] {dagbag.py:588} INFO - Filling up the DagBag from /home/airflow/.local/lib/python3.12/site-packages/airflow/example_dags/example_setup_teardown.py
[2025-02-01T20:44:59.719+0000] {processor.py:925} INFO - DAG(s) 'example_setup_teardown' retrieved from /home/airflow/.local/lib/python3.12/site-packages/airflow/example_dags/example_setup_teardown.py
[2025-02-01T20:44:59.737+0000] {logging_mixin.py:190} INFO - [2025-02-01T20:44:59.736+0000] {dag.py:3239} INFO - Sync 1 DAGs
[2025-02-01T20:44:59.752+0000] {logging_mixin.py:190} INFO - [2025-02-01T20:44:59.751+0000] {dag.py:4180} INFO - Setting next_dagrun for example_setup_teardown to None, run_after=None
[2025-02-01T20:44:59.767+0000] {processor.py:208} INFO - Processing /home/airflow/.local/lib/python3.12/site-packages/airflow/example_dags/example_setup_teardown.py took 0.064 seconds
