[2025-02-01T20:33:42.686+0000] {processor.py:186} INFO - Started process (PID=417) to work on /home/airflow/.local/lib/python3.12/site-packages/airflow/example_dags/example_sensors.py
[2025-02-01T20:33:42.687+0000] {processor.py:914} INFO - Processing file /home/airflow/.local/lib/python3.12/site-packages/airflow/example_dags/example_sensors.py for tasks to queue
[2025-02-01T20:33:42.688+0000] {logging_mixin.py:190} INFO - [2025-02-01T20:33:42.688+0000] {dagbag.py:588} INFO - Filling up the DagBag from /home/airflow/.local/lib/python3.12/site-packages/airflow/example_dags/example_sensors.py
[2025-02-01T20:33:42.699+0000] {processor.py:925} INFO - DAG(s) 'example_sensors' retrieved from /home/airflow/.local/lib/python3.12/site-packages/airflow/example_dags/example_sensors.py
[2025-02-01T20:33:42.827+0000] {logging_mixin.py:190} INFO - [2025-02-01T20:33:42.826+0000] {override.py:1911} INFO - Created Permission View: can read on DAG:example_sensors
[2025-02-01T20:33:42.842+0000] {logging_mixin.py:190} INFO - [2025-02-01T20:33:42.841+0000] {override.py:1911} INFO - Created Permission View: can delete on DAG:example_sensors
[2025-02-01T20:33:42.850+0000] {logging_mixin.py:190} INFO - [2025-02-01T20:33:42.850+0000] {override.py:1911} INFO - Created Permission View: can edit on DAG:example_sensors
[2025-02-01T20:33:42.860+0000] {logging_mixin.py:190} INFO - [2025-02-01T20:33:42.860+0000] {override.py:1911} INFO - Created Permission View: can read on DAG Run:example_sensors
[2025-02-01T20:33:42.868+0000] {logging_mixin.py:190} INFO - [2025-02-01T20:33:42.867+0000] {override.py:1911} INFO - Created Permission View: menu access on DAG Run:example_sensors
[2025-02-01T20:33:42.876+0000] {logging_mixin.py:190} INFO - [2025-02-01T20:33:42.875+0000] {override.py:1911} INFO - Created Permission View: can create on DAG Run:example_sensors
[2025-02-01T20:33:42.883+0000] {logging_mixin.py:190} INFO - [2025-02-01T20:33:42.883+0000] {override.py:1911} INFO - Created Permission View: can delete on DAG Run:example_sensors
[2025-02-01T20:33:42.884+0000] {logging_mixin.py:190} INFO - [2025-02-01T20:33:42.884+0000] {dag.py:3239} INFO - Sync 1 DAGs
[2025-02-01T20:33:42.901+0000] {logging_mixin.py:190} INFO - [2025-02-01T20:33:42.900+0000] {dag.py:3262} INFO - Creating ORM DAG for example_sensors
[2025-02-01T20:33:42.902+0000] {logging_mixin.py:190} INFO - [2025-02-01T20:33:42.901+0000] {dag.py:4180} INFO - Setting next_dagrun for example_sensors to None, run_after=None
[2025-02-01T20:33:42.922+0000] {processor.py:208} INFO - Processing /home/airflow/.local/lib/python3.12/site-packages/airflow/example_dags/example_sensors.py took 0.241 seconds
[2025-02-01T20:34:13.889+0000] {processor.py:186} INFO - Started process (PID=710) to work on /home/airflow/.local/lib/python3.12/site-packages/airflow/example_dags/example_sensors.py
[2025-02-01T20:34:13.890+0000] {processor.py:914} INFO - Processing file /home/airflow/.local/lib/python3.12/site-packages/airflow/example_dags/example_sensors.py for tasks to queue
[2025-02-01T20:34:13.892+0000] {logging_mixin.py:190} INFO - [2025-02-01T20:34:13.891+0000] {dagbag.py:588} INFO - Filling up the DagBag from /home/airflow/.local/lib/python3.12/site-packages/airflow/example_dags/example_sensors.py
[2025-02-01T20:34:13.900+0000] {processor.py:925} INFO - DAG(s) 'example_sensors' retrieved from /home/airflow/.local/lib/python3.12/site-packages/airflow/example_dags/example_sensors.py
[2025-02-01T20:34:13.921+0000] {logging_mixin.py:190} INFO - [2025-02-01T20:34:13.920+0000] {dag.py:3239} INFO - Sync 1 DAGs
[2025-02-01T20:34:13.931+0000] {logging_mixin.py:190} INFO - [2025-02-01T20:34:13.931+0000] {dag.py:4180} INFO - Setting next_dagrun for example_sensors to None, run_after=None
[2025-02-01T20:34:13.946+0000] {processor.py:208} INFO - Processing /home/airflow/.local/lib/python3.12/site-packages/airflow/example_dags/example_sensors.py took 0.061 seconds
[2025-02-01T20:34:44.449+0000] {processor.py:186} INFO - Started process (PID=1001) to work on /home/airflow/.local/lib/python3.12/site-packages/airflow/example_dags/example_sensors.py
[2025-02-01T20:34:44.450+0000] {processor.py:914} INFO - Processing file /home/airflow/.local/lib/python3.12/site-packages/airflow/example_dags/example_sensors.py for tasks to queue
[2025-02-01T20:34:44.452+0000] {logging_mixin.py:190} INFO - [2025-02-01T20:34:44.451+0000] {dagbag.py:588} INFO - Filling up the DagBag from /home/airflow/.local/lib/python3.12/site-packages/airflow/example_dags/example_sensors.py
[2025-02-01T20:34:44.460+0000] {processor.py:925} INFO - DAG(s) 'example_sensors' retrieved from /home/airflow/.local/lib/python3.12/site-packages/airflow/example_dags/example_sensors.py
[2025-02-01T20:34:44.488+0000] {logging_mixin.py:190} INFO - [2025-02-01T20:34:44.488+0000] {dag.py:3239} INFO - Sync 1 DAGs
[2025-02-01T20:34:44.499+0000] {logging_mixin.py:190} INFO - [2025-02-01T20:34:44.499+0000] {dag.py:4180} INFO - Setting next_dagrun for example_sensors to None, run_after=None
[2025-02-01T20:34:44.512+0000] {processor.py:208} INFO - Processing /home/airflow/.local/lib/python3.12/site-packages/airflow/example_dags/example_sensors.py took 0.068 seconds
[2025-02-01T20:35:14.753+0000] {processor.py:186} INFO - Started process (PID=1292) to work on /home/airflow/.local/lib/python3.12/site-packages/airflow/example_dags/example_sensors.py
[2025-02-01T20:35:14.754+0000] {processor.py:914} INFO - Processing file /home/airflow/.local/lib/python3.12/site-packages/airflow/example_dags/example_sensors.py for tasks to queue
[2025-02-01T20:35:14.755+0000] {logging_mixin.py:190} INFO - [2025-02-01T20:35:14.755+0000] {dagbag.py:588} INFO - Filling up the DagBag from /home/airflow/.local/lib/python3.12/site-packages/airflow/example_dags/example_sensors.py
[2025-02-01T20:35:14.763+0000] {processor.py:925} INFO - DAG(s) 'example_sensors' retrieved from /home/airflow/.local/lib/python3.12/site-packages/airflow/example_dags/example_sensors.py
[2025-02-01T20:35:14.783+0000] {logging_mixin.py:190} INFO - [2025-02-01T20:35:14.782+0000] {dag.py:3239} INFO - Sync 1 DAGs
[2025-02-01T20:35:14.793+0000] {logging_mixin.py:190} INFO - [2025-02-01T20:35:14.793+0000] {dag.py:4180} INFO - Setting next_dagrun for example_sensors to None, run_after=None
[2025-02-01T20:35:14.806+0000] {processor.py:208} INFO - Processing /home/airflow/.local/lib/python3.12/site-packages/airflow/example_dags/example_sensors.py took 0.057 seconds
[2025-02-01T20:38:50.817+0000] {processor.py:186} INFO - Started process (PID=411) to work on /home/airflow/.local/lib/python3.12/site-packages/airflow/example_dags/example_sensors.py
[2025-02-01T20:38:50.818+0000] {processor.py:914} INFO - Processing file /home/airflow/.local/lib/python3.12/site-packages/airflow/example_dags/example_sensors.py for tasks to queue
[2025-02-01T20:38:50.820+0000] {logging_mixin.py:190} INFO - [2025-02-01T20:38:50.819+0000] {dagbag.py:588} INFO - Filling up the DagBag from /home/airflow/.local/lib/python3.12/site-packages/airflow/example_dags/example_sensors.py
[2025-02-01T20:38:50.829+0000] {processor.py:925} INFO - DAG(s) 'example_sensors' retrieved from /home/airflow/.local/lib/python3.12/site-packages/airflow/example_dags/example_sensors.py
[2025-02-01T20:38:50.849+0000] {logging_mixin.py:190} INFO - [2025-02-01T20:38:50.849+0000] {dag.py:3239} INFO - Sync 1 DAGs
[2025-02-01T20:38:50.861+0000] {logging_mixin.py:190} INFO - [2025-02-01T20:38:50.860+0000] {dag.py:4180} INFO - Setting next_dagrun for example_sensors to None, run_after=None
[2025-02-01T20:38:50.875+0000] {processor.py:208} INFO - Processing /home/airflow/.local/lib/python3.12/site-packages/airflow/example_dags/example_sensors.py took 0.062 seconds
[2025-02-01T20:39:21.891+0000] {processor.py:186} INFO - Started process (PID=704) to work on /home/airflow/.local/lib/python3.12/site-packages/airflow/example_dags/example_sensors.py
[2025-02-01T20:39:21.892+0000] {processor.py:914} INFO - Processing file /home/airflow/.local/lib/python3.12/site-packages/airflow/example_dags/example_sensors.py for tasks to queue
[2025-02-01T20:39:21.894+0000] {logging_mixin.py:190} INFO - [2025-02-01T20:39:21.894+0000] {dagbag.py:588} INFO - Filling up the DagBag from /home/airflow/.local/lib/python3.12/site-packages/airflow/example_dags/example_sensors.py
[2025-02-01T20:39:21.903+0000] {processor.py:925} INFO - DAG(s) 'example_sensors' retrieved from /home/airflow/.local/lib/python3.12/site-packages/airflow/example_dags/example_sensors.py
[2025-02-01T20:39:21.926+0000] {logging_mixin.py:190} INFO - [2025-02-01T20:39:21.926+0000] {dag.py:3239} INFO - Sync 1 DAGs
[2025-02-01T20:39:21.937+0000] {logging_mixin.py:190} INFO - [2025-02-01T20:39:21.936+0000] {dag.py:4180} INFO - Setting next_dagrun for example_sensors to None, run_after=None
[2025-02-01T20:39:21.954+0000] {processor.py:208} INFO - Processing /home/airflow/.local/lib/python3.12/site-packages/airflow/example_dags/example_sensors.py took 0.068 seconds
[2025-02-01T20:39:52.961+0000] {processor.py:186} INFO - Started process (PID=993) to work on /home/airflow/.local/lib/python3.12/site-packages/airflow/example_dags/example_sensors.py
[2025-02-01T20:39:52.962+0000] {processor.py:914} INFO - Processing file /home/airflow/.local/lib/python3.12/site-packages/airflow/example_dags/example_sensors.py for tasks to queue
[2025-02-01T20:39:52.964+0000] {logging_mixin.py:190} INFO - [2025-02-01T20:39:52.964+0000] {dagbag.py:588} INFO - Filling up the DagBag from /home/airflow/.local/lib/python3.12/site-packages/airflow/example_dags/example_sensors.py
[2025-02-01T20:39:52.973+0000] {processor.py:925} INFO - DAG(s) 'example_sensors' retrieved from /home/airflow/.local/lib/python3.12/site-packages/airflow/example_dags/example_sensors.py
[2025-02-01T20:39:52.993+0000] {logging_mixin.py:190} INFO - [2025-02-01T20:39:52.993+0000] {dag.py:3239} INFO - Sync 1 DAGs
[2025-02-01T20:39:53.004+0000] {logging_mixin.py:190} INFO - [2025-02-01T20:39:53.003+0000] {dag.py:4180} INFO - Setting next_dagrun for example_sensors to None, run_after=None
[2025-02-01T20:39:53.017+0000] {processor.py:208} INFO - Processing /home/airflow/.local/lib/python3.12/site-packages/airflow/example_dags/example_sensors.py took 0.061 seconds
[2025-02-01T20:40:23.435+0000] {processor.py:186} INFO - Started process (PID=1284) to work on /home/airflow/.local/lib/python3.12/site-packages/airflow/example_dags/example_sensors.py
[2025-02-01T20:40:23.435+0000] {processor.py:914} INFO - Processing file /home/airflow/.local/lib/python3.12/site-packages/airflow/example_dags/example_sensors.py for tasks to queue
[2025-02-01T20:40:23.437+0000] {logging_mixin.py:190} INFO - [2025-02-01T20:40:23.437+0000] {dagbag.py:588} INFO - Filling up the DagBag from /home/airflow/.local/lib/python3.12/site-packages/airflow/example_dags/example_sensors.py
[2025-02-01T20:40:23.444+0000] {processor.py:925} INFO - DAG(s) 'example_sensors' retrieved from /home/airflow/.local/lib/python3.12/site-packages/airflow/example_dags/example_sensors.py
[2025-02-01T20:40:23.464+0000] {logging_mixin.py:190} INFO - [2025-02-01T20:40:23.464+0000] {dag.py:3239} INFO - Sync 1 DAGs
[2025-02-01T20:40:23.475+0000] {logging_mixin.py:190} INFO - [2025-02-01T20:40:23.475+0000] {dag.py:4180} INFO - Setting next_dagrun for example_sensors to None, run_after=None
[2025-02-01T20:40:23.488+0000] {processor.py:208} INFO - Processing /home/airflow/.local/lib/python3.12/site-packages/airflow/example_dags/example_sensors.py took 0.057 seconds
[2025-02-01T20:40:55.012+0000] {processor.py:186} INFO - Started process (PID=1575) to work on /home/airflow/.local/lib/python3.12/site-packages/airflow/example_dags/example_sensors.py
[2025-02-01T20:40:55.013+0000] {processor.py:914} INFO - Processing file /home/airflow/.local/lib/python3.12/site-packages/airflow/example_dags/example_sensors.py for tasks to queue
[2025-02-01T20:40:55.015+0000] {logging_mixin.py:190} INFO - [2025-02-01T20:40:55.014+0000] {dagbag.py:588} INFO - Filling up the DagBag from /home/airflow/.local/lib/python3.12/site-packages/airflow/example_dags/example_sensors.py
[2025-02-01T20:40:55.023+0000] {processor.py:925} INFO - DAG(s) 'example_sensors' retrieved from /home/airflow/.local/lib/python3.12/site-packages/airflow/example_dags/example_sensors.py
[2025-02-01T20:40:55.043+0000] {logging_mixin.py:190} INFO - [2025-02-01T20:40:55.043+0000] {dag.py:3239} INFO - Sync 1 DAGs
[2025-02-01T20:40:55.054+0000] {logging_mixin.py:190} INFO - [2025-02-01T20:40:55.054+0000] {dag.py:4180} INFO - Setting next_dagrun for example_sensors to None, run_after=None
[2025-02-01T20:40:55.127+0000] {processor.py:208} INFO - Processing /home/airflow/.local/lib/python3.12/site-packages/airflow/example_dags/example_sensors.py took 0.119 seconds
[2025-02-01T20:41:26.034+0000] {processor.py:186} INFO - Started process (PID=1866) to work on /home/airflow/.local/lib/python3.12/site-packages/airflow/example_dags/example_sensors.py
[2025-02-01T20:41:26.035+0000] {processor.py:914} INFO - Processing file /home/airflow/.local/lib/python3.12/site-packages/airflow/example_dags/example_sensors.py for tasks to queue
[2025-02-01T20:41:26.037+0000] {logging_mixin.py:190} INFO - [2025-02-01T20:41:26.036+0000] {dagbag.py:588} INFO - Filling up the DagBag from /home/airflow/.local/lib/python3.12/site-packages/airflow/example_dags/example_sensors.py
[2025-02-01T20:41:26.046+0000] {processor.py:925} INFO - DAG(s) 'example_sensors' retrieved from /home/airflow/.local/lib/python3.12/site-packages/airflow/example_dags/example_sensors.py
[2025-02-01T20:41:26.069+0000] {logging_mixin.py:190} INFO - [2025-02-01T20:41:26.068+0000] {dag.py:3239} INFO - Sync 1 DAGs
[2025-02-01T20:41:26.081+0000] {logging_mixin.py:190} INFO - [2025-02-01T20:41:26.081+0000] {dag.py:4180} INFO - Setting next_dagrun for example_sensors to None, run_after=None
[2025-02-01T20:41:26.099+0000] {processor.py:208} INFO - Processing /home/airflow/.local/lib/python3.12/site-packages/airflow/example_dags/example_sensors.py took 0.070 seconds
[2025-02-01T20:41:57.072+0000] {processor.py:186} INFO - Started process (PID=2159) to work on /home/airflow/.local/lib/python3.12/site-packages/airflow/example_dags/example_sensors.py
[2025-02-01T20:41:57.073+0000] {processor.py:914} INFO - Processing file /home/airflow/.local/lib/python3.12/site-packages/airflow/example_dags/example_sensors.py for tasks to queue
[2025-02-01T20:41:57.074+0000] {logging_mixin.py:190} INFO - [2025-02-01T20:41:57.074+0000] {dagbag.py:588} INFO - Filling up the DagBag from /home/airflow/.local/lib/python3.12/site-packages/airflow/example_dags/example_sensors.py
[2025-02-01T20:41:57.082+0000] {processor.py:925} INFO - DAG(s) 'example_sensors' retrieved from /home/airflow/.local/lib/python3.12/site-packages/airflow/example_dags/example_sensors.py
[2025-02-01T20:41:57.103+0000] {logging_mixin.py:190} INFO - [2025-02-01T20:41:57.103+0000] {dag.py:3239} INFO - Sync 1 DAGs
[2025-02-01T20:41:57.115+0000] {logging_mixin.py:190} INFO - [2025-02-01T20:41:57.115+0000] {dag.py:4180} INFO - Setting next_dagrun for example_sensors to None, run_after=None
[2025-02-01T20:41:57.130+0000] {processor.py:208} INFO - Processing /home/airflow/.local/lib/python3.12/site-packages/airflow/example_dags/example_sensors.py took 0.062 seconds
[2025-02-01T20:42:28.371+0000] {processor.py:186} INFO - Started process (PID=2448) to work on /home/airflow/.local/lib/python3.12/site-packages/airflow/example_dags/example_sensors.py
[2025-02-01T20:42:28.372+0000] {processor.py:914} INFO - Processing file /home/airflow/.local/lib/python3.12/site-packages/airflow/example_dags/example_sensors.py for tasks to queue
[2025-02-01T20:42:28.374+0000] {logging_mixin.py:190} INFO - [2025-02-01T20:42:28.374+0000] {dagbag.py:588} INFO - Filling up the DagBag from /home/airflow/.local/lib/python3.12/site-packages/airflow/example_dags/example_sensors.py
[2025-02-01T20:42:28.383+0000] {processor.py:925} INFO - DAG(s) 'example_sensors' retrieved from /home/airflow/.local/lib/python3.12/site-packages/airflow/example_dags/example_sensors.py
[2025-02-01T20:42:28.405+0000] {logging_mixin.py:190} INFO - [2025-02-01T20:42:28.405+0000] {dag.py:3239} INFO - Sync 1 DAGs
[2025-02-01T20:42:28.419+0000] {logging_mixin.py:190} INFO - [2025-02-01T20:42:28.419+0000] {dag.py:4180} INFO - Setting next_dagrun for example_sensors to None, run_after=None
[2025-02-01T20:42:28.437+0000] {processor.py:208} INFO - Processing /home/airflow/.local/lib/python3.12/site-packages/airflow/example_dags/example_sensors.py took 0.071 seconds
[2025-02-01T20:42:59.017+0000] {processor.py:186} INFO - Started process (PID=2739) to work on /home/airflow/.local/lib/python3.12/site-packages/airflow/example_dags/example_sensors.py
[2025-02-01T20:42:59.018+0000] {processor.py:914} INFO - Processing file /home/airflow/.local/lib/python3.12/site-packages/airflow/example_dags/example_sensors.py for tasks to queue
[2025-02-01T20:42:59.021+0000] {logging_mixin.py:190} INFO - [2025-02-01T20:42:59.020+0000] {dagbag.py:588} INFO - Filling up the DagBag from /home/airflow/.local/lib/python3.12/site-packages/airflow/example_dags/example_sensors.py
[2025-02-01T20:42:59.032+0000] {processor.py:925} INFO - DAG(s) 'example_sensors' retrieved from /home/airflow/.local/lib/python3.12/site-packages/airflow/example_dags/example_sensors.py
[2025-02-01T20:42:59.064+0000] {logging_mixin.py:190} INFO - [2025-02-01T20:42:59.064+0000] {dag.py:3239} INFO - Sync 1 DAGs
[2025-02-01T20:42:59.079+0000] {logging_mixin.py:190} INFO - [2025-02-01T20:42:59.079+0000] {dag.py:4180} INFO - Setting next_dagrun for example_sensors to None, run_after=None
[2025-02-01T20:42:59.097+0000] {processor.py:208} INFO - Processing /home/airflow/.local/lib/python3.12/site-packages/airflow/example_dags/example_sensors.py took 0.085 seconds
[2025-02-01T20:43:30.358+0000] {processor.py:186} INFO - Started process (PID=3032) to work on /home/airflow/.local/lib/python3.12/site-packages/airflow/example_dags/example_sensors.py
[2025-02-01T20:43:30.358+0000] {processor.py:914} INFO - Processing file /home/airflow/.local/lib/python3.12/site-packages/airflow/example_dags/example_sensors.py for tasks to queue
[2025-02-01T20:43:30.360+0000] {logging_mixin.py:190} INFO - [2025-02-01T20:43:30.360+0000] {dagbag.py:588} INFO - Filling up the DagBag from /home/airflow/.local/lib/python3.12/site-packages/airflow/example_dags/example_sensors.py
[2025-02-01T20:43:30.369+0000] {processor.py:925} INFO - DAG(s) 'example_sensors' retrieved from /home/airflow/.local/lib/python3.12/site-packages/airflow/example_dags/example_sensors.py
[2025-02-01T20:43:30.392+0000] {logging_mixin.py:190} INFO - [2025-02-01T20:43:30.392+0000] {dag.py:3239} INFO - Sync 1 DAGs
[2025-02-01T20:43:30.404+0000] {logging_mixin.py:190} INFO - [2025-02-01T20:43:30.404+0000] {dag.py:4180} INFO - Setting next_dagrun for example_sensors to None, run_after=None
[2025-02-01T20:43:30.420+0000] {processor.py:208} INFO - Processing /home/airflow/.local/lib/python3.12/site-packages/airflow/example_dags/example_sensors.py took 0.067 seconds
[2025-02-01T20:44:00.851+0000] {processor.py:186} INFO - Started process (PID=3321) to work on /home/airflow/.local/lib/python3.12/site-packages/airflow/example_dags/example_sensors.py
[2025-02-01T20:44:00.852+0000] {processor.py:914} INFO - Processing file /home/airflow/.local/lib/python3.12/site-packages/airflow/example_dags/example_sensors.py for tasks to queue
[2025-02-01T20:44:00.854+0000] {logging_mixin.py:190} INFO - [2025-02-01T20:44:00.854+0000] {dagbag.py:588} INFO - Filling up the DagBag from /home/airflow/.local/lib/python3.12/site-packages/airflow/example_dags/example_sensors.py
[2025-02-01T20:44:00.861+0000] {processor.py:925} INFO - DAG(s) 'example_sensors' retrieved from /home/airflow/.local/lib/python3.12/site-packages/airflow/example_dags/example_sensors.py
[2025-02-01T20:44:00.882+0000] {logging_mixin.py:190} INFO - [2025-02-01T20:44:00.882+0000] {dag.py:3239} INFO - Sync 1 DAGs
[2025-02-01T20:44:00.892+0000] {logging_mixin.py:190} INFO - [2025-02-01T20:44:00.892+0000] {dag.py:4180} INFO - Setting next_dagrun for example_sensors to None, run_after=None
[2025-02-01T20:44:00.906+0000] {processor.py:208} INFO - Processing /home/airflow/.local/lib/python3.12/site-packages/airflow/example_dags/example_sensors.py took 0.059 seconds
[2025-02-01T20:44:31.093+0000] {processor.py:186} INFO - Started process (PID=3612) to work on /home/airflow/.local/lib/python3.12/site-packages/airflow/example_dags/example_sensors.py
[2025-02-01T20:44:31.094+0000] {processor.py:914} INFO - Processing file /home/airflow/.local/lib/python3.12/site-packages/airflow/example_dags/example_sensors.py for tasks to queue
[2025-02-01T20:44:31.096+0000] {logging_mixin.py:190} INFO - [2025-02-01T20:44:31.096+0000] {dagbag.py:588} INFO - Filling up the DagBag from /home/airflow/.local/lib/python3.12/site-packages/airflow/example_dags/example_sensors.py
[2025-02-01T20:44:31.105+0000] {processor.py:925} INFO - DAG(s) 'example_sensors' retrieved from /home/airflow/.local/lib/python3.12/site-packages/airflow/example_dags/example_sensors.py
[2025-02-01T20:44:31.129+0000] {logging_mixin.py:190} INFO - [2025-02-01T20:44:31.129+0000] {dag.py:3239} INFO - Sync 1 DAGs
[2025-02-01T20:44:31.141+0000] {logging_mixin.py:190} INFO - [2025-02-01T20:44:31.141+0000] {dag.py:4180} INFO - Setting next_dagrun for example_sensors to None, run_after=None
[2025-02-01T20:44:31.157+0000] {processor.py:208} INFO - Processing /home/airflow/.local/lib/python3.12/site-packages/airflow/example_dags/example_sensors.py took 0.068 seconds
[2025-02-01T20:45:02.266+0000] {processor.py:186} INFO - Started process (PID=3904) to work on /home/airflow/.local/lib/python3.12/site-packages/airflow/example_dags/example_sensors.py
[2025-02-01T20:45:02.267+0000] {processor.py:914} INFO - Processing file /home/airflow/.local/lib/python3.12/site-packages/airflow/example_dags/example_sensors.py for tasks to queue
[2025-02-01T20:45:02.270+0000] {logging_mixin.py:190} INFO - [2025-02-01T20:45:02.270+0000] {dagbag.py:588} INFO - Filling up the DagBag from /home/airflow/.local/lib/python3.12/site-packages/airflow/example_dags/example_sensors.py
[2025-02-01T20:45:02.281+0000] {processor.py:925} INFO - DAG(s) 'example_sensors' retrieved from /home/airflow/.local/lib/python3.12/site-packages/airflow/example_dags/example_sensors.py
[2025-02-01T20:45:02.308+0000] {logging_mixin.py:190} INFO - [2025-02-01T20:45:02.307+0000] {dag.py:3239} INFO - Sync 1 DAGs
[2025-02-01T20:45:02.323+0000] {logging_mixin.py:190} INFO - [2025-02-01T20:45:02.322+0000] {dag.py:4180} INFO - Setting next_dagrun for example_sensors to None, run_after=None
[2025-02-01T20:45:02.340+0000] {processor.py:208} INFO - Processing /home/airflow/.local/lib/python3.12/site-packages/airflow/example_dags/example_sensors.py took 0.079 seconds
