[2025-02-01T20:33:40.600+0000] {processor.py:186} INFO - Started process (PID=376) to work on /home/airflow/.local/lib/python3.12/site-packages/airflow/example_dags/example_branch_labels.py
[2025-02-01T20:33:40.601+0000] {processor.py:914} INFO - Processing file /home/airflow/.local/lib/python3.12/site-packages/airflow/example_dags/example_branch_labels.py for tasks to queue
[2025-02-01T20:33:40.604+0000] {logging_mixin.py:190} INFO - [2025-02-01T20:33:40.603+0000] {dagbag.py:588} INFO - Filling up the DagBag from /home/airflow/.local/lib/python3.12/site-packages/airflow/example_dags/example_branch_labels.py
[2025-02-01T20:33:40.628+0000] {processor.py:925} INFO - DAG(s) 'example_branch_labels' retrieved from /home/airflow/.local/lib/python3.12/site-packages/airflow/example_dags/example_branch_labels.py
[2025-02-01T20:33:40.760+0000] {logging_mixin.py:190} INFO - [2025-02-01T20:33:40.760+0000] {override.py:1911} INFO - Created Permission View: can read on DAG:example_branch_labels
[2025-02-01T20:33:40.770+0000] {logging_mixin.py:190} INFO - [2025-02-01T20:33:40.770+0000] {override.py:1911} INFO - Created Permission View: can delete on DAG:example_branch_labels
[2025-02-01T20:33:40.778+0000] {logging_mixin.py:190} INFO - [2025-02-01T20:33:40.777+0000] {override.py:1911} INFO - Created Permission View: can edit on DAG:example_branch_labels
[2025-02-01T20:33:40.785+0000] {logging_mixin.py:190} INFO - [2025-02-01T20:33:40.785+0000] {override.py:1911} INFO - Created Permission View: can read on DAG Run:example_branch_labels
[2025-02-01T20:33:40.792+0000] {logging_mixin.py:190} INFO - [2025-02-01T20:33:40.792+0000] {override.py:1911} INFO - Created Permission View: menu access on DAG Run:example_branch_labels
[2025-02-01T20:33:40.799+0000] {logging_mixin.py:190} INFO - [2025-02-01T20:33:40.798+0000] {override.py:1911} INFO - Created Permission View: can create on DAG Run:example_branch_labels
[2025-02-01T20:33:40.805+0000] {logging_mixin.py:190} INFO - [2025-02-01T20:33:40.805+0000] {override.py:1911} INFO - Created Permission View: can delete on DAG Run:example_branch_labels
[2025-02-01T20:33:40.810+0000] {logging_mixin.py:190} INFO - [2025-02-01T20:33:40.809+0000] {dag.py:3239} INFO - Sync 1 DAGs
[2025-02-01T20:33:40.825+0000] {logging_mixin.py:190} INFO - [2025-02-01T20:33:40.825+0000] {dag.py:3262} INFO - Creating ORM DAG for example_branch_labels
[2025-02-01T20:33:40.837+0000] {logging_mixin.py:190} INFO - [2025-02-01T20:33:40.837+0000] {dag.py:4180} INFO - Setting next_dagrun for example_branch_labels to 2025-01-31 00:00:00+00:00, run_after=2025-02-01 00:00:00+00:00
[2025-02-01T20:33:40.853+0000] {processor.py:208} INFO - Processing /home/airflow/.local/lib/python3.12/site-packages/airflow/example_dags/example_branch_labels.py took 0.259 seconds
[2025-02-01T20:34:11.542+0000] {processor.py:186} INFO - Started process (PID=670) to work on /home/airflow/.local/lib/python3.12/site-packages/airflow/example_dags/example_branch_labels.py
[2025-02-01T20:34:11.543+0000] {processor.py:914} INFO - Processing file /home/airflow/.local/lib/python3.12/site-packages/airflow/example_dags/example_branch_labels.py for tasks to queue
[2025-02-01T20:34:11.546+0000] {logging_mixin.py:190} INFO - [2025-02-01T20:34:11.546+0000] {dagbag.py:588} INFO - Filling up the DagBag from /home/airflow/.local/lib/python3.12/site-packages/airflow/example_dags/example_branch_labels.py
[2025-02-01T20:34:11.560+0000] {processor.py:925} INFO - DAG(s) 'example_branch_labels' retrieved from /home/airflow/.local/lib/python3.12/site-packages/airflow/example_dags/example_branch_labels.py
[2025-02-01T20:34:11.585+0000] {logging_mixin.py:190} INFO - [2025-02-01T20:34:11.585+0000] {dag.py:3239} INFO - Sync 1 DAGs
[2025-02-01T20:34:11.617+0000] {logging_mixin.py:190} INFO - [2025-02-01T20:34:11.617+0000] {dag.py:4180} INFO - Setting next_dagrun for example_branch_labels to 2025-01-31 00:00:00+00:00, run_after=2025-02-01 00:00:00+00:00
[2025-02-01T20:34:11.640+0000] {processor.py:208} INFO - Processing /home/airflow/.local/lib/python3.12/site-packages/airflow/example_dags/example_branch_labels.py took 0.105 seconds
[2025-02-01T20:34:42.347+0000] {processor.py:186} INFO - Started process (PID=961) to work on /home/airflow/.local/lib/python3.12/site-packages/airflow/example_dags/example_branch_labels.py
[2025-02-01T20:34:42.347+0000] {processor.py:914} INFO - Processing file /home/airflow/.local/lib/python3.12/site-packages/airflow/example_dags/example_branch_labels.py for tasks to queue
[2025-02-01T20:34:42.349+0000] {logging_mixin.py:190} INFO - [2025-02-01T20:34:42.349+0000] {dagbag.py:588} INFO - Filling up the DagBag from /home/airflow/.local/lib/python3.12/site-packages/airflow/example_dags/example_branch_labels.py
[2025-02-01T20:34:42.355+0000] {processor.py:925} INFO - DAG(s) 'example_branch_labels' retrieved from /home/airflow/.local/lib/python3.12/site-packages/airflow/example_dags/example_branch_labels.py
[2025-02-01T20:34:42.371+0000] {logging_mixin.py:190} INFO - [2025-02-01T20:34:42.370+0000] {dag.py:3239} INFO - Sync 1 DAGs
[2025-02-01T20:34:42.388+0000] {logging_mixin.py:190} INFO - [2025-02-01T20:34:42.388+0000] {dag.py:4180} INFO - Setting next_dagrun for example_branch_labels to 2025-01-31 00:00:00+00:00, run_after=2025-02-01 00:00:00+00:00
[2025-02-01T20:34:42.400+0000] {processor.py:208} INFO - Processing /home/airflow/.local/lib/python3.12/site-packages/airflow/example_dags/example_branch_labels.py took 0.057 seconds
[2025-02-01T20:35:13.088+0000] {processor.py:186} INFO - Started process (PID=1252) to work on /home/airflow/.local/lib/python3.12/site-packages/airflow/example_dags/example_branch_labels.py
[2025-02-01T20:35:13.088+0000] {processor.py:914} INFO - Processing file /home/airflow/.local/lib/python3.12/site-packages/airflow/example_dags/example_branch_labels.py for tasks to queue
[2025-02-01T20:35:13.090+0000] {logging_mixin.py:190} INFO - [2025-02-01T20:35:13.089+0000] {dagbag.py:588} INFO - Filling up the DagBag from /home/airflow/.local/lib/python3.12/site-packages/airflow/example_dags/example_branch_labels.py
[2025-02-01T20:35:13.096+0000] {processor.py:925} INFO - DAG(s) 'example_branch_labels' retrieved from /home/airflow/.local/lib/python3.12/site-packages/airflow/example_dags/example_branch_labels.py
[2025-02-01T20:35:13.112+0000] {logging_mixin.py:190} INFO - [2025-02-01T20:35:13.111+0000] {dag.py:3239} INFO - Sync 1 DAGs
[2025-02-01T20:35:13.129+0000] {logging_mixin.py:190} INFO - [2025-02-01T20:35:13.128+0000] {dag.py:4180} INFO - Setting next_dagrun for example_branch_labels to 2025-01-31 00:00:00+00:00, run_after=2025-02-01 00:00:00+00:00
[2025-02-01T20:35:13.142+0000] {processor.py:208} INFO - Processing /home/airflow/.local/lib/python3.12/site-packages/airflow/example_dags/example_branch_labels.py took 0.058 seconds
[2025-02-01T20:38:49.651+0000] {processor.py:186} INFO - Started process (PID=376) to work on /home/airflow/.local/lib/python3.12/site-packages/airflow/example_dags/example_branch_labels.py
[2025-02-01T20:38:49.652+0000] {processor.py:914} INFO - Processing file /home/airflow/.local/lib/python3.12/site-packages/airflow/example_dags/example_branch_labels.py for tasks to queue
[2025-02-01T20:38:49.654+0000] {logging_mixin.py:190} INFO - [2025-02-01T20:38:49.653+0000] {dagbag.py:588} INFO - Filling up the DagBag from /home/airflow/.local/lib/python3.12/site-packages/airflow/example_dags/example_branch_labels.py
[2025-02-01T20:38:49.663+0000] {processor.py:925} INFO - DAG(s) 'example_branch_labels' retrieved from /home/airflow/.local/lib/python3.12/site-packages/airflow/example_dags/example_branch_labels.py
[2025-02-01T20:38:49.679+0000] {logging_mixin.py:190} INFO - [2025-02-01T20:38:49.679+0000] {dag.py:3239} INFO - Sync 1 DAGs
[2025-02-01T20:38:49.697+0000] {logging_mixin.py:190} INFO - [2025-02-01T20:38:49.697+0000] {dag.py:4180} INFO - Setting next_dagrun for example_branch_labels to 2025-01-31 00:00:00+00:00, run_after=2025-02-01 00:00:00+00:00
[2025-02-01T20:38:49.710+0000] {processor.py:208} INFO - Processing /home/airflow/.local/lib/python3.12/site-packages/airflow/example_dags/example_branch_labels.py took 0.064 seconds
[2025-02-01T20:39:20.034+0000] {processor.py:186} INFO - Started process (PID=664) to work on /home/airflow/.local/lib/python3.12/site-packages/airflow/example_dags/example_branch_labels.py
[2025-02-01T20:39:20.035+0000] {processor.py:914} INFO - Processing file /home/airflow/.local/lib/python3.12/site-packages/airflow/example_dags/example_branch_labels.py for tasks to queue
[2025-02-01T20:39:20.037+0000] {logging_mixin.py:190} INFO - [2025-02-01T20:39:20.036+0000] {dagbag.py:588} INFO - Filling up the DagBag from /home/airflow/.local/lib/python3.12/site-packages/airflow/example_dags/example_branch_labels.py
[2025-02-01T20:39:20.043+0000] {processor.py:925} INFO - DAG(s) 'example_branch_labels' retrieved from /home/airflow/.local/lib/python3.12/site-packages/airflow/example_dags/example_branch_labels.py
[2025-02-01T20:39:20.060+0000] {logging_mixin.py:190} INFO - [2025-02-01T20:39:20.060+0000] {dag.py:3239} INFO - Sync 1 DAGs
[2025-02-01T20:39:20.081+0000] {logging_mixin.py:190} INFO - [2025-02-01T20:39:20.081+0000] {dag.py:4180} INFO - Setting next_dagrun for example_branch_labels to 2025-01-31 00:00:00+00:00, run_after=2025-02-01 00:00:00+00:00
[2025-02-01T20:39:20.095+0000] {processor.py:208} INFO - Processing /home/airflow/.local/lib/python3.12/site-packages/airflow/example_dags/example_branch_labels.py took 0.065 seconds
[2025-02-01T20:39:51.565+0000] {processor.py:186} INFO - Started process (PID=953) to work on /home/airflow/.local/lib/python3.12/site-packages/airflow/example_dags/example_branch_labels.py
[2025-02-01T20:39:51.566+0000] {processor.py:914} INFO - Processing file /home/airflow/.local/lib/python3.12/site-packages/airflow/example_dags/example_branch_labels.py for tasks to queue
[2025-02-01T20:39:51.567+0000] {logging_mixin.py:190} INFO - [2025-02-01T20:39:51.567+0000] {dagbag.py:588} INFO - Filling up the DagBag from /home/airflow/.local/lib/python3.12/site-packages/airflow/example_dags/example_branch_labels.py
[2025-02-01T20:39:51.574+0000] {processor.py:925} INFO - DAG(s) 'example_branch_labels' retrieved from /home/airflow/.local/lib/python3.12/site-packages/airflow/example_dags/example_branch_labels.py
[2025-02-01T20:39:51.589+0000] {logging_mixin.py:190} INFO - [2025-02-01T20:39:51.589+0000] {dag.py:3239} INFO - Sync 1 DAGs
[2025-02-01T20:39:51.606+0000] {logging_mixin.py:190} INFO - [2025-02-01T20:39:51.606+0000] {dag.py:4180} INFO - Setting next_dagrun for example_branch_labels to 2025-01-31 00:00:00+00:00, run_after=2025-02-01 00:00:00+00:00
[2025-02-01T20:39:51.620+0000] {processor.py:208} INFO - Processing /home/airflow/.local/lib/python3.12/site-packages/airflow/example_dags/example_branch_labels.py took 0.059 seconds
[2025-02-01T20:40:22.374+0000] {processor.py:186} INFO - Started process (PID=1244) to work on /home/airflow/.local/lib/python3.12/site-packages/airflow/example_dags/example_branch_labels.py
[2025-02-01T20:40:22.375+0000] {processor.py:914} INFO - Processing file /home/airflow/.local/lib/python3.12/site-packages/airflow/example_dags/example_branch_labels.py for tasks to queue
[2025-02-01T20:40:22.377+0000] {logging_mixin.py:190} INFO - [2025-02-01T20:40:22.376+0000] {dagbag.py:588} INFO - Filling up the DagBag from /home/airflow/.local/lib/python3.12/site-packages/airflow/example_dags/example_branch_labels.py
[2025-02-01T20:40:22.383+0000] {processor.py:925} INFO - DAG(s) 'example_branch_labels' retrieved from /home/airflow/.local/lib/python3.12/site-packages/airflow/example_dags/example_branch_labels.py
[2025-02-01T20:40:22.398+0000] {logging_mixin.py:190} INFO - [2025-02-01T20:40:22.398+0000] {dag.py:3239} INFO - Sync 1 DAGs
[2025-02-01T20:40:22.415+0000] {logging_mixin.py:190} INFO - [2025-02-01T20:40:22.415+0000] {dag.py:4180} INFO - Setting next_dagrun for example_branch_labels to 2025-01-31 00:00:00+00:00, run_after=2025-02-01 00:00:00+00:00
[2025-02-01T20:40:22.428+0000] {processor.py:208} INFO - Processing /home/airflow/.local/lib/python3.12/site-packages/airflow/example_dags/example_branch_labels.py took 0.058 seconds
[2025-02-01T20:40:53.892+0000] {processor.py:186} INFO - Started process (PID=1535) to work on /home/airflow/.local/lib/python3.12/site-packages/airflow/example_dags/example_branch_labels.py
[2025-02-01T20:40:53.892+0000] {processor.py:914} INFO - Processing file /home/airflow/.local/lib/python3.12/site-packages/airflow/example_dags/example_branch_labels.py for tasks to queue
[2025-02-01T20:40:53.894+0000] {logging_mixin.py:190} INFO - [2025-02-01T20:40:53.894+0000] {dagbag.py:588} INFO - Filling up the DagBag from /home/airflow/.local/lib/python3.12/site-packages/airflow/example_dags/example_branch_labels.py
[2025-02-01T20:40:53.901+0000] {processor.py:925} INFO - DAG(s) 'example_branch_labels' retrieved from /home/airflow/.local/lib/python3.12/site-packages/airflow/example_dags/example_branch_labels.py
[2025-02-01T20:40:53.917+0000] {logging_mixin.py:190} INFO - [2025-02-01T20:40:53.916+0000] {dag.py:3239} INFO - Sync 1 DAGs
[2025-02-01T20:40:53.935+0000] {logging_mixin.py:190} INFO - [2025-02-01T20:40:53.935+0000] {dag.py:4180} INFO - Setting next_dagrun for example_branch_labels to 2025-01-31 00:00:00+00:00, run_after=2025-02-01 00:00:00+00:00
[2025-02-01T20:40:53.949+0000] {processor.py:208} INFO - Processing /home/airflow/.local/lib/python3.12/site-packages/airflow/example_dags/example_branch_labels.py took 0.062 seconds
[2025-02-01T20:41:24.199+0000] {processor.py:186} INFO - Started process (PID=1826) to work on /home/airflow/.local/lib/python3.12/site-packages/airflow/example_dags/example_branch_labels.py
[2025-02-01T20:41:24.200+0000] {processor.py:914} INFO - Processing file /home/airflow/.local/lib/python3.12/site-packages/airflow/example_dags/example_branch_labels.py for tasks to queue
[2025-02-01T20:41:24.201+0000] {logging_mixin.py:190} INFO - [2025-02-01T20:41:24.201+0000] {dagbag.py:588} INFO - Filling up the DagBag from /home/airflow/.local/lib/python3.12/site-packages/airflow/example_dags/example_branch_labels.py
[2025-02-01T20:41:24.209+0000] {processor.py:925} INFO - DAG(s) 'example_branch_labels' retrieved from /home/airflow/.local/lib/python3.12/site-packages/airflow/example_dags/example_branch_labels.py
[2025-02-01T20:41:24.225+0000] {logging_mixin.py:190} INFO - [2025-02-01T20:41:24.225+0000] {dag.py:3239} INFO - Sync 1 DAGs
[2025-02-01T20:41:24.243+0000] {logging_mixin.py:190} INFO - [2025-02-01T20:41:24.242+0000] {dag.py:4180} INFO - Setting next_dagrun for example_branch_labels to 2025-01-31 00:00:00+00:00, run_after=2025-02-01 00:00:00+00:00
[2025-02-01T20:41:24.256+0000] {processor.py:208} INFO - Processing /home/airflow/.local/lib/python3.12/site-packages/airflow/example_dags/example_branch_labels.py took 0.061 seconds
[2025-02-01T20:41:55.159+0000] {processor.py:186} INFO - Started process (PID=2117) to work on /home/airflow/.local/lib/python3.12/site-packages/airflow/example_dags/example_branch_labels.py
[2025-02-01T20:41:55.160+0000] {processor.py:914} INFO - Processing file /home/airflow/.local/lib/python3.12/site-packages/airflow/example_dags/example_branch_labels.py for tasks to queue
[2025-02-01T20:41:55.161+0000] {logging_mixin.py:190} INFO - [2025-02-01T20:41:55.161+0000] {dagbag.py:588} INFO - Filling up the DagBag from /home/airflow/.local/lib/python3.12/site-packages/airflow/example_dags/example_branch_labels.py
[2025-02-01T20:41:55.169+0000] {processor.py:925} INFO - DAG(s) 'example_branch_labels' retrieved from /home/airflow/.local/lib/python3.12/site-packages/airflow/example_dags/example_branch_labels.py
[2025-02-01T20:41:55.184+0000] {logging_mixin.py:190} INFO - [2025-02-01T20:41:55.184+0000] {dag.py:3239} INFO - Sync 1 DAGs
[2025-02-01T20:41:55.202+0000] {logging_mixin.py:190} INFO - [2025-02-01T20:41:55.202+0000] {dag.py:4180} INFO - Setting next_dagrun for example_branch_labels to 2025-01-31 00:00:00+00:00, run_after=2025-02-01 00:00:00+00:00
[2025-02-01T20:41:55.215+0000] {processor.py:208} INFO - Processing /home/airflow/.local/lib/python3.12/site-packages/airflow/example_dags/example_branch_labels.py took 0.060 seconds
[2025-02-01T20:42:26.293+0000] {processor.py:186} INFO - Started process (PID=2408) to work on /home/airflow/.local/lib/python3.12/site-packages/airflow/example_dags/example_branch_labels.py
[2025-02-01T20:42:26.294+0000] {processor.py:914} INFO - Processing file /home/airflow/.local/lib/python3.12/site-packages/airflow/example_dags/example_branch_labels.py for tasks to queue
[2025-02-01T20:42:26.296+0000] {logging_mixin.py:190} INFO - [2025-02-01T20:42:26.296+0000] {dagbag.py:588} INFO - Filling up the DagBag from /home/airflow/.local/lib/python3.12/site-packages/airflow/example_dags/example_branch_labels.py
[2025-02-01T20:42:26.303+0000] {processor.py:925} INFO - DAG(s) 'example_branch_labels' retrieved from /home/airflow/.local/lib/python3.12/site-packages/airflow/example_dags/example_branch_labels.py
[2025-02-01T20:42:26.318+0000] {logging_mixin.py:190} INFO - [2025-02-01T20:42:26.318+0000] {dag.py:3239} INFO - Sync 1 DAGs
[2025-02-01T20:42:26.336+0000] {logging_mixin.py:190} INFO - [2025-02-01T20:42:26.336+0000] {dag.py:4180} INFO - Setting next_dagrun for example_branch_labels to 2025-01-31 00:00:00+00:00, run_after=2025-02-01 00:00:00+00:00
[2025-02-01T20:42:26.348+0000] {processor.py:208} INFO - Processing /home/airflow/.local/lib/python3.12/site-packages/airflow/example_dags/example_branch_labels.py took 0.059 seconds
[2025-02-01T20:42:57.548+0000] {processor.py:186} INFO - Started process (PID=2699) to work on /home/airflow/.local/lib/python3.12/site-packages/airflow/example_dags/example_branch_labels.py
[2025-02-01T20:42:57.549+0000] {processor.py:914} INFO - Processing file /home/airflow/.local/lib/python3.12/site-packages/airflow/example_dags/example_branch_labels.py for tasks to queue
[2025-02-01T20:42:57.550+0000] {logging_mixin.py:190} INFO - [2025-02-01T20:42:57.550+0000] {dagbag.py:588} INFO - Filling up the DagBag from /home/airflow/.local/lib/python3.12/site-packages/airflow/example_dags/example_branch_labels.py
[2025-02-01T20:42:57.557+0000] {processor.py:925} INFO - DAG(s) 'example_branch_labels' retrieved from /home/airflow/.local/lib/python3.12/site-packages/airflow/example_dags/example_branch_labels.py
[2025-02-01T20:42:57.572+0000] {logging_mixin.py:190} INFO - [2025-02-01T20:42:57.572+0000] {dag.py:3239} INFO - Sync 1 DAGs
[2025-02-01T20:42:57.590+0000] {logging_mixin.py:190} INFO - [2025-02-01T20:42:57.590+0000] {dag.py:4180} INFO - Setting next_dagrun for example_branch_labels to 2025-01-31 00:00:00+00:00, run_after=2025-02-01 00:00:00+00:00
[2025-02-01T20:42:57.602+0000] {processor.py:208} INFO - Processing /home/airflow/.local/lib/python3.12/site-packages/airflow/example_dags/example_branch_labels.py took 0.058 seconds
[2025-02-01T20:43:28.572+0000] {processor.py:186} INFO - Started process (PID=2990) to work on /home/airflow/.local/lib/python3.12/site-packages/airflow/example_dags/example_branch_labels.py
[2025-02-01T20:43:28.573+0000] {processor.py:914} INFO - Processing file /home/airflow/.local/lib/python3.12/site-packages/airflow/example_dags/example_branch_labels.py for tasks to queue
[2025-02-01T20:43:28.574+0000] {logging_mixin.py:190} INFO - [2025-02-01T20:43:28.574+0000] {dagbag.py:588} INFO - Filling up the DagBag from /home/airflow/.local/lib/python3.12/site-packages/airflow/example_dags/example_branch_labels.py
[2025-02-01T20:43:28.582+0000] {processor.py:925} INFO - DAG(s) 'example_branch_labels' retrieved from /home/airflow/.local/lib/python3.12/site-packages/airflow/example_dags/example_branch_labels.py
[2025-02-01T20:43:28.599+0000] {logging_mixin.py:190} INFO - [2025-02-01T20:43:28.599+0000] {dag.py:3239} INFO - Sync 1 DAGs
[2025-02-01T20:43:28.621+0000] {logging_mixin.py:190} INFO - [2025-02-01T20:43:28.621+0000] {dag.py:4180} INFO - Setting next_dagrun for example_branch_labels to 2025-01-31 00:00:00+00:00, run_after=2025-02-01 00:00:00+00:00
[2025-02-01T20:43:28.636+0000] {processor.py:208} INFO - Processing /home/airflow/.local/lib/python3.12/site-packages/airflow/example_dags/example_branch_labels.py took 0.069 seconds
[2025-02-01T20:43:59.842+0000] {processor.py:186} INFO - Started process (PID=3281) to work on /home/airflow/.local/lib/python3.12/site-packages/airflow/example_dags/example_branch_labels.py
[2025-02-01T20:43:59.844+0000] {processor.py:914} INFO - Processing file /home/airflow/.local/lib/python3.12/site-packages/airflow/example_dags/example_branch_labels.py for tasks to queue
[2025-02-01T20:43:59.845+0000] {logging_mixin.py:190} INFO - [2025-02-01T20:43:59.845+0000] {dagbag.py:588} INFO - Filling up the DagBag from /home/airflow/.local/lib/python3.12/site-packages/airflow/example_dags/example_branch_labels.py
[2025-02-01T20:43:59.853+0000] {processor.py:925} INFO - DAG(s) 'example_branch_labels' retrieved from /home/airflow/.local/lib/python3.12/site-packages/airflow/example_dags/example_branch_labels.py
[2025-02-01T20:43:59.872+0000] {logging_mixin.py:190} INFO - [2025-02-01T20:43:59.872+0000] {dag.py:3239} INFO - Sync 1 DAGs
[2025-02-01T20:43:59.891+0000] {logging_mixin.py:190} INFO - [2025-02-01T20:43:59.891+0000] {dag.py:4180} INFO - Setting next_dagrun for example_branch_labels to 2025-01-31 00:00:00+00:00, run_after=2025-02-01 00:00:00+00:00
[2025-02-01T20:43:59.905+0000] {processor.py:208} INFO - Processing /home/airflow/.local/lib/python3.12/site-packages/airflow/example_dags/example_branch_labels.py took 0.068 seconds
[2025-02-01T20:44:30.428+0000] {processor.py:186} INFO - Started process (PID=3572) to work on /home/airflow/.local/lib/python3.12/site-packages/airflow/example_dags/example_branch_labels.py
[2025-02-01T20:44:30.429+0000] {processor.py:914} INFO - Processing file /home/airflow/.local/lib/python3.12/site-packages/airflow/example_dags/example_branch_labels.py for tasks to queue
[2025-02-01T20:44:30.430+0000] {logging_mixin.py:190} INFO - [2025-02-01T20:44:30.430+0000] {dagbag.py:588} INFO - Filling up the DagBag from /home/airflow/.local/lib/python3.12/site-packages/airflow/example_dags/example_branch_labels.py
[2025-02-01T20:44:30.437+0000] {processor.py:925} INFO - DAG(s) 'example_branch_labels' retrieved from /home/airflow/.local/lib/python3.12/site-packages/airflow/example_dags/example_branch_labels.py
[2025-02-01T20:44:30.453+0000] {logging_mixin.py:190} INFO - [2025-02-01T20:44:30.453+0000] {dag.py:3239} INFO - Sync 1 DAGs
[2025-02-01T20:44:30.471+0000] {logging_mixin.py:190} INFO - [2025-02-01T20:44:30.471+0000] {dag.py:4180} INFO - Setting next_dagrun for example_branch_labels to 2025-01-31 00:00:00+00:00, run_after=2025-02-01 00:00:00+00:00
[2025-02-01T20:44:30.485+0000] {processor.py:208} INFO - Processing /home/airflow/.local/lib/python3.12/site-packages/airflow/example_dags/example_branch_labels.py took 0.061 seconds
[2025-02-01T20:45:01.931+0000] {processor.py:186} INFO - Started process (PID=3874) to work on /home/airflow/.local/lib/python3.12/site-packages/airflow/example_dags/example_branch_labels.py
[2025-02-01T20:45:01.932+0000] {processor.py:914} INFO - Processing file /home/airflow/.local/lib/python3.12/site-packages/airflow/example_dags/example_branch_labels.py for tasks to queue
[2025-02-01T20:45:01.934+0000] {logging_mixin.py:190} INFO - [2025-02-01T20:45:01.933+0000] {dagbag.py:588} INFO - Filling up the DagBag from /home/airflow/.local/lib/python3.12/site-packages/airflow/example_dags/example_branch_labels.py
[2025-02-01T20:45:01.943+0000] {processor.py:925} INFO - DAG(s) 'example_branch_labels' retrieved from /home/airflow/.local/lib/python3.12/site-packages/airflow/example_dags/example_branch_labels.py
[2025-02-01T20:45:01.960+0000] {logging_mixin.py:190} INFO - [2025-02-01T20:45:01.960+0000] {dag.py:3239} INFO - Sync 1 DAGs
[2025-02-01T20:45:01.985+0000] {logging_mixin.py:190} INFO - [2025-02-01T20:45:01.984+0000] {dag.py:4180} INFO - Setting next_dagrun for example_branch_labels to 2025-01-31 00:00:00+00:00, run_after=2025-02-01 00:00:00+00:00
[2025-02-01T20:45:02.002+0000] {processor.py:208} INFO - Processing /home/airflow/.local/lib/python3.12/site-packages/airflow/example_dags/example_branch_labels.py took 0.077 seconds
