[2025-02-01T20:33:42.972+0000] {processor.py:186} INFO - Started process (PID=427) to work on /home/airflow/.local/lib/python3.12/site-packages/airflow/example_dags/example_task_group_decorator.py
[2025-02-01T20:33:42.974+0000] {processor.py:914} INFO - Processing file /home/airflow/.local/lib/python3.12/site-packages/airflow/example_dags/example_task_group_decorator.py for tasks to queue
[2025-02-01T20:33:42.976+0000] {logging_mixin.py:190} INFO - [2025-02-01T20:33:42.976+0000] {dagbag.py:588} INFO - Filling up the DagBag from /home/airflow/.local/lib/python3.12/site-packages/airflow/example_dags/example_task_group_decorator.py
[2025-02-01T20:33:42.997+0000] {processor.py:925} INFO - DAG(s) 'example_task_group_decorator' retrieved from /home/airflow/.local/lib/python3.12/site-packages/airflow/example_dags/example_task_group_decorator.py
[2025-02-01T20:33:43.126+0000] {logging_mixin.py:190} INFO - [2025-02-01T20:33:43.125+0000] {override.py:1911} INFO - Created Permission View: can read on DAG:example_task_group_decorator
[2025-02-01T20:33:43.135+0000] {logging_mixin.py:190} INFO - [2025-02-01T20:33:43.135+0000] {override.py:1911} INFO - Created Permission View: can delete on DAG:example_task_group_decorator
[2025-02-01T20:33:43.140+0000] {logging_mixin.py:190} INFO - [2025-02-01T20:33:43.140+0000] {override.py:1911} INFO - Created Permission View: can edit on DAG:example_task_group_decorator
[2025-02-01T20:33:43.146+0000] {logging_mixin.py:190} INFO - [2025-02-01T20:33:43.146+0000] {override.py:1911} INFO - Created Permission View: can read on DAG Run:example_task_group_decorator
[2025-02-01T20:33:43.152+0000] {logging_mixin.py:190} INFO - [2025-02-01T20:33:43.152+0000] {override.py:1911} INFO - Created Permission View: menu access on DAG Run:example_task_group_decorator
[2025-02-01T20:33:43.158+0000] {logging_mixin.py:190} INFO - [2025-02-01T20:33:43.158+0000] {override.py:1911} INFO - Created Permission View: can create on DAG Run:example_task_group_decorator
[2025-02-01T20:33:43.164+0000] {logging_mixin.py:190} INFO - [2025-02-01T20:33:43.163+0000] {override.py:1911} INFO - Created Permission View: can delete on DAG Run:example_task_group_decorator
[2025-02-01T20:33:43.164+0000] {logging_mixin.py:190} INFO - [2025-02-01T20:33:43.164+0000] {dag.py:3239} INFO - Sync 1 DAGs
[2025-02-01T20:33:43.175+0000] {logging_mixin.py:190} INFO - [2025-02-01T20:33:43.175+0000] {dag.py:3262} INFO - Creating ORM DAG for example_task_group_decorator
[2025-02-01T20:33:43.176+0000] {logging_mixin.py:190} INFO - [2025-02-01T20:33:43.176+0000] {dag.py:4180} INFO - Setting next_dagrun for example_task_group_decorator to None, run_after=None
[2025-02-01T20:33:43.190+0000] {processor.py:208} INFO - Processing /home/airflow/.local/lib/python3.12/site-packages/airflow/example_dags/example_task_group_decorator.py took 0.224 seconds
[2025-02-01T20:34:13.985+0000] {processor.py:186} INFO - Started process (PID=720) to work on /home/airflow/.local/lib/python3.12/site-packages/airflow/example_dags/example_task_group_decorator.py
[2025-02-01T20:34:13.986+0000] {processor.py:914} INFO - Processing file /home/airflow/.local/lib/python3.12/site-packages/airflow/example_dags/example_task_group_decorator.py for tasks to queue
[2025-02-01T20:34:13.987+0000] {logging_mixin.py:190} INFO - [2025-02-01T20:34:13.987+0000] {dagbag.py:588} INFO - Filling up the DagBag from /home/airflow/.local/lib/python3.12/site-packages/airflow/example_dags/example_task_group_decorator.py
[2025-02-01T20:34:13.998+0000] {processor.py:925} INFO - DAG(s) 'example_task_group_decorator' retrieved from /home/airflow/.local/lib/python3.12/site-packages/airflow/example_dags/example_task_group_decorator.py
[2025-02-01T20:34:14.017+0000] {logging_mixin.py:190} INFO - [2025-02-01T20:34:14.017+0000] {dag.py:3239} INFO - Sync 1 DAGs
[2025-02-01T20:34:14.027+0000] {logging_mixin.py:190} INFO - [2025-02-01T20:34:14.027+0000] {dag.py:4180} INFO - Setting next_dagrun for example_task_group_decorator to None, run_after=None
[2025-02-01T20:34:14.040+0000] {processor.py:208} INFO - Processing /home/airflow/.local/lib/python3.12/site-packages/airflow/example_dags/example_task_group_decorator.py took 0.059 seconds
[2025-02-01T20:34:44.552+0000] {processor.py:186} INFO - Started process (PID=1011) to work on /home/airflow/.local/lib/python3.12/site-packages/airflow/example_dags/example_task_group_decorator.py
[2025-02-01T20:34:44.552+0000] {processor.py:914} INFO - Processing file /home/airflow/.local/lib/python3.12/site-packages/airflow/example_dags/example_task_group_decorator.py for tasks to queue
[2025-02-01T20:34:44.554+0000] {logging_mixin.py:190} INFO - [2025-02-01T20:34:44.554+0000] {dagbag.py:588} INFO - Filling up the DagBag from /home/airflow/.local/lib/python3.12/site-packages/airflow/example_dags/example_task_group_decorator.py
[2025-02-01T20:34:44.565+0000] {processor.py:925} INFO - DAG(s) 'example_task_group_decorator' retrieved from /home/airflow/.local/lib/python3.12/site-packages/airflow/example_dags/example_task_group_decorator.py
[2025-02-01T20:34:44.585+0000] {logging_mixin.py:190} INFO - [2025-02-01T20:34:44.585+0000] {dag.py:3239} INFO - Sync 1 DAGs
[2025-02-01T20:34:44.597+0000] {logging_mixin.py:190} INFO - [2025-02-01T20:34:44.597+0000] {dag.py:4180} INFO - Setting next_dagrun for example_task_group_decorator to None, run_after=None
[2025-02-01T20:34:44.610+0000] {processor.py:208} INFO - Processing /home/airflow/.local/lib/python3.12/site-packages/airflow/example_dags/example_task_group_decorator.py took 0.062 seconds
[2025-02-01T20:35:14.845+0000] {processor.py:186} INFO - Started process (PID=1302) to work on /home/airflow/.local/lib/python3.12/site-packages/airflow/example_dags/example_task_group_decorator.py
[2025-02-01T20:35:14.845+0000] {processor.py:914} INFO - Processing file /home/airflow/.local/lib/python3.12/site-packages/airflow/example_dags/example_task_group_decorator.py for tasks to queue
[2025-02-01T20:35:14.847+0000] {logging_mixin.py:190} INFO - [2025-02-01T20:35:14.846+0000] {dagbag.py:588} INFO - Filling up the DagBag from /home/airflow/.local/lib/python3.12/site-packages/airflow/example_dags/example_task_group_decorator.py
[2025-02-01T20:35:14.858+0000] {processor.py:925} INFO - DAG(s) 'example_task_group_decorator' retrieved from /home/airflow/.local/lib/python3.12/site-packages/airflow/example_dags/example_task_group_decorator.py
[2025-02-01T20:35:14.876+0000] {logging_mixin.py:190} INFO - [2025-02-01T20:35:14.876+0000] {dag.py:3239} INFO - Sync 1 DAGs
[2025-02-01T20:35:14.887+0000] {logging_mixin.py:190} INFO - [2025-02-01T20:35:14.887+0000] {dag.py:4180} INFO - Setting next_dagrun for example_task_group_decorator to None, run_after=None
[2025-02-01T20:35:14.899+0000] {processor.py:208} INFO - Processing /home/airflow/.local/lib/python3.12/site-packages/airflow/example_dags/example_task_group_decorator.py took 0.058 seconds
[2025-02-01T20:38:50.909+0000] {processor.py:186} INFO - Started process (PID=421) to work on /home/airflow/.local/lib/python3.12/site-packages/airflow/example_dags/example_task_group_decorator.py
[2025-02-01T20:38:50.909+0000] {processor.py:914} INFO - Processing file /home/airflow/.local/lib/python3.12/site-packages/airflow/example_dags/example_task_group_decorator.py for tasks to queue
[2025-02-01T20:38:50.911+0000] {logging_mixin.py:190} INFO - [2025-02-01T20:38:50.911+0000] {dagbag.py:588} INFO - Filling up the DagBag from /home/airflow/.local/lib/python3.12/site-packages/airflow/example_dags/example_task_group_decorator.py
[2025-02-01T20:38:50.924+0000] {processor.py:925} INFO - DAG(s) 'example_task_group_decorator' retrieved from /home/airflow/.local/lib/python3.12/site-packages/airflow/example_dags/example_task_group_decorator.py
[2025-02-01T20:38:50.945+0000] {logging_mixin.py:190} INFO - [2025-02-01T20:38:50.945+0000] {dag.py:3239} INFO - Sync 1 DAGs
[2025-02-01T20:38:50.958+0000] {logging_mixin.py:190} INFO - [2025-02-01T20:38:50.957+0000] {dag.py:4180} INFO - Setting next_dagrun for example_task_group_decorator to None, run_after=None
[2025-02-01T20:38:50.973+0000] {processor.py:208} INFO - Processing /home/airflow/.local/lib/python3.12/site-packages/airflow/example_dags/example_task_group_decorator.py took 0.068 seconds
[2025-02-01T20:39:21.996+0000] {processor.py:186} INFO - Started process (PID=712) to work on /home/airflow/.local/lib/python3.12/site-packages/airflow/example_dags/example_task_group_decorator.py
[2025-02-01T20:39:21.996+0000] {processor.py:914} INFO - Processing file /home/airflow/.local/lib/python3.12/site-packages/airflow/example_dags/example_task_group_decorator.py for tasks to queue
[2025-02-01T20:39:21.998+0000] {logging_mixin.py:190} INFO - [2025-02-01T20:39:21.998+0000] {dagbag.py:588} INFO - Filling up the DagBag from /home/airflow/.local/lib/python3.12/site-packages/airflow/example_dags/example_task_group_decorator.py
[2025-02-01T20:39:22.009+0000] {processor.py:925} INFO - DAG(s) 'example_task_group_decorator' retrieved from /home/airflow/.local/lib/python3.12/site-packages/airflow/example_dags/example_task_group_decorator.py
[2025-02-01T20:39:22.028+0000] {logging_mixin.py:190} INFO - [2025-02-01T20:39:22.028+0000] {dag.py:3239} INFO - Sync 1 DAGs
[2025-02-01T20:39:22.038+0000] {logging_mixin.py:190} INFO - [2025-02-01T20:39:22.038+0000] {dag.py:4180} INFO - Setting next_dagrun for example_task_group_decorator to None, run_after=None
[2025-02-01T20:39:22.051+0000] {processor.py:208} INFO - Processing /home/airflow/.local/lib/python3.12/site-packages/airflow/example_dags/example_task_group_decorator.py took 0.060 seconds
[2025-02-01T20:39:53.149+0000] {processor.py:186} INFO - Started process (PID=1005) to work on /home/airflow/.local/lib/python3.12/site-packages/airflow/example_dags/example_task_group_decorator.py
[2025-02-01T20:39:53.150+0000] {processor.py:914} INFO - Processing file /home/airflow/.local/lib/python3.12/site-packages/airflow/example_dags/example_task_group_decorator.py for tasks to queue
[2025-02-01T20:39:53.151+0000] {logging_mixin.py:190} INFO - [2025-02-01T20:39:53.151+0000] {dagbag.py:588} INFO - Filling up the DagBag from /home/airflow/.local/lib/python3.12/site-packages/airflow/example_dags/example_task_group_decorator.py
[2025-02-01T20:39:53.163+0000] {processor.py:925} INFO - DAG(s) 'example_task_group_decorator' retrieved from /home/airflow/.local/lib/python3.12/site-packages/airflow/example_dags/example_task_group_decorator.py
[2025-02-01T20:39:53.183+0000] {logging_mixin.py:190} INFO - [2025-02-01T20:39:53.183+0000] {dag.py:3239} INFO - Sync 1 DAGs
[2025-02-01T20:39:53.194+0000] {logging_mixin.py:190} INFO - [2025-02-01T20:39:53.194+0000] {dag.py:4180} INFO - Setting next_dagrun for example_task_group_decorator to None, run_after=None
[2025-02-01T20:39:53.208+0000] {processor.py:208} INFO - Processing /home/airflow/.local/lib/python3.12/site-packages/airflow/example_dags/example_task_group_decorator.py took 0.063 seconds
[2025-02-01T20:40:23.609+0000] {processor.py:186} INFO - Started process (PID=1296) to work on /home/airflow/.local/lib/python3.12/site-packages/airflow/example_dags/example_task_group_decorator.py
[2025-02-01T20:40:23.609+0000] {processor.py:914} INFO - Processing file /home/airflow/.local/lib/python3.12/site-packages/airflow/example_dags/example_task_group_decorator.py for tasks to queue
[2025-02-01T20:40:23.611+0000] {logging_mixin.py:190} INFO - [2025-02-01T20:40:23.611+0000] {dagbag.py:588} INFO - Filling up the DagBag from /home/airflow/.local/lib/python3.12/site-packages/airflow/example_dags/example_task_group_decorator.py
[2025-02-01T20:40:23.622+0000] {processor.py:925} INFO - DAG(s) 'example_task_group_decorator' retrieved from /home/airflow/.local/lib/python3.12/site-packages/airflow/example_dags/example_task_group_decorator.py
[2025-02-01T20:40:23.641+0000] {logging_mixin.py:190} INFO - [2025-02-01T20:40:23.641+0000] {dag.py:3239} INFO - Sync 1 DAGs
[2025-02-01T20:40:23.652+0000] {logging_mixin.py:190} INFO - [2025-02-01T20:40:23.652+0000] {dag.py:4180} INFO - Setting next_dagrun for example_task_group_decorator to None, run_after=None
[2025-02-01T20:40:23.666+0000] {processor.py:208} INFO - Processing /home/airflow/.local/lib/python3.12/site-packages/airflow/example_dags/example_task_group_decorator.py took 0.061 seconds
[2025-02-01T20:40:55.261+0000] {processor.py:186} INFO - Started process (PID=1587) to work on /home/airflow/.local/lib/python3.12/site-packages/airflow/example_dags/example_task_group_decorator.py
[2025-02-01T20:40:55.262+0000] {processor.py:914} INFO - Processing file /home/airflow/.local/lib/python3.12/site-packages/airflow/example_dags/example_task_group_decorator.py for tasks to queue
[2025-02-01T20:40:55.263+0000] {logging_mixin.py:190} INFO - [2025-02-01T20:40:55.263+0000] {dagbag.py:588} INFO - Filling up the DagBag from /home/airflow/.local/lib/python3.12/site-packages/airflow/example_dags/example_task_group_decorator.py
[2025-02-01T20:40:55.275+0000] {processor.py:925} INFO - DAG(s) 'example_task_group_decorator' retrieved from /home/airflow/.local/lib/python3.12/site-packages/airflow/example_dags/example_task_group_decorator.py
[2025-02-01T20:40:55.294+0000] {logging_mixin.py:190} INFO - [2025-02-01T20:40:55.294+0000] {dag.py:3239} INFO - Sync 1 DAGs
[2025-02-01T20:40:55.305+0000] {logging_mixin.py:190} INFO - [2025-02-01T20:40:55.305+0000] {dag.py:4180} INFO - Setting next_dagrun for example_task_group_decorator to None, run_after=None
[2025-02-01T20:40:55.319+0000] {processor.py:208} INFO - Processing /home/airflow/.local/lib/python3.12/site-packages/airflow/example_dags/example_task_group_decorator.py took 0.062 seconds
[2025-02-01T20:41:26.147+0000] {processor.py:186} INFO - Started process (PID=1876) to work on /home/airflow/.local/lib/python3.12/site-packages/airflow/example_dags/example_task_group_decorator.py
[2025-02-01T20:41:26.148+0000] {processor.py:914} INFO - Processing file /home/airflow/.local/lib/python3.12/site-packages/airflow/example_dags/example_task_group_decorator.py for tasks to queue
[2025-02-01T20:41:26.151+0000] {logging_mixin.py:190} INFO - [2025-02-01T20:41:26.151+0000] {dagbag.py:588} INFO - Filling up the DagBag from /home/airflow/.local/lib/python3.12/site-packages/airflow/example_dags/example_task_group_decorator.py
[2025-02-01T20:41:26.168+0000] {processor.py:925} INFO - DAG(s) 'example_task_group_decorator' retrieved from /home/airflow/.local/lib/python3.12/site-packages/airflow/example_dags/example_task_group_decorator.py
[2025-02-01T20:41:26.191+0000] {logging_mixin.py:190} INFO - [2025-02-01T20:41:26.191+0000] {dag.py:3239} INFO - Sync 1 DAGs
[2025-02-01T20:41:26.205+0000] {logging_mixin.py:190} INFO - [2025-02-01T20:41:26.205+0000] {dag.py:4180} INFO - Setting next_dagrun for example_task_group_decorator to None, run_after=None
[2025-02-01T20:41:26.224+0000] {processor.py:208} INFO - Processing /home/airflow/.local/lib/python3.12/site-packages/airflow/example_dags/example_task_group_decorator.py took 0.085 seconds
[2025-02-01T20:41:57.169+0000] {processor.py:186} INFO - Started process (PID=2167) to work on /home/airflow/.local/lib/python3.12/site-packages/airflow/example_dags/example_task_group_decorator.py
[2025-02-01T20:41:57.170+0000] {processor.py:914} INFO - Processing file /home/airflow/.local/lib/python3.12/site-packages/airflow/example_dags/example_task_group_decorator.py for tasks to queue
[2025-02-01T20:41:57.171+0000] {logging_mixin.py:190} INFO - [2025-02-01T20:41:57.171+0000] {dagbag.py:588} INFO - Filling up the DagBag from /home/airflow/.local/lib/python3.12/site-packages/airflow/example_dags/example_task_group_decorator.py
[2025-02-01T20:41:57.182+0000] {processor.py:925} INFO - DAG(s) 'example_task_group_decorator' retrieved from /home/airflow/.local/lib/python3.12/site-packages/airflow/example_dags/example_task_group_decorator.py
[2025-02-01T20:41:57.201+0000] {logging_mixin.py:190} INFO - [2025-02-01T20:41:57.201+0000] {dag.py:3239} INFO - Sync 1 DAGs
[2025-02-01T20:41:57.211+0000] {logging_mixin.py:190} INFO - [2025-02-01T20:41:57.211+0000] {dag.py:4180} INFO - Setting next_dagrun for example_task_group_decorator to None, run_after=None
[2025-02-01T20:41:57.224+0000] {processor.py:208} INFO - Processing /home/airflow/.local/lib/python3.12/site-packages/airflow/example_dags/example_task_group_decorator.py took 0.058 seconds
[2025-02-01T20:42:28.475+0000] {processor.py:186} INFO - Started process (PID=2458) to work on /home/airflow/.local/lib/python3.12/site-packages/airflow/example_dags/example_task_group_decorator.py
[2025-02-01T20:42:28.476+0000] {processor.py:914} INFO - Processing file /home/airflow/.local/lib/python3.12/site-packages/airflow/example_dags/example_task_group_decorator.py for tasks to queue
[2025-02-01T20:42:28.477+0000] {logging_mixin.py:190} INFO - [2025-02-01T20:42:28.477+0000] {dagbag.py:588} INFO - Filling up the DagBag from /home/airflow/.local/lib/python3.12/site-packages/airflow/example_dags/example_task_group_decorator.py
[2025-02-01T20:42:28.492+0000] {processor.py:925} INFO - DAG(s) 'example_task_group_decorator' retrieved from /home/airflow/.local/lib/python3.12/site-packages/airflow/example_dags/example_task_group_decorator.py
[2025-02-01T20:42:28.513+0000] {logging_mixin.py:190} INFO - [2025-02-01T20:42:28.513+0000] {dag.py:3239} INFO - Sync 1 DAGs
[2025-02-01T20:42:28.527+0000] {logging_mixin.py:190} INFO - [2025-02-01T20:42:28.527+0000] {dag.py:4180} INFO - Setting next_dagrun for example_task_group_decorator to None, run_after=None
[2025-02-01T20:42:28.543+0000] {processor.py:208} INFO - Processing /home/airflow/.local/lib/python3.12/site-packages/airflow/example_dags/example_task_group_decorator.py took 0.074 seconds
[2025-02-01T20:42:59.133+0000] {processor.py:186} INFO - Started process (PID=2749) to work on /home/airflow/.local/lib/python3.12/site-packages/airflow/example_dags/example_task_group_decorator.py
[2025-02-01T20:42:59.134+0000] {processor.py:914} INFO - Processing file /home/airflow/.local/lib/python3.12/site-packages/airflow/example_dags/example_task_group_decorator.py for tasks to queue
[2025-02-01T20:42:59.135+0000] {logging_mixin.py:190} INFO - [2025-02-01T20:42:59.135+0000] {dagbag.py:588} INFO - Filling up the DagBag from /home/airflow/.local/lib/python3.12/site-packages/airflow/example_dags/example_task_group_decorator.py
[2025-02-01T20:42:59.149+0000] {processor.py:925} INFO - DAG(s) 'example_task_group_decorator' retrieved from /home/airflow/.local/lib/python3.12/site-packages/airflow/example_dags/example_task_group_decorator.py
[2025-02-01T20:42:59.174+0000] {logging_mixin.py:190} INFO - [2025-02-01T20:42:59.173+0000] {dag.py:3239} INFO - Sync 1 DAGs
[2025-02-01T20:42:59.186+0000] {logging_mixin.py:190} INFO - [2025-02-01T20:42:59.186+0000] {dag.py:4180} INFO - Setting next_dagrun for example_task_group_decorator to None, run_after=None
[2025-02-01T20:42:59.203+0000] {processor.py:208} INFO - Processing /home/airflow/.local/lib/python3.12/site-packages/airflow/example_dags/example_task_group_decorator.py took 0.074 seconds
[2025-02-01T20:43:30.466+0000] {processor.py:186} INFO - Started process (PID=3042) to work on /home/airflow/.local/lib/python3.12/site-packages/airflow/example_dags/example_task_group_decorator.py
[2025-02-01T20:43:30.467+0000] {processor.py:914} INFO - Processing file /home/airflow/.local/lib/python3.12/site-packages/airflow/example_dags/example_task_group_decorator.py for tasks to queue
[2025-02-01T20:43:30.469+0000] {logging_mixin.py:190} INFO - [2025-02-01T20:43:30.468+0000] {dagbag.py:588} INFO - Filling up the DagBag from /home/airflow/.local/lib/python3.12/site-packages/airflow/example_dags/example_task_group_decorator.py
[2025-02-01T20:43:30.483+0000] {processor.py:925} INFO - DAG(s) 'example_task_group_decorator' retrieved from /home/airflow/.local/lib/python3.12/site-packages/airflow/example_dags/example_task_group_decorator.py
[2025-02-01T20:43:30.506+0000] {logging_mixin.py:190} INFO - [2025-02-01T20:43:30.505+0000] {dag.py:3239} INFO - Sync 1 DAGs
[2025-02-01T20:43:30.518+0000] {logging_mixin.py:190} INFO - [2025-02-01T20:43:30.518+0000] {dag.py:4180} INFO - Setting next_dagrun for example_task_group_decorator to None, run_after=None
[2025-02-01T20:43:30.534+0000] {processor.py:208} INFO - Processing /home/airflow/.local/lib/python3.12/site-packages/airflow/example_dags/example_task_group_decorator.py took 0.073 seconds
[2025-02-01T20:44:01.043+0000] {processor.py:186} INFO - Started process (PID=3333) to work on /home/airflow/.local/lib/python3.12/site-packages/airflow/example_dags/example_task_group_decorator.py
[2025-02-01T20:44:01.043+0000] {processor.py:914} INFO - Processing file /home/airflow/.local/lib/python3.12/site-packages/airflow/example_dags/example_task_group_decorator.py for tasks to queue
[2025-02-01T20:44:01.046+0000] {logging_mixin.py:190} INFO - [2025-02-01T20:44:01.045+0000] {dagbag.py:588} INFO - Filling up the DagBag from /home/airflow/.local/lib/python3.12/site-packages/airflow/example_dags/example_task_group_decorator.py
[2025-02-01T20:44:01.060+0000] {processor.py:925} INFO - DAG(s) 'example_task_group_decorator' retrieved from /home/airflow/.local/lib/python3.12/site-packages/airflow/example_dags/example_task_group_decorator.py
[2025-02-01T20:44:01.083+0000] {logging_mixin.py:190} INFO - [2025-02-01T20:44:01.083+0000] {dag.py:3239} INFO - Sync 1 DAGs
[2025-02-01T20:44:01.097+0000] {logging_mixin.py:190} INFO - [2025-02-01T20:44:01.097+0000] {dag.py:4180} INFO - Setting next_dagrun for example_task_group_decorator to None, run_after=None
[2025-02-01T20:44:01.115+0000] {processor.py:208} INFO - Processing /home/airflow/.local/lib/python3.12/site-packages/airflow/example_dags/example_task_group_decorator.py took 0.076 seconds
[2025-02-01T20:44:31.280+0000] {processor.py:186} INFO - Started process (PID=3628) to work on /home/airflow/.local/lib/python3.12/site-packages/airflow/example_dags/example_task_group_decorator.py
[2025-02-01T20:44:31.281+0000] {processor.py:914} INFO - Processing file /home/airflow/.local/lib/python3.12/site-packages/airflow/example_dags/example_task_group_decorator.py for tasks to queue
[2025-02-01T20:44:31.282+0000] {logging_mixin.py:190} INFO - [2025-02-01T20:44:31.282+0000] {dagbag.py:588} INFO - Filling up the DagBag from /home/airflow/.local/lib/python3.12/site-packages/airflow/example_dags/example_task_group_decorator.py
[2025-02-01T20:44:31.294+0000] {processor.py:925} INFO - DAG(s) 'example_task_group_decorator' retrieved from /home/airflow/.local/lib/python3.12/site-packages/airflow/example_dags/example_task_group_decorator.py
[2025-02-01T20:44:31.314+0000] {logging_mixin.py:190} INFO - [2025-02-01T20:44:31.313+0000] {dag.py:3239} INFO - Sync 1 DAGs
[2025-02-01T20:44:31.325+0000] {logging_mixin.py:190} INFO - [2025-02-01T20:44:31.324+0000] {dag.py:4180} INFO - Setting next_dagrun for example_task_group_decorator to None, run_after=None
[2025-02-01T20:44:31.338+0000] {processor.py:208} INFO - Processing /home/airflow/.local/lib/python3.12/site-packages/airflow/example_dags/example_task_group_decorator.py took 0.062 seconds
[2025-02-01T20:45:02.478+0000] {processor.py:186} INFO - Started process (PID=3919) to work on /home/airflow/.local/lib/python3.12/site-packages/airflow/example_dags/example_task_group_decorator.py
[2025-02-01T20:45:02.478+0000] {processor.py:914} INFO - Processing file /home/airflow/.local/lib/python3.12/site-packages/airflow/example_dags/example_task_group_decorator.py for tasks to queue
[2025-02-01T20:45:02.480+0000] {logging_mixin.py:190} INFO - [2025-02-01T20:45:02.480+0000] {dagbag.py:588} INFO - Filling up the DagBag from /home/airflow/.local/lib/python3.12/site-packages/airflow/example_dags/example_task_group_decorator.py
[2025-02-01T20:45:02.492+0000] {processor.py:925} INFO - DAG(s) 'example_task_group_decorator' retrieved from /home/airflow/.local/lib/python3.12/site-packages/airflow/example_dags/example_task_group_decorator.py
[2025-02-01T20:45:02.513+0000] {logging_mixin.py:190} INFO - [2025-02-01T20:45:02.513+0000] {dag.py:3239} INFO - Sync 1 DAGs
[2025-02-01T20:45:02.525+0000] {logging_mixin.py:190} INFO - [2025-02-01T20:45:02.524+0000] {dag.py:4180} INFO - Setting next_dagrun for example_task_group_decorator to None, run_after=None
[2025-02-01T20:45:02.539+0000] {processor.py:208} INFO - Processing /home/airflow/.local/lib/python3.12/site-packages/airflow/example_dags/example_task_group_decorator.py took 0.066 seconds
