[2025-02-01T20:33:34.253+0000] {processor.py:186} INFO - Started process (PID=216) to work on /home/airflow/.local/lib/python3.12/site-packages/airflow/example_dags/example_branch_operator_decorator.py
[2025-02-01T20:33:34.254+0000] {processor.py:914} INFO - Processing file /home/airflow/.local/lib/python3.12/site-packages/airflow/example_dags/example_branch_operator_decorator.py for tasks to queue
[2025-02-01T20:33:34.256+0000] {logging_mixin.py:190} INFO - [2025-02-01T20:33:34.256+0000] {dagbag.py:588} INFO - Filling up the DagBag from /home/airflow/.local/lib/python3.12/site-packages/airflow/example_dags/example_branch_operator_decorator.py
[2025-02-01T20:33:34.284+0000] {processor.py:925} INFO - DAG(s) 'example_branch_python_operator_decorator' retrieved from /home/airflow/.local/lib/python3.12/site-packages/airflow/example_dags/example_branch_operator_decorator.py
[2025-02-01T20:33:34.490+0000] {logging_mixin.py:190} INFO - [2025-02-01T20:33:34.489+0000] {override.py:1911} INFO - Created Permission View: can read on DAG:example_branch_python_operator_decorator
[2025-02-01T20:33:34.500+0000] {logging_mixin.py:190} INFO - [2025-02-01T20:33:34.499+0000] {override.py:1911} INFO - Created Permission View: can delete on DAG:example_branch_python_operator_decorator
[2025-02-01T20:33:34.505+0000] {logging_mixin.py:190} INFO - [2025-02-01T20:33:34.505+0000] {override.py:1911} INFO - Created Permission View: can edit on DAG:example_branch_python_operator_decorator
[2025-02-01T20:33:34.512+0000] {logging_mixin.py:190} INFO - [2025-02-01T20:33:34.511+0000] {override.py:1911} INFO - Created Permission View: can read on DAG Run:example_branch_python_operator_decorator
[2025-02-01T20:33:34.517+0000] {logging_mixin.py:190} INFO - [2025-02-01T20:33:34.517+0000] {override.py:1911} INFO - Created Permission View: menu access on DAG Run:example_branch_python_operator_decorator
[2025-02-01T20:33:34.522+0000] {logging_mixin.py:190} INFO - [2025-02-01T20:33:34.522+0000] {override.py:1911} INFO - Created Permission View: can create on DAG Run:example_branch_python_operator_decorator
[2025-02-01T20:33:34.528+0000] {logging_mixin.py:190} INFO - [2025-02-01T20:33:34.528+0000] {override.py:1911} INFO - Created Permission View: can delete on DAG Run:example_branch_python_operator_decorator
[2025-02-01T20:33:34.529+0000] {logging_mixin.py:190} INFO - [2025-02-01T20:33:34.529+0000] {dag.py:3239} INFO - Sync 1 DAGs
[2025-02-01T20:33:34.541+0000] {logging_mixin.py:190} INFO - [2025-02-01T20:33:34.541+0000] {dag.py:3262} INFO - Creating ORM DAG for example_branch_python_operator_decorator
[2025-02-01T20:33:34.550+0000] {logging_mixin.py:190} INFO - [2025-02-01T20:33:34.549+0000] {dag.py:4180} INFO - Setting next_dagrun for example_branch_python_operator_decorator to 2025-01-31 00:00:00+00:00, run_after=2025-02-01 00:00:00+00:00
[2025-02-01T20:33:34.566+0000] {processor.py:208} INFO - Processing /home/airflow/.local/lib/python3.12/site-packages/airflow/example_dags/example_branch_operator_decorator.py took 0.318 seconds
[2025-02-01T20:34:05.405+0000] {processor.py:186} INFO - Started process (PID=507) to work on /home/airflow/.local/lib/python3.12/site-packages/airflow/example_dags/example_branch_operator_decorator.py
[2025-02-01T20:34:05.405+0000] {processor.py:914} INFO - Processing file /home/airflow/.local/lib/python3.12/site-packages/airflow/example_dags/example_branch_operator_decorator.py for tasks to queue
[2025-02-01T20:34:05.407+0000] {logging_mixin.py:190} INFO - [2025-02-01T20:34:05.407+0000] {dagbag.py:588} INFO - Filling up the DagBag from /home/airflow/.local/lib/python3.12/site-packages/airflow/example_dags/example_branch_operator_decorator.py
[2025-02-01T20:34:05.423+0000] {processor.py:925} INFO - DAG(s) 'example_branch_python_operator_decorator' retrieved from /home/airflow/.local/lib/python3.12/site-packages/airflow/example_dags/example_branch_operator_decorator.py
[2025-02-01T20:34:05.446+0000] {logging_mixin.py:190} INFO - [2025-02-01T20:34:05.446+0000] {dag.py:3239} INFO - Sync 1 DAGs
[2025-02-01T20:34:05.466+0000] {logging_mixin.py:190} INFO - [2025-02-01T20:34:05.466+0000] {dag.py:4180} INFO - Setting next_dagrun for example_branch_python_operator_decorator to 2025-01-31 00:00:00+00:00, run_after=2025-02-01 00:00:00+00:00
[2025-02-01T20:34:05.480+0000] {processor.py:208} INFO - Processing /home/airflow/.local/lib/python3.12/site-packages/airflow/example_dags/example_branch_operator_decorator.py took 0.079 seconds
[2025-02-01T20:34:36.530+0000] {processor.py:186} INFO - Started process (PID=800) to work on /home/airflow/.local/lib/python3.12/site-packages/airflow/example_dags/example_branch_operator_decorator.py
[2025-02-01T20:34:36.531+0000] {processor.py:914} INFO - Processing file /home/airflow/.local/lib/python3.12/site-packages/airflow/example_dags/example_branch_operator_decorator.py for tasks to queue
[2025-02-01T20:34:36.533+0000] {logging_mixin.py:190} INFO - [2025-02-01T20:34:36.533+0000] {dagbag.py:588} INFO - Filling up the DagBag from /home/airflow/.local/lib/python3.12/site-packages/airflow/example_dags/example_branch_operator_decorator.py
[2025-02-01T20:34:36.554+0000] {processor.py:925} INFO - DAG(s) 'example_branch_python_operator_decorator' retrieved from /home/airflow/.local/lib/python3.12/site-packages/airflow/example_dags/example_branch_operator_decorator.py
[2025-02-01T20:34:36.580+0000] {logging_mixin.py:190} INFO - [2025-02-01T20:34:36.580+0000] {dag.py:3239} INFO - Sync 1 DAGs
[2025-02-01T20:34:36.605+0000] {logging_mixin.py:190} INFO - [2025-02-01T20:34:36.605+0000] {dag.py:4180} INFO - Setting next_dagrun for example_branch_python_operator_decorator to 2025-01-31 00:00:00+00:00, run_after=2025-02-01 00:00:00+00:00
[2025-02-01T20:34:36.623+0000] {processor.py:208} INFO - Processing /home/airflow/.local/lib/python3.12/site-packages/airflow/example_dags/example_branch_operator_decorator.py took 0.099 seconds
[2025-02-01T20:35:07.210+0000] {processor.py:186} INFO - Started process (PID=1089) to work on /home/airflow/.local/lib/python3.12/site-packages/airflow/example_dags/example_branch_operator_decorator.py
[2025-02-01T20:35:07.211+0000] {processor.py:914} INFO - Processing file /home/airflow/.local/lib/python3.12/site-packages/airflow/example_dags/example_branch_operator_decorator.py for tasks to queue
[2025-02-01T20:35:07.213+0000] {logging_mixin.py:190} INFO - [2025-02-01T20:35:07.213+0000] {dagbag.py:588} INFO - Filling up the DagBag from /home/airflow/.local/lib/python3.12/site-packages/airflow/example_dags/example_branch_operator_decorator.py
[2025-02-01T20:35:07.230+0000] {processor.py:925} INFO - DAG(s) 'example_branch_python_operator_decorator' retrieved from /home/airflow/.local/lib/python3.12/site-packages/airflow/example_dags/example_branch_operator_decorator.py
[2025-02-01T20:35:07.253+0000] {logging_mixin.py:190} INFO - [2025-02-01T20:35:07.253+0000] {dag.py:3239} INFO - Sync 1 DAGs
[2025-02-01T20:35:07.271+0000] {logging_mixin.py:190} INFO - [2025-02-01T20:35:07.271+0000] {dag.py:4180} INFO - Setting next_dagrun for example_branch_python_operator_decorator to 2025-01-31 00:00:00+00:00, run_after=2025-02-01 00:00:00+00:00
[2025-02-01T20:35:07.284+0000] {processor.py:208} INFO - Processing /home/airflow/.local/lib/python3.12/site-packages/airflow/example_dags/example_branch_operator_decorator.py took 0.078 seconds
[2025-02-01T20:38:47.106+0000] {processor.py:186} INFO - Started process (PID=216) to work on /home/airflow/.local/lib/python3.12/site-packages/airflow/example_dags/example_branch_operator_decorator.py
[2025-02-01T20:38:47.107+0000] {processor.py:914} INFO - Processing file /home/airflow/.local/lib/python3.12/site-packages/airflow/example_dags/example_branch_operator_decorator.py for tasks to queue
[2025-02-01T20:38:47.108+0000] {logging_mixin.py:190} INFO - [2025-02-01T20:38:47.108+0000] {dagbag.py:588} INFO - Filling up the DagBag from /home/airflow/.local/lib/python3.12/site-packages/airflow/example_dags/example_branch_operator_decorator.py
[2025-02-01T20:38:47.139+0000] {processor.py:925} INFO - DAG(s) 'example_branch_python_operator_decorator' retrieved from /home/airflow/.local/lib/python3.12/site-packages/airflow/example_dags/example_branch_operator_decorator.py
[2025-02-01T20:38:47.338+0000] {logging_mixin.py:190} INFO - [2025-02-01T20:38:47.338+0000] {dag.py:3239} INFO - Sync 1 DAGs
[2025-02-01T20:38:47.355+0000] {logging_mixin.py:190} INFO - [2025-02-01T20:38:47.355+0000] {dag.py:4180} INFO - Setting next_dagrun for example_branch_python_operator_decorator to 2025-01-31 00:00:00+00:00, run_after=2025-02-01 00:00:00+00:00
[2025-02-01T20:38:47.371+0000] {processor.py:208} INFO - Processing /home/airflow/.local/lib/python3.12/site-packages/airflow/example_dags/example_branch_operator_decorator.py took 0.270 seconds
[2025-02-01T20:39:17.941+0000] {processor.py:186} INFO - Started process (PID=507) to work on /home/airflow/.local/lib/python3.12/site-packages/airflow/example_dags/example_branch_operator_decorator.py
[2025-02-01T20:39:17.941+0000] {processor.py:914} INFO - Processing file /home/airflow/.local/lib/python3.12/site-packages/airflow/example_dags/example_branch_operator_decorator.py for tasks to queue
[2025-02-01T20:39:17.943+0000] {logging_mixin.py:190} INFO - [2025-02-01T20:39:17.943+0000] {dagbag.py:588} INFO - Filling up the DagBag from /home/airflow/.local/lib/python3.12/site-packages/airflow/example_dags/example_branch_operator_decorator.py
[2025-02-01T20:39:17.958+0000] {processor.py:925} INFO - DAG(s) 'example_branch_python_operator_decorator' retrieved from /home/airflow/.local/lib/python3.12/site-packages/airflow/example_dags/example_branch_operator_decorator.py
[2025-02-01T20:39:17.980+0000] {logging_mixin.py:190} INFO - [2025-02-01T20:39:17.980+0000] {dag.py:3239} INFO - Sync 1 DAGs
[2025-02-01T20:39:17.998+0000] {logging_mixin.py:190} INFO - [2025-02-01T20:39:17.998+0000] {dag.py:4180} INFO - Setting next_dagrun for example_branch_python_operator_decorator to 2025-01-31 00:00:00+00:00, run_after=2025-02-01 00:00:00+00:00
[2025-02-01T20:39:18.012+0000] {processor.py:208} INFO - Processing /home/airflow/.local/lib/python3.12/site-packages/airflow/example_dags/example_branch_operator_decorator.py took 0.076 seconds
[2025-02-01T20:39:49.498+0000] {processor.py:186} INFO - Started process (PID=800) to work on /home/airflow/.local/lib/python3.12/site-packages/airflow/example_dags/example_branch_operator_decorator.py
[2025-02-01T20:39:49.498+0000] {processor.py:914} INFO - Processing file /home/airflow/.local/lib/python3.12/site-packages/airflow/example_dags/example_branch_operator_decorator.py for tasks to queue
[2025-02-01T20:39:49.500+0000] {logging_mixin.py:190} INFO - [2025-02-01T20:39:49.500+0000] {dagbag.py:588} INFO - Filling up the DagBag from /home/airflow/.local/lib/python3.12/site-packages/airflow/example_dags/example_branch_operator_decorator.py
[2025-02-01T20:39:49.518+0000] {processor.py:925} INFO - DAG(s) 'example_branch_python_operator_decorator' retrieved from /home/airflow/.local/lib/python3.12/site-packages/airflow/example_dags/example_branch_operator_decorator.py
[2025-02-01T20:39:49.546+0000] {logging_mixin.py:190} INFO - [2025-02-01T20:39:49.546+0000] {dag.py:3239} INFO - Sync 1 DAGs
[2025-02-01T20:39:49.569+0000] {logging_mixin.py:190} INFO - [2025-02-01T20:39:49.568+0000] {dag.py:4180} INFO - Setting next_dagrun for example_branch_python_operator_decorator to 2025-01-31 00:00:00+00:00, run_after=2025-02-01 00:00:00+00:00
[2025-02-01T20:39:49.585+0000] {processor.py:208} INFO - Processing /home/airflow/.local/lib/python3.12/site-packages/airflow/example_dags/example_branch_operator_decorator.py took 0.092 seconds
[2025-02-01T20:40:20.529+0000] {processor.py:186} INFO - Started process (PID=1089) to work on /home/airflow/.local/lib/python3.12/site-packages/airflow/example_dags/example_branch_operator_decorator.py
[2025-02-01T20:40:20.532+0000] {processor.py:914} INFO - Processing file /home/airflow/.local/lib/python3.12/site-packages/airflow/example_dags/example_branch_operator_decorator.py for tasks to queue
[2025-02-01T20:40:20.535+0000] {logging_mixin.py:190} INFO - [2025-02-01T20:40:20.534+0000] {dagbag.py:588} INFO - Filling up the DagBag from /home/airflow/.local/lib/python3.12/site-packages/airflow/example_dags/example_branch_operator_decorator.py
[2025-02-01T20:40:20.553+0000] {processor.py:925} INFO - DAG(s) 'example_branch_python_operator_decorator' retrieved from /home/airflow/.local/lib/python3.12/site-packages/airflow/example_dags/example_branch_operator_decorator.py
[2025-02-01T20:40:20.577+0000] {logging_mixin.py:190} INFO - [2025-02-01T20:40:20.577+0000] {dag.py:3239} INFO - Sync 1 DAGs
[2025-02-01T20:40:20.600+0000] {logging_mixin.py:190} INFO - [2025-02-01T20:40:20.600+0000] {dag.py:4180} INFO - Setting next_dagrun for example_branch_python_operator_decorator to 2025-01-31 00:00:00+00:00, run_after=2025-02-01 00:00:00+00:00
[2025-02-01T20:40:20.615+0000] {processor.py:208} INFO - Processing /home/airflow/.local/lib/python3.12/site-packages/airflow/example_dags/example_branch_operator_decorator.py took 0.092 seconds
[2025-02-01T20:40:51.776+0000] {processor.py:186} INFO - Started process (PID=1382) to work on /home/airflow/.local/lib/python3.12/site-packages/airflow/example_dags/example_branch_operator_decorator.py
[2025-02-01T20:40:51.777+0000] {processor.py:914} INFO - Processing file /home/airflow/.local/lib/python3.12/site-packages/airflow/example_dags/example_branch_operator_decorator.py for tasks to queue
[2025-02-01T20:40:51.778+0000] {logging_mixin.py:190} INFO - [2025-02-01T20:40:51.778+0000] {dagbag.py:588} INFO - Filling up the DagBag from /home/airflow/.local/lib/python3.12/site-packages/airflow/example_dags/example_branch_operator_decorator.py
[2025-02-01T20:40:51.794+0000] {processor.py:925} INFO - DAG(s) 'example_branch_python_operator_decorator' retrieved from /home/airflow/.local/lib/python3.12/site-packages/airflow/example_dags/example_branch_operator_decorator.py
[2025-02-01T20:40:51.817+0000] {logging_mixin.py:190} INFO - [2025-02-01T20:40:51.817+0000] {dag.py:3239} INFO - Sync 1 DAGs
[2025-02-01T20:40:51.837+0000] {logging_mixin.py:190} INFO - [2025-02-01T20:40:51.837+0000] {dag.py:4180} INFO - Setting next_dagrun for example_branch_python_operator_decorator to 2025-01-31 00:00:00+00:00, run_after=2025-02-01 00:00:00+00:00
[2025-02-01T20:40:51.857+0000] {processor.py:208} INFO - Processing /home/airflow/.local/lib/python3.12/site-packages/airflow/example_dags/example_branch_operator_decorator.py took 0.085 seconds
[2025-02-01T20:41:22.429+0000] {processor.py:186} INFO - Started process (PID=1671) to work on /home/airflow/.local/lib/python3.12/site-packages/airflow/example_dags/example_branch_operator_decorator.py
[2025-02-01T20:41:22.429+0000] {processor.py:914} INFO - Processing file /home/airflow/.local/lib/python3.12/site-packages/airflow/example_dags/example_branch_operator_decorator.py for tasks to queue
[2025-02-01T20:41:22.431+0000] {logging_mixin.py:190} INFO - [2025-02-01T20:41:22.430+0000] {dagbag.py:588} INFO - Filling up the DagBag from /home/airflow/.local/lib/python3.12/site-packages/airflow/example_dags/example_branch_operator_decorator.py
[2025-02-01T20:41:22.446+0000] {processor.py:925} INFO - DAG(s) 'example_branch_python_operator_decorator' retrieved from /home/airflow/.local/lib/python3.12/site-packages/airflow/example_dags/example_branch_operator_decorator.py
[2025-02-01T20:41:22.468+0000] {logging_mixin.py:190} INFO - [2025-02-01T20:41:22.468+0000] {dag.py:3239} INFO - Sync 1 DAGs
[2025-02-01T20:41:22.486+0000] {logging_mixin.py:190} INFO - [2025-02-01T20:41:22.486+0000] {dag.py:4180} INFO - Setting next_dagrun for example_branch_python_operator_decorator to 2025-01-31 00:00:00+00:00, run_after=2025-02-01 00:00:00+00:00
[2025-02-01T20:41:22.501+0000] {processor.py:208} INFO - Processing /home/airflow/.local/lib/python3.12/site-packages/airflow/example_dags/example_branch_operator_decorator.py took 0.076 seconds
[2025-02-01T20:41:53.418+0000] {processor.py:186} INFO - Started process (PID=1964) to work on /home/airflow/.local/lib/python3.12/site-packages/airflow/example_dags/example_branch_operator_decorator.py
[2025-02-01T20:41:53.419+0000] {processor.py:914} INFO - Processing file /home/airflow/.local/lib/python3.12/site-packages/airflow/example_dags/example_branch_operator_decorator.py for tasks to queue
[2025-02-01T20:41:53.421+0000] {logging_mixin.py:190} INFO - [2025-02-01T20:41:53.420+0000] {dagbag.py:588} INFO - Filling up the DagBag from /home/airflow/.local/lib/python3.12/site-packages/airflow/example_dags/example_branch_operator_decorator.py
[2025-02-01T20:41:53.438+0000] {processor.py:925} INFO - DAG(s) 'example_branch_python_operator_decorator' retrieved from /home/airflow/.local/lib/python3.12/site-packages/airflow/example_dags/example_branch_operator_decorator.py
[2025-02-01T20:41:53.460+0000] {logging_mixin.py:190} INFO - [2025-02-01T20:41:53.459+0000] {dag.py:3239} INFO - Sync 1 DAGs
[2025-02-01T20:41:53.477+0000] {logging_mixin.py:190} INFO - [2025-02-01T20:41:53.477+0000] {dag.py:4180} INFO - Setting next_dagrun for example_branch_python_operator_decorator to 2025-01-31 00:00:00+00:00, run_after=2025-02-01 00:00:00+00:00
[2025-02-01T20:41:53.491+0000] {processor.py:208} INFO - Processing /home/airflow/.local/lib/python3.12/site-packages/airflow/example_dags/example_branch_operator_decorator.py took 0.078 seconds
[2025-02-01T20:42:24.447+0000] {processor.py:186} INFO - Started process (PID=2255) to work on /home/airflow/.local/lib/python3.12/site-packages/airflow/example_dags/example_branch_operator_decorator.py
[2025-02-01T20:42:24.448+0000] {processor.py:914} INFO - Processing file /home/airflow/.local/lib/python3.12/site-packages/airflow/example_dags/example_branch_operator_decorator.py for tasks to queue
[2025-02-01T20:42:24.450+0000] {logging_mixin.py:190} INFO - [2025-02-01T20:42:24.449+0000] {dagbag.py:588} INFO - Filling up the DagBag from /home/airflow/.local/lib/python3.12/site-packages/airflow/example_dags/example_branch_operator_decorator.py
[2025-02-01T20:42:24.467+0000] {processor.py:925} INFO - DAG(s) 'example_branch_python_operator_decorator' retrieved from /home/airflow/.local/lib/python3.12/site-packages/airflow/example_dags/example_branch_operator_decorator.py
[2025-02-01T20:42:24.489+0000] {logging_mixin.py:190} INFO - [2025-02-01T20:42:24.489+0000] {dag.py:3239} INFO - Sync 1 DAGs
[2025-02-01T20:42:24.507+0000] {logging_mixin.py:190} INFO - [2025-02-01T20:42:24.507+0000] {dag.py:4180} INFO - Setting next_dagrun for example_branch_python_operator_decorator to 2025-01-31 00:00:00+00:00, run_after=2025-02-01 00:00:00+00:00
[2025-02-01T20:42:24.521+0000] {processor.py:208} INFO - Processing /home/airflow/.local/lib/python3.12/site-packages/airflow/example_dags/example_branch_operator_decorator.py took 0.078 seconds
[2025-02-01T20:42:55.701+0000] {processor.py:186} INFO - Started process (PID=2546) to work on /home/airflow/.local/lib/python3.12/site-packages/airflow/example_dags/example_branch_operator_decorator.py
[2025-02-01T20:42:55.702+0000] {processor.py:914} INFO - Processing file /home/airflow/.local/lib/python3.12/site-packages/airflow/example_dags/example_branch_operator_decorator.py for tasks to queue
[2025-02-01T20:42:55.703+0000] {logging_mixin.py:190} INFO - [2025-02-01T20:42:55.703+0000] {dagbag.py:588} INFO - Filling up the DagBag from /home/airflow/.local/lib/python3.12/site-packages/airflow/example_dags/example_branch_operator_decorator.py
[2025-02-01T20:42:55.719+0000] {processor.py:925} INFO - DAG(s) 'example_branch_python_operator_decorator' retrieved from /home/airflow/.local/lib/python3.12/site-packages/airflow/example_dags/example_branch_operator_decorator.py
[2025-02-01T20:42:55.741+0000] {logging_mixin.py:190} INFO - [2025-02-01T20:42:55.741+0000] {dag.py:3239} INFO - Sync 1 DAGs
[2025-02-01T20:42:55.759+0000] {logging_mixin.py:190} INFO - [2025-02-01T20:42:55.759+0000] {dag.py:4180} INFO - Setting next_dagrun for example_branch_python_operator_decorator to 2025-01-31 00:00:00+00:00, run_after=2025-02-01 00:00:00+00:00
[2025-02-01T20:42:55.772+0000] {processor.py:208} INFO - Processing /home/airflow/.local/lib/python3.12/site-packages/airflow/example_dags/example_branch_operator_decorator.py took 0.075 seconds
[2025-02-01T20:43:26.452+0000] {processor.py:186} INFO - Started process (PID=2837) to work on /home/airflow/.local/lib/python3.12/site-packages/airflow/example_dags/example_branch_operator_decorator.py
[2025-02-01T20:43:26.453+0000] {processor.py:914} INFO - Processing file /home/airflow/.local/lib/python3.12/site-packages/airflow/example_dags/example_branch_operator_decorator.py for tasks to queue
[2025-02-01T20:43:26.454+0000] {logging_mixin.py:190} INFO - [2025-02-01T20:43:26.454+0000] {dagbag.py:588} INFO - Filling up the DagBag from /home/airflow/.local/lib/python3.12/site-packages/airflow/example_dags/example_branch_operator_decorator.py
[2025-02-01T20:43:26.471+0000] {processor.py:925} INFO - DAG(s) 'example_branch_python_operator_decorator' retrieved from /home/airflow/.local/lib/python3.12/site-packages/airflow/example_dags/example_branch_operator_decorator.py
[2025-02-01T20:43:26.495+0000] {logging_mixin.py:190} INFO - [2025-02-01T20:43:26.495+0000] {dag.py:3239} INFO - Sync 1 DAGs
[2025-02-01T20:43:26.516+0000] {logging_mixin.py:190} INFO - [2025-02-01T20:43:26.516+0000] {dag.py:4180} INFO - Setting next_dagrun for example_branch_python_operator_decorator to 2025-01-31 00:00:00+00:00, run_after=2025-02-01 00:00:00+00:00
[2025-02-01T20:43:26.531+0000] {processor.py:208} INFO - Processing /home/airflow/.local/lib/python3.12/site-packages/airflow/example_dags/example_branch_operator_decorator.py took 0.084 seconds
[2025-02-01T20:43:57.786+0000] {processor.py:186} INFO - Started process (PID=3128) to work on /home/airflow/.local/lib/python3.12/site-packages/airflow/example_dags/example_branch_operator_decorator.py
[2025-02-01T20:43:57.786+0000] {processor.py:914} INFO - Processing file /home/airflow/.local/lib/python3.12/site-packages/airflow/example_dags/example_branch_operator_decorator.py for tasks to queue
[2025-02-01T20:43:57.789+0000] {logging_mixin.py:190} INFO - [2025-02-01T20:43:57.788+0000] {dagbag.py:588} INFO - Filling up the DagBag from /home/airflow/.local/lib/python3.12/site-packages/airflow/example_dags/example_branch_operator_decorator.py
[2025-02-01T20:43:57.805+0000] {processor.py:925} INFO - DAG(s) 'example_branch_python_operator_decorator' retrieved from /home/airflow/.local/lib/python3.12/site-packages/airflow/example_dags/example_branch_operator_decorator.py
[2025-02-01T20:43:57.827+0000] {logging_mixin.py:190} INFO - [2025-02-01T20:43:57.827+0000] {dag.py:3239} INFO - Sync 1 DAGs
[2025-02-01T20:43:57.845+0000] {logging_mixin.py:190} INFO - [2025-02-01T20:43:57.845+0000] {dag.py:4180} INFO - Setting next_dagrun for example_branch_python_operator_decorator to 2025-01-31 00:00:00+00:00, run_after=2025-02-01 00:00:00+00:00
[2025-02-01T20:43:57.859+0000] {processor.py:208} INFO - Processing /home/airflow/.local/lib/python3.12/site-packages/airflow/example_dags/example_branch_operator_decorator.py took 0.078 seconds
[2025-02-01T20:44:28.371+0000] {processor.py:186} INFO - Started process (PID=3419) to work on /home/airflow/.local/lib/python3.12/site-packages/airflow/example_dags/example_branch_operator_decorator.py
[2025-02-01T20:44:28.371+0000] {processor.py:914} INFO - Processing file /home/airflow/.local/lib/python3.12/site-packages/airflow/example_dags/example_branch_operator_decorator.py for tasks to queue
[2025-02-01T20:44:28.373+0000] {logging_mixin.py:190} INFO - [2025-02-01T20:44:28.373+0000] {dagbag.py:588} INFO - Filling up the DagBag from /home/airflow/.local/lib/python3.12/site-packages/airflow/example_dags/example_branch_operator_decorator.py
[2025-02-01T20:44:28.390+0000] {processor.py:925} INFO - DAG(s) 'example_branch_python_operator_decorator' retrieved from /home/airflow/.local/lib/python3.12/site-packages/airflow/example_dags/example_branch_operator_decorator.py
[2025-02-01T20:44:28.413+0000] {logging_mixin.py:190} INFO - [2025-02-01T20:44:28.413+0000] {dag.py:3239} INFO - Sync 1 DAGs
[2025-02-01T20:44:28.433+0000] {logging_mixin.py:190} INFO - [2025-02-01T20:44:28.433+0000] {dag.py:4180} INFO - Setting next_dagrun for example_branch_python_operator_decorator to 2025-01-31 00:00:00+00:00, run_after=2025-02-01 00:00:00+00:00
[2025-02-01T20:44:28.449+0000] {processor.py:208} INFO - Processing /home/airflow/.local/lib/python3.12/site-packages/airflow/example_dags/example_branch_operator_decorator.py took 0.083 seconds
[2025-02-01T20:44:59.691+0000] {processor.py:186} INFO - Started process (PID=3710) to work on /home/airflow/.local/lib/python3.12/site-packages/airflow/example_dags/example_branch_operator_decorator.py
[2025-02-01T20:44:59.691+0000] {processor.py:914} INFO - Processing file /home/airflow/.local/lib/python3.12/site-packages/airflow/example_dags/example_branch_operator_decorator.py for tasks to queue
[2025-02-01T20:44:59.693+0000] {logging_mixin.py:190} INFO - [2025-02-01T20:44:59.693+0000] {dagbag.py:588} INFO - Filling up the DagBag from /home/airflow/.local/lib/python3.12/site-packages/airflow/example_dags/example_branch_operator_decorator.py
[2025-02-01T20:44:59.716+0000] {processor.py:925} INFO - DAG(s) 'example_branch_python_operator_decorator' retrieved from /home/airflow/.local/lib/python3.12/site-packages/airflow/example_dags/example_branch_operator_decorator.py
[2025-02-01T20:44:59.743+0000] {logging_mixin.py:190} INFO - [2025-02-01T20:44:59.742+0000] {dag.py:3239} INFO - Sync 1 DAGs
[2025-02-01T20:44:59.764+0000] {logging_mixin.py:190} INFO - [2025-02-01T20:44:59.764+0000] {dag.py:4180} INFO - Setting next_dagrun for example_branch_python_operator_decorator to 2025-01-31 00:00:00+00:00, run_after=2025-02-01 00:00:00+00:00
[2025-02-01T20:44:59.781+0000] {processor.py:208} INFO - Processing /home/airflow/.local/lib/python3.12/site-packages/airflow/example_dags/example_branch_operator_decorator.py took 0.097 seconds
