[2025-02-01T20:33:31.405+0000] {processor.py:186} INFO - Started process (PID=176) to work on /home/airflow/.local/lib/python3.12/site-packages/airflow/example_dags/example_sensor_decorator.py
[2025-02-01T20:33:31.406+0000] {processor.py:914} INFO - Processing file /home/airflow/.local/lib/python3.12/site-packages/airflow/example_dags/example_sensor_decorator.py for tasks to queue
[2025-02-01T20:33:31.407+0000] {logging_mixin.py:190} INFO - [2025-02-01T20:33:31.407+0000] {dagbag.py:588} INFO - Filling up the DagBag from /home/airflow/.local/lib/python3.12/site-packages/airflow/example_dags/example_sensor_decorator.py
[2025-02-01T20:33:31.415+0000] {processor.py:925} INFO - DAG(s) 'example_sensor_decorator' retrieved from /home/airflow/.local/lib/python3.12/site-packages/airflow/example_dags/example_sensor_decorator.py
[2025-02-01T20:33:31.577+0000] {logging_mixin.py:190} INFO - [2025-02-01T20:33:31.576+0000] {override.py:1911} INFO - Created Permission View: can read on DAG:example_sensor_decorator
[2025-02-01T20:33:31.586+0000] {logging_mixin.py:190} INFO - [2025-02-01T20:33:31.586+0000] {override.py:1911} INFO - Created Permission View: can delete on DAG:example_sensor_decorator
[2025-02-01T20:33:31.593+0000] {logging_mixin.py:190} INFO - [2025-02-01T20:33:31.593+0000] {override.py:1911} INFO - Created Permission View: can edit on DAG:example_sensor_decorator
[2025-02-01T20:33:31.602+0000] {logging_mixin.py:190} INFO - [2025-02-01T20:33:31.602+0000] {override.py:1911} INFO - Created Permission View: can read on DAG Run:example_sensor_decorator
[2025-02-01T20:33:31.609+0000] {logging_mixin.py:190} INFO - [2025-02-01T20:33:31.609+0000] {override.py:1911} INFO - Created Permission View: menu access on DAG Run:example_sensor_decorator
[2025-02-01T20:33:31.616+0000] {logging_mixin.py:190} INFO - [2025-02-01T20:33:31.616+0000] {override.py:1911} INFO - Created Permission View: can create on DAG Run:example_sensor_decorator
[2025-02-01T20:33:31.624+0000] {logging_mixin.py:190} INFO - [2025-02-01T20:33:31.624+0000] {override.py:1911} INFO - Created Permission View: can delete on DAG Run:example_sensor_decorator
[2025-02-01T20:33:31.625+0000] {logging_mixin.py:190} INFO - [2025-02-01T20:33:31.624+0000] {dag.py:3239} INFO - Sync 1 DAGs
[2025-02-01T20:33:31.635+0000] {logging_mixin.py:190} INFO - [2025-02-01T20:33:31.635+0000] {dag.py:3262} INFO - Creating ORM DAG for example_sensor_decorator
[2025-02-01T20:33:31.636+0000] {logging_mixin.py:190} INFO - [2025-02-01T20:33:31.635+0000] {dag.py:4180} INFO - Setting next_dagrun for example_sensor_decorator to None, run_after=None
[2025-02-01T20:33:31.655+0000] {processor.py:208} INFO - Processing /home/airflow/.local/lib/python3.12/site-packages/airflow/example_dags/example_sensor_decorator.py took 0.254 seconds
[2025-02-01T20:34:02.522+0000] {processor.py:186} INFO - Started process (PID=467) to work on /home/airflow/.local/lib/python3.12/site-packages/airflow/example_dags/example_sensor_decorator.py
[2025-02-01T20:34:02.523+0000] {processor.py:914} INFO - Processing file /home/airflow/.local/lib/python3.12/site-packages/airflow/example_dags/example_sensor_decorator.py for tasks to queue
[2025-02-01T20:34:02.524+0000] {logging_mixin.py:190} INFO - [2025-02-01T20:34:02.524+0000] {dagbag.py:588} INFO - Filling up the DagBag from /home/airflow/.local/lib/python3.12/site-packages/airflow/example_dags/example_sensor_decorator.py
[2025-02-01T20:34:02.530+0000] {processor.py:925} INFO - DAG(s) 'example_sensor_decorator' retrieved from /home/airflow/.local/lib/python3.12/site-packages/airflow/example_dags/example_sensor_decorator.py
[2025-02-01T20:34:02.545+0000] {logging_mixin.py:190} INFO - [2025-02-01T20:34:02.545+0000] {dag.py:3239} INFO - Sync 1 DAGs
[2025-02-01T20:34:02.557+0000] {logging_mixin.py:190} INFO - [2025-02-01T20:34:02.557+0000] {dag.py:4180} INFO - Setting next_dagrun for example_sensor_decorator to None, run_after=None
[2025-02-01T20:34:02.574+0000] {processor.py:208} INFO - Processing /home/airflow/.local/lib/python3.12/site-packages/airflow/example_dags/example_sensor_decorator.py took 0.057 seconds
[2025-02-01T20:34:33.347+0000] {processor.py:186} INFO - Started process (PID=758) to work on /home/airflow/.local/lib/python3.12/site-packages/airflow/example_dags/example_sensor_decorator.py
[2025-02-01T20:34:33.348+0000] {processor.py:914} INFO - Processing file /home/airflow/.local/lib/python3.12/site-packages/airflow/example_dags/example_sensor_decorator.py for tasks to queue
[2025-02-01T20:34:33.349+0000] {logging_mixin.py:190} INFO - [2025-02-01T20:34:33.349+0000] {dagbag.py:588} INFO - Filling up the DagBag from /home/airflow/.local/lib/python3.12/site-packages/airflow/example_dags/example_sensor_decorator.py
[2025-02-01T20:34:33.354+0000] {processor.py:925} INFO - DAG(s) 'example_sensor_decorator' retrieved from /home/airflow/.local/lib/python3.12/site-packages/airflow/example_dags/example_sensor_decorator.py
[2025-02-01T20:34:33.367+0000] {logging_mixin.py:190} INFO - [2025-02-01T20:34:33.367+0000] {dag.py:3239} INFO - Sync 1 DAGs
[2025-02-01T20:34:33.377+0000] {logging_mixin.py:190} INFO - [2025-02-01T20:34:33.377+0000] {dag.py:4180} INFO - Setting next_dagrun for example_sensor_decorator to None, run_after=None
[2025-02-01T20:34:33.391+0000] {processor.py:208} INFO - Processing /home/airflow/.local/lib/python3.12/site-packages/airflow/example_dags/example_sensor_decorator.py took 0.047 seconds
[2025-02-01T20:35:03.926+0000] {processor.py:186} INFO - Started process (PID=1049) to work on /home/airflow/.local/lib/python3.12/site-packages/airflow/example_dags/example_sensor_decorator.py
[2025-02-01T20:35:03.927+0000] {processor.py:914} INFO - Processing file /home/airflow/.local/lib/python3.12/site-packages/airflow/example_dags/example_sensor_decorator.py for tasks to queue
[2025-02-01T20:35:03.929+0000] {logging_mixin.py:190} INFO - [2025-02-01T20:35:03.929+0000] {dagbag.py:588} INFO - Filling up the DagBag from /home/airflow/.local/lib/python3.12/site-packages/airflow/example_dags/example_sensor_decorator.py
[2025-02-01T20:35:03.936+0000] {processor.py:925} INFO - DAG(s) 'example_sensor_decorator' retrieved from /home/airflow/.local/lib/python3.12/site-packages/airflow/example_dags/example_sensor_decorator.py
[2025-02-01T20:35:03.950+0000] {logging_mixin.py:190} INFO - [2025-02-01T20:35:03.950+0000] {dag.py:3239} INFO - Sync 1 DAGs
[2025-02-01T20:35:03.962+0000] {logging_mixin.py:190} INFO - [2025-02-01T20:35:03.961+0000] {dag.py:4180} INFO - Setting next_dagrun for example_sensor_decorator to None, run_after=None
[2025-02-01T20:35:03.976+0000] {processor.py:208} INFO - Processing /home/airflow/.local/lib/python3.12/site-packages/airflow/example_dags/example_sensor_decorator.py took 0.054 seconds
[2025-02-01T20:38:45.518+0000] {processor.py:186} INFO - Started process (PID=176) to work on /home/airflow/.local/lib/python3.12/site-packages/airflow/example_dags/example_sensor_decorator.py
[2025-02-01T20:38:45.519+0000] {processor.py:914} INFO - Processing file /home/airflow/.local/lib/python3.12/site-packages/airflow/example_dags/example_sensor_decorator.py for tasks to queue
[2025-02-01T20:38:45.520+0000] {logging_mixin.py:190} INFO - [2025-02-01T20:38:45.520+0000] {dagbag.py:588} INFO - Filling up the DagBag from /home/airflow/.local/lib/python3.12/site-packages/airflow/example_dags/example_sensor_decorator.py
[2025-02-01T20:38:45.527+0000] {processor.py:925} INFO - DAG(s) 'example_sensor_decorator' retrieved from /home/airflow/.local/lib/python3.12/site-packages/airflow/example_dags/example_sensor_decorator.py
[2025-02-01T20:38:45.545+0000] {logging_mixin.py:190} INFO - [2025-02-01T20:38:45.545+0000] {dag.py:3239} INFO - Sync 1 DAGs
[2025-02-01T20:38:45.557+0000] {logging_mixin.py:190} INFO - [2025-02-01T20:38:45.556+0000] {dag.py:4180} INFO - Setting next_dagrun for example_sensor_decorator to None, run_after=None
[2025-02-01T20:38:45.586+0000] {processor.py:208} INFO - Processing /home/airflow/.local/lib/python3.12/site-packages/airflow/example_dags/example_sensor_decorator.py took 0.072 seconds
[2025-02-01T20:39:16.248+0000] {processor.py:186} INFO - Started process (PID=467) to work on /home/airflow/.local/lib/python3.12/site-packages/airflow/example_dags/example_sensor_decorator.py
[2025-02-01T20:39:16.248+0000] {processor.py:914} INFO - Processing file /home/airflow/.local/lib/python3.12/site-packages/airflow/example_dags/example_sensor_decorator.py for tasks to queue
[2025-02-01T20:39:16.250+0000] {logging_mixin.py:190} INFO - [2025-02-01T20:39:16.250+0000] {dagbag.py:588} INFO - Filling up the DagBag from /home/airflow/.local/lib/python3.12/site-packages/airflow/example_dags/example_sensor_decorator.py
[2025-02-01T20:39:16.257+0000] {processor.py:925} INFO - DAG(s) 'example_sensor_decorator' retrieved from /home/airflow/.local/lib/python3.12/site-packages/airflow/example_dags/example_sensor_decorator.py
[2025-02-01T20:39:16.270+0000] {logging_mixin.py:190} INFO - [2025-02-01T20:39:16.270+0000] {dag.py:3239} INFO - Sync 1 DAGs
[2025-02-01T20:39:16.281+0000] {logging_mixin.py:190} INFO - [2025-02-01T20:39:16.281+0000] {dag.py:4180} INFO - Setting next_dagrun for example_sensor_decorator to None, run_after=None
[2025-02-01T20:39:16.296+0000] {processor.py:208} INFO - Processing /home/airflow/.local/lib/python3.12/site-packages/airflow/example_dags/example_sensor_decorator.py took 0.053 seconds
[2025-02-01T20:39:46.410+0000] {processor.py:186} INFO - Started process (PID=758) to work on /home/airflow/.local/lib/python3.12/site-packages/airflow/example_dags/example_sensor_decorator.py
[2025-02-01T20:39:46.410+0000] {processor.py:914} INFO - Processing file /home/airflow/.local/lib/python3.12/site-packages/airflow/example_dags/example_sensor_decorator.py for tasks to queue
[2025-02-01T20:39:46.412+0000] {logging_mixin.py:190} INFO - [2025-02-01T20:39:46.412+0000] {dagbag.py:588} INFO - Filling up the DagBag from /home/airflow/.local/lib/python3.12/site-packages/airflow/example_dags/example_sensor_decorator.py
[2025-02-01T20:39:46.418+0000] {processor.py:925} INFO - DAG(s) 'example_sensor_decorator' retrieved from /home/airflow/.local/lib/python3.12/site-packages/airflow/example_dags/example_sensor_decorator.py
[2025-02-01T20:39:46.434+0000] {logging_mixin.py:190} INFO - [2025-02-01T20:39:46.433+0000] {dag.py:3239} INFO - Sync 1 DAGs
[2025-02-01T20:39:46.445+0000] {logging_mixin.py:190} INFO - [2025-02-01T20:39:46.445+0000] {dag.py:4180} INFO - Setting next_dagrun for example_sensor_decorator to None, run_after=None
[2025-02-01T20:39:46.460+0000] {processor.py:208} INFO - Processing /home/airflow/.local/lib/python3.12/site-packages/airflow/example_dags/example_sensor_decorator.py took 0.055 seconds
[2025-02-01T20:40:16.517+0000] {processor.py:186} INFO - Started process (PID=1046) to work on /home/airflow/.local/lib/python3.12/site-packages/airflow/example_dags/example_sensor_decorator.py
[2025-02-01T20:40:16.518+0000] {processor.py:914} INFO - Processing file /home/airflow/.local/lib/python3.12/site-packages/airflow/example_dags/example_sensor_decorator.py for tasks to queue
[2025-02-01T20:40:16.519+0000] {logging_mixin.py:190} INFO - [2025-02-01T20:40:16.519+0000] {dagbag.py:588} INFO - Filling up the DagBag from /home/airflow/.local/lib/python3.12/site-packages/airflow/example_dags/example_sensor_decorator.py
[2025-02-01T20:40:16.524+0000] {processor.py:925} INFO - DAG(s) 'example_sensor_decorator' retrieved from /home/airflow/.local/lib/python3.12/site-packages/airflow/example_dags/example_sensor_decorator.py
[2025-02-01T20:40:16.538+0000] {logging_mixin.py:190} INFO - [2025-02-01T20:40:16.538+0000] {dag.py:3239} INFO - Sync 1 DAGs
[2025-02-01T20:40:16.548+0000] {logging_mixin.py:190} INFO - [2025-02-01T20:40:16.548+0000] {dag.py:4180} INFO - Setting next_dagrun for example_sensor_decorator to None, run_after=None
[2025-02-01T20:40:16.561+0000] {processor.py:208} INFO - Processing /home/airflow/.local/lib/python3.12/site-packages/airflow/example_dags/example_sensor_decorator.py took 0.048 seconds
[2025-02-01T20:40:46.915+0000] {processor.py:186} INFO - Started process (PID=1340) to work on /home/airflow/.local/lib/python3.12/site-packages/airflow/example_dags/example_sensor_decorator.py
[2025-02-01T20:40:46.916+0000] {processor.py:914} INFO - Processing file /home/airflow/.local/lib/python3.12/site-packages/airflow/example_dags/example_sensor_decorator.py for tasks to queue
[2025-02-01T20:40:46.918+0000] {logging_mixin.py:190} INFO - [2025-02-01T20:40:46.917+0000] {dagbag.py:588} INFO - Filling up the DagBag from /home/airflow/.local/lib/python3.12/site-packages/airflow/example_dags/example_sensor_decorator.py
[2025-02-01T20:40:46.923+0000] {processor.py:925} INFO - DAG(s) 'example_sensor_decorator' retrieved from /home/airflow/.local/lib/python3.12/site-packages/airflow/example_dags/example_sensor_decorator.py
[2025-02-01T20:40:46.937+0000] {logging_mixin.py:190} INFO - [2025-02-01T20:40:46.936+0000] {dag.py:3239} INFO - Sync 1 DAGs
[2025-02-01T20:40:46.947+0000] {logging_mixin.py:190} INFO - [2025-02-01T20:40:46.947+0000] {dag.py:4180} INFO - Setting next_dagrun for example_sensor_decorator to None, run_after=None
[2025-02-01T20:40:46.961+0000] {processor.py:208} INFO - Processing /home/airflow/.local/lib/python3.12/site-packages/airflow/example_dags/example_sensor_decorator.py took 0.050 seconds
[2025-02-01T20:41:17.571+0000] {processor.py:186} INFO - Started process (PID=1631) to work on /home/airflow/.local/lib/python3.12/site-packages/airflow/example_dags/example_sensor_decorator.py
[2025-02-01T20:41:17.572+0000] {processor.py:914} INFO - Processing file /home/airflow/.local/lib/python3.12/site-packages/airflow/example_dags/example_sensor_decorator.py for tasks to queue
[2025-02-01T20:41:17.574+0000] {logging_mixin.py:190} INFO - [2025-02-01T20:41:17.574+0000] {dagbag.py:588} INFO - Filling up the DagBag from /home/airflow/.local/lib/python3.12/site-packages/airflow/example_dags/example_sensor_decorator.py
[2025-02-01T20:41:17.580+0000] {processor.py:925} INFO - DAG(s) 'example_sensor_decorator' retrieved from /home/airflow/.local/lib/python3.12/site-packages/airflow/example_dags/example_sensor_decorator.py
[2025-02-01T20:41:17.593+0000] {logging_mixin.py:190} INFO - [2025-02-01T20:41:17.593+0000] {dag.py:3239} INFO - Sync 1 DAGs
[2025-02-01T20:41:17.604+0000] {logging_mixin.py:190} INFO - [2025-02-01T20:41:17.604+0000] {dag.py:4180} INFO - Setting next_dagrun for example_sensor_decorator to None, run_after=None
[2025-02-01T20:41:17.618+0000] {processor.py:208} INFO - Processing /home/airflow/.local/lib/python3.12/site-packages/airflow/example_dags/example_sensor_decorator.py took 0.050 seconds
[2025-02-01T20:41:48.548+0000] {processor.py:186} INFO - Started process (PID=1922) to work on /home/airflow/.local/lib/python3.12/site-packages/airflow/example_dags/example_sensor_decorator.py
[2025-02-01T20:41:48.549+0000] {processor.py:914} INFO - Processing file /home/airflow/.local/lib/python3.12/site-packages/airflow/example_dags/example_sensor_decorator.py for tasks to queue
[2025-02-01T20:41:48.551+0000] {logging_mixin.py:190} INFO - [2025-02-01T20:41:48.550+0000] {dagbag.py:588} INFO - Filling up the DagBag from /home/airflow/.local/lib/python3.12/site-packages/airflow/example_dags/example_sensor_decorator.py
[2025-02-01T20:41:48.557+0000] {processor.py:925} INFO - DAG(s) 'example_sensor_decorator' retrieved from /home/airflow/.local/lib/python3.12/site-packages/airflow/example_dags/example_sensor_decorator.py
[2025-02-01T20:41:48.571+0000] {logging_mixin.py:190} INFO - [2025-02-01T20:41:48.571+0000] {dag.py:3239} INFO - Sync 1 DAGs
[2025-02-01T20:41:48.581+0000] {logging_mixin.py:190} INFO - [2025-02-01T20:41:48.581+0000] {dag.py:4180} INFO - Setting next_dagrun for example_sensor_decorator to None, run_after=None
[2025-02-01T20:41:48.597+0000] {processor.py:208} INFO - Processing /home/airflow/.local/lib/python3.12/site-packages/airflow/example_dags/example_sensor_decorator.py took 0.052 seconds
[2025-02-01T20:42:19.517+0000] {processor.py:186} INFO - Started process (PID=2213) to work on /home/airflow/.local/lib/python3.12/site-packages/airflow/example_dags/example_sensor_decorator.py
[2025-02-01T20:42:19.517+0000] {processor.py:914} INFO - Processing file /home/airflow/.local/lib/python3.12/site-packages/airflow/example_dags/example_sensor_decorator.py for tasks to queue
[2025-02-01T20:42:19.519+0000] {logging_mixin.py:190} INFO - [2025-02-01T20:42:19.519+0000] {dagbag.py:588} INFO - Filling up the DagBag from /home/airflow/.local/lib/python3.12/site-packages/airflow/example_dags/example_sensor_decorator.py
[2025-02-01T20:42:19.524+0000] {processor.py:925} INFO - DAG(s) 'example_sensor_decorator' retrieved from /home/airflow/.local/lib/python3.12/site-packages/airflow/example_dags/example_sensor_decorator.py
[2025-02-01T20:42:19.539+0000] {logging_mixin.py:190} INFO - [2025-02-01T20:42:19.539+0000] {dag.py:3239} INFO - Sync 1 DAGs
[2025-02-01T20:42:19.551+0000] {logging_mixin.py:190} INFO - [2025-02-01T20:42:19.551+0000] {dag.py:4180} INFO - Setting next_dagrun for example_sensor_decorator to None, run_after=None
[2025-02-01T20:42:19.566+0000] {processor.py:208} INFO - Processing /home/airflow/.local/lib/python3.12/site-packages/airflow/example_dags/example_sensor_decorator.py took 0.054 seconds
[2025-02-01T20:42:49.822+0000] {processor.py:186} INFO - Started process (PID=2504) to work on /home/airflow/.local/lib/python3.12/site-packages/airflow/example_dags/example_sensor_decorator.py
[2025-02-01T20:42:49.823+0000] {processor.py:914} INFO - Processing file /home/airflow/.local/lib/python3.12/site-packages/airflow/example_dags/example_sensor_decorator.py for tasks to queue
[2025-02-01T20:42:49.825+0000] {logging_mixin.py:190} INFO - [2025-02-01T20:42:49.824+0000] {dagbag.py:588} INFO - Filling up the DagBag from /home/airflow/.local/lib/python3.12/site-packages/airflow/example_dags/example_sensor_decorator.py
[2025-02-01T20:42:49.830+0000] {processor.py:925} INFO - DAG(s) 'example_sensor_decorator' retrieved from /home/airflow/.local/lib/python3.12/site-packages/airflow/example_dags/example_sensor_decorator.py
[2025-02-01T20:42:49.843+0000] {logging_mixin.py:190} INFO - [2025-02-01T20:42:49.843+0000] {dag.py:3239} INFO - Sync 1 DAGs
[2025-02-01T20:42:49.854+0000] {logging_mixin.py:190} INFO - [2025-02-01T20:42:49.854+0000] {dag.py:4180} INFO - Setting next_dagrun for example_sensor_decorator to None, run_after=None
[2025-02-01T20:42:49.868+0000] {processor.py:208} INFO - Processing /home/airflow/.local/lib/python3.12/site-packages/airflow/example_dags/example_sensor_decorator.py took 0.049 seconds
[2025-02-01T20:43:20.502+0000] {processor.py:186} INFO - Started process (PID=2795) to work on /home/airflow/.local/lib/python3.12/site-packages/airflow/example_dags/example_sensor_decorator.py
[2025-02-01T20:43:20.502+0000] {processor.py:914} INFO - Processing file /home/airflow/.local/lib/python3.12/site-packages/airflow/example_dags/example_sensor_decorator.py for tasks to queue
[2025-02-01T20:43:20.504+0000] {logging_mixin.py:190} INFO - [2025-02-01T20:43:20.504+0000] {dagbag.py:588} INFO - Filling up the DagBag from /home/airflow/.local/lib/python3.12/site-packages/airflow/example_dags/example_sensor_decorator.py
[2025-02-01T20:43:20.510+0000] {processor.py:925} INFO - DAG(s) 'example_sensor_decorator' retrieved from /home/airflow/.local/lib/python3.12/site-packages/airflow/example_dags/example_sensor_decorator.py
[2025-02-01T20:43:20.525+0000] {logging_mixin.py:190} INFO - [2025-02-01T20:43:20.524+0000] {dag.py:3239} INFO - Sync 1 DAGs
[2025-02-01T20:43:20.535+0000] {logging_mixin.py:190} INFO - [2025-02-01T20:43:20.535+0000] {dag.py:4180} INFO - Setting next_dagrun for example_sensor_decorator to None, run_after=None
[2025-02-01T20:43:20.551+0000] {processor.py:208} INFO - Processing /home/airflow/.local/lib/python3.12/site-packages/airflow/example_dags/example_sensor_decorator.py took 0.054 seconds
[2025-02-01T20:43:50.893+0000] {processor.py:186} INFO - Started process (PID=3086) to work on /home/airflow/.local/lib/python3.12/site-packages/airflow/example_dags/example_sensor_decorator.py
[2025-02-01T20:43:50.894+0000] {processor.py:914} INFO - Processing file /home/airflow/.local/lib/python3.12/site-packages/airflow/example_dags/example_sensor_decorator.py for tasks to queue
[2025-02-01T20:43:50.896+0000] {logging_mixin.py:190} INFO - [2025-02-01T20:43:50.895+0000] {dagbag.py:588} INFO - Filling up the DagBag from /home/airflow/.local/lib/python3.12/site-packages/airflow/example_dags/example_sensor_decorator.py
[2025-02-01T20:43:50.901+0000] {processor.py:925} INFO - DAG(s) 'example_sensor_decorator' retrieved from /home/airflow/.local/lib/python3.12/site-packages/airflow/example_dags/example_sensor_decorator.py
[2025-02-01T20:43:50.914+0000] {logging_mixin.py:190} INFO - [2025-02-01T20:43:50.914+0000] {dag.py:3239} INFO - Sync 1 DAGs
[2025-02-01T20:43:50.925+0000] {logging_mixin.py:190} INFO - [2025-02-01T20:43:50.925+0000] {dag.py:4180} INFO - Setting next_dagrun for example_sensor_decorator to None, run_after=None
[2025-02-01T20:43:50.939+0000] {processor.py:208} INFO - Processing /home/airflow/.local/lib/python3.12/site-packages/airflow/example_dags/example_sensor_decorator.py took 0.050 seconds
[2025-02-01T20:44:21.380+0000] {processor.py:186} INFO - Started process (PID=3377) to work on /home/airflow/.local/lib/python3.12/site-packages/airflow/example_dags/example_sensor_decorator.py
[2025-02-01T20:44:21.381+0000] {processor.py:914} INFO - Processing file /home/airflow/.local/lib/python3.12/site-packages/airflow/example_dags/example_sensor_decorator.py for tasks to queue
[2025-02-01T20:44:21.383+0000] {logging_mixin.py:190} INFO - [2025-02-01T20:44:21.382+0000] {dagbag.py:588} INFO - Filling up the DagBag from /home/airflow/.local/lib/python3.12/site-packages/airflow/example_dags/example_sensor_decorator.py
[2025-02-01T20:44:21.388+0000] {processor.py:925} INFO - DAG(s) 'example_sensor_decorator' retrieved from /home/airflow/.local/lib/python3.12/site-packages/airflow/example_dags/example_sensor_decorator.py
[2025-02-01T20:44:21.401+0000] {logging_mixin.py:190} INFO - [2025-02-01T20:44:21.401+0000] {dag.py:3239} INFO - Sync 1 DAGs
[2025-02-01T20:44:21.412+0000] {logging_mixin.py:190} INFO - [2025-02-01T20:44:21.411+0000] {dag.py:4180} INFO - Setting next_dagrun for example_sensor_decorator to None, run_after=None
[2025-02-01T20:44:21.425+0000] {processor.py:208} INFO - Processing /home/airflow/.local/lib/python3.12/site-packages/airflow/example_dags/example_sensor_decorator.py took 0.049 seconds
[2025-02-01T20:44:51.773+0000] {processor.py:186} INFO - Started process (PID=3668) to work on /home/airflow/.local/lib/python3.12/site-packages/airflow/example_dags/example_sensor_decorator.py
[2025-02-01T20:44:51.774+0000] {processor.py:914} INFO - Processing file /home/airflow/.local/lib/python3.12/site-packages/airflow/example_dags/example_sensor_decorator.py for tasks to queue
[2025-02-01T20:44:51.776+0000] {logging_mixin.py:190} INFO - [2025-02-01T20:44:51.776+0000] {dagbag.py:588} INFO - Filling up the DagBag from /home/airflow/.local/lib/python3.12/site-packages/airflow/example_dags/example_sensor_decorator.py
[2025-02-01T20:44:51.782+0000] {processor.py:925} INFO - DAG(s) 'example_sensor_decorator' retrieved from /home/airflow/.local/lib/python3.12/site-packages/airflow/example_dags/example_sensor_decorator.py
[2025-02-01T20:44:51.797+0000] {logging_mixin.py:190} INFO - [2025-02-01T20:44:51.797+0000] {dag.py:3239} INFO - Sync 1 DAGs
[2025-02-01T20:44:51.809+0000] {logging_mixin.py:190} INFO - [2025-02-01T20:44:51.808+0000] {dag.py:4180} INFO - Setting next_dagrun for example_sensor_decorator to None, run_after=None
[2025-02-01T20:44:51.823+0000] {processor.py:208} INFO - Processing /home/airflow/.local/lib/python3.12/site-packages/airflow/example_dags/example_sensor_decorator.py took 0.055 seconds
