[2025-02-01T20:33:40.366+0000] {processor.py:186} INFO - Started process (PID=371) to work on /home/airflow/.local/lib/python3.12/site-packages/airflow/example_dags/example_dataset_alias_with_no_taskflow.py
[2025-02-01T20:33:40.367+0000] {processor.py:914} INFO - Processing file /home/airflow/.local/lib/python3.12/site-packages/airflow/example_dags/example_dataset_alias_with_no_taskflow.py for tasks to queue
[2025-02-01T20:33:40.369+0000] {logging_mixin.py:190} INFO - [2025-02-01T20:33:40.368+0000] {dagbag.py:588} INFO - Filling up the DagBag from /home/airflow/.local/lib/python3.12/site-packages/airflow/example_dags/example_dataset_alias_with_no_taskflow.py
[2025-02-01T20:33:41.056+0000] {processor.py:925} INFO - DAG(s) 'dataset_alias_example_alias_producer_with_no_taskflow', 'dataset_alias_example_alias_consumer_with_no_taskflow', 'dataset_s3_bucket_consumer_with_no_taskflow', 'dataset_s3_bucket_producer_with_no_taskflow' retrieved from /home/airflow/.local/lib/python3.12/site-packages/airflow/example_dags/example_dataset_alias_with_no_taskflow.py
[2025-02-01T20:33:41.197+0000] {logging_mixin.py:190} INFO - [2025-02-01T20:33:41.196+0000] {override.py:1911} INFO - Created Permission View: can read on DAG:dataset_alias_example_alias_producer_with_no_taskflow
[2025-02-01T20:33:41.211+0000] {logging_mixin.py:190} INFO - [2025-02-01T20:33:41.210+0000] {override.py:1911} INFO - Created Permission View: can delete on DAG:dataset_alias_example_alias_producer_with_no_taskflow
[2025-02-01T20:33:41.225+0000] {logging_mixin.py:190} INFO - [2025-02-01T20:33:41.224+0000] {override.py:1911} INFO - Created Permission View: can edit on DAG:dataset_alias_example_alias_producer_with_no_taskflow
[2025-02-01T20:33:41.241+0000] {logging_mixin.py:190} INFO - [2025-02-01T20:33:41.241+0000] {override.py:1911} INFO - Created Permission View: can read on DAG Run:dataset_alias_example_alias_producer_with_no_taskflow
[2025-02-01T20:33:41.251+0000] {logging_mixin.py:190} INFO - [2025-02-01T20:33:41.251+0000] {override.py:1911} INFO - Created Permission View: menu access on DAG Run:dataset_alias_example_alias_producer_with_no_taskflow
[2025-02-01T20:33:41.261+0000] {logging_mixin.py:190} INFO - [2025-02-01T20:33:41.261+0000] {override.py:1911} INFO - Created Permission View: can create on DAG Run:dataset_alias_example_alias_producer_with_no_taskflow
[2025-02-01T20:33:41.291+0000] {logging_mixin.py:190} INFO - [2025-02-01T20:33:41.290+0000] {override.py:1911} INFO - Created Permission View: can delete on DAG Run:dataset_alias_example_alias_producer_with_no_taskflow
[2025-02-01T20:33:41.311+0000] {logging_mixin.py:190} INFO - [2025-02-01T20:33:41.311+0000] {override.py:1911} INFO - Created Permission View: can read on DAG:dataset_alias_example_alias_consumer_with_no_taskflow
[2025-02-01T20:33:41.321+0000] {logging_mixin.py:190} INFO - [2025-02-01T20:33:41.321+0000] {override.py:1911} INFO - Created Permission View: can delete on DAG:dataset_alias_example_alias_consumer_with_no_taskflow
[2025-02-01T20:33:41.331+0000] {logging_mixin.py:190} INFO - [2025-02-01T20:33:41.330+0000] {override.py:1911} INFO - Created Permission View: can edit on DAG:dataset_alias_example_alias_consumer_with_no_taskflow
[2025-02-01T20:33:41.343+0000] {logging_mixin.py:190} INFO - [2025-02-01T20:33:41.343+0000] {override.py:1911} INFO - Created Permission View: can read on DAG Run:dataset_alias_example_alias_consumer_with_no_taskflow
[2025-02-01T20:33:41.353+0000] {logging_mixin.py:190} INFO - [2025-02-01T20:33:41.353+0000] {override.py:1911} INFO - Created Permission View: menu access on DAG Run:dataset_alias_example_alias_consumer_with_no_taskflow
[2025-02-01T20:33:41.363+0000] {logging_mixin.py:190} INFO - [2025-02-01T20:33:41.363+0000] {override.py:1911} INFO - Created Permission View: can create on DAG Run:dataset_alias_example_alias_consumer_with_no_taskflow
[2025-02-01T20:33:41.375+0000] {logging_mixin.py:190} INFO - [2025-02-01T20:33:41.375+0000] {override.py:1911} INFO - Created Permission View: can delete on DAG Run:dataset_alias_example_alias_consumer_with_no_taskflow
[2025-02-01T20:33:41.396+0000] {logging_mixin.py:190} INFO - [2025-02-01T20:33:41.396+0000] {override.py:1911} INFO - Created Permission View: can read on DAG:dataset_s3_bucket_consumer_with_no_taskflow
[2025-02-01T20:33:41.407+0000] {logging_mixin.py:190} INFO - [2025-02-01T20:33:41.406+0000] {override.py:1911} INFO - Created Permission View: can delete on DAG:dataset_s3_bucket_consumer_with_no_taskflow
[2025-02-01T20:33:41.417+0000] {logging_mixin.py:190} INFO - [2025-02-01T20:33:41.416+0000] {override.py:1911} INFO - Created Permission View: can edit on DAG:dataset_s3_bucket_consumer_with_no_taskflow
[2025-02-01T20:33:41.429+0000] {logging_mixin.py:190} INFO - [2025-02-01T20:33:41.428+0000] {override.py:1911} INFO - Created Permission View: can read on DAG Run:dataset_s3_bucket_consumer_with_no_taskflow
[2025-02-01T20:33:41.441+0000] {logging_mixin.py:190} INFO - [2025-02-01T20:33:41.441+0000] {override.py:1911} INFO - Created Permission View: menu access on DAG Run:dataset_s3_bucket_consumer_with_no_taskflow
[2025-02-01T20:33:41.452+0000] {logging_mixin.py:190} INFO - [2025-02-01T20:33:41.451+0000] {override.py:1911} INFO - Created Permission View: can create on DAG Run:dataset_s3_bucket_consumer_with_no_taskflow
[2025-02-01T20:33:41.462+0000] {logging_mixin.py:190} INFO - [2025-02-01T20:33:41.461+0000] {override.py:1911} INFO - Created Permission View: can delete on DAG Run:dataset_s3_bucket_consumer_with_no_taskflow
[2025-02-01T20:33:41.481+0000] {logging_mixin.py:190} INFO - [2025-02-01T20:33:41.480+0000] {override.py:1911} INFO - Created Permission View: can read on DAG:dataset_s3_bucket_producer_with_no_taskflow
[2025-02-01T20:33:41.490+0000] {logging_mixin.py:190} INFO - [2025-02-01T20:33:41.490+0000] {override.py:1911} INFO - Created Permission View: can delete on DAG:dataset_s3_bucket_producer_with_no_taskflow
[2025-02-01T20:33:41.500+0000] {logging_mixin.py:190} INFO - [2025-02-01T20:33:41.500+0000] {override.py:1911} INFO - Created Permission View: can edit on DAG:dataset_s3_bucket_producer_with_no_taskflow
[2025-02-01T20:33:41.510+0000] {logging_mixin.py:190} INFO - [2025-02-01T20:33:41.509+0000] {override.py:1911} INFO - Created Permission View: can read on DAG Run:dataset_s3_bucket_producer_with_no_taskflow
[2025-02-01T20:33:41.519+0000] {logging_mixin.py:190} INFO - [2025-02-01T20:33:41.518+0000] {override.py:1911} INFO - Created Permission View: menu access on DAG Run:dataset_s3_bucket_producer_with_no_taskflow
[2025-02-01T20:33:41.528+0000] {logging_mixin.py:190} INFO - [2025-02-01T20:33:41.528+0000] {override.py:1911} INFO - Created Permission View: can create on DAG Run:dataset_s3_bucket_producer_with_no_taskflow
[2025-02-01T20:33:41.537+0000] {logging_mixin.py:190} INFO - [2025-02-01T20:33:41.537+0000] {override.py:1911} INFO - Created Permission View: can delete on DAG Run:dataset_s3_bucket_producer_with_no_taskflow
[2025-02-01T20:33:41.538+0000] {logging_mixin.py:190} INFO - [2025-02-01T20:33:41.538+0000] {dag.py:3239} INFO - Sync 4 DAGs
[2025-02-01T20:33:41.558+0000] {logging_mixin.py:190} INFO - [2025-02-01T20:33:41.557+0000] {dag.py:3262} INFO - Creating ORM DAG for dataset_alias_example_alias_consumer_with_no_taskflow
[2025-02-01T20:33:41.559+0000] {logging_mixin.py:190} INFO - [2025-02-01T20:33:41.558+0000] {dag.py:3262} INFO - Creating ORM DAG for dataset_alias_example_alias_producer_with_no_taskflow
[2025-02-01T20:33:41.559+0000] {logging_mixin.py:190} INFO - [2025-02-01T20:33:41.559+0000] {dag.py:3262} INFO - Creating ORM DAG for dataset_s3_bucket_producer_with_no_taskflow
[2025-02-01T20:33:41.560+0000] {logging_mixin.py:190} INFO - [2025-02-01T20:33:41.560+0000] {dag.py:3262} INFO - Creating ORM DAG for dataset_s3_bucket_consumer_with_no_taskflow
[2025-02-01T20:33:41.573+0000] {logging_mixin.py:190} INFO - [2025-02-01T20:33:41.573+0000] {dag.py:4180} INFO - Setting next_dagrun for dataset_alias_example_alias_consumer_with_no_taskflow to None, run_after=None
[2025-02-01T20:33:41.575+0000] {logging_mixin.py:190} INFO - [2025-02-01T20:33:41.575+0000] {dag.py:4180} INFO - Setting next_dagrun for dataset_alias_example_alias_producer_with_no_taskflow to None, run_after=None
[2025-02-01T20:33:41.576+0000] {logging_mixin.py:190} INFO - [2025-02-01T20:33:41.575+0000] {dag.py:4180} INFO - Setting next_dagrun for dataset_s3_bucket_consumer_with_no_taskflow to None, run_after=None
[2025-02-01T20:33:41.577+0000] {logging_mixin.py:190} INFO - [2025-02-01T20:33:41.577+0000] {dag.py:4180} INFO - Setting next_dagrun for dataset_s3_bucket_producer_with_no_taskflow to None, run_after=None
[2025-02-01T20:33:41.621+0000] {processor.py:208} INFO - Processing /home/airflow/.local/lib/python3.12/site-packages/airflow/example_dags/example_dataset_alias_with_no_taskflow.py took 1.260 seconds
[2025-02-01T20:34:11.684+0000] {processor.py:186} INFO - Started process (PID=675) to work on /home/airflow/.local/lib/python3.12/site-packages/airflow/example_dags/example_dataset_alias_with_no_taskflow.py
[2025-02-01T20:34:11.685+0000] {processor.py:914} INFO - Processing file /home/airflow/.local/lib/python3.12/site-packages/airflow/example_dags/example_dataset_alias_with_no_taskflow.py for tasks to queue
[2025-02-01T20:34:11.687+0000] {logging_mixin.py:190} INFO - [2025-02-01T20:34:11.686+0000] {dagbag.py:588} INFO - Filling up the DagBag from /home/airflow/.local/lib/python3.12/site-packages/airflow/example_dags/example_dataset_alias_with_no_taskflow.py
[2025-02-01T20:34:12.107+0000] {processor.py:925} INFO - DAG(s) 'dataset_alias_example_alias_consumer_with_no_taskflow', 'dataset_s3_bucket_consumer_with_no_taskflow', 'dataset_s3_bucket_producer_with_no_taskflow', 'dataset_alias_example_alias_producer_with_no_taskflow' retrieved from /home/airflow/.local/lib/python3.12/site-packages/airflow/example_dags/example_dataset_alias_with_no_taskflow.py
[2025-02-01T20:34:12.122+0000] {logging_mixin.py:190} INFO - [2025-02-01T20:34:12.122+0000] {dag.py:3239} INFO - Sync 4 DAGs
[2025-02-01T20:34:12.140+0000] {logging_mixin.py:190} INFO - [2025-02-01T20:34:12.140+0000] {dag.py:4180} INFO - Setting next_dagrun for dataset_alias_example_alias_consumer_with_no_taskflow to None, run_after=None
[2025-02-01T20:34:12.142+0000] {logging_mixin.py:190} INFO - [2025-02-01T20:34:12.142+0000] {dag.py:4180} INFO - Setting next_dagrun for dataset_alias_example_alias_producer_with_no_taskflow to None, run_after=None
[2025-02-01T20:34:12.143+0000] {logging_mixin.py:190} INFO - [2025-02-01T20:34:12.143+0000] {dag.py:4180} INFO - Setting next_dagrun for dataset_s3_bucket_consumer_with_no_taskflow to None, run_after=None
[2025-02-01T20:34:12.144+0000] {logging_mixin.py:190} INFO - [2025-02-01T20:34:12.144+0000] {dag.py:4180} INFO - Setting next_dagrun for dataset_s3_bucket_producer_with_no_taskflow to None, run_after=None
[2025-02-01T20:34:12.159+0000] {processor.py:208} INFO - Processing /home/airflow/.local/lib/python3.12/site-packages/airflow/example_dags/example_dataset_alias_with_no_taskflow.py took 0.479 seconds
[2025-02-01T20:34:42.440+0000] {processor.py:186} INFO - Started process (PID=966) to work on /home/airflow/.local/lib/python3.12/site-packages/airflow/example_dags/example_dataset_alias_with_no_taskflow.py
[2025-02-01T20:34:42.441+0000] {processor.py:914} INFO - Processing file /home/airflow/.local/lib/python3.12/site-packages/airflow/example_dags/example_dataset_alias_with_no_taskflow.py for tasks to queue
[2025-02-01T20:34:42.442+0000] {logging_mixin.py:190} INFO - [2025-02-01T20:34:42.442+0000] {dagbag.py:588} INFO - Filling up the DagBag from /home/airflow/.local/lib/python3.12/site-packages/airflow/example_dags/example_dataset_alias_with_no_taskflow.py
[2025-02-01T20:34:42.866+0000] {processor.py:925} INFO - DAG(s) 'dataset_s3_bucket_consumer_with_no_taskflow', 'dataset_alias_example_alias_producer_with_no_taskflow', 'dataset_alias_example_alias_consumer_with_no_taskflow', 'dataset_s3_bucket_producer_with_no_taskflow' retrieved from /home/airflow/.local/lib/python3.12/site-packages/airflow/example_dags/example_dataset_alias_with_no_taskflow.py
[2025-02-01T20:34:42.882+0000] {logging_mixin.py:190} INFO - [2025-02-01T20:34:42.882+0000] {dag.py:3239} INFO - Sync 4 DAGs
[2025-02-01T20:34:42.900+0000] {logging_mixin.py:190} INFO - [2025-02-01T20:34:42.900+0000] {dag.py:4180} INFO - Setting next_dagrun for dataset_alias_example_alias_consumer_with_no_taskflow to None, run_after=None
[2025-02-01T20:34:42.902+0000] {logging_mixin.py:190} INFO - [2025-02-01T20:34:42.902+0000] {dag.py:4180} INFO - Setting next_dagrun for dataset_alias_example_alias_producer_with_no_taskflow to None, run_after=None
[2025-02-01T20:34:42.903+0000] {logging_mixin.py:190} INFO - [2025-02-01T20:34:42.903+0000] {dag.py:4180} INFO - Setting next_dagrun for dataset_s3_bucket_consumer_with_no_taskflow to None, run_after=None
[2025-02-01T20:34:42.904+0000] {logging_mixin.py:190} INFO - [2025-02-01T20:34:42.904+0000] {dag.py:4180} INFO - Setting next_dagrun for dataset_s3_bucket_producer_with_no_taskflow to None, run_after=None
[2025-02-01T20:34:42.965+0000] {processor.py:208} INFO - Processing /home/airflow/.local/lib/python3.12/site-packages/airflow/example_dags/example_dataset_alias_with_no_taskflow.py took 0.529 seconds
[2025-02-01T20:35:13.178+0000] {processor.py:186} INFO - Started process (PID=1262) to work on /home/airflow/.local/lib/python3.12/site-packages/airflow/example_dags/example_dataset_alias_with_no_taskflow.py
[2025-02-01T20:35:13.178+0000] {processor.py:914} INFO - Processing file /home/airflow/.local/lib/python3.12/site-packages/airflow/example_dags/example_dataset_alias_with_no_taskflow.py for tasks to queue
[2025-02-01T20:35:13.180+0000] {logging_mixin.py:190} INFO - [2025-02-01T20:35:13.180+0000] {dagbag.py:588} INFO - Filling up the DagBag from /home/airflow/.local/lib/python3.12/site-packages/airflow/example_dags/example_dataset_alias_with_no_taskflow.py
[2025-02-01T20:35:13.640+0000] {processor.py:925} INFO - DAG(s) 'dataset_alias_example_alias_producer_with_no_taskflow', 'dataset_s3_bucket_consumer_with_no_taskflow', 'dataset_alias_example_alias_consumer_with_no_taskflow', 'dataset_s3_bucket_producer_with_no_taskflow' retrieved from /home/airflow/.local/lib/python3.12/site-packages/airflow/example_dags/example_dataset_alias_with_no_taskflow.py
[2025-02-01T20:35:13.657+0000] {logging_mixin.py:190} INFO - [2025-02-01T20:35:13.657+0000] {dag.py:3239} INFO - Sync 4 DAGs
[2025-02-01T20:35:13.676+0000] {logging_mixin.py:190} INFO - [2025-02-01T20:35:13.676+0000] {dag.py:4180} INFO - Setting next_dagrun for dataset_alias_example_alias_consumer_with_no_taskflow to None, run_after=None
[2025-02-01T20:35:13.679+0000] {logging_mixin.py:190} INFO - [2025-02-01T20:35:13.679+0000] {dag.py:4180} INFO - Setting next_dagrun for dataset_alias_example_alias_producer_with_no_taskflow to None, run_after=None
[2025-02-01T20:35:13.680+0000] {logging_mixin.py:190} INFO - [2025-02-01T20:35:13.680+0000] {dag.py:4180} INFO - Setting next_dagrun for dataset_s3_bucket_consumer_with_no_taskflow to None, run_after=None
[2025-02-01T20:35:13.681+0000] {logging_mixin.py:190} INFO - [2025-02-01T20:35:13.681+0000] {dag.py:4180} INFO - Setting next_dagrun for dataset_s3_bucket_producer_with_no_taskflow to None, run_after=None
[2025-02-01T20:35:13.696+0000] {processor.py:208} INFO - Processing /home/airflow/.local/lib/python3.12/site-packages/airflow/example_dags/example_dataset_alias_with_no_taskflow.py took 0.523 seconds
[2025-02-01T20:38:49.566+0000] {processor.py:186} INFO - Started process (PID=371) to work on /home/airflow/.local/lib/python3.12/site-packages/airflow/example_dags/example_dataset_alias_with_no_taskflow.py
[2025-02-01T20:38:49.567+0000] {processor.py:914} INFO - Processing file /home/airflow/.local/lib/python3.12/site-packages/airflow/example_dags/example_dataset_alias_with_no_taskflow.py for tasks to queue
[2025-02-01T20:38:49.569+0000] {logging_mixin.py:190} INFO - [2025-02-01T20:38:49.569+0000] {dagbag.py:588} INFO - Filling up the DagBag from /home/airflow/.local/lib/python3.12/site-packages/airflow/example_dags/example_dataset_alias_with_no_taskflow.py
[2025-02-01T20:38:50.082+0000] {processor.py:925} INFO - DAG(s) 'dataset_alias_example_alias_producer_with_no_taskflow', 'dataset_s3_bucket_producer_with_no_taskflow', 'dataset_alias_example_alias_consumer_with_no_taskflow', 'dataset_s3_bucket_consumer_with_no_taskflow' retrieved from /home/airflow/.local/lib/python3.12/site-packages/airflow/example_dags/example_dataset_alias_with_no_taskflow.py
[2025-02-01T20:38:50.105+0000] {logging_mixin.py:190} INFO - [2025-02-01T20:38:50.105+0000] {dag.py:3239} INFO - Sync 4 DAGs
[2025-02-01T20:38:50.132+0000] {logging_mixin.py:190} INFO - [2025-02-01T20:38:50.131+0000] {dag.py:4180} INFO - Setting next_dagrun for dataset_alias_example_alias_consumer_with_no_taskflow to None, run_after=None
[2025-02-01T20:38:50.135+0000] {logging_mixin.py:190} INFO - [2025-02-01T20:38:50.134+0000] {dag.py:4180} INFO - Setting next_dagrun for dataset_alias_example_alias_producer_with_no_taskflow to None, run_after=None
[2025-02-01T20:38:50.136+0000] {logging_mixin.py:190} INFO - [2025-02-01T20:38:50.136+0000] {dag.py:4180} INFO - Setting next_dagrun for dataset_s3_bucket_consumer_with_no_taskflow to None, run_after=None
[2025-02-01T20:38:50.137+0000] {logging_mixin.py:190} INFO - [2025-02-01T20:38:50.137+0000] {dag.py:4180} INFO - Setting next_dagrun for dataset_s3_bucket_producer_with_no_taskflow to None, run_after=None
[2025-02-01T20:38:50.463+0000] {processor.py:208} INFO - Processing /home/airflow/.local/lib/python3.12/site-packages/airflow/example_dags/example_dataset_alias_with_no_taskflow.py took 0.901 seconds
[2025-02-01T20:39:21.044+0000] {processor.py:186} INFO - Started process (PID=669) to work on /home/airflow/.local/lib/python3.12/site-packages/airflow/example_dags/example_dataset_alias_with_no_taskflow.py
[2025-02-01T20:39:21.045+0000] {processor.py:914} INFO - Processing file /home/airflow/.local/lib/python3.12/site-packages/airflow/example_dags/example_dataset_alias_with_no_taskflow.py for tasks to queue
[2025-02-01T20:39:21.046+0000] {logging_mixin.py:190} INFO - [2025-02-01T20:39:21.046+0000] {dagbag.py:588} INFO - Filling up the DagBag from /home/airflow/.local/lib/python3.12/site-packages/airflow/example_dags/example_dataset_alias_with_no_taskflow.py
[2025-02-01T20:39:21.497+0000] {processor.py:925} INFO - DAG(s) 'dataset_s3_bucket_consumer_with_no_taskflow', 'dataset_alias_example_alias_consumer_with_no_taskflow', 'dataset_alias_example_alias_producer_with_no_taskflow', 'dataset_s3_bucket_producer_with_no_taskflow' retrieved from /home/airflow/.local/lib/python3.12/site-packages/airflow/example_dags/example_dataset_alias_with_no_taskflow.py
[2025-02-01T20:39:21.513+0000] {logging_mixin.py:190} INFO - [2025-02-01T20:39:21.513+0000] {dag.py:3239} INFO - Sync 4 DAGs
[2025-02-01T20:39:21.532+0000] {logging_mixin.py:190} INFO - [2025-02-01T20:39:21.532+0000] {dag.py:4180} INFO - Setting next_dagrun for dataset_alias_example_alias_consumer_with_no_taskflow to None, run_after=None
[2025-02-01T20:39:21.534+0000] {logging_mixin.py:190} INFO - [2025-02-01T20:39:21.534+0000] {dag.py:4180} INFO - Setting next_dagrun for dataset_alias_example_alias_producer_with_no_taskflow to None, run_after=None
[2025-02-01T20:39:21.536+0000] {logging_mixin.py:190} INFO - [2025-02-01T20:39:21.536+0000] {dag.py:4180} INFO - Setting next_dagrun for dataset_s3_bucket_consumer_with_no_taskflow to None, run_after=None
[2025-02-01T20:39:21.537+0000] {logging_mixin.py:190} INFO - [2025-02-01T20:39:21.537+0000] {dag.py:4180} INFO - Setting next_dagrun for dataset_s3_bucket_producer_with_no_taskflow to None, run_after=None
[2025-02-01T20:39:21.552+0000] {processor.py:208} INFO - Processing /home/airflow/.local/lib/python3.12/site-packages/airflow/example_dags/example_dataset_alias_with_no_taskflow.py took 0.512 seconds
[2025-02-01T20:39:51.652+0000] {processor.py:186} INFO - Started process (PID=960) to work on /home/airflow/.local/lib/python3.12/site-packages/airflow/example_dags/example_dataset_alias_with_no_taskflow.py
[2025-02-01T20:39:51.653+0000] {processor.py:914} INFO - Processing file /home/airflow/.local/lib/python3.12/site-packages/airflow/example_dags/example_dataset_alias_with_no_taskflow.py for tasks to queue
[2025-02-01T20:39:51.654+0000] {logging_mixin.py:190} INFO - [2025-02-01T20:39:51.654+0000] {dagbag.py:588} INFO - Filling up the DagBag from /home/airflow/.local/lib/python3.12/site-packages/airflow/example_dags/example_dataset_alias_with_no_taskflow.py
[2025-02-01T20:39:52.140+0000] {processor.py:925} INFO - DAG(s) 'dataset_s3_bucket_producer_with_no_taskflow', 'dataset_s3_bucket_consumer_with_no_taskflow', 'dataset_alias_example_alias_producer_with_no_taskflow', 'dataset_alias_example_alias_consumer_with_no_taskflow' retrieved from /home/airflow/.local/lib/python3.12/site-packages/airflow/example_dags/example_dataset_alias_with_no_taskflow.py
[2025-02-01T20:39:52.160+0000] {logging_mixin.py:190} INFO - [2025-02-01T20:39:52.160+0000] {dag.py:3239} INFO - Sync 4 DAGs
[2025-02-01T20:39:52.181+0000] {logging_mixin.py:190} INFO - [2025-02-01T20:39:52.180+0000] {dag.py:4180} INFO - Setting next_dagrun for dataset_alias_example_alias_consumer_with_no_taskflow to None, run_after=None
[2025-02-01T20:39:52.183+0000] {logging_mixin.py:190} INFO - [2025-02-01T20:39:52.183+0000] {dag.py:4180} INFO - Setting next_dagrun for dataset_alias_example_alias_producer_with_no_taskflow to None, run_after=None
[2025-02-01T20:39:52.184+0000] {logging_mixin.py:190} INFO - [2025-02-01T20:39:52.184+0000] {dag.py:4180} INFO - Setting next_dagrun for dataset_s3_bucket_consumer_with_no_taskflow to None, run_after=None
[2025-02-01T20:39:52.185+0000] {logging_mixin.py:190} INFO - [2025-02-01T20:39:52.185+0000] {dag.py:4180} INFO - Setting next_dagrun for dataset_s3_bucket_producer_with_no_taskflow to None, run_after=None
[2025-02-01T20:39:52.204+0000] {processor.py:208} INFO - Processing /home/airflow/.local/lib/python3.12/site-packages/airflow/example_dags/example_dataset_alias_with_no_taskflow.py took 0.556 seconds
[2025-02-01T20:40:22.464+0000] {processor.py:186} INFO - Started process (PID=1251) to work on /home/airflow/.local/lib/python3.12/site-packages/airflow/example_dags/example_dataset_alias_with_no_taskflow.py
[2025-02-01T20:40:22.465+0000] {processor.py:914} INFO - Processing file /home/airflow/.local/lib/python3.12/site-packages/airflow/example_dags/example_dataset_alias_with_no_taskflow.py for tasks to queue
[2025-02-01T20:40:22.467+0000] {logging_mixin.py:190} INFO - [2025-02-01T20:40:22.466+0000] {dagbag.py:588} INFO - Filling up the DagBag from /home/airflow/.local/lib/python3.12/site-packages/airflow/example_dags/example_dataset_alias_with_no_taskflow.py
[2025-02-01T20:40:22.886+0000] {processor.py:925} INFO - DAG(s) 'dataset_alias_example_alias_consumer_with_no_taskflow', 'dataset_s3_bucket_producer_with_no_taskflow', 'dataset_s3_bucket_consumer_with_no_taskflow', 'dataset_alias_example_alias_producer_with_no_taskflow' retrieved from /home/airflow/.local/lib/python3.12/site-packages/airflow/example_dags/example_dataset_alias_with_no_taskflow.py
[2025-02-01T20:40:22.902+0000] {logging_mixin.py:190} INFO - [2025-02-01T20:40:22.902+0000] {dag.py:3239} INFO - Sync 4 DAGs
[2025-02-01T20:40:22.919+0000] {logging_mixin.py:190} INFO - [2025-02-01T20:40:22.919+0000] {dag.py:4180} INFO - Setting next_dagrun for dataset_alias_example_alias_consumer_with_no_taskflow to None, run_after=None
[2025-02-01T20:40:22.921+0000] {logging_mixin.py:190} INFO - [2025-02-01T20:40:22.921+0000] {dag.py:4180} INFO - Setting next_dagrun for dataset_alias_example_alias_producer_with_no_taskflow to None, run_after=None
[2025-02-01T20:40:22.923+0000] {logging_mixin.py:190} INFO - [2025-02-01T20:40:22.923+0000] {dag.py:4180} INFO - Setting next_dagrun for dataset_s3_bucket_consumer_with_no_taskflow to None, run_after=None
[2025-02-01T20:40:22.924+0000] {logging_mixin.py:190} INFO - [2025-02-01T20:40:22.924+0000] {dag.py:4180} INFO - Setting next_dagrun for dataset_s3_bucket_producer_with_no_taskflow to None, run_after=None
[2025-02-01T20:40:22.939+0000] {processor.py:208} INFO - Processing /home/airflow/.local/lib/python3.12/site-packages/airflow/example_dags/example_dataset_alias_with_no_taskflow.py took 0.480 seconds
[2025-02-01T20:40:53.986+0000] {processor.py:186} INFO - Started process (PID=1542) to work on /home/airflow/.local/lib/python3.12/site-packages/airflow/example_dags/example_dataset_alias_with_no_taskflow.py
[2025-02-01T20:40:53.987+0000] {processor.py:914} INFO - Processing file /home/airflow/.local/lib/python3.12/site-packages/airflow/example_dags/example_dataset_alias_with_no_taskflow.py for tasks to queue
[2025-02-01T20:40:53.989+0000] {logging_mixin.py:190} INFO - [2025-02-01T20:40:53.989+0000] {dagbag.py:588} INFO - Filling up the DagBag from /home/airflow/.local/lib/python3.12/site-packages/airflow/example_dags/example_dataset_alias_with_no_taskflow.py
[2025-02-01T20:40:54.452+0000] {processor.py:925} INFO - DAG(s) 'dataset_s3_bucket_producer_with_no_taskflow', 'dataset_alias_example_alias_consumer_with_no_taskflow', 'dataset_alias_example_alias_producer_with_no_taskflow', 'dataset_s3_bucket_consumer_with_no_taskflow' retrieved from /home/airflow/.local/lib/python3.12/site-packages/airflow/example_dags/example_dataset_alias_with_no_taskflow.py
[2025-02-01T20:40:54.468+0000] {logging_mixin.py:190} INFO - [2025-02-01T20:40:54.467+0000] {dag.py:3239} INFO - Sync 4 DAGs
[2025-02-01T20:40:54.485+0000] {logging_mixin.py:190} INFO - [2025-02-01T20:40:54.485+0000] {dag.py:4180} INFO - Setting next_dagrun for dataset_alias_example_alias_consumer_with_no_taskflow to None, run_after=None
[2025-02-01T20:40:54.487+0000] {logging_mixin.py:190} INFO - [2025-02-01T20:40:54.487+0000] {dag.py:4180} INFO - Setting next_dagrun for dataset_alias_example_alias_producer_with_no_taskflow to None, run_after=None
[2025-02-01T20:40:54.489+0000] {logging_mixin.py:190} INFO - [2025-02-01T20:40:54.488+0000] {dag.py:4180} INFO - Setting next_dagrun for dataset_s3_bucket_consumer_with_no_taskflow to None, run_after=None
[2025-02-01T20:40:54.489+0000] {logging_mixin.py:190} INFO - [2025-02-01T20:40:54.489+0000] {dag.py:4180} INFO - Setting next_dagrun for dataset_s3_bucket_producer_with_no_taskflow to None, run_after=None
[2025-02-01T20:40:54.504+0000] {processor.py:208} INFO - Processing /home/airflow/.local/lib/python3.12/site-packages/airflow/example_dags/example_dataset_alias_with_no_taskflow.py took 0.524 seconds
[2025-02-01T20:41:25.244+0000] {processor.py:186} INFO - Started process (PID=1833) to work on /home/airflow/.local/lib/python3.12/site-packages/airflow/example_dags/example_dataset_alias_with_no_taskflow.py
[2025-02-01T20:41:25.245+0000] {processor.py:914} INFO - Processing file /home/airflow/.local/lib/python3.12/site-packages/airflow/example_dags/example_dataset_alias_with_no_taskflow.py for tasks to queue
[2025-02-01T20:41:25.247+0000] {logging_mixin.py:190} INFO - [2025-02-01T20:41:25.247+0000] {dagbag.py:588} INFO - Filling up the DagBag from /home/airflow/.local/lib/python3.12/site-packages/airflow/example_dags/example_dataset_alias_with_no_taskflow.py
[2025-02-01T20:41:25.700+0000] {processor.py:925} INFO - DAG(s) 'dataset_alias_example_alias_producer_with_no_taskflow', 'dataset_s3_bucket_producer_with_no_taskflow', 'dataset_alias_example_alias_consumer_with_no_taskflow', 'dataset_s3_bucket_consumer_with_no_taskflow' retrieved from /home/airflow/.local/lib/python3.12/site-packages/airflow/example_dags/example_dataset_alias_with_no_taskflow.py
[2025-02-01T20:41:25.718+0000] {logging_mixin.py:190} INFO - [2025-02-01T20:41:25.718+0000] {dag.py:3239} INFO - Sync 4 DAGs
[2025-02-01T20:41:25.736+0000] {logging_mixin.py:190} INFO - [2025-02-01T20:41:25.736+0000] {dag.py:4180} INFO - Setting next_dagrun for dataset_alias_example_alias_consumer_with_no_taskflow to None, run_after=None
[2025-02-01T20:41:25.738+0000] {logging_mixin.py:190} INFO - [2025-02-01T20:41:25.738+0000] {dag.py:4180} INFO - Setting next_dagrun for dataset_alias_example_alias_producer_with_no_taskflow to None, run_after=None
[2025-02-01T20:41:25.740+0000] {logging_mixin.py:190} INFO - [2025-02-01T20:41:25.740+0000] {dag.py:4180} INFO - Setting next_dagrun for dataset_s3_bucket_consumer_with_no_taskflow to None, run_after=None
[2025-02-01T20:41:25.741+0000] {logging_mixin.py:190} INFO - [2025-02-01T20:41:25.741+0000] {dag.py:4180} INFO - Setting next_dagrun for dataset_s3_bucket_producer_with_no_taskflow to None, run_after=None
[2025-02-01T20:41:25.759+0000] {processor.py:208} INFO - Processing /home/airflow/.local/lib/python3.12/site-packages/airflow/example_dags/example_dataset_alias_with_no_taskflow.py took 0.520 seconds
[2025-02-01T20:41:56.201+0000] {processor.py:186} INFO - Started process (PID=2124) to work on /home/airflow/.local/lib/python3.12/site-packages/airflow/example_dags/example_dataset_alias_with_no_taskflow.py
[2025-02-01T20:41:56.202+0000] {processor.py:914} INFO - Processing file /home/airflow/.local/lib/python3.12/site-packages/airflow/example_dags/example_dataset_alias_with_no_taskflow.py for tasks to queue
[2025-02-01T20:41:56.203+0000] {logging_mixin.py:190} INFO - [2025-02-01T20:41:56.203+0000] {dagbag.py:588} INFO - Filling up the DagBag from /home/airflow/.local/lib/python3.12/site-packages/airflow/example_dags/example_dataset_alias_with_no_taskflow.py
[2025-02-01T20:41:56.662+0000] {processor.py:925} INFO - DAG(s) 'dataset_alias_example_alias_consumer_with_no_taskflow', 'dataset_alias_example_alias_producer_with_no_taskflow', 'dataset_s3_bucket_consumer_with_no_taskflow', 'dataset_s3_bucket_producer_with_no_taskflow' retrieved from /home/airflow/.local/lib/python3.12/site-packages/airflow/example_dags/example_dataset_alias_with_no_taskflow.py
[2025-02-01T20:41:56.681+0000] {logging_mixin.py:190} INFO - [2025-02-01T20:41:56.681+0000] {dag.py:3239} INFO - Sync 4 DAGs
[2025-02-01T20:41:56.701+0000] {logging_mixin.py:190} INFO - [2025-02-01T20:41:56.701+0000] {dag.py:4180} INFO - Setting next_dagrun for dataset_alias_example_alias_consumer_with_no_taskflow to None, run_after=None
[2025-02-01T20:41:56.704+0000] {logging_mixin.py:190} INFO - [2025-02-01T20:41:56.703+0000] {dag.py:4180} INFO - Setting next_dagrun for dataset_alias_example_alias_producer_with_no_taskflow to None, run_after=None
[2025-02-01T20:41:56.705+0000] {logging_mixin.py:190} INFO - [2025-02-01T20:41:56.705+0000] {dag.py:4180} INFO - Setting next_dagrun for dataset_s3_bucket_consumer_with_no_taskflow to None, run_after=None
[2025-02-01T20:41:56.706+0000] {logging_mixin.py:190} INFO - [2025-02-01T20:41:56.706+0000] {dag.py:4180} INFO - Setting next_dagrun for dataset_s3_bucket_producer_with_no_taskflow to None, run_after=None
[2025-02-01T20:41:56.725+0000] {processor.py:208} INFO - Processing /home/airflow/.local/lib/python3.12/site-packages/airflow/example_dags/example_dataset_alias_with_no_taskflow.py took 0.528 seconds
[2025-02-01T20:42:27.397+0000] {processor.py:186} INFO - Started process (PID=2415) to work on /home/airflow/.local/lib/python3.12/site-packages/airflow/example_dags/example_dataset_alias_with_no_taskflow.py
[2025-02-01T20:42:27.398+0000] {processor.py:914} INFO - Processing file /home/airflow/.local/lib/python3.12/site-packages/airflow/example_dags/example_dataset_alias_with_no_taskflow.py for tasks to queue
[2025-02-01T20:42:27.400+0000] {logging_mixin.py:190} INFO - [2025-02-01T20:42:27.400+0000] {dagbag.py:588} INFO - Filling up the DagBag from /home/airflow/.local/lib/python3.12/site-packages/airflow/example_dags/example_dataset_alias_with_no_taskflow.py
[2025-02-01T20:42:27.910+0000] {processor.py:925} INFO - DAG(s) 'dataset_s3_bucket_producer_with_no_taskflow', 'dataset_alias_example_alias_consumer_with_no_taskflow', 'dataset_alias_example_alias_producer_with_no_taskflow', 'dataset_s3_bucket_consumer_with_no_taskflow' retrieved from /home/airflow/.local/lib/python3.12/site-packages/airflow/example_dags/example_dataset_alias_with_no_taskflow.py
[2025-02-01T20:42:27.932+0000] {logging_mixin.py:190} INFO - [2025-02-01T20:42:27.931+0000] {dag.py:3239} INFO - Sync 4 DAGs
[2025-02-01T20:42:27.953+0000] {logging_mixin.py:190} INFO - [2025-02-01T20:42:27.953+0000] {dag.py:4180} INFO - Setting next_dagrun for dataset_alias_example_alias_consumer_with_no_taskflow to None, run_after=None
[2025-02-01T20:42:27.956+0000] {logging_mixin.py:190} INFO - [2025-02-01T20:42:27.955+0000] {dag.py:4180} INFO - Setting next_dagrun for dataset_alias_example_alias_producer_with_no_taskflow to None, run_after=None
[2025-02-01T20:42:27.957+0000] {logging_mixin.py:190} INFO - [2025-02-01T20:42:27.957+0000] {dag.py:4180} INFO - Setting next_dagrun for dataset_s3_bucket_consumer_with_no_taskflow to None, run_after=None
[2025-02-01T20:42:27.959+0000] {logging_mixin.py:190} INFO - [2025-02-01T20:42:27.959+0000] {dag.py:4180} INFO - Setting next_dagrun for dataset_s3_bucket_producer_with_no_taskflow to None, run_after=None
[2025-02-01T20:42:27.979+0000] {processor.py:208} INFO - Processing /home/airflow/.local/lib/python3.12/site-packages/airflow/example_dags/example_dataset_alias_with_no_taskflow.py took 0.586 seconds
[2025-02-01T20:42:58.101+0000] {processor.py:186} INFO - Started process (PID=2706) to work on /home/airflow/.local/lib/python3.12/site-packages/airflow/example_dags/example_dataset_alias_with_no_taskflow.py
[2025-02-01T20:42:58.102+0000] {processor.py:914} INFO - Processing file /home/airflow/.local/lib/python3.12/site-packages/airflow/example_dags/example_dataset_alias_with_no_taskflow.py for tasks to queue
[2025-02-01T20:42:58.104+0000] {logging_mixin.py:190} INFO - [2025-02-01T20:42:58.103+0000] {dagbag.py:588} INFO - Filling up the DagBag from /home/airflow/.local/lib/python3.12/site-packages/airflow/example_dags/example_dataset_alias_with_no_taskflow.py
[2025-02-01T20:42:58.602+0000] {processor.py:925} INFO - DAG(s) 'dataset_s3_bucket_consumer_with_no_taskflow', 'dataset_alias_example_alias_producer_with_no_taskflow', 'dataset_alias_example_alias_consumer_with_no_taskflow', 'dataset_s3_bucket_producer_with_no_taskflow' retrieved from /home/airflow/.local/lib/python3.12/site-packages/airflow/example_dags/example_dataset_alias_with_no_taskflow.py
[2025-02-01T20:42:58.621+0000] {logging_mixin.py:190} INFO - [2025-02-01T20:42:58.620+0000] {dag.py:3239} INFO - Sync 4 DAGs
[2025-02-01T20:42:58.641+0000] {logging_mixin.py:190} INFO - [2025-02-01T20:42:58.641+0000] {dag.py:4180} INFO - Setting next_dagrun for dataset_alias_example_alias_consumer_with_no_taskflow to None, run_after=None
[2025-02-01T20:42:58.644+0000] {logging_mixin.py:190} INFO - [2025-02-01T20:42:58.644+0000] {dag.py:4180} INFO - Setting next_dagrun for dataset_alias_example_alias_producer_with_no_taskflow to None, run_after=None
[2025-02-01T20:42:58.646+0000] {logging_mixin.py:190} INFO - [2025-02-01T20:42:58.646+0000] {dag.py:4180} INFO - Setting next_dagrun for dataset_s3_bucket_consumer_with_no_taskflow to None, run_after=None
[2025-02-01T20:42:58.647+0000] {logging_mixin.py:190} INFO - [2025-02-01T20:42:58.647+0000] {dag.py:4180} INFO - Setting next_dagrun for dataset_s3_bucket_producer_with_no_taskflow to None, run_after=None
[2025-02-01T20:42:58.665+0000] {processor.py:208} INFO - Processing /home/airflow/.local/lib/python3.12/site-packages/airflow/example_dags/example_dataset_alias_with_no_taskflow.py took 0.568 seconds
[2025-02-01T20:43:29.138+0000] {processor.py:186} INFO - Started process (PID=2997) to work on /home/airflow/.local/lib/python3.12/site-packages/airflow/example_dags/example_dataset_alias_with_no_taskflow.py
[2025-02-01T20:43:29.139+0000] {processor.py:914} INFO - Processing file /home/airflow/.local/lib/python3.12/site-packages/airflow/example_dags/example_dataset_alias_with_no_taskflow.py for tasks to queue
[2025-02-01T20:43:29.141+0000] {logging_mixin.py:190} INFO - [2025-02-01T20:43:29.141+0000] {dagbag.py:588} INFO - Filling up the DagBag from /home/airflow/.local/lib/python3.12/site-packages/airflow/example_dags/example_dataset_alias_with_no_taskflow.py
[2025-02-01T20:43:29.715+0000] {processor.py:925} INFO - DAG(s) 'dataset_alias_example_alias_consumer_with_no_taskflow', 'dataset_alias_example_alias_producer_with_no_taskflow', 'dataset_s3_bucket_consumer_with_no_taskflow', 'dataset_s3_bucket_producer_with_no_taskflow' retrieved from /home/airflow/.local/lib/python3.12/site-packages/airflow/example_dags/example_dataset_alias_with_no_taskflow.py
[2025-02-01T20:43:29.736+0000] {logging_mixin.py:190} INFO - [2025-02-01T20:43:29.735+0000] {dag.py:3239} INFO - Sync 4 DAGs
[2025-02-01T20:43:29.763+0000] {logging_mixin.py:190} INFO - [2025-02-01T20:43:29.763+0000] {dag.py:4180} INFO - Setting next_dagrun for dataset_alias_example_alias_consumer_with_no_taskflow to None, run_after=None
[2025-02-01T20:43:29.766+0000] {logging_mixin.py:190} INFO - [2025-02-01T20:43:29.766+0000] {dag.py:4180} INFO - Setting next_dagrun for dataset_alias_example_alias_producer_with_no_taskflow to None, run_after=None
[2025-02-01T20:43:29.768+0000] {logging_mixin.py:190} INFO - [2025-02-01T20:43:29.768+0000] {dag.py:4180} INFO - Setting next_dagrun for dataset_s3_bucket_consumer_with_no_taskflow to None, run_after=None
[2025-02-01T20:43:29.770+0000] {logging_mixin.py:190} INFO - [2025-02-01T20:43:29.770+0000] {dag.py:4180} INFO - Setting next_dagrun for dataset_s3_bucket_producer_with_no_taskflow to None, run_after=None
[2025-02-01T20:43:29.793+0000] {processor.py:208} INFO - Processing /home/airflow/.local/lib/python3.12/site-packages/airflow/example_dags/example_dataset_alias_with_no_taskflow.py took 0.660 seconds
[2025-02-01T20:43:59.869+0000] {processor.py:186} INFO - Started process (PID=3286) to work on /home/airflow/.local/lib/python3.12/site-packages/airflow/example_dags/example_dataset_alias_with_no_taskflow.py
[2025-02-01T20:43:59.869+0000] {processor.py:914} INFO - Processing file /home/airflow/.local/lib/python3.12/site-packages/airflow/example_dags/example_dataset_alias_with_no_taskflow.py for tasks to queue
[2025-02-01T20:43:59.871+0000] {logging_mixin.py:190} INFO - [2025-02-01T20:43:59.871+0000] {dagbag.py:588} INFO - Filling up the DagBag from /home/airflow/.local/lib/python3.12/site-packages/airflow/example_dags/example_dataset_alias_with_no_taskflow.py
[2025-02-01T20:44:00.297+0000] {processor.py:925} INFO - DAG(s) 'dataset_alias_example_alias_producer_with_no_taskflow', 'dataset_s3_bucket_producer_with_no_taskflow', 'dataset_s3_bucket_consumer_with_no_taskflow', 'dataset_alias_example_alias_consumer_with_no_taskflow' retrieved from /home/airflow/.local/lib/python3.12/site-packages/airflow/example_dags/example_dataset_alias_with_no_taskflow.py
[2025-02-01T20:44:00.313+0000] {logging_mixin.py:190} INFO - [2025-02-01T20:44:00.312+0000] {dag.py:3239} INFO - Sync 4 DAGs
[2025-02-01T20:44:00.330+0000] {logging_mixin.py:190} INFO - [2025-02-01T20:44:00.330+0000] {dag.py:4180} INFO - Setting next_dagrun for dataset_alias_example_alias_consumer_with_no_taskflow to None, run_after=None
[2025-02-01T20:44:00.332+0000] {logging_mixin.py:190} INFO - [2025-02-01T20:44:00.332+0000] {dag.py:4180} INFO - Setting next_dagrun for dataset_alias_example_alias_producer_with_no_taskflow to None, run_after=None
[2025-02-01T20:44:00.333+0000] {logging_mixin.py:190} INFO - [2025-02-01T20:44:00.333+0000] {dag.py:4180} INFO - Setting next_dagrun for dataset_s3_bucket_consumer_with_no_taskflow to None, run_after=None
[2025-02-01T20:44:00.334+0000] {logging_mixin.py:190} INFO - [2025-02-01T20:44:00.334+0000] {dag.py:4180} INFO - Setting next_dagrun for dataset_s3_bucket_producer_with_no_taskflow to None, run_after=None
[2025-02-01T20:44:00.349+0000] {processor.py:208} INFO - Processing /home/airflow/.local/lib/python3.12/site-packages/airflow/example_dags/example_dataset_alias_with_no_taskflow.py took 0.486 seconds
[2025-02-01T20:44:30.518+0000] {processor.py:186} INFO - Started process (PID=3577) to work on /home/airflow/.local/lib/python3.12/site-packages/airflow/example_dags/example_dataset_alias_with_no_taskflow.py
[2025-02-01T20:44:30.519+0000] {processor.py:914} INFO - Processing file /home/airflow/.local/lib/python3.12/site-packages/airflow/example_dags/example_dataset_alias_with_no_taskflow.py for tasks to queue
[2025-02-01T20:44:30.521+0000] {logging_mixin.py:190} INFO - [2025-02-01T20:44:30.520+0000] {dagbag.py:588} INFO - Filling up the DagBag from /home/airflow/.local/lib/python3.12/site-packages/airflow/example_dags/example_dataset_alias_with_no_taskflow.py
[2025-02-01T20:44:30.989+0000] {processor.py:925} INFO - DAG(s) 'dataset_s3_bucket_consumer_with_no_taskflow', 'dataset_s3_bucket_producer_with_no_taskflow', 'dataset_alias_example_alias_consumer_with_no_taskflow', 'dataset_alias_example_alias_producer_with_no_taskflow' retrieved from /home/airflow/.local/lib/python3.12/site-packages/airflow/example_dags/example_dataset_alias_with_no_taskflow.py
[2025-02-01T20:44:31.008+0000] {logging_mixin.py:190} INFO - [2025-02-01T20:44:31.008+0000] {dag.py:3239} INFO - Sync 4 DAGs
[2025-02-01T20:44:31.026+0000] {logging_mixin.py:190} INFO - [2025-02-01T20:44:31.026+0000] {dag.py:4180} INFO - Setting next_dagrun for dataset_alias_example_alias_consumer_with_no_taskflow to None, run_after=None
[2025-02-01T20:44:31.029+0000] {logging_mixin.py:190} INFO - [2025-02-01T20:44:31.029+0000] {dag.py:4180} INFO - Setting next_dagrun for dataset_alias_example_alias_producer_with_no_taskflow to None, run_after=None
[2025-02-01T20:44:31.031+0000] {logging_mixin.py:190} INFO - [2025-02-01T20:44:31.030+0000] {dag.py:4180} INFO - Setting next_dagrun for dataset_s3_bucket_consumer_with_no_taskflow to None, run_after=None
[2025-02-01T20:44:31.032+0000] {logging_mixin.py:190} INFO - [2025-02-01T20:44:31.032+0000] {dag.py:4180} INFO - Setting next_dagrun for dataset_s3_bucket_producer_with_no_taskflow to None, run_after=None
[2025-02-01T20:44:31.048+0000] {processor.py:208} INFO - Processing /home/airflow/.local/lib/python3.12/site-packages/airflow/example_dags/example_dataset_alias_with_no_taskflow.py took 0.534 seconds
[2025-02-01T20:45:01.418+0000] {processor.py:186} INFO - Started process (PID=3869) to work on /home/airflow/.local/lib/python3.12/site-packages/airflow/example_dags/example_dataset_alias_with_no_taskflow.py
[2025-02-01T20:45:01.419+0000] {processor.py:914} INFO - Processing file /home/airflow/.local/lib/python3.12/site-packages/airflow/example_dags/example_dataset_alias_with_no_taskflow.py for tasks to queue
[2025-02-01T20:45:01.421+0000] {logging_mixin.py:190} INFO - [2025-02-01T20:45:01.421+0000] {dagbag.py:588} INFO - Filling up the DagBag from /home/airflow/.local/lib/python3.12/site-packages/airflow/example_dags/example_dataset_alias_with_no_taskflow.py
[2025-02-01T20:45:01.896+0000] {processor.py:925} INFO - DAG(s) 'dataset_alias_example_alias_producer_with_no_taskflow', 'dataset_alias_example_alias_consumer_with_no_taskflow', 'dataset_s3_bucket_consumer_with_no_taskflow', 'dataset_s3_bucket_producer_with_no_taskflow' retrieved from /home/airflow/.local/lib/python3.12/site-packages/airflow/example_dags/example_dataset_alias_with_no_taskflow.py
[2025-02-01T20:45:01.913+0000] {logging_mixin.py:190} INFO - [2025-02-01T20:45:01.913+0000] {dag.py:3239} INFO - Sync 4 DAGs
[2025-02-01T20:45:01.937+0000] {logging_mixin.py:190} INFO - [2025-02-01T20:45:01.936+0000] {dag.py:4180} INFO - Setting next_dagrun for dataset_alias_example_alias_consumer_with_no_taskflow to None, run_after=None
[2025-02-01T20:45:01.940+0000] {logging_mixin.py:190} INFO - [2025-02-01T20:45:01.940+0000] {dag.py:4180} INFO - Setting next_dagrun for dataset_alias_example_alias_producer_with_no_taskflow to None, run_after=None
[2025-02-01T20:45:01.943+0000] {logging_mixin.py:190} INFO - [2025-02-01T20:45:01.943+0000] {dag.py:4180} INFO - Setting next_dagrun for dataset_s3_bucket_consumer_with_no_taskflow to None, run_after=None
[2025-02-01T20:45:01.944+0000] {logging_mixin.py:190} INFO - [2025-02-01T20:45:01.944+0000] {dag.py:4180} INFO - Setting next_dagrun for dataset_s3_bucket_producer_with_no_taskflow to None, run_after=None
[2025-02-01T20:45:01.962+0000] {processor.py:208} INFO - Processing /home/airflow/.local/lib/python3.12/site-packages/airflow/example_dags/example_dataset_alias_with_no_taskflow.py took 0.548 seconds
