[2025-02-01T20:33:38.989+0000] {processor.py:186} INFO - Started process (PID=321) to work on /home/airflow/.local/lib/python3.12/site-packages/airflow/example_dags/example_python_decorator.py
[2025-02-01T20:33:38.990+0000] {processor.py:914} INFO - Processing file /home/airflow/.local/lib/python3.12/site-packages/airflow/example_dags/example_python_decorator.py for tasks to queue
[2025-02-01T20:33:38.992+0000] {logging_mixin.py:190} INFO - [2025-02-01T20:33:38.991+0000] {dagbag.py:588} INFO - Filling up the DagBag from /home/airflow/.local/lib/python3.12/site-packages/airflow/example_dags/example_python_decorator.py
[2025-02-01T20:33:39.010+0000] {processor.py:925} INFO - DAG(s) 'example_python_decorator' retrieved from /home/airflow/.local/lib/python3.12/site-packages/airflow/example_dags/example_python_decorator.py
[2025-02-01T20:33:39.174+0000] {logging_mixin.py:190} INFO - [2025-02-01T20:33:39.173+0000] {override.py:1911} INFO - Created Permission View: can read on DAG:example_python_decorator
[2025-02-01T20:33:39.187+0000] {logging_mixin.py:190} INFO - [2025-02-01T20:33:39.187+0000] {override.py:1911} INFO - Created Permission View: can delete on DAG:example_python_decorator
[2025-02-01T20:33:39.196+0000] {logging_mixin.py:190} INFO - [2025-02-01T20:33:39.196+0000] {override.py:1911} INFO - Created Permission View: can edit on DAG:example_python_decorator
[2025-02-01T20:33:39.205+0000] {logging_mixin.py:190} INFO - [2025-02-01T20:33:39.205+0000] {override.py:1911} INFO - Created Permission View: can read on DAG Run:example_python_decorator
[2025-02-01T20:33:39.214+0000] {logging_mixin.py:190} INFO - [2025-02-01T20:33:39.213+0000] {override.py:1911} INFO - Created Permission View: menu access on DAG Run:example_python_decorator
[2025-02-01T20:33:39.222+0000] {logging_mixin.py:190} INFO - [2025-02-01T20:33:39.222+0000] {override.py:1911} INFO - Created Permission View: can create on DAG Run:example_python_decorator
[2025-02-01T20:33:39.230+0000] {logging_mixin.py:190} INFO - [2025-02-01T20:33:39.230+0000] {override.py:1911} INFO - Created Permission View: can delete on DAG Run:example_python_decorator
[2025-02-01T20:33:39.231+0000] {logging_mixin.py:190} INFO - [2025-02-01T20:33:39.231+0000] {dag.py:3239} INFO - Sync 1 DAGs
[2025-02-01T20:33:39.249+0000] {logging_mixin.py:190} INFO - [2025-02-01T20:33:39.249+0000] {dag.py:3262} INFO - Creating ORM DAG for example_python_decorator
[2025-02-01T20:33:39.250+0000] {logging_mixin.py:190} INFO - [2025-02-01T20:33:39.250+0000] {dag.py:4180} INFO - Setting next_dagrun for example_python_decorator to None, run_after=None
[2025-02-01T20:33:39.273+0000] {processor.py:208} INFO - Processing /home/airflow/.local/lib/python3.12/site-packages/airflow/example_dags/example_python_decorator.py took 0.293 seconds
[2025-02-01T20:34:09.458+0000] {processor.py:186} INFO - Started process (PID=612) to work on /home/airflow/.local/lib/python3.12/site-packages/airflow/example_dags/example_python_decorator.py
[2025-02-01T20:34:09.459+0000] {processor.py:914} INFO - Processing file /home/airflow/.local/lib/python3.12/site-packages/airflow/example_dags/example_python_decorator.py for tasks to queue
[2025-02-01T20:34:09.461+0000] {logging_mixin.py:190} INFO - [2025-02-01T20:34:09.461+0000] {dagbag.py:588} INFO - Filling up the DagBag from /home/airflow/.local/lib/python3.12/site-packages/airflow/example_dags/example_python_decorator.py
[2025-02-01T20:34:09.479+0000] {processor.py:925} INFO - DAG(s) 'example_python_decorator' retrieved from /home/airflow/.local/lib/python3.12/site-packages/airflow/example_dags/example_python_decorator.py
[2025-02-01T20:34:09.505+0000] {logging_mixin.py:190} INFO - [2025-02-01T20:34:09.504+0000] {dag.py:3239} INFO - Sync 1 DAGs
[2025-02-01T20:34:09.517+0000] {logging_mixin.py:190} INFO - [2025-02-01T20:34:09.517+0000] {dag.py:4180} INFO - Setting next_dagrun for example_python_decorator to None, run_after=None
[2025-02-01T20:34:09.534+0000] {processor.py:208} INFO - Processing /home/airflow/.local/lib/python3.12/site-packages/airflow/example_dags/example_python_decorator.py took 0.082 seconds
[2025-02-01T20:34:39.761+0000] {processor.py:186} INFO - Started process (PID=905) to work on /home/airflow/.local/lib/python3.12/site-packages/airflow/example_dags/example_python_decorator.py
[2025-02-01T20:34:39.762+0000] {processor.py:914} INFO - Processing file /home/airflow/.local/lib/python3.12/site-packages/airflow/example_dags/example_python_decorator.py for tasks to queue
[2025-02-01T20:34:39.763+0000] {logging_mixin.py:190} INFO - [2025-02-01T20:34:39.763+0000] {dagbag.py:588} INFO - Filling up the DagBag from /home/airflow/.local/lib/python3.12/site-packages/airflow/example_dags/example_python_decorator.py
[2025-02-01T20:34:39.773+0000] {processor.py:925} INFO - DAG(s) 'example_python_decorator' retrieved from /home/airflow/.local/lib/python3.12/site-packages/airflow/example_dags/example_python_decorator.py
[2025-02-01T20:34:39.789+0000] {logging_mixin.py:190} INFO - [2025-02-01T20:34:39.789+0000] {dag.py:3239} INFO - Sync 1 DAGs
[2025-02-01T20:34:39.800+0000] {logging_mixin.py:190} INFO - [2025-02-01T20:34:39.800+0000] {dag.py:4180} INFO - Setting next_dagrun for example_python_decorator to None, run_after=None
[2025-02-01T20:34:39.812+0000] {processor.py:208} INFO - Processing /home/airflow/.local/lib/python3.12/site-packages/airflow/example_dags/example_python_decorator.py took 0.055 seconds
[2025-02-01T20:35:10.518+0000] {processor.py:186} INFO - Started process (PID=1194) to work on /home/airflow/.local/lib/python3.12/site-packages/airflow/example_dags/example_python_decorator.py
[2025-02-01T20:35:10.519+0000] {processor.py:914} INFO - Processing file /home/airflow/.local/lib/python3.12/site-packages/airflow/example_dags/example_python_decorator.py for tasks to queue
[2025-02-01T20:35:10.521+0000] {logging_mixin.py:190} INFO - [2025-02-01T20:35:10.520+0000] {dagbag.py:588} INFO - Filling up the DagBag from /home/airflow/.local/lib/python3.12/site-packages/airflow/example_dags/example_python_decorator.py
[2025-02-01T20:35:10.533+0000] {processor.py:925} INFO - DAG(s) 'example_python_decorator' retrieved from /home/airflow/.local/lib/python3.12/site-packages/airflow/example_dags/example_python_decorator.py
[2025-02-01T20:35:10.555+0000] {logging_mixin.py:190} INFO - [2025-02-01T20:35:10.555+0000] {dag.py:3239} INFO - Sync 1 DAGs
[2025-02-01T20:35:10.567+0000] {logging_mixin.py:190} INFO - [2025-02-01T20:35:10.567+0000] {dag.py:4180} INFO - Setting next_dagrun for example_python_decorator to None, run_after=None
[2025-02-01T20:35:10.581+0000] {processor.py:208} INFO - Processing /home/airflow/.local/lib/python3.12/site-packages/airflow/example_dags/example_python_decorator.py took 0.067 seconds
[2025-02-01T20:38:48.884+0000] {processor.py:186} INFO - Started process (PID=323) to work on /home/airflow/.local/lib/python3.12/site-packages/airflow/example_dags/example_python_decorator.py
[2025-02-01T20:38:48.885+0000] {processor.py:914} INFO - Processing file /home/airflow/.local/lib/python3.12/site-packages/airflow/example_dags/example_python_decorator.py for tasks to queue
[2025-02-01T20:38:48.887+0000] {logging_mixin.py:190} INFO - [2025-02-01T20:38:48.887+0000] {dagbag.py:588} INFO - Filling up the DagBag from /home/airflow/.local/lib/python3.12/site-packages/airflow/example_dags/example_python_decorator.py
[2025-02-01T20:38:48.899+0000] {processor.py:925} INFO - DAG(s) 'example_python_decorator' retrieved from /home/airflow/.local/lib/python3.12/site-packages/airflow/example_dags/example_python_decorator.py
[2025-02-01T20:38:48.992+0000] {logging_mixin.py:190} INFO - [2025-02-01T20:38:48.991+0000] {dag.py:3239} INFO - Sync 1 DAGs
[2025-02-01T20:38:49.002+0000] {logging_mixin.py:190} INFO - [2025-02-01T20:38:49.002+0000] {dag.py:4180} INFO - Setting next_dagrun for example_python_decorator to None, run_after=None
[2025-02-01T20:38:49.019+0000] {processor.py:208} INFO - Processing /home/airflow/.local/lib/python3.12/site-packages/airflow/example_dags/example_python_decorator.py took 0.139 seconds
[2025-02-01T20:39:19.368+0000] {processor.py:186} INFO - Started process (PID=612) to work on /home/airflow/.local/lib/python3.12/site-packages/airflow/example_dags/example_python_decorator.py
[2025-02-01T20:39:19.369+0000] {processor.py:914} INFO - Processing file /home/airflow/.local/lib/python3.12/site-packages/airflow/example_dags/example_python_decorator.py for tasks to queue
[2025-02-01T20:39:19.371+0000] {logging_mixin.py:190} INFO - [2025-02-01T20:39:19.371+0000] {dagbag.py:588} INFO - Filling up the DagBag from /home/airflow/.local/lib/python3.12/site-packages/airflow/example_dags/example_python_decorator.py
[2025-02-01T20:39:19.384+0000] {processor.py:925} INFO - DAG(s) 'example_python_decorator' retrieved from /home/airflow/.local/lib/python3.12/site-packages/airflow/example_dags/example_python_decorator.py
[2025-02-01T20:39:19.406+0000] {logging_mixin.py:190} INFO - [2025-02-01T20:39:19.405+0000] {dag.py:3239} INFO - Sync 1 DAGs
[2025-02-01T20:39:19.419+0000] {logging_mixin.py:190} INFO - [2025-02-01T20:39:19.419+0000] {dag.py:4180} INFO - Setting next_dagrun for example_python_decorator to None, run_after=None
[2025-02-01T20:39:19.439+0000] {processor.py:208} INFO - Processing /home/airflow/.local/lib/python3.12/site-packages/airflow/example_dags/example_python_decorator.py took 0.076 seconds
[2025-02-01T20:39:51.037+0000] {processor.py:186} INFO - Started process (PID=903) to work on /home/airflow/.local/lib/python3.12/site-packages/airflow/example_dags/example_python_decorator.py
[2025-02-01T20:39:51.038+0000] {processor.py:914} INFO - Processing file /home/airflow/.local/lib/python3.12/site-packages/airflow/example_dags/example_python_decorator.py for tasks to queue
[2025-02-01T20:39:51.039+0000] {logging_mixin.py:190} INFO - [2025-02-01T20:39:51.039+0000] {dagbag.py:588} INFO - Filling up the DagBag from /home/airflow/.local/lib/python3.12/site-packages/airflow/example_dags/example_python_decorator.py
[2025-02-01T20:39:51.049+0000] {processor.py:925} INFO - DAG(s) 'example_python_decorator' retrieved from /home/airflow/.local/lib/python3.12/site-packages/airflow/example_dags/example_python_decorator.py
[2025-02-01T20:39:51.066+0000] {logging_mixin.py:190} INFO - [2025-02-01T20:39:51.066+0000] {dag.py:3239} INFO - Sync 1 DAGs
[2025-02-01T20:39:51.077+0000] {logging_mixin.py:190} INFO - [2025-02-01T20:39:51.077+0000] {dag.py:4180} INFO - Setting next_dagrun for example_python_decorator to None, run_after=None
[2025-02-01T20:39:51.092+0000] {processor.py:208} INFO - Processing /home/airflow/.local/lib/python3.12/site-packages/airflow/example_dags/example_python_decorator.py took 0.059 seconds
[2025-02-01T20:40:21.774+0000] {processor.py:186} INFO - Started process (PID=1194) to work on /home/airflow/.local/lib/python3.12/site-packages/airflow/example_dags/example_python_decorator.py
[2025-02-01T20:40:21.775+0000] {processor.py:914} INFO - Processing file /home/airflow/.local/lib/python3.12/site-packages/airflow/example_dags/example_python_decorator.py for tasks to queue
[2025-02-01T20:40:21.777+0000] {logging_mixin.py:190} INFO - [2025-02-01T20:40:21.776+0000] {dagbag.py:588} INFO - Filling up the DagBag from /home/airflow/.local/lib/python3.12/site-packages/airflow/example_dags/example_python_decorator.py
[2025-02-01T20:40:21.787+0000] {processor.py:925} INFO - DAG(s) 'example_python_decorator' retrieved from /home/airflow/.local/lib/python3.12/site-packages/airflow/example_dags/example_python_decorator.py
[2025-02-01T20:40:21.804+0000] {logging_mixin.py:190} INFO - [2025-02-01T20:40:21.804+0000] {dag.py:3239} INFO - Sync 1 DAGs
[2025-02-01T20:40:21.815+0000] {logging_mixin.py:190} INFO - [2025-02-01T20:40:21.815+0000] {dag.py:4180} INFO - Setting next_dagrun for example_python_decorator to None, run_after=None
[2025-02-01T20:40:21.828+0000] {processor.py:208} INFO - Processing /home/airflow/.local/lib/python3.12/site-packages/airflow/example_dags/example_python_decorator.py took 0.058 seconds
[2025-02-01T20:40:53.280+0000] {processor.py:186} INFO - Started process (PID=1485) to work on /home/airflow/.local/lib/python3.12/site-packages/airflow/example_dags/example_python_decorator.py
[2025-02-01T20:40:53.281+0000] {processor.py:914} INFO - Processing file /home/airflow/.local/lib/python3.12/site-packages/airflow/example_dags/example_python_decorator.py for tasks to queue
[2025-02-01T20:40:53.282+0000] {logging_mixin.py:190} INFO - [2025-02-01T20:40:53.282+0000] {dagbag.py:588} INFO - Filling up the DagBag from /home/airflow/.local/lib/python3.12/site-packages/airflow/example_dags/example_python_decorator.py
[2025-02-01T20:40:53.292+0000] {processor.py:925} INFO - DAG(s) 'example_python_decorator' retrieved from /home/airflow/.local/lib/python3.12/site-packages/airflow/example_dags/example_python_decorator.py
[2025-02-01T20:40:53.309+0000] {logging_mixin.py:190} INFO - [2025-02-01T20:40:53.309+0000] {dag.py:3239} INFO - Sync 1 DAGs
[2025-02-01T20:40:53.324+0000] {logging_mixin.py:190} INFO - [2025-02-01T20:40:53.323+0000] {dag.py:4180} INFO - Setting next_dagrun for example_python_decorator to None, run_after=None
[2025-02-01T20:40:53.344+0000] {processor.py:208} INFO - Processing /home/airflow/.local/lib/python3.12/site-packages/airflow/example_dags/example_python_decorator.py took 0.068 seconds
[2025-02-01T20:41:23.487+0000] {processor.py:186} INFO - Started process (PID=1776) to work on /home/airflow/.local/lib/python3.12/site-packages/airflow/example_dags/example_python_decorator.py
[2025-02-01T20:41:23.488+0000] {processor.py:914} INFO - Processing file /home/airflow/.local/lib/python3.12/site-packages/airflow/example_dags/example_python_decorator.py for tasks to queue
[2025-02-01T20:41:23.489+0000] {logging_mixin.py:190} INFO - [2025-02-01T20:41:23.489+0000] {dagbag.py:588} INFO - Filling up the DagBag from /home/airflow/.local/lib/python3.12/site-packages/airflow/example_dags/example_python_decorator.py
[2025-02-01T20:41:23.500+0000] {processor.py:925} INFO - DAG(s) 'example_python_decorator' retrieved from /home/airflow/.local/lib/python3.12/site-packages/airflow/example_dags/example_python_decorator.py
[2025-02-01T20:41:23.520+0000] {logging_mixin.py:190} INFO - [2025-02-01T20:41:23.520+0000] {dag.py:3239} INFO - Sync 1 DAGs
[2025-02-01T20:41:23.531+0000] {logging_mixin.py:190} INFO - [2025-02-01T20:41:23.531+0000] {dag.py:4180} INFO - Setting next_dagrun for example_python_decorator to None, run_after=None
[2025-02-01T20:41:23.549+0000] {processor.py:208} INFO - Processing /home/airflow/.local/lib/python3.12/site-packages/airflow/example_dags/example_python_decorator.py took 0.066 seconds
[2025-02-01T20:41:54.346+0000] {processor.py:186} INFO - Started process (PID=2062) to work on /home/airflow/.local/lib/python3.12/site-packages/airflow/example_dags/example_python_decorator.py
[2025-02-01T20:41:54.347+0000] {processor.py:914} INFO - Processing file /home/airflow/.local/lib/python3.12/site-packages/airflow/example_dags/example_python_decorator.py for tasks to queue
[2025-02-01T20:41:54.348+0000] {logging_mixin.py:190} INFO - [2025-02-01T20:41:54.348+0000] {dagbag.py:588} INFO - Filling up the DagBag from /home/airflow/.local/lib/python3.12/site-packages/airflow/example_dags/example_python_decorator.py
[2025-02-01T20:41:54.360+0000] {processor.py:925} INFO - DAG(s) 'example_python_decorator' retrieved from /home/airflow/.local/lib/python3.12/site-packages/airflow/example_dags/example_python_decorator.py
[2025-02-01T20:41:54.378+0000] {logging_mixin.py:190} INFO - [2025-02-01T20:41:54.378+0000] {dag.py:3239} INFO - Sync 1 DAGs
[2025-02-01T20:41:54.394+0000] {logging_mixin.py:190} INFO - [2025-02-01T20:41:54.393+0000] {dag.py:4180} INFO - Setting next_dagrun for example_python_decorator to None, run_after=None
[2025-02-01T20:41:54.407+0000] {processor.py:208} INFO - Processing /home/airflow/.local/lib/python3.12/site-packages/airflow/example_dags/example_python_decorator.py took 0.066 seconds
[2025-02-01T20:42:25.491+0000] {processor.py:186} INFO - Started process (PID=2353) to work on /home/airflow/.local/lib/python3.12/site-packages/airflow/example_dags/example_python_decorator.py
[2025-02-01T20:42:25.492+0000] {processor.py:914} INFO - Processing file /home/airflow/.local/lib/python3.12/site-packages/airflow/example_dags/example_python_decorator.py for tasks to queue
[2025-02-01T20:42:25.494+0000] {logging_mixin.py:190} INFO - [2025-02-01T20:42:25.493+0000] {dagbag.py:588} INFO - Filling up the DagBag from /home/airflow/.local/lib/python3.12/site-packages/airflow/example_dags/example_python_decorator.py
[2025-02-01T20:42:25.505+0000] {processor.py:925} INFO - DAG(s) 'example_python_decorator' retrieved from /home/airflow/.local/lib/python3.12/site-packages/airflow/example_dags/example_python_decorator.py
[2025-02-01T20:42:25.523+0000] {logging_mixin.py:190} INFO - [2025-02-01T20:42:25.523+0000] {dag.py:3239} INFO - Sync 1 DAGs
[2025-02-01T20:42:25.534+0000] {logging_mixin.py:190} INFO - [2025-02-01T20:42:25.534+0000] {dag.py:4180} INFO - Setting next_dagrun for example_python_decorator to None, run_after=None
[2025-02-01T20:42:25.548+0000] {processor.py:208} INFO - Processing /home/airflow/.local/lib/python3.12/site-packages/airflow/example_dags/example_python_decorator.py took 0.061 seconds
[2025-02-01T20:42:56.978+0000] {processor.py:186} INFO - Started process (PID=2646) to work on /home/airflow/.local/lib/python3.12/site-packages/airflow/example_dags/example_python_decorator.py
[2025-02-01T20:42:56.979+0000] {processor.py:914} INFO - Processing file /home/airflow/.local/lib/python3.12/site-packages/airflow/example_dags/example_python_decorator.py for tasks to queue
[2025-02-01T20:42:56.981+0000] {logging_mixin.py:190} INFO - [2025-02-01T20:42:56.981+0000] {dagbag.py:588} INFO - Filling up the DagBag from /home/airflow/.local/lib/python3.12/site-packages/airflow/example_dags/example_python_decorator.py
[2025-02-01T20:42:56.993+0000] {processor.py:925} INFO - DAG(s) 'example_python_decorator' retrieved from /home/airflow/.local/lib/python3.12/site-packages/airflow/example_dags/example_python_decorator.py
[2025-02-01T20:42:57.011+0000] {logging_mixin.py:190} INFO - [2025-02-01T20:42:57.010+0000] {dag.py:3239} INFO - Sync 1 DAGs
[2025-02-01T20:42:57.022+0000] {logging_mixin.py:190} INFO - [2025-02-01T20:42:57.022+0000] {dag.py:4180} INFO - Setting next_dagrun for example_python_decorator to None, run_after=None
[2025-02-01T20:42:57.036+0000] {processor.py:208} INFO - Processing /home/airflow/.local/lib/python3.12/site-packages/airflow/example_dags/example_python_decorator.py took 0.062 seconds
[2025-02-01T20:43:27.844+0000] {processor.py:186} INFO - Started process (PID=2937) to work on /home/airflow/.local/lib/python3.12/site-packages/airflow/example_dags/example_python_decorator.py
[2025-02-01T20:43:27.845+0000] {processor.py:914} INFO - Processing file /home/airflow/.local/lib/python3.12/site-packages/airflow/example_dags/example_python_decorator.py for tasks to queue
[2025-02-01T20:43:27.846+0000] {logging_mixin.py:190} INFO - [2025-02-01T20:43:27.846+0000] {dagbag.py:588} INFO - Filling up the DagBag from /home/airflow/.local/lib/python3.12/site-packages/airflow/example_dags/example_python_decorator.py
[2025-02-01T20:43:27.856+0000] {processor.py:925} INFO - DAG(s) 'example_python_decorator' retrieved from /home/airflow/.local/lib/python3.12/site-packages/airflow/example_dags/example_python_decorator.py
[2025-02-01T20:43:27.873+0000] {logging_mixin.py:190} INFO - [2025-02-01T20:43:27.873+0000] {dag.py:3239} INFO - Sync 1 DAGs
[2025-02-01T20:43:27.884+0000] {logging_mixin.py:190} INFO - [2025-02-01T20:43:27.883+0000] {dag.py:4180} INFO - Setting next_dagrun for example_python_decorator to None, run_after=None
[2025-02-01T20:43:27.900+0000] {processor.py:208} INFO - Processing /home/airflow/.local/lib/python3.12/site-packages/airflow/example_dags/example_python_decorator.py took 0.061 seconds
[2025-02-01T20:43:58.897+0000] {processor.py:186} INFO - Started process (PID=3226) to work on /home/airflow/.local/lib/python3.12/site-packages/airflow/example_dags/example_python_decorator.py
[2025-02-01T20:43:58.898+0000] {processor.py:914} INFO - Processing file /home/airflow/.local/lib/python3.12/site-packages/airflow/example_dags/example_python_decorator.py for tasks to queue
[2025-02-01T20:43:58.900+0000] {logging_mixin.py:190} INFO - [2025-02-01T20:43:58.900+0000] {dagbag.py:588} INFO - Filling up the DagBag from /home/airflow/.local/lib/python3.12/site-packages/airflow/example_dags/example_python_decorator.py
[2025-02-01T20:43:58.911+0000] {processor.py:925} INFO - DAG(s) 'example_python_decorator' retrieved from /home/airflow/.local/lib/python3.12/site-packages/airflow/example_dags/example_python_decorator.py
[2025-02-01T20:43:58.929+0000] {logging_mixin.py:190} INFO - [2025-02-01T20:43:58.929+0000] {dag.py:3239} INFO - Sync 1 DAGs
[2025-02-01T20:43:58.940+0000] {logging_mixin.py:190} INFO - [2025-02-01T20:43:58.940+0000] {dag.py:4180} INFO - Setting next_dagrun for example_python_decorator to None, run_after=None
[2025-02-01T20:43:58.955+0000] {processor.py:208} INFO - Processing /home/airflow/.local/lib/python3.12/site-packages/airflow/example_dags/example_python_decorator.py took 0.062 seconds
[2025-02-01T20:44:29.573+0000] {processor.py:186} INFO - Started process (PID=3519) to work on /home/airflow/.local/lib/python3.12/site-packages/airflow/example_dags/example_python_decorator.py
[2025-02-01T20:44:29.574+0000] {processor.py:914} INFO - Processing file /home/airflow/.local/lib/python3.12/site-packages/airflow/example_dags/example_python_decorator.py for tasks to queue
[2025-02-01T20:44:29.576+0000] {logging_mixin.py:190} INFO - [2025-02-01T20:44:29.575+0000] {dagbag.py:588} INFO - Filling up the DagBag from /home/airflow/.local/lib/python3.12/site-packages/airflow/example_dags/example_python_decorator.py
[2025-02-01T20:44:29.589+0000] {processor.py:925} INFO - DAG(s) 'example_python_decorator' retrieved from /home/airflow/.local/lib/python3.12/site-packages/airflow/example_dags/example_python_decorator.py
[2025-02-01T20:44:29.611+0000] {logging_mixin.py:190} INFO - [2025-02-01T20:44:29.611+0000] {dag.py:3239} INFO - Sync 1 DAGs
[2025-02-01T20:44:29.626+0000] {logging_mixin.py:190} INFO - [2025-02-01T20:44:29.626+0000] {dag.py:4180} INFO - Setting next_dagrun for example_python_decorator to None, run_after=None
[2025-02-01T20:44:29.640+0000] {processor.py:208} INFO - Processing /home/airflow/.local/lib/python3.12/site-packages/airflow/example_dags/example_python_decorator.py took 0.073 seconds
[2025-02-01T20:45:00.665+0000] {processor.py:186} INFO - Started process (PID=3808) to work on /home/airflow/.local/lib/python3.12/site-packages/airflow/example_dags/example_python_decorator.py
[2025-02-01T20:45:00.666+0000] {processor.py:914} INFO - Processing file /home/airflow/.local/lib/python3.12/site-packages/airflow/example_dags/example_python_decorator.py for tasks to queue
[2025-02-01T20:45:00.667+0000] {logging_mixin.py:190} INFO - [2025-02-01T20:45:00.667+0000] {dagbag.py:588} INFO - Filling up the DagBag from /home/airflow/.local/lib/python3.12/site-packages/airflow/example_dags/example_python_decorator.py
[2025-02-01T20:45:00.679+0000] {processor.py:925} INFO - DAG(s) 'example_python_decorator' retrieved from /home/airflow/.local/lib/python3.12/site-packages/airflow/example_dags/example_python_decorator.py
[2025-02-01T20:45:00.696+0000] {logging_mixin.py:190} INFO - [2025-02-01T20:45:00.696+0000] {dag.py:3239} INFO - Sync 1 DAGs
[2025-02-01T20:45:00.708+0000] {logging_mixin.py:190} INFO - [2025-02-01T20:45:00.707+0000] {dag.py:4180} INFO - Setting next_dagrun for example_python_decorator to None, run_after=None
[2025-02-01T20:45:00.723+0000] {processor.py:208} INFO - Processing /home/airflow/.local/lib/python3.12/site-packages/airflow/example_dags/example_python_decorator.py took 0.062 seconds
