[2025-02-01T20:33:31.704+0000] {processor.py:186} INFO - Started process (PID=181) to work on /home/airflow/.local/lib/python3.12/site-packages/airflow/example_dags/example_dataset_alias.py
[2025-02-01T20:33:31.705+0000] {processor.py:914} INFO - Processing file /home/airflow/.local/lib/python3.12/site-packages/airflow/example_dags/example_dataset_alias.py for tasks to queue
[2025-02-01T20:33:31.708+0000] {logging_mixin.py:190} INFO - [2025-02-01T20:33:31.708+0000] {dagbag.py:588} INFO - Filling up the DagBag from /home/airflow/.local/lib/python3.12/site-packages/airflow/example_dags/example_dataset_alias.py
[2025-02-01T20:33:33.388+0000] {processor.py:925} INFO - DAG(s) 'dataset_alias_example_alias_producer', 'dataset_s3_bucket_producer', 'dataset_alias_example_alias_consumer', 'dataset_s3_bucket_consumer' retrieved from /home/airflow/.local/lib/python3.12/site-packages/airflow/example_dags/example_dataset_alias.py
[2025-02-01T20:33:33.568+0000] {logging_mixin.py:190} INFO - [2025-02-01T20:33:33.567+0000] {override.py:1911} INFO - Created Permission View: can read on DAG:dataset_alias_example_alias_producer
[2025-02-01T20:33:33.588+0000] {logging_mixin.py:190} INFO - [2025-02-01T20:33:33.587+0000] {override.py:1911} INFO - Created Permission View: can delete on DAG:dataset_alias_example_alias_producer
[2025-02-01T20:33:33.609+0000] {logging_mixin.py:190} INFO - [2025-02-01T20:33:33.608+0000] {override.py:1911} INFO - Created Permission View: can edit on DAG:dataset_alias_example_alias_producer
[2025-02-01T20:33:33.619+0000] {logging_mixin.py:190} INFO - [2025-02-01T20:33:33.619+0000] {override.py:1911} INFO - Created Permission View: can read on DAG Run:dataset_alias_example_alias_producer
[2025-02-01T20:33:33.630+0000] {logging_mixin.py:190} INFO - [2025-02-01T20:33:33.630+0000] {override.py:1911} INFO - Created Permission View: menu access on DAG Run:dataset_alias_example_alias_producer
[2025-02-01T20:33:33.639+0000] {logging_mixin.py:190} INFO - [2025-02-01T20:33:33.639+0000] {override.py:1911} INFO - Created Permission View: can create on DAG Run:dataset_alias_example_alias_producer
[2025-02-01T20:33:33.648+0000] {logging_mixin.py:190} INFO - [2025-02-01T20:33:33.647+0000] {override.py:1911} INFO - Created Permission View: can delete on DAG Run:dataset_alias_example_alias_producer
[2025-02-01T20:33:33.664+0000] {logging_mixin.py:190} INFO - [2025-02-01T20:33:33.664+0000] {override.py:1911} INFO - Created Permission View: can read on DAG:dataset_s3_bucket_producer
[2025-02-01T20:33:33.674+0000] {logging_mixin.py:190} INFO - [2025-02-01T20:33:33.673+0000] {override.py:1911} INFO - Created Permission View: can delete on DAG:dataset_s3_bucket_producer
[2025-02-01T20:33:33.683+0000] {logging_mixin.py:190} INFO - [2025-02-01T20:33:33.683+0000] {override.py:1911} INFO - Created Permission View: can edit on DAG:dataset_s3_bucket_producer
[2025-02-01T20:33:33.695+0000] {logging_mixin.py:190} INFO - [2025-02-01T20:33:33.695+0000] {override.py:1911} INFO - Created Permission View: can read on DAG Run:dataset_s3_bucket_producer
[2025-02-01T20:33:33.714+0000] {logging_mixin.py:190} INFO - [2025-02-01T20:33:33.714+0000] {override.py:1911} INFO - Created Permission View: menu access on DAG Run:dataset_s3_bucket_producer
[2025-02-01T20:33:33.733+0000] {logging_mixin.py:190} INFO - [2025-02-01T20:33:33.733+0000] {override.py:1911} INFO - Created Permission View: can create on DAG Run:dataset_s3_bucket_producer
[2025-02-01T20:33:33.759+0000] {logging_mixin.py:190} INFO - [2025-02-01T20:33:33.758+0000] {override.py:1911} INFO - Created Permission View: can delete on DAG Run:dataset_s3_bucket_producer
[2025-02-01T20:33:33.784+0000] {logging_mixin.py:190} INFO - [2025-02-01T20:33:33.784+0000] {override.py:1911} INFO - Created Permission View: can read on DAG:dataset_alias_example_alias_consumer
[2025-02-01T20:33:33.805+0000] {logging_mixin.py:190} INFO - [2025-02-01T20:33:33.805+0000] {override.py:1911} INFO - Created Permission View: can delete on DAG:dataset_alias_example_alias_consumer
[2025-02-01T20:33:33.824+0000] {logging_mixin.py:190} INFO - [2025-02-01T20:33:33.824+0000] {override.py:1911} INFO - Created Permission View: can edit on DAG:dataset_alias_example_alias_consumer
[2025-02-01T20:33:33.853+0000] {logging_mixin.py:190} INFO - [2025-02-01T20:33:33.853+0000] {override.py:1911} INFO - Created Permission View: can read on DAG Run:dataset_alias_example_alias_consumer
[2025-02-01T20:33:33.862+0000] {logging_mixin.py:190} INFO - [2025-02-01T20:33:33.861+0000] {override.py:1911} INFO - Created Permission View: menu access on DAG Run:dataset_alias_example_alias_consumer
[2025-02-01T20:33:33.871+0000] {logging_mixin.py:190} INFO - [2025-02-01T20:33:33.870+0000] {override.py:1911} INFO - Created Permission View: can create on DAG Run:dataset_alias_example_alias_consumer
[2025-02-01T20:33:33.879+0000] {logging_mixin.py:190} INFO - [2025-02-01T20:33:33.878+0000] {override.py:1911} INFO - Created Permission View: can delete on DAG Run:dataset_alias_example_alias_consumer
[2025-02-01T20:33:33.892+0000] {logging_mixin.py:190} INFO - [2025-02-01T20:33:33.891+0000] {override.py:1911} INFO - Created Permission View: can read on DAG:dataset_s3_bucket_consumer
[2025-02-01T20:33:33.898+0000] {logging_mixin.py:190} INFO - [2025-02-01T20:33:33.898+0000] {override.py:1911} INFO - Created Permission View: can delete on DAG:dataset_s3_bucket_consumer
[2025-02-01T20:33:33.906+0000] {logging_mixin.py:190} INFO - [2025-02-01T20:33:33.906+0000] {override.py:1911} INFO - Created Permission View: can edit on DAG:dataset_s3_bucket_consumer
[2025-02-01T20:33:33.915+0000] {logging_mixin.py:190} INFO - [2025-02-01T20:33:33.914+0000] {override.py:1911} INFO - Created Permission View: can read on DAG Run:dataset_s3_bucket_consumer
[2025-02-01T20:33:33.923+0000] {logging_mixin.py:190} INFO - [2025-02-01T20:33:33.923+0000] {override.py:1911} INFO - Created Permission View: menu access on DAG Run:dataset_s3_bucket_consumer
[2025-02-01T20:33:33.931+0000] {logging_mixin.py:190} INFO - [2025-02-01T20:33:33.931+0000] {override.py:1911} INFO - Created Permission View: can create on DAG Run:dataset_s3_bucket_consumer
[2025-02-01T20:33:33.938+0000] {logging_mixin.py:190} INFO - [2025-02-01T20:33:33.938+0000] {override.py:1911} INFO - Created Permission View: can delete on DAG Run:dataset_s3_bucket_consumer
[2025-02-01T20:33:33.939+0000] {logging_mixin.py:190} INFO - [2025-02-01T20:33:33.939+0000] {dag.py:3239} INFO - Sync 4 DAGs
[2025-02-01T20:33:33.954+0000] {logging_mixin.py:190} INFO - [2025-02-01T20:33:33.954+0000] {dag.py:3262} INFO - Creating ORM DAG for dataset_s3_bucket_consumer
[2025-02-01T20:33:33.955+0000] {logging_mixin.py:190} INFO - [2025-02-01T20:33:33.955+0000] {dag.py:3262} INFO - Creating ORM DAG for dataset_alias_example_alias_producer
[2025-02-01T20:33:33.956+0000] {logging_mixin.py:190} INFO - [2025-02-01T20:33:33.956+0000] {dag.py:3262} INFO - Creating ORM DAG for dataset_alias_example_alias_consumer
[2025-02-01T20:33:33.957+0000] {logging_mixin.py:190} INFO - [2025-02-01T20:33:33.957+0000] {dag.py:3262} INFO - Creating ORM DAG for dataset_s3_bucket_producer
[2025-02-01T20:33:33.968+0000] {logging_mixin.py:190} INFO - [2025-02-01T20:33:33.967+0000] {dag.py:4180} INFO - Setting next_dagrun for dataset_alias_example_alias_consumer to None, run_after=None
[2025-02-01T20:33:33.969+0000] {logging_mixin.py:190} INFO - [2025-02-01T20:33:33.969+0000] {dag.py:4180} INFO - Setting next_dagrun for dataset_alias_example_alias_producer to None, run_after=None
[2025-02-01T20:33:33.970+0000] {logging_mixin.py:190} INFO - [2025-02-01T20:33:33.970+0000] {dag.py:4180} INFO - Setting next_dagrun for dataset_s3_bucket_consumer to None, run_after=None
[2025-02-01T20:33:33.970+0000] {logging_mixin.py:190} INFO - [2025-02-01T20:33:33.970+0000] {dag.py:4180} INFO - Setting next_dagrun for dataset_s3_bucket_producer to None, run_after=None
[2025-02-01T20:33:34.000+0000] {processor.py:208} INFO - Processing /home/airflow/.local/lib/python3.12/site-packages/airflow/example_dags/example_dataset_alias.py took 2.303 seconds
[2025-02-01T20:34:04.777+0000] {processor.py:186} INFO - Started process (PID=489) to work on /home/airflow/.local/lib/python3.12/site-packages/airflow/example_dags/example_dataset_alias.py
[2025-02-01T20:34:04.778+0000] {processor.py:914} INFO - Processing file /home/airflow/.local/lib/python3.12/site-packages/airflow/example_dags/example_dataset_alias.py for tasks to queue
[2025-02-01T20:34:04.779+0000] {logging_mixin.py:190} INFO - [2025-02-01T20:34:04.779+0000] {dagbag.py:588} INFO - Filling up the DagBag from /home/airflow/.local/lib/python3.12/site-packages/airflow/example_dags/example_dataset_alias.py
[2025-02-01T20:34:05.243+0000] {processor.py:925} INFO - DAG(s) 'dataset_s3_bucket_producer', 'dataset_alias_example_alias_consumer', 'dataset_alias_example_alias_producer', 'dataset_s3_bucket_consumer' retrieved from /home/airflow/.local/lib/python3.12/site-packages/airflow/example_dags/example_dataset_alias.py
[2025-02-01T20:34:05.260+0000] {logging_mixin.py:190} INFO - [2025-02-01T20:34:05.260+0000] {dag.py:3239} INFO - Sync 4 DAGs
[2025-02-01T20:34:05.278+0000] {logging_mixin.py:190} INFO - [2025-02-01T20:34:05.278+0000] {dag.py:4180} INFO - Setting next_dagrun for dataset_alias_example_alias_consumer to None, run_after=None
[2025-02-01T20:34:05.281+0000] {logging_mixin.py:190} INFO - [2025-02-01T20:34:05.280+0000] {dag.py:4180} INFO - Setting next_dagrun for dataset_alias_example_alias_producer to None, run_after=None
[2025-02-01T20:34:05.282+0000] {logging_mixin.py:190} INFO - [2025-02-01T20:34:05.282+0000] {dag.py:4180} INFO - Setting next_dagrun for dataset_s3_bucket_consumer to None, run_after=None
[2025-02-01T20:34:05.283+0000] {logging_mixin.py:190} INFO - [2025-02-01T20:34:05.283+0000] {dag.py:4180} INFO - Setting next_dagrun for dataset_s3_bucket_producer to None, run_after=None
[2025-02-01T20:34:05.300+0000] {processor.py:208} INFO - Processing /home/airflow/.local/lib/python3.12/site-packages/airflow/example_dags/example_dataset_alias.py took 0.527 seconds
[2025-02-01T20:34:35.558+0000] {processor.py:186} INFO - Started process (PID=780) to work on /home/airflow/.local/lib/python3.12/site-packages/airflow/example_dags/example_dataset_alias.py
[2025-02-01T20:34:35.559+0000] {processor.py:914} INFO - Processing file /home/airflow/.local/lib/python3.12/site-packages/airflow/example_dags/example_dataset_alias.py for tasks to queue
[2025-02-01T20:34:35.560+0000] {logging_mixin.py:190} INFO - [2025-02-01T20:34:35.560+0000] {dagbag.py:588} INFO - Filling up the DagBag from /home/airflow/.local/lib/python3.12/site-packages/airflow/example_dags/example_dataset_alias.py
[2025-02-01T20:34:36.104+0000] {processor.py:925} INFO - DAG(s) 'dataset_s3_bucket_producer', 'dataset_alias_example_alias_producer', 'dataset_s3_bucket_consumer', 'dataset_alias_example_alias_consumer' retrieved from /home/airflow/.local/lib/python3.12/site-packages/airflow/example_dags/example_dataset_alias.py
[2025-02-01T20:34:36.149+0000] {logging_mixin.py:190} INFO - [2025-02-01T20:34:36.148+0000] {dag.py:3239} INFO - Sync 4 DAGs
[2025-02-01T20:34:36.188+0000] {logging_mixin.py:190} INFO - [2025-02-01T20:34:36.187+0000] {dag.py:4180} INFO - Setting next_dagrun for dataset_alias_example_alias_consumer to None, run_after=None
[2025-02-01T20:34:36.195+0000] {logging_mixin.py:190} INFO - [2025-02-01T20:34:36.194+0000] {dag.py:4180} INFO - Setting next_dagrun for dataset_alias_example_alias_producer to None, run_after=None
[2025-02-01T20:34:36.200+0000] {logging_mixin.py:190} INFO - [2025-02-01T20:34:36.199+0000] {dag.py:4180} INFO - Setting next_dagrun for dataset_s3_bucket_consumer to None, run_after=None
[2025-02-01T20:34:36.203+0000] {logging_mixin.py:190} INFO - [2025-02-01T20:34:36.203+0000] {dag.py:4180} INFO - Setting next_dagrun for dataset_s3_bucket_producer to None, run_after=None
[2025-02-01T20:34:36.288+0000] {processor.py:208} INFO - Processing /home/airflow/.local/lib/python3.12/site-packages/airflow/example_dags/example_dataset_alias.py took 0.734 seconds
[2025-02-01T20:35:07.029+0000] {processor.py:186} INFO - Started process (PID=1076) to work on /home/airflow/.local/lib/python3.12/site-packages/airflow/example_dags/example_dataset_alias.py
[2025-02-01T20:35:07.029+0000] {processor.py:914} INFO - Processing file /home/airflow/.local/lib/python3.12/site-packages/airflow/example_dags/example_dataset_alias.py for tasks to queue
[2025-02-01T20:35:07.032+0000] {logging_mixin.py:190} INFO - [2025-02-01T20:35:07.032+0000] {dagbag.py:588} INFO - Filling up the DagBag from /home/airflow/.local/lib/python3.12/site-packages/airflow/example_dags/example_dataset_alias.py
[2025-02-01T20:35:07.499+0000] {processor.py:925} INFO - DAG(s) 'dataset_s3_bucket_consumer', 'dataset_alias_example_alias_consumer', 'dataset_alias_example_alias_producer', 'dataset_s3_bucket_producer' retrieved from /home/airflow/.local/lib/python3.12/site-packages/airflow/example_dags/example_dataset_alias.py
[2025-02-01T20:35:07.517+0000] {logging_mixin.py:190} INFO - [2025-02-01T20:35:07.516+0000] {dag.py:3239} INFO - Sync 4 DAGs
[2025-02-01T20:35:07.534+0000] {logging_mixin.py:190} INFO - [2025-02-01T20:35:07.534+0000] {dag.py:4180} INFO - Setting next_dagrun for dataset_alias_example_alias_consumer to None, run_after=None
[2025-02-01T20:35:07.537+0000] {logging_mixin.py:190} INFO - [2025-02-01T20:35:07.536+0000] {dag.py:4180} INFO - Setting next_dagrun for dataset_alias_example_alias_producer to None, run_after=None
[2025-02-01T20:35:07.538+0000] {logging_mixin.py:190} INFO - [2025-02-01T20:35:07.538+0000] {dag.py:4180} INFO - Setting next_dagrun for dataset_s3_bucket_consumer to None, run_after=None
[2025-02-01T20:35:07.539+0000] {logging_mixin.py:190} INFO - [2025-02-01T20:35:07.539+0000] {dag.py:4180} INFO - Setting next_dagrun for dataset_s3_bucket_producer to None, run_after=None
[2025-02-01T20:35:07.556+0000] {processor.py:208} INFO - Processing /home/airflow/.local/lib/python3.12/site-packages/airflow/example_dags/example_dataset_alias.py took 0.534 seconds
[2025-02-01T20:38:45.624+0000] {processor.py:186} INFO - Started process (PID=183) to work on /home/airflow/.local/lib/python3.12/site-packages/airflow/example_dags/example_dataset_alias.py
[2025-02-01T20:38:45.625+0000] {processor.py:914} INFO - Processing file /home/airflow/.local/lib/python3.12/site-packages/airflow/example_dags/example_dataset_alias.py for tasks to queue
[2025-02-01T20:38:45.627+0000] {logging_mixin.py:190} INFO - [2025-02-01T20:38:45.626+0000] {dagbag.py:588} INFO - Filling up the DagBag from /home/airflow/.local/lib/python3.12/site-packages/airflow/example_dags/example_dataset_alias.py
[2025-02-01T20:38:46.824+0000] {processor.py:925} INFO - DAG(s) 'dataset_alias_example_alias_consumer', 'dataset_s3_bucket_producer', 'dataset_s3_bucket_consumer', 'dataset_alias_example_alias_producer' retrieved from /home/airflow/.local/lib/python3.12/site-packages/airflow/example_dags/example_dataset_alias.py
[2025-02-01T20:38:46.845+0000] {logging_mixin.py:190} INFO - [2025-02-01T20:38:46.845+0000] {dag.py:3239} INFO - Sync 4 DAGs
[2025-02-01T20:38:46.865+0000] {logging_mixin.py:190} INFO - [2025-02-01T20:38:46.865+0000] {dag.py:4180} INFO - Setting next_dagrun for dataset_alias_example_alias_consumer to None, run_after=None
[2025-02-01T20:38:46.867+0000] {logging_mixin.py:190} INFO - [2025-02-01T20:38:46.867+0000] {dag.py:4180} INFO - Setting next_dagrun for dataset_alias_example_alias_producer to None, run_after=None
[2025-02-01T20:38:46.869+0000] {logging_mixin.py:190} INFO - [2025-02-01T20:38:46.868+0000] {dag.py:4180} INFO - Setting next_dagrun for dataset_s3_bucket_consumer to None, run_after=None
[2025-02-01T20:38:46.870+0000] {logging_mixin.py:190} INFO - [2025-02-01T20:38:46.870+0000] {dag.py:4180} INFO - Setting next_dagrun for dataset_s3_bucket_producer to None, run_after=None
[2025-02-01T20:38:46.886+0000] {processor.py:208} INFO - Processing /home/airflow/.local/lib/python3.12/site-packages/airflow/example_dags/example_dataset_alias.py took 1.266 seconds
[2025-02-01T20:39:17.339+0000] {processor.py:186} INFO - Started process (PID=474) to work on /home/airflow/.local/lib/python3.12/site-packages/airflow/example_dags/example_dataset_alias.py
[2025-02-01T20:39:17.340+0000] {processor.py:914} INFO - Processing file /home/airflow/.local/lib/python3.12/site-packages/airflow/example_dags/example_dataset_alias.py for tasks to queue
[2025-02-01T20:39:17.342+0000] {logging_mixin.py:190} INFO - [2025-02-01T20:39:17.341+0000] {dagbag.py:588} INFO - Filling up the DagBag from /home/airflow/.local/lib/python3.12/site-packages/airflow/example_dags/example_dataset_alias.py
[2025-02-01T20:39:17.842+0000] {processor.py:925} INFO - DAG(s) 'dataset_s3_bucket_producer', 'dataset_alias_example_alias_consumer', 'dataset_s3_bucket_consumer', 'dataset_alias_example_alias_producer' retrieved from /home/airflow/.local/lib/python3.12/site-packages/airflow/example_dags/example_dataset_alias.py
[2025-02-01T20:39:17.859+0000] {logging_mixin.py:190} INFO - [2025-02-01T20:39:17.858+0000] {dag.py:3239} INFO - Sync 4 DAGs
[2025-02-01T20:39:17.877+0000] {logging_mixin.py:190} INFO - [2025-02-01T20:39:17.877+0000] {dag.py:4180} INFO - Setting next_dagrun for dataset_alias_example_alias_consumer to None, run_after=None
[2025-02-01T20:39:17.880+0000] {logging_mixin.py:190} INFO - [2025-02-01T20:39:17.879+0000] {dag.py:4180} INFO - Setting next_dagrun for dataset_alias_example_alias_producer to None, run_after=None
[2025-02-01T20:39:17.881+0000] {logging_mixin.py:190} INFO - [2025-02-01T20:39:17.881+0000] {dag.py:4180} INFO - Setting next_dagrun for dataset_s3_bucket_consumer to None, run_after=None
[2025-02-01T20:39:17.882+0000] {logging_mixin.py:190} INFO - [2025-02-01T20:39:17.882+0000] {dag.py:4180} INFO - Setting next_dagrun for dataset_s3_bucket_producer to None, run_after=None
[2025-02-01T20:39:17.899+0000] {processor.py:208} INFO - Processing /home/airflow/.local/lib/python3.12/site-packages/airflow/example_dags/example_dataset_alias.py took 0.565 seconds
[2025-02-01T20:39:48.857+0000] {processor.py:186} INFO - Started process (PID=790) to work on /home/airflow/.local/lib/python3.12/site-packages/airflow/example_dags/example_dataset_alias.py
[2025-02-01T20:39:48.858+0000] {processor.py:914} INFO - Processing file /home/airflow/.local/lib/python3.12/site-packages/airflow/example_dags/example_dataset_alias.py for tasks to queue
[2025-02-01T20:39:48.860+0000] {logging_mixin.py:190} INFO - [2025-02-01T20:39:48.860+0000] {dagbag.py:588} INFO - Filling up the DagBag from /home/airflow/.local/lib/python3.12/site-packages/airflow/example_dags/example_dataset_alias.py
[2025-02-01T20:39:49.404+0000] {processor.py:925} INFO - DAG(s) 'dataset_s3_bucket_producer', 'dataset_alias_example_alias_producer', 'dataset_alias_example_alias_consumer', 'dataset_s3_bucket_consumer' retrieved from /home/airflow/.local/lib/python3.12/site-packages/airflow/example_dags/example_dataset_alias.py
[2025-02-01T20:39:49.424+0000] {logging_mixin.py:190} INFO - [2025-02-01T20:39:49.423+0000] {dag.py:3239} INFO - Sync 4 DAGs
[2025-02-01T20:39:49.444+0000] {logging_mixin.py:190} INFO - [2025-02-01T20:39:49.444+0000] {dag.py:4180} INFO - Setting next_dagrun for dataset_alias_example_alias_consumer to None, run_after=None
[2025-02-01T20:39:49.447+0000] {logging_mixin.py:190} INFO - [2025-02-01T20:39:49.446+0000] {dag.py:4180} INFO - Setting next_dagrun for dataset_alias_example_alias_producer to None, run_after=None
[2025-02-01T20:39:49.449+0000] {logging_mixin.py:190} INFO - [2025-02-01T20:39:49.448+0000] {dag.py:4180} INFO - Setting next_dagrun for dataset_s3_bucket_consumer to None, run_after=None
[2025-02-01T20:39:49.450+0000] {logging_mixin.py:190} INFO - [2025-02-01T20:39:49.450+0000] {dag.py:4180} INFO - Setting next_dagrun for dataset_s3_bucket_producer to None, run_after=None
[2025-02-01T20:39:49.469+0000] {processor.py:208} INFO - Processing /home/airflow/.local/lib/python3.12/site-packages/airflow/example_dags/example_dataset_alias.py took 0.616 seconds
[2025-02-01T20:40:19.997+0000] {processor.py:186} INFO - Started process (PID=1081) to work on /home/airflow/.local/lib/python3.12/site-packages/airflow/example_dags/example_dataset_alias.py
[2025-02-01T20:40:19.998+0000] {processor.py:914} INFO - Processing file /home/airflow/.local/lib/python3.12/site-packages/airflow/example_dags/example_dataset_alias.py for tasks to queue
[2025-02-01T20:40:19.999+0000] {logging_mixin.py:190} INFO - [2025-02-01T20:40:19.999+0000] {dagbag.py:588} INFO - Filling up the DagBag from /home/airflow/.local/lib/python3.12/site-packages/airflow/example_dags/example_dataset_alias.py
[2025-02-01T20:40:20.465+0000] {processor.py:925} INFO - DAG(s) 'dataset_alias_example_alias_producer', 'dataset_alias_example_alias_consumer', 'dataset_s3_bucket_consumer', 'dataset_s3_bucket_producer' retrieved from /home/airflow/.local/lib/python3.12/site-packages/airflow/example_dags/example_dataset_alias.py
[2025-02-01T20:40:20.484+0000] {logging_mixin.py:190} INFO - [2025-02-01T20:40:20.484+0000] {dag.py:3239} INFO - Sync 4 DAGs
[2025-02-01T20:40:20.504+0000] {logging_mixin.py:190} INFO - [2025-02-01T20:40:20.504+0000] {dag.py:4180} INFO - Setting next_dagrun for dataset_alias_example_alias_consumer to None, run_after=None
[2025-02-01T20:40:20.507+0000] {logging_mixin.py:190} INFO - [2025-02-01T20:40:20.507+0000] {dag.py:4180} INFO - Setting next_dagrun for dataset_alias_example_alias_producer to None, run_after=None
[2025-02-01T20:40:20.509+0000] {logging_mixin.py:190} INFO - [2025-02-01T20:40:20.509+0000] {dag.py:4180} INFO - Setting next_dagrun for dataset_s3_bucket_consumer to None, run_after=None
[2025-02-01T20:40:20.510+0000] {logging_mixin.py:190} INFO - [2025-02-01T20:40:20.510+0000] {dag.py:4180} INFO - Setting next_dagrun for dataset_s3_bucket_producer to None, run_after=None
[2025-02-01T20:40:20.531+0000] {processor.py:208} INFO - Processing /home/airflow/.local/lib/python3.12/site-packages/airflow/example_dags/example_dataset_alias.py took 0.538 seconds
[2025-02-01T20:40:51.224+0000] {processor.py:186} INFO - Started process (PID=1372) to work on /home/airflow/.local/lib/python3.12/site-packages/airflow/example_dags/example_dataset_alias.py
[2025-02-01T20:40:51.225+0000] {processor.py:914} INFO - Processing file /home/airflow/.local/lib/python3.12/site-packages/airflow/example_dags/example_dataset_alias.py for tasks to queue
[2025-02-01T20:40:51.226+0000] {logging_mixin.py:190} INFO - [2025-02-01T20:40:51.226+0000] {dagbag.py:588} INFO - Filling up the DagBag from /home/airflow/.local/lib/python3.12/site-packages/airflow/example_dags/example_dataset_alias.py
[2025-02-01T20:40:51.697+0000] {processor.py:925} INFO - DAG(s) 'dataset_alias_example_alias_consumer', 'dataset_s3_bucket_consumer', 'dataset_s3_bucket_producer', 'dataset_alias_example_alias_producer' retrieved from /home/airflow/.local/lib/python3.12/site-packages/airflow/example_dags/example_dataset_alias.py
[2025-02-01T20:40:51.715+0000] {logging_mixin.py:190} INFO - [2025-02-01T20:40:51.715+0000] {dag.py:3239} INFO - Sync 4 DAGs
[2025-02-01T20:40:51.735+0000] {logging_mixin.py:190} INFO - [2025-02-01T20:40:51.735+0000] {dag.py:4180} INFO - Setting next_dagrun for dataset_alias_example_alias_consumer to None, run_after=None
[2025-02-01T20:40:51.737+0000] {logging_mixin.py:190} INFO - [2025-02-01T20:40:51.737+0000] {dag.py:4180} INFO - Setting next_dagrun for dataset_alias_example_alias_producer to None, run_after=None
[2025-02-01T20:40:51.738+0000] {logging_mixin.py:190} INFO - [2025-02-01T20:40:51.738+0000] {dag.py:4180} INFO - Setting next_dagrun for dataset_s3_bucket_consumer to None, run_after=None
[2025-02-01T20:40:51.740+0000] {logging_mixin.py:190} INFO - [2025-02-01T20:40:51.739+0000] {dag.py:4180} INFO - Setting next_dagrun for dataset_s3_bucket_producer to None, run_after=None
[2025-02-01T20:40:51.755+0000] {processor.py:208} INFO - Processing /home/airflow/.local/lib/python3.12/site-packages/airflow/example_dags/example_dataset_alias.py took 0.535 seconds
[2025-02-01T20:41:21.864+0000] {processor.py:186} INFO - Started process (PID=1663) to work on /home/airflow/.local/lib/python3.12/site-packages/airflow/example_dags/example_dataset_alias.py
[2025-02-01T20:41:21.864+0000] {processor.py:914} INFO - Processing file /home/airflow/.local/lib/python3.12/site-packages/airflow/example_dags/example_dataset_alias.py for tasks to queue
[2025-02-01T20:41:21.866+0000] {logging_mixin.py:190} INFO - [2025-02-01T20:41:21.866+0000] {dagbag.py:588} INFO - Filling up the DagBag from /home/airflow/.local/lib/python3.12/site-packages/airflow/example_dags/example_dataset_alias.py
[2025-02-01T20:41:22.329+0000] {processor.py:925} INFO - DAG(s) 'dataset_alias_example_alias_consumer', 'dataset_alias_example_alias_producer', 'dataset_s3_bucket_producer', 'dataset_s3_bucket_consumer' retrieved from /home/airflow/.local/lib/python3.12/site-packages/airflow/example_dags/example_dataset_alias.py
[2025-02-01T20:41:22.347+0000] {logging_mixin.py:190} INFO - [2025-02-01T20:41:22.346+0000] {dag.py:3239} INFO - Sync 4 DAGs
[2025-02-01T20:41:22.367+0000] {logging_mixin.py:190} INFO - [2025-02-01T20:41:22.367+0000] {dag.py:4180} INFO - Setting next_dagrun for dataset_alias_example_alias_consumer to None, run_after=None
[2025-02-01T20:41:22.370+0000] {logging_mixin.py:190} INFO - [2025-02-01T20:41:22.370+0000] {dag.py:4180} INFO - Setting next_dagrun for dataset_alias_example_alias_producer to None, run_after=None
[2025-02-01T20:41:22.371+0000] {logging_mixin.py:190} INFO - [2025-02-01T20:41:22.371+0000] {dag.py:4180} INFO - Setting next_dagrun for dataset_s3_bucket_consumer to None, run_after=None
[2025-02-01T20:41:22.372+0000] {logging_mixin.py:190} INFO - [2025-02-01T20:41:22.372+0000] {dag.py:4180} INFO - Setting next_dagrun for dataset_s3_bucket_producer to None, run_after=None
[2025-02-01T20:41:22.390+0000] {processor.py:208} INFO - Processing /home/airflow/.local/lib/python3.12/site-packages/airflow/example_dags/example_dataset_alias.py took 0.530 seconds
[2025-02-01T20:41:52.888+0000] {processor.py:186} INFO - Started process (PID=1954) to work on /home/airflow/.local/lib/python3.12/site-packages/airflow/example_dags/example_dataset_alias.py
[2025-02-01T20:41:52.889+0000] {processor.py:914} INFO - Processing file /home/airflow/.local/lib/python3.12/site-packages/airflow/example_dags/example_dataset_alias.py for tasks to queue
[2025-02-01T20:41:52.891+0000] {logging_mixin.py:190} INFO - [2025-02-01T20:41:52.891+0000] {dagbag.py:588} INFO - Filling up the DagBag from /home/airflow/.local/lib/python3.12/site-packages/airflow/example_dags/example_dataset_alias.py
[2025-02-01T20:41:53.336+0000] {processor.py:925} INFO - DAG(s) 'dataset_s3_bucket_consumer', 'dataset_alias_example_alias_consumer', 'dataset_alias_example_alias_producer', 'dataset_s3_bucket_producer' retrieved from /home/airflow/.local/lib/python3.12/site-packages/airflow/example_dags/example_dataset_alias.py
[2025-02-01T20:41:53.353+0000] {logging_mixin.py:190} INFO - [2025-02-01T20:41:53.352+0000] {dag.py:3239} INFO - Sync 4 DAGs
[2025-02-01T20:41:53.371+0000] {logging_mixin.py:190} INFO - [2025-02-01T20:41:53.371+0000] {dag.py:4180} INFO - Setting next_dagrun for dataset_alias_example_alias_consumer to None, run_after=None
[2025-02-01T20:41:53.374+0000] {logging_mixin.py:190} INFO - [2025-02-01T20:41:53.373+0000] {dag.py:4180} INFO - Setting next_dagrun for dataset_alias_example_alias_producer to None, run_after=None
[2025-02-01T20:41:53.375+0000] {logging_mixin.py:190} INFO - [2025-02-01T20:41:53.375+0000] {dag.py:4180} INFO - Setting next_dagrun for dataset_s3_bucket_consumer to None, run_after=None
[2025-02-01T20:41:53.376+0000] {logging_mixin.py:190} INFO - [2025-02-01T20:41:53.376+0000] {dag.py:4180} INFO - Setting next_dagrun for dataset_s3_bucket_producer to None, run_after=None
[2025-02-01T20:41:53.392+0000] {processor.py:208} INFO - Processing /home/airflow/.local/lib/python3.12/site-packages/airflow/example_dags/example_dataset_alias.py took 0.508 seconds
[2025-02-01T20:42:23.841+0000] {processor.py:186} INFO - Started process (PID=2245) to work on /home/airflow/.local/lib/python3.12/site-packages/airflow/example_dags/example_dataset_alias.py
[2025-02-01T20:42:23.842+0000] {processor.py:914} INFO - Processing file /home/airflow/.local/lib/python3.12/site-packages/airflow/example_dags/example_dataset_alias.py for tasks to queue
[2025-02-01T20:42:23.844+0000] {logging_mixin.py:190} INFO - [2025-02-01T20:42:23.844+0000] {dagbag.py:588} INFO - Filling up the DagBag from /home/airflow/.local/lib/python3.12/site-packages/airflow/example_dags/example_dataset_alias.py
[2025-02-01T20:42:24.326+0000] {processor.py:925} INFO - DAG(s) 'dataset_alias_example_alias_consumer', 'dataset_s3_bucket_consumer', 'dataset_alias_example_alias_producer', 'dataset_s3_bucket_producer' retrieved from /home/airflow/.local/lib/python3.12/site-packages/airflow/example_dags/example_dataset_alias.py
[2025-02-01T20:42:24.345+0000] {logging_mixin.py:190} INFO - [2025-02-01T20:42:24.344+0000] {dag.py:3239} INFO - Sync 4 DAGs
[2025-02-01T20:42:24.366+0000] {logging_mixin.py:190} INFO - [2025-02-01T20:42:24.366+0000] {dag.py:4180} INFO - Setting next_dagrun for dataset_alias_example_alias_consumer to None, run_after=None
[2025-02-01T20:42:24.368+0000] {logging_mixin.py:190} INFO - [2025-02-01T20:42:24.368+0000] {dag.py:4180} INFO - Setting next_dagrun for dataset_alias_example_alias_producer to None, run_after=None
[2025-02-01T20:42:24.370+0000] {logging_mixin.py:190} INFO - [2025-02-01T20:42:24.370+0000] {dag.py:4180} INFO - Setting next_dagrun for dataset_s3_bucket_consumer to None, run_after=None
[2025-02-01T20:42:24.371+0000] {logging_mixin.py:190} INFO - [2025-02-01T20:42:24.371+0000] {dag.py:4180} INFO - Setting next_dagrun for dataset_s3_bucket_producer to None, run_after=None
[2025-02-01T20:42:24.390+0000] {processor.py:208} INFO - Processing /home/airflow/.local/lib/python3.12/site-packages/airflow/example_dags/example_dataset_alias.py took 0.554 seconds
[2025-02-01T20:42:55.143+0000] {processor.py:186} INFO - Started process (PID=2536) to work on /home/airflow/.local/lib/python3.12/site-packages/airflow/example_dags/example_dataset_alias.py
[2025-02-01T20:42:55.144+0000] {processor.py:914} INFO - Processing file /home/airflow/.local/lib/python3.12/site-packages/airflow/example_dags/example_dataset_alias.py for tasks to queue
[2025-02-01T20:42:55.146+0000] {logging_mixin.py:190} INFO - [2025-02-01T20:42:55.145+0000] {dagbag.py:588} INFO - Filling up the DagBag from /home/airflow/.local/lib/python3.12/site-packages/airflow/example_dags/example_dataset_alias.py
[2025-02-01T20:42:55.621+0000] {processor.py:925} INFO - DAG(s) 'dataset_alias_example_alias_producer', 'dataset_s3_bucket_consumer', 'dataset_alias_example_alias_consumer', 'dataset_s3_bucket_producer' retrieved from /home/airflow/.local/lib/python3.12/site-packages/airflow/example_dags/example_dataset_alias.py
[2025-02-01T20:42:55.637+0000] {logging_mixin.py:190} INFO - [2025-02-01T20:42:55.637+0000] {dag.py:3239} INFO - Sync 4 DAGs
[2025-02-01T20:42:55.654+0000] {logging_mixin.py:190} INFO - [2025-02-01T20:42:55.654+0000] {dag.py:4180} INFO - Setting next_dagrun for dataset_alias_example_alias_consumer to None, run_after=None
[2025-02-01T20:42:55.658+0000] {logging_mixin.py:190} INFO - [2025-02-01T20:42:55.657+0000] {dag.py:4180} INFO - Setting next_dagrun for dataset_alias_example_alias_producer to None, run_after=None
[2025-02-01T20:42:55.659+0000] {logging_mixin.py:190} INFO - [2025-02-01T20:42:55.659+0000] {dag.py:4180} INFO - Setting next_dagrun for dataset_s3_bucket_consumer to None, run_after=None
[2025-02-01T20:42:55.660+0000] {logging_mixin.py:190} INFO - [2025-02-01T20:42:55.660+0000] {dag.py:4180} INFO - Setting next_dagrun for dataset_s3_bucket_producer to None, run_after=None
[2025-02-01T20:42:55.676+0000] {processor.py:208} INFO - Processing /home/airflow/.local/lib/python3.12/site-packages/airflow/example_dags/example_dataset_alias.py took 0.537 seconds
[2025-02-01T20:43:25.835+0000] {processor.py:186} INFO - Started process (PID=2827) to work on /home/airflow/.local/lib/python3.12/site-packages/airflow/example_dags/example_dataset_alias.py
[2025-02-01T20:43:25.836+0000] {processor.py:914} INFO - Processing file /home/airflow/.local/lib/python3.12/site-packages/airflow/example_dags/example_dataset_alias.py for tasks to queue
[2025-02-01T20:43:25.838+0000] {logging_mixin.py:190} INFO - [2025-02-01T20:43:25.838+0000] {dagbag.py:588} INFO - Filling up the DagBag from /home/airflow/.local/lib/python3.12/site-packages/airflow/example_dags/example_dataset_alias.py
[2025-02-01T20:43:26.334+0000] {processor.py:925} INFO - DAG(s) 'dataset_alias_example_alias_consumer', 'dataset_s3_bucket_consumer', 'dataset_alias_example_alias_producer', 'dataset_s3_bucket_producer' retrieved from /home/airflow/.local/lib/python3.12/site-packages/airflow/example_dags/example_dataset_alias.py
[2025-02-01T20:43:26.355+0000] {logging_mixin.py:190} INFO - [2025-02-01T20:43:26.354+0000] {dag.py:3239} INFO - Sync 4 DAGs
[2025-02-01T20:43:26.375+0000] {logging_mixin.py:190} INFO - [2025-02-01T20:43:26.375+0000] {dag.py:4180} INFO - Setting next_dagrun for dataset_alias_example_alias_consumer to None, run_after=None
[2025-02-01T20:43:26.378+0000] {logging_mixin.py:190} INFO - [2025-02-01T20:43:26.378+0000] {dag.py:4180} INFO - Setting next_dagrun for dataset_alias_example_alias_producer to None, run_after=None
[2025-02-01T20:43:26.379+0000] {logging_mixin.py:190} INFO - [2025-02-01T20:43:26.379+0000] {dag.py:4180} INFO - Setting next_dagrun for dataset_s3_bucket_consumer to None, run_after=None
[2025-02-01T20:43:26.381+0000] {logging_mixin.py:190} INFO - [2025-02-01T20:43:26.381+0000] {dag.py:4180} INFO - Setting next_dagrun for dataset_s3_bucket_producer to None, run_after=None
[2025-02-01T20:43:26.399+0000] {processor.py:208} INFO - Processing /home/airflow/.local/lib/python3.12/site-packages/airflow/example_dags/example_dataset_alias.py took 0.569 seconds
[2025-02-01T20:43:57.224+0000] {processor.py:186} INFO - Started process (PID=3118) to work on /home/airflow/.local/lib/python3.12/site-packages/airflow/example_dags/example_dataset_alias.py
[2025-02-01T20:43:57.225+0000] {processor.py:914} INFO - Processing file /home/airflow/.local/lib/python3.12/site-packages/airflow/example_dags/example_dataset_alias.py for tasks to queue
[2025-02-01T20:43:57.227+0000] {logging_mixin.py:190} INFO - [2025-02-01T20:43:57.227+0000] {dagbag.py:588} INFO - Filling up the DagBag from /home/airflow/.local/lib/python3.12/site-packages/airflow/example_dags/example_dataset_alias.py
[2025-02-01T20:43:57.676+0000] {processor.py:925} INFO - DAG(s) 'dataset_alias_example_alias_producer', 'dataset_s3_bucket_consumer', 'dataset_alias_example_alias_consumer', 'dataset_s3_bucket_producer' retrieved from /home/airflow/.local/lib/python3.12/site-packages/airflow/example_dags/example_dataset_alias.py
[2025-02-01T20:43:57.697+0000] {logging_mixin.py:190} INFO - [2025-02-01T20:43:57.696+0000] {dag.py:3239} INFO - Sync 4 DAGs
[2025-02-01T20:43:57.717+0000] {logging_mixin.py:190} INFO - [2025-02-01T20:43:57.717+0000] {dag.py:4180} INFO - Setting next_dagrun for dataset_alias_example_alias_consumer to None, run_after=None
[2025-02-01T20:43:57.720+0000] {logging_mixin.py:190} INFO - [2025-02-01T20:43:57.719+0000] {dag.py:4180} INFO - Setting next_dagrun for dataset_alias_example_alias_producer to None, run_after=None
[2025-02-01T20:43:57.722+0000] {logging_mixin.py:190} INFO - [2025-02-01T20:43:57.722+0000] {dag.py:4180} INFO - Setting next_dagrun for dataset_s3_bucket_consumer to None, run_after=None
[2025-02-01T20:43:57.724+0000] {logging_mixin.py:190} INFO - [2025-02-01T20:43:57.724+0000] {dag.py:4180} INFO - Setting next_dagrun for dataset_s3_bucket_producer to None, run_after=None
[2025-02-01T20:43:57.743+0000] {processor.py:208} INFO - Processing /home/airflow/.local/lib/python3.12/site-packages/airflow/example_dags/example_dataset_alias.py took 0.523 seconds
[2025-02-01T20:44:27.817+0000] {processor.py:186} INFO - Started process (PID=3409) to work on /home/airflow/.local/lib/python3.12/site-packages/airflow/example_dags/example_dataset_alias.py
[2025-02-01T20:44:27.818+0000] {processor.py:914} INFO - Processing file /home/airflow/.local/lib/python3.12/site-packages/airflow/example_dags/example_dataset_alias.py for tasks to queue
[2025-02-01T20:44:27.820+0000] {logging_mixin.py:190} INFO - [2025-02-01T20:44:27.819+0000] {dagbag.py:588} INFO - Filling up the DagBag from /home/airflow/.local/lib/python3.12/site-packages/airflow/example_dags/example_dataset_alias.py
[2025-02-01T20:44:28.285+0000] {processor.py:925} INFO - DAG(s) 'dataset_alias_example_alias_consumer', 'dataset_s3_bucket_producer', 'dataset_s3_bucket_consumer', 'dataset_alias_example_alias_producer' retrieved from /home/airflow/.local/lib/python3.12/site-packages/airflow/example_dags/example_dataset_alias.py
[2025-02-01T20:44:28.303+0000] {logging_mixin.py:190} INFO - [2025-02-01T20:44:28.302+0000] {dag.py:3239} INFO - Sync 4 DAGs
[2025-02-01T20:44:28.321+0000] {logging_mixin.py:190} INFO - [2025-02-01T20:44:28.321+0000] {dag.py:4180} INFO - Setting next_dagrun for dataset_alias_example_alias_consumer to None, run_after=None
[2025-02-01T20:44:28.324+0000] {logging_mixin.py:190} INFO - [2025-02-01T20:44:28.323+0000] {dag.py:4180} INFO - Setting next_dagrun for dataset_alias_example_alias_producer to None, run_after=None
[2025-02-01T20:44:28.325+0000] {logging_mixin.py:190} INFO - [2025-02-01T20:44:28.325+0000] {dag.py:4180} INFO - Setting next_dagrun for dataset_s3_bucket_consumer to None, run_after=None
[2025-02-01T20:44:28.326+0000] {logging_mixin.py:190} INFO - [2025-02-01T20:44:28.326+0000] {dag.py:4180} INFO - Setting next_dagrun for dataset_s3_bucket_producer to None, run_after=None
[2025-02-01T20:44:28.345+0000] {processor.py:208} INFO - Processing /home/airflow/.local/lib/python3.12/site-packages/airflow/example_dags/example_dataset_alias.py took 0.532 seconds
[2025-02-01T20:44:59.110+0000] {processor.py:186} INFO - Started process (PID=3700) to work on /home/airflow/.local/lib/python3.12/site-packages/airflow/example_dags/example_dataset_alias.py
[2025-02-01T20:44:59.111+0000] {processor.py:914} INFO - Processing file /home/airflow/.local/lib/python3.12/site-packages/airflow/example_dags/example_dataset_alias.py for tasks to queue
[2025-02-01T20:44:59.113+0000] {logging_mixin.py:190} INFO - [2025-02-01T20:44:59.112+0000] {dagbag.py:588} INFO - Filling up the DagBag from /home/airflow/.local/lib/python3.12/site-packages/airflow/example_dags/example_dataset_alias.py
[2025-02-01T20:44:59.560+0000] {processor.py:925} INFO - DAG(s) 'dataset_alias_example_alias_producer', 'dataset_alias_example_alias_consumer', 'dataset_s3_bucket_producer', 'dataset_s3_bucket_consumer' retrieved from /home/airflow/.local/lib/python3.12/site-packages/airflow/example_dags/example_dataset_alias.py
[2025-02-01T20:44:59.584+0000] {logging_mixin.py:190} INFO - [2025-02-01T20:44:59.583+0000] {dag.py:3239} INFO - Sync 4 DAGs
[2025-02-01T20:44:59.610+0000] {logging_mixin.py:190} INFO - [2025-02-01T20:44:59.609+0000] {dag.py:4180} INFO - Setting next_dagrun for dataset_alias_example_alias_consumer to None, run_after=None
[2025-02-01T20:44:59.614+0000] {logging_mixin.py:190} INFO - [2025-02-01T20:44:59.614+0000] {dag.py:4180} INFO - Setting next_dagrun for dataset_alias_example_alias_producer to None, run_after=None
[2025-02-01T20:44:59.616+0000] {logging_mixin.py:190} INFO - [2025-02-01T20:44:59.616+0000] {dag.py:4180} INFO - Setting next_dagrun for dataset_s3_bucket_consumer to None, run_after=None
[2025-02-01T20:44:59.619+0000] {logging_mixin.py:190} INFO - [2025-02-01T20:44:59.618+0000] {dag.py:4180} INFO - Setting next_dagrun for dataset_s3_bucket_producer to None, run_after=None
[2025-02-01T20:44:59.654+0000] {processor.py:208} INFO - Processing /home/airflow/.local/lib/python3.12/site-packages/airflow/example_dags/example_dataset_alias.py took 0.548 seconds
