[2025-02-01T20:33:39.763+0000] {processor.py:186} INFO - Started process (PID=346) to work on /home/airflow/.local/lib/python3.12/site-packages/airflow/example_dags/example_branch_operator.py
[2025-02-01T20:33:39.764+0000] {processor.py:914} INFO - Processing file /home/airflow/.local/lib/python3.12/site-packages/airflow/example_dags/example_branch_operator.py for tasks to queue
[2025-02-01T20:33:39.766+0000] {logging_mixin.py:190} INFO - [2025-02-01T20:33:39.766+0000] {dagbag.py:588} INFO - Filling up the DagBag from /home/airflow/.local/lib/python3.12/site-packages/airflow/example_dags/example_branch_operator.py
[2025-02-01T20:33:39.783+0000] {processor.py:925} INFO - DAG(s) 'example_branch_operator' retrieved from /home/airflow/.local/lib/python3.12/site-packages/airflow/example_dags/example_branch_operator.py
[2025-02-01T20:33:39.891+0000] {logging_mixin.py:190} INFO - [2025-02-01T20:33:39.890+0000] {override.py:1911} INFO - Created Permission View: can read on DAG:example_branch_operator
[2025-02-01T20:33:39.900+0000] {logging_mixin.py:190} INFO - [2025-02-01T20:33:39.900+0000] {override.py:1911} INFO - Created Permission View: can delete on DAG:example_branch_operator
[2025-02-01T20:33:39.907+0000] {logging_mixin.py:190} INFO - [2025-02-01T20:33:39.907+0000] {override.py:1911} INFO - Created Permission View: can edit on DAG:example_branch_operator
[2025-02-01T20:33:39.915+0000] {logging_mixin.py:190} INFO - [2025-02-01T20:33:39.915+0000] {override.py:1911} INFO - Created Permission View: can read on DAG Run:example_branch_operator
[2025-02-01T20:33:39.922+0000] {logging_mixin.py:190} INFO - [2025-02-01T20:33:39.921+0000] {override.py:1911} INFO - Created Permission View: menu access on DAG Run:example_branch_operator
[2025-02-01T20:33:39.928+0000] {logging_mixin.py:190} INFO - [2025-02-01T20:33:39.928+0000] {override.py:1911} INFO - Created Permission View: can create on DAG Run:example_branch_operator
[2025-02-01T20:33:39.936+0000] {logging_mixin.py:190} INFO - [2025-02-01T20:33:39.936+0000] {override.py:1911} INFO - Created Permission View: can delete on DAG Run:example_branch_operator
[2025-02-01T20:33:39.937+0000] {logging_mixin.py:190} INFO - [2025-02-01T20:33:39.937+0000] {dag.py:3239} INFO - Sync 1 DAGs
[2025-02-01T20:33:39.950+0000] {logging_mixin.py:190} INFO - [2025-02-01T20:33:39.950+0000] {dag.py:3262} INFO - Creating ORM DAG for example_branch_operator
[2025-02-01T20:33:39.959+0000] {logging_mixin.py:190} INFO - [2025-02-01T20:33:39.958+0000] {dag.py:4180} INFO - Setting next_dagrun for example_branch_operator to 2025-01-31 00:00:00+00:00, run_after=2025-02-01 00:00:00+00:00
[2025-02-01T20:33:39.975+0000] {processor.py:208} INFO - Processing /home/airflow/.local/lib/python3.12/site-packages/airflow/example_dags/example_branch_operator.py took 0.216 seconds
[2025-02-01T20:34:10.082+0000] {processor.py:186} INFO - Started process (PID=637) to work on /home/airflow/.local/lib/python3.12/site-packages/airflow/example_dags/example_branch_operator.py
[2025-02-01T20:34:10.083+0000] {processor.py:914} INFO - Processing file /home/airflow/.local/lib/python3.12/site-packages/airflow/example_dags/example_branch_operator.py for tasks to queue
[2025-02-01T20:34:10.088+0000] {logging_mixin.py:190} INFO - [2025-02-01T20:34:10.088+0000] {dagbag.py:588} INFO - Filling up the DagBag from /home/airflow/.local/lib/python3.12/site-packages/airflow/example_dags/example_branch_operator.py
[2025-02-01T20:34:10.113+0000] {processor.py:925} INFO - DAG(s) 'example_branch_operator' retrieved from /home/airflow/.local/lib/python3.12/site-packages/airflow/example_dags/example_branch_operator.py
[2025-02-01T20:34:10.151+0000] {logging_mixin.py:190} INFO - [2025-02-01T20:34:10.150+0000] {dag.py:3239} INFO - Sync 1 DAGs
[2025-02-01T20:34:10.176+0000] {logging_mixin.py:190} INFO - [2025-02-01T20:34:10.176+0000] {dag.py:4180} INFO - Setting next_dagrun for example_branch_operator to 2025-01-31 00:00:00+00:00, run_after=2025-02-01 00:00:00+00:00
[2025-02-01T20:34:10.197+0000] {processor.py:208} INFO - Processing /home/airflow/.local/lib/python3.12/site-packages/airflow/example_dags/example_branch_operator.py took 0.124 seconds
[2025-02-01T20:34:41.049+0000] {processor.py:186} INFO - Started process (PID=930) to work on /home/airflow/.local/lib/python3.12/site-packages/airflow/example_dags/example_branch_operator.py
[2025-02-01T20:34:41.049+0000] {processor.py:914} INFO - Processing file /home/airflow/.local/lib/python3.12/site-packages/airflow/example_dags/example_branch_operator.py for tasks to queue
[2025-02-01T20:34:41.052+0000] {logging_mixin.py:190} INFO - [2025-02-01T20:34:41.051+0000] {dagbag.py:588} INFO - Filling up the DagBag from /home/airflow/.local/lib/python3.12/site-packages/airflow/example_dags/example_branch_operator.py
[2025-02-01T20:34:41.065+0000] {processor.py:925} INFO - DAG(s) 'example_branch_operator' retrieved from /home/airflow/.local/lib/python3.12/site-packages/airflow/example_dags/example_branch_operator.py
[2025-02-01T20:34:41.087+0000] {logging_mixin.py:190} INFO - [2025-02-01T20:34:41.087+0000] {dag.py:3239} INFO - Sync 1 DAGs
[2025-02-01T20:34:41.106+0000] {logging_mixin.py:190} INFO - [2025-02-01T20:34:41.106+0000] {dag.py:4180} INFO - Setting next_dagrun for example_branch_operator to 2025-01-31 00:00:00+00:00, run_after=2025-02-01 00:00:00+00:00
[2025-02-01T20:34:41.118+0000] {processor.py:208} INFO - Processing /home/airflow/.local/lib/python3.12/site-packages/airflow/example_dags/example_branch_operator.py took 0.075 seconds
[2025-02-01T20:35:11.750+0000] {processor.py:186} INFO - Started process (PID=1227) to work on /home/airflow/.local/lib/python3.12/site-packages/airflow/example_dags/example_branch_operator.py
[2025-02-01T20:35:11.750+0000] {processor.py:914} INFO - Processing file /home/airflow/.local/lib/python3.12/site-packages/airflow/example_dags/example_branch_operator.py for tasks to queue
[2025-02-01T20:35:11.752+0000] {logging_mixin.py:190} INFO - [2025-02-01T20:35:11.752+0000] {dagbag.py:588} INFO - Filling up the DagBag from /home/airflow/.local/lib/python3.12/site-packages/airflow/example_dags/example_branch_operator.py
[2025-02-01T20:35:11.765+0000] {processor.py:925} INFO - DAG(s) 'example_branch_operator' retrieved from /home/airflow/.local/lib/python3.12/site-packages/airflow/example_dags/example_branch_operator.py
[2025-02-01T20:35:11.787+0000] {logging_mixin.py:190} INFO - [2025-02-01T20:35:11.787+0000] {dag.py:3239} INFO - Sync 1 DAGs
[2025-02-01T20:35:11.804+0000] {logging_mixin.py:190} INFO - [2025-02-01T20:35:11.804+0000] {dag.py:4180} INFO - Setting next_dagrun for example_branch_operator to 2025-01-31 00:00:00+00:00, run_after=2025-02-01 00:00:00+00:00
[2025-02-01T20:35:11.817+0000] {processor.py:208} INFO - Processing /home/airflow/.local/lib/python3.12/site-packages/airflow/example_dags/example_branch_operator.py took 0.071 seconds
[2025-02-01T20:38:49.174+0000] {processor.py:186} INFO - Started process (PID=346) to work on /home/airflow/.local/lib/python3.12/site-packages/airflow/example_dags/example_branch_operator.py
[2025-02-01T20:38:49.174+0000] {processor.py:914} INFO - Processing file /home/airflow/.local/lib/python3.12/site-packages/airflow/example_dags/example_branch_operator.py for tasks to queue
[2025-02-01T20:38:49.176+0000] {logging_mixin.py:190} INFO - [2025-02-01T20:38:49.176+0000] {dagbag.py:588} INFO - Filling up the DagBag from /home/airflow/.local/lib/python3.12/site-packages/airflow/example_dags/example_branch_operator.py
[2025-02-01T20:38:49.191+0000] {processor.py:925} INFO - DAG(s) 'example_branch_operator' retrieved from /home/airflow/.local/lib/python3.12/site-packages/airflow/example_dags/example_branch_operator.py
[2025-02-01T20:38:49.304+0000] {logging_mixin.py:190} INFO - [2025-02-01T20:38:49.304+0000] {dag.py:3239} INFO - Sync 1 DAGs
[2025-02-01T20:38:49.326+0000] {logging_mixin.py:190} INFO - [2025-02-01T20:38:49.326+0000] {dag.py:4180} INFO - Setting next_dagrun for example_branch_operator to 2025-01-31 00:00:00+00:00, run_after=2025-02-01 00:00:00+00:00
[2025-02-01T20:38:49.344+0000] {processor.py:208} INFO - Processing /home/airflow/.local/lib/python3.12/site-packages/airflow/example_dags/example_branch_operator.py took 0.174 seconds
[2025-02-01T20:39:19.609+0000] {processor.py:186} INFO - Started process (PID=637) to work on /home/airflow/.local/lib/python3.12/site-packages/airflow/example_dags/example_branch_operator.py
[2025-02-01T20:39:19.609+0000] {processor.py:914} INFO - Processing file /home/airflow/.local/lib/python3.12/site-packages/airflow/example_dags/example_branch_operator.py for tasks to queue
[2025-02-01T20:39:19.611+0000] {logging_mixin.py:190} INFO - [2025-02-01T20:39:19.611+0000] {dagbag.py:588} INFO - Filling up the DagBag from /home/airflow/.local/lib/python3.12/site-packages/airflow/example_dags/example_branch_operator.py
[2025-02-01T20:39:19.624+0000] {processor.py:925} INFO - DAG(s) 'example_branch_operator' retrieved from /home/airflow/.local/lib/python3.12/site-packages/airflow/example_dags/example_branch_operator.py
[2025-02-01T20:39:19.647+0000] {logging_mixin.py:190} INFO - [2025-02-01T20:39:19.647+0000] {dag.py:3239} INFO - Sync 1 DAGs
[2025-02-01T20:39:19.665+0000] {logging_mixin.py:190} INFO - [2025-02-01T20:39:19.665+0000] {dag.py:4180} INFO - Setting next_dagrun for example_branch_operator to 2025-01-31 00:00:00+00:00, run_after=2025-02-01 00:00:00+00:00
[2025-02-01T20:39:19.678+0000] {processor.py:208} INFO - Processing /home/airflow/.local/lib/python3.12/site-packages/airflow/example_dags/example_branch_operator.py took 0.074 seconds
[2025-02-01T20:39:51.283+0000] {processor.py:186} INFO - Started process (PID=928) to work on /home/airflow/.local/lib/python3.12/site-packages/airflow/example_dags/example_branch_operator.py
[2025-02-01T20:39:51.284+0000] {processor.py:914} INFO - Processing file /home/airflow/.local/lib/python3.12/site-packages/airflow/example_dags/example_branch_operator.py for tasks to queue
[2025-02-01T20:39:51.286+0000] {logging_mixin.py:190} INFO - [2025-02-01T20:39:51.286+0000] {dagbag.py:588} INFO - Filling up the DagBag from /home/airflow/.local/lib/python3.12/site-packages/airflow/example_dags/example_branch_operator.py
[2025-02-01T20:39:51.299+0000] {processor.py:925} INFO - DAG(s) 'example_branch_operator' retrieved from /home/airflow/.local/lib/python3.12/site-packages/airflow/example_dags/example_branch_operator.py
[2025-02-01T20:39:51.322+0000] {logging_mixin.py:190} INFO - [2025-02-01T20:39:51.321+0000] {dag.py:3239} INFO - Sync 1 DAGs
[2025-02-01T20:39:51.340+0000] {logging_mixin.py:190} INFO - [2025-02-01T20:39:51.339+0000] {dag.py:4180} INFO - Setting next_dagrun for example_branch_operator to 2025-01-31 00:00:00+00:00, run_after=2025-02-01 00:00:00+00:00
[2025-02-01T20:39:51.353+0000] {processor.py:208} INFO - Processing /home/airflow/.local/lib/python3.12/site-packages/airflow/example_dags/example_branch_operator.py took 0.073 seconds
[2025-02-01T20:40:22.091+0000] {processor.py:186} INFO - Started process (PID=1219) to work on /home/airflow/.local/lib/python3.12/site-packages/airflow/example_dags/example_branch_operator.py
[2025-02-01T20:40:22.092+0000] {processor.py:914} INFO - Processing file /home/airflow/.local/lib/python3.12/site-packages/airflow/example_dags/example_branch_operator.py for tasks to queue
[2025-02-01T20:40:22.094+0000] {logging_mixin.py:190} INFO - [2025-02-01T20:40:22.093+0000] {dagbag.py:588} INFO - Filling up the DagBag from /home/airflow/.local/lib/python3.12/site-packages/airflow/example_dags/example_branch_operator.py
[2025-02-01T20:40:22.107+0000] {processor.py:925} INFO - DAG(s) 'example_branch_operator' retrieved from /home/airflow/.local/lib/python3.12/site-packages/airflow/example_dags/example_branch_operator.py
[2025-02-01T20:40:22.132+0000] {logging_mixin.py:190} INFO - [2025-02-01T20:40:22.131+0000] {dag.py:3239} INFO - Sync 1 DAGs
[2025-02-01T20:40:22.156+0000] {logging_mixin.py:190} INFO - [2025-02-01T20:40:22.156+0000] {dag.py:4180} INFO - Setting next_dagrun for example_branch_operator to 2025-01-31 00:00:00+00:00, run_after=2025-02-01 00:00:00+00:00
[2025-02-01T20:40:22.170+0000] {processor.py:208} INFO - Processing /home/airflow/.local/lib/python3.12/site-packages/airflow/example_dags/example_branch_operator.py took 0.082 seconds
[2025-02-01T20:40:53.583+0000] {processor.py:186} INFO - Started process (PID=1512) to work on /home/airflow/.local/lib/python3.12/site-packages/airflow/example_dags/example_branch_operator.py
[2025-02-01T20:40:53.583+0000] {processor.py:914} INFO - Processing file /home/airflow/.local/lib/python3.12/site-packages/airflow/example_dags/example_branch_operator.py for tasks to queue
[2025-02-01T20:40:53.585+0000] {logging_mixin.py:190} INFO - [2025-02-01T20:40:53.585+0000] {dagbag.py:588} INFO - Filling up the DagBag from /home/airflow/.local/lib/python3.12/site-packages/airflow/example_dags/example_branch_operator.py
[2025-02-01T20:40:53.599+0000] {processor.py:925} INFO - DAG(s) 'example_branch_operator' retrieved from /home/airflow/.local/lib/python3.12/site-packages/airflow/example_dags/example_branch_operator.py
[2025-02-01T20:40:53.625+0000] {logging_mixin.py:190} INFO - [2025-02-01T20:40:53.624+0000] {dag.py:3239} INFO - Sync 1 DAGs
[2025-02-01T20:40:53.646+0000] {logging_mixin.py:190} INFO - [2025-02-01T20:40:53.646+0000] {dag.py:4180} INFO - Setting next_dagrun for example_branch_operator to 2025-01-31 00:00:00+00:00, run_after=2025-02-01 00:00:00+00:00
[2025-02-01T20:40:53.662+0000] {processor.py:208} INFO - Processing /home/airflow/.local/lib/python3.12/site-packages/airflow/example_dags/example_branch_operator.py took 0.083 seconds
[2025-02-01T20:41:23.915+0000] {processor.py:186} INFO - Started process (PID=1801) to work on /home/airflow/.local/lib/python3.12/site-packages/airflow/example_dags/example_branch_operator.py
[2025-02-01T20:41:23.916+0000] {processor.py:914} INFO - Processing file /home/airflow/.local/lib/python3.12/site-packages/airflow/example_dags/example_branch_operator.py for tasks to queue
[2025-02-01T20:41:23.917+0000] {logging_mixin.py:190} INFO - [2025-02-01T20:41:23.917+0000] {dagbag.py:588} INFO - Filling up the DagBag from /home/airflow/.local/lib/python3.12/site-packages/airflow/example_dags/example_branch_operator.py
[2025-02-01T20:41:23.930+0000] {processor.py:925} INFO - DAG(s) 'example_branch_operator' retrieved from /home/airflow/.local/lib/python3.12/site-packages/airflow/example_dags/example_branch_operator.py
[2025-02-01T20:41:23.952+0000] {logging_mixin.py:190} INFO - [2025-02-01T20:41:23.952+0000] {dag.py:3239} INFO - Sync 1 DAGs
[2025-02-01T20:41:23.971+0000] {logging_mixin.py:190} INFO - [2025-02-01T20:41:23.971+0000] {dag.py:4180} INFO - Setting next_dagrun for example_branch_operator to 2025-01-31 00:00:00+00:00, run_after=2025-02-01 00:00:00+00:00
[2025-02-01T20:41:23.984+0000] {processor.py:208} INFO - Processing /home/airflow/.local/lib/python3.12/site-packages/airflow/example_dags/example_branch_operator.py took 0.073 seconds
[2025-02-01T20:41:54.699+0000] {processor.py:186} INFO - Started process (PID=2092) to work on /home/airflow/.local/lib/python3.12/site-packages/airflow/example_dags/example_branch_operator.py
[2025-02-01T20:41:54.699+0000] {processor.py:914} INFO - Processing file /home/airflow/.local/lib/python3.12/site-packages/airflow/example_dags/example_branch_operator.py for tasks to queue
[2025-02-01T20:41:54.701+0000] {logging_mixin.py:190} INFO - [2025-02-01T20:41:54.701+0000] {dagbag.py:588} INFO - Filling up the DagBag from /home/airflow/.local/lib/python3.12/site-packages/airflow/example_dags/example_branch_operator.py
[2025-02-01T20:41:54.714+0000] {processor.py:925} INFO - DAG(s) 'example_branch_operator' retrieved from /home/airflow/.local/lib/python3.12/site-packages/airflow/example_dags/example_branch_operator.py
[2025-02-01T20:41:54.736+0000] {logging_mixin.py:190} INFO - [2025-02-01T20:41:54.736+0000] {dag.py:3239} INFO - Sync 1 DAGs
[2025-02-01T20:41:54.754+0000] {logging_mixin.py:190} INFO - [2025-02-01T20:41:54.754+0000] {dag.py:4180} INFO - Setting next_dagrun for example_branch_operator to 2025-01-31 00:00:00+00:00, run_after=2025-02-01 00:00:00+00:00
[2025-02-01T20:41:54.768+0000] {processor.py:208} INFO - Processing /home/airflow/.local/lib/python3.12/site-packages/airflow/example_dags/example_branch_operator.py took 0.073 seconds
[2025-02-01T20:42:25.771+0000] {processor.py:186} INFO - Started process (PID=2378) to work on /home/airflow/.local/lib/python3.12/site-packages/airflow/example_dags/example_branch_operator.py
[2025-02-01T20:42:25.772+0000] {processor.py:914} INFO - Processing file /home/airflow/.local/lib/python3.12/site-packages/airflow/example_dags/example_branch_operator.py for tasks to queue
[2025-02-01T20:42:25.773+0000] {logging_mixin.py:190} INFO - [2025-02-01T20:42:25.773+0000] {dagbag.py:588} INFO - Filling up the DagBag from /home/airflow/.local/lib/python3.12/site-packages/airflow/example_dags/example_branch_operator.py
[2025-02-01T20:42:25.785+0000] {processor.py:925} INFO - DAG(s) 'example_branch_operator' retrieved from /home/airflow/.local/lib/python3.12/site-packages/airflow/example_dags/example_branch_operator.py
[2025-02-01T20:42:25.807+0000] {logging_mixin.py:190} INFO - [2025-02-01T20:42:25.807+0000] {dag.py:3239} INFO - Sync 1 DAGs
[2025-02-01T20:42:25.826+0000] {logging_mixin.py:190} INFO - [2025-02-01T20:42:25.826+0000] {dag.py:4180} INFO - Setting next_dagrun for example_branch_operator to 2025-01-31 00:00:00+00:00, run_after=2025-02-01 00:00:00+00:00
[2025-02-01T20:42:25.839+0000] {processor.py:208} INFO - Processing /home/airflow/.local/lib/python3.12/site-packages/airflow/example_dags/example_branch_operator.py took 0.072 seconds
[2025-02-01T20:42:57.197+0000] {processor.py:186} INFO - Started process (PID=2669) to work on /home/airflow/.local/lib/python3.12/site-packages/airflow/example_dags/example_branch_operator.py
[2025-02-01T20:42:57.197+0000] {processor.py:914} INFO - Processing file /home/airflow/.local/lib/python3.12/site-packages/airflow/example_dags/example_branch_operator.py for tasks to queue
[2025-02-01T20:42:57.199+0000] {logging_mixin.py:190} INFO - [2025-02-01T20:42:57.199+0000] {dagbag.py:588} INFO - Filling up the DagBag from /home/airflow/.local/lib/python3.12/site-packages/airflow/example_dags/example_branch_operator.py
[2025-02-01T20:42:57.214+0000] {processor.py:925} INFO - DAG(s) 'example_branch_operator' retrieved from /home/airflow/.local/lib/python3.12/site-packages/airflow/example_dags/example_branch_operator.py
[2025-02-01T20:42:57.238+0000] {logging_mixin.py:190} INFO - [2025-02-01T20:42:57.238+0000] {dag.py:3239} INFO - Sync 1 DAGs
[2025-02-01T20:42:57.260+0000] {logging_mixin.py:190} INFO - [2025-02-01T20:42:57.259+0000] {dag.py:4180} INFO - Setting next_dagrun for example_branch_operator to 2025-01-31 00:00:00+00:00, run_after=2025-02-01 00:00:00+00:00
[2025-02-01T20:42:57.278+0000] {processor.py:208} INFO - Processing /home/airflow/.local/lib/python3.12/site-packages/airflow/example_dags/example_branch_operator.py took 0.085 seconds
[2025-02-01T20:43:28.173+0000] {processor.py:186} INFO - Started process (PID=2962) to work on /home/airflow/.local/lib/python3.12/site-packages/airflow/example_dags/example_branch_operator.py
[2025-02-01T20:43:28.174+0000] {processor.py:914} INFO - Processing file /home/airflow/.local/lib/python3.12/site-packages/airflow/example_dags/example_branch_operator.py for tasks to queue
[2025-02-01T20:43:28.176+0000] {logging_mixin.py:190} INFO - [2025-02-01T20:43:28.175+0000] {dagbag.py:588} INFO - Filling up the DagBag from /home/airflow/.local/lib/python3.12/site-packages/airflow/example_dags/example_branch_operator.py
[2025-02-01T20:43:28.189+0000] {processor.py:925} INFO - DAG(s) 'example_branch_operator' retrieved from /home/airflow/.local/lib/python3.12/site-packages/airflow/example_dags/example_branch_operator.py
[2025-02-01T20:43:28.212+0000] {logging_mixin.py:190} INFO - [2025-02-01T20:43:28.212+0000] {dag.py:3239} INFO - Sync 1 DAGs
[2025-02-01T20:43:28.230+0000] {logging_mixin.py:190} INFO - [2025-02-01T20:43:28.230+0000] {dag.py:4180} INFO - Setting next_dagrun for example_branch_operator to 2025-01-31 00:00:00+00:00, run_after=2025-02-01 00:00:00+00:00
[2025-02-01T20:43:28.242+0000] {processor.py:208} INFO - Processing /home/airflow/.local/lib/python3.12/site-packages/airflow/example_dags/example_branch_operator.py took 0.074 seconds
[2025-02-01T20:43:59.267+0000] {processor.py:186} INFO - Started process (PID=3256) to work on /home/airflow/.local/lib/python3.12/site-packages/airflow/example_dags/example_branch_operator.py
[2025-02-01T20:43:59.267+0000] {processor.py:914} INFO - Processing file /home/airflow/.local/lib/python3.12/site-packages/airflow/example_dags/example_branch_operator.py for tasks to queue
[2025-02-01T20:43:59.269+0000] {logging_mixin.py:190} INFO - [2025-02-01T20:43:59.269+0000] {dagbag.py:588} INFO - Filling up the DagBag from /home/airflow/.local/lib/python3.12/site-packages/airflow/example_dags/example_branch_operator.py
[2025-02-01T20:43:59.283+0000] {processor.py:925} INFO - DAG(s) 'example_branch_operator' retrieved from /home/airflow/.local/lib/python3.12/site-packages/airflow/example_dags/example_branch_operator.py
[2025-02-01T20:43:59.306+0000] {logging_mixin.py:190} INFO - [2025-02-01T20:43:59.306+0000] {dag.py:3239} INFO - Sync 1 DAGs
[2025-02-01T20:43:59.326+0000] {logging_mixin.py:190} INFO - [2025-02-01T20:43:59.326+0000] {dag.py:4180} INFO - Setting next_dagrun for example_branch_operator to 2025-01-31 00:00:00+00:00, run_after=2025-02-01 00:00:00+00:00
[2025-02-01T20:43:59.341+0000] {processor.py:208} INFO - Processing /home/airflow/.local/lib/python3.12/site-packages/airflow/example_dags/example_branch_operator.py took 0.079 seconds
[2025-02-01T20:44:29.888+0000] {processor.py:186} INFO - Started process (PID=3542) to work on /home/airflow/.local/lib/python3.12/site-packages/airflow/example_dags/example_branch_operator.py
[2025-02-01T20:44:29.888+0000] {processor.py:914} INFO - Processing file /home/airflow/.local/lib/python3.12/site-packages/airflow/example_dags/example_branch_operator.py for tasks to queue
[2025-02-01T20:44:29.890+0000] {logging_mixin.py:190} INFO - [2025-02-01T20:44:29.889+0000] {dagbag.py:588} INFO - Filling up the DagBag from /home/airflow/.local/lib/python3.12/site-packages/airflow/example_dags/example_branch_operator.py
[2025-02-01T20:44:29.903+0000] {processor.py:925} INFO - DAG(s) 'example_branch_operator' retrieved from /home/airflow/.local/lib/python3.12/site-packages/airflow/example_dags/example_branch_operator.py
[2025-02-01T20:44:29.925+0000] {logging_mixin.py:190} INFO - [2025-02-01T20:44:29.925+0000] {dag.py:3239} INFO - Sync 1 DAGs
[2025-02-01T20:44:29.944+0000] {logging_mixin.py:190} INFO - [2025-02-01T20:44:29.944+0000] {dag.py:4180} INFO - Setting next_dagrun for example_branch_operator to 2025-01-31 00:00:00+00:00, run_after=2025-02-01 00:00:00+00:00
[2025-02-01T20:44:29.959+0000] {processor.py:208} INFO - Processing /home/airflow/.local/lib/python3.12/site-packages/airflow/example_dags/example_branch_operator.py took 0.075 seconds
[2025-02-01T20:45:00.915+0000] {processor.py:186} INFO - Started process (PID=3833) to work on /home/airflow/.local/lib/python3.12/site-packages/airflow/example_dags/example_branch_operator.py
[2025-02-01T20:45:00.916+0000] {processor.py:914} INFO - Processing file /home/airflow/.local/lib/python3.12/site-packages/airflow/example_dags/example_branch_operator.py for tasks to queue
[2025-02-01T20:45:00.918+0000] {logging_mixin.py:190} INFO - [2025-02-01T20:45:00.917+0000] {dagbag.py:588} INFO - Filling up the DagBag from /home/airflow/.local/lib/python3.12/site-packages/airflow/example_dags/example_branch_operator.py
[2025-02-01T20:45:00.933+0000] {processor.py:925} INFO - DAG(s) 'example_branch_operator' retrieved from /home/airflow/.local/lib/python3.12/site-packages/airflow/example_dags/example_branch_operator.py
[2025-02-01T20:45:00.955+0000] {logging_mixin.py:190} INFO - [2025-02-01T20:45:00.955+0000] {dag.py:3239} INFO - Sync 1 DAGs
[2025-02-01T20:45:00.973+0000] {logging_mixin.py:190} INFO - [2025-02-01T20:45:00.973+0000] {dag.py:4180} INFO - Setting next_dagrun for example_branch_operator to 2025-01-31 00:00:00+00:00, run_after=2025-02-01 00:00:00+00:00
[2025-02-01T20:45:00.986+0000] {processor.py:208} INFO - Processing /home/airflow/.local/lib/python3.12/site-packages/airflow/example_dags/example_branch_operator.py took 0.075 seconds
