[2025-02-01T20:33:38.315+0000] {processor.py:186} INFO - Started process (PID=301) to work on /home/airflow/.local/lib/python3.12/site-packages/airflow/example_dags/example_branch_python_dop_operator_3.py
[2025-02-01T20:33:38.316+0000] {processor.py:914} INFO - Processing file /home/airflow/.local/lib/python3.12/site-packages/airflow/example_dags/example_branch_python_dop_operator_3.py for tasks to queue
[2025-02-01T20:33:38.319+0000] {logging_mixin.py:190} INFO - [2025-02-01T20:33:38.319+0000] {dagbag.py:588} INFO - Filling up the DagBag from /home/airflow/.local/lib/python3.12/site-packages/airflow/example_dags/example_branch_python_dop_operator_3.py
[2025-02-01T20:33:38.330+0000] {processor.py:925} INFO - DAG(s) 'example_branch_dop_operator_v3' retrieved from /home/airflow/.local/lib/python3.12/site-packages/airflow/example_dags/example_branch_python_dop_operator_3.py
[2025-02-01T20:33:38.487+0000] {logging_mixin.py:190} INFO - [2025-02-01T20:33:38.486+0000] {override.py:1911} INFO - Created Permission View: can read on DAG:example_branch_dop_operator_v3
[2025-02-01T20:33:38.498+0000] {logging_mixin.py:190} INFO - [2025-02-01T20:33:38.498+0000] {override.py:1911} INFO - Created Permission View: can delete on DAG:example_branch_dop_operator_v3
[2025-02-01T20:33:38.505+0000] {logging_mixin.py:190} INFO - [2025-02-01T20:33:38.505+0000] {override.py:1911} INFO - Created Permission View: can edit on DAG:example_branch_dop_operator_v3
[2025-02-01T20:33:38.514+0000] {logging_mixin.py:190} INFO - [2025-02-01T20:33:38.513+0000] {override.py:1911} INFO - Created Permission View: can read on DAG Run:example_branch_dop_operator_v3
[2025-02-01T20:33:38.522+0000] {logging_mixin.py:190} INFO - [2025-02-01T20:33:38.521+0000] {override.py:1911} INFO - Created Permission View: menu access on DAG Run:example_branch_dop_operator_v3
[2025-02-01T20:33:38.529+0000] {logging_mixin.py:190} INFO - [2025-02-01T20:33:38.528+0000] {override.py:1911} INFO - Created Permission View: can create on DAG Run:example_branch_dop_operator_v3
[2025-02-01T20:33:38.537+0000] {logging_mixin.py:190} INFO - [2025-02-01T20:33:38.537+0000] {override.py:1911} INFO - Created Permission View: can delete on DAG Run:example_branch_dop_operator_v3
[2025-02-01T20:33:38.538+0000] {logging_mixin.py:190} INFO - [2025-02-01T20:33:38.538+0000] {dag.py:3239} INFO - Sync 1 DAGs
[2025-02-01T20:33:38.550+0000] {logging_mixin.py:190} INFO - [2025-02-01T20:33:38.550+0000] {dag.py:3262} INFO - Creating ORM DAG for example_branch_dop_operator_v3
[2025-02-01T20:33:38.564+0000] {logging_mixin.py:190} INFO - [2025-02-01T20:33:38.563+0000] {dag.py:4180} INFO - Setting next_dagrun for example_branch_dop_operator_v3 to 2025-02-01 20:32:00+00:00, run_after=2025-02-01 20:33:00+00:00
[2025-02-01T20:33:38.580+0000] {processor.py:208} INFO - Processing /home/airflow/.local/lib/python3.12/site-packages/airflow/example_dags/example_branch_python_dop_operator_3.py took 0.271 seconds
[2025-02-01T20:34:08.982+0000] {processor.py:186} INFO - Started process (PID=592) to work on /home/airflow/.local/lib/python3.12/site-packages/airflow/example_dags/example_branch_python_dop_operator_3.py
[2025-02-01T20:34:08.983+0000] {processor.py:914} INFO - Processing file /home/airflow/.local/lib/python3.12/site-packages/airflow/example_dags/example_branch_python_dop_operator_3.py for tasks to queue
[2025-02-01T20:34:08.986+0000] {logging_mixin.py:190} INFO - [2025-02-01T20:34:08.985+0000] {dagbag.py:588} INFO - Filling up the DagBag from /home/airflow/.local/lib/python3.12/site-packages/airflow/example_dags/example_branch_python_dop_operator_3.py
[2025-02-01T20:34:08.994+0000] {processor.py:925} INFO - DAG(s) 'example_branch_dop_operator_v3' retrieved from /home/airflow/.local/lib/python3.12/site-packages/airflow/example_dags/example_branch_python_dop_operator_3.py
[2025-02-01T20:34:09.011+0000] {logging_mixin.py:190} INFO - [2025-02-01T20:34:09.010+0000] {dag.py:3239} INFO - Sync 1 DAGs
[2025-02-01T20:34:09.033+0000] {logging_mixin.py:190} INFO - [2025-02-01T20:34:09.033+0000] {dag.py:4180} INFO - Setting next_dagrun for example_branch_dop_operator_v3 to 2025-02-01 20:33:00+00:00, run_after=2025-02-01 20:34:00+00:00
[2025-02-01T20:34:09.049+0000] {processor.py:208} INFO - Processing /home/airflow/.local/lib/python3.12/site-packages/airflow/example_dags/example_branch_python_dop_operator_3.py took 0.072 seconds
[2025-02-01T20:34:39.399+0000] {processor.py:186} INFO - Started process (PID=883) to work on /home/airflow/.local/lib/python3.12/site-packages/airflow/example_dags/example_branch_python_dop_operator_3.py
[2025-02-01T20:34:39.400+0000] {processor.py:914} INFO - Processing file /home/airflow/.local/lib/python3.12/site-packages/airflow/example_dags/example_branch_python_dop_operator_3.py for tasks to queue
[2025-02-01T20:34:39.401+0000] {logging_mixin.py:190} INFO - [2025-02-01T20:34:39.401+0000] {dagbag.py:588} INFO - Filling up the DagBag from /home/airflow/.local/lib/python3.12/site-packages/airflow/example_dags/example_branch_python_dop_operator_3.py
[2025-02-01T20:34:39.408+0000] {processor.py:925} INFO - DAG(s) 'example_branch_dop_operator_v3' retrieved from /home/airflow/.local/lib/python3.12/site-packages/airflow/example_dags/example_branch_python_dop_operator_3.py
[2025-02-01T20:34:39.423+0000] {logging_mixin.py:190} INFO - [2025-02-01T20:34:39.423+0000] {dag.py:3239} INFO - Sync 1 DAGs
[2025-02-01T20:34:39.444+0000] {logging_mixin.py:190} INFO - [2025-02-01T20:34:39.444+0000] {dag.py:4180} INFO - Setting next_dagrun for example_branch_dop_operator_v3 to 2025-02-01 20:33:00+00:00, run_after=2025-02-01 20:34:00+00:00
[2025-02-01T20:34:39.459+0000] {processor.py:208} INFO - Processing /home/airflow/.local/lib/python3.12/site-packages/airflow/example_dags/example_branch_python_dop_operator_3.py took 0.063 seconds
[2025-02-01T20:35:10.187+0000] {processor.py:186} INFO - Started process (PID=1174) to work on /home/airflow/.local/lib/python3.12/site-packages/airflow/example_dags/example_branch_python_dop_operator_3.py
[2025-02-01T20:35:10.188+0000] {processor.py:914} INFO - Processing file /home/airflow/.local/lib/python3.12/site-packages/airflow/example_dags/example_branch_python_dop_operator_3.py for tasks to queue
[2025-02-01T20:35:10.189+0000] {logging_mixin.py:190} INFO - [2025-02-01T20:35:10.189+0000] {dagbag.py:588} INFO - Filling up the DagBag from /home/airflow/.local/lib/python3.12/site-packages/airflow/example_dags/example_branch_python_dop_operator_3.py
[2025-02-01T20:35:10.196+0000] {processor.py:925} INFO - DAG(s) 'example_branch_dop_operator_v3' retrieved from /home/airflow/.local/lib/python3.12/site-packages/airflow/example_dags/example_branch_python_dop_operator_3.py
[2025-02-01T20:35:10.212+0000] {logging_mixin.py:190} INFO - [2025-02-01T20:35:10.212+0000] {dag.py:3239} INFO - Sync 1 DAGs
[2025-02-01T20:35:10.232+0000] {logging_mixin.py:190} INFO - [2025-02-01T20:35:10.232+0000] {dag.py:4180} INFO - Setting next_dagrun for example_branch_dop_operator_v3 to 2025-02-01 20:34:00+00:00, run_after=2025-02-01 20:35:00+00:00
[2025-02-01T20:35:10.246+0000] {processor.py:208} INFO - Processing /home/airflow/.local/lib/python3.12/site-packages/airflow/example_dags/example_branch_python_dop_operator_3.py took 0.063 seconds
[2025-02-01T20:38:48.588+0000] {processor.py:186} INFO - Started process (PID=301) to work on /home/airflow/.local/lib/python3.12/site-packages/airflow/example_dags/example_branch_python_dop_operator_3.py
[2025-02-01T20:38:48.589+0000] {processor.py:914} INFO - Processing file /home/airflow/.local/lib/python3.12/site-packages/airflow/example_dags/example_branch_python_dop_operator_3.py for tasks to queue
[2025-02-01T20:38:48.591+0000] {logging_mixin.py:190} INFO - [2025-02-01T20:38:48.591+0000] {dagbag.py:588} INFO - Filling up the DagBag from /home/airflow/.local/lib/python3.12/site-packages/airflow/example_dags/example_branch_python_dop_operator_3.py
[2025-02-01T20:38:48.601+0000] {processor.py:925} INFO - DAG(s) 'example_branch_dop_operator_v3' retrieved from /home/airflow/.local/lib/python3.12/site-packages/airflow/example_dags/example_branch_python_dop_operator_3.py
[2025-02-01T20:38:48.618+0000] {logging_mixin.py:190} INFO - [2025-02-01T20:38:48.617+0000] {dag.py:3239} INFO - Sync 1 DAGs
[2025-02-01T20:38:48.638+0000] {logging_mixin.py:190} INFO - [2025-02-01T20:38:48.638+0000] {dag.py:4180} INFO - Setting next_dagrun for example_branch_dop_operator_v3 to 2025-02-01 20:37:00+00:00, run_after=2025-02-01 20:38:00+00:00
[2025-02-01T20:38:48.653+0000] {processor.py:208} INFO - Processing /home/airflow/.local/lib/python3.12/site-packages/airflow/example_dags/example_branch_python_dop_operator_3.py took 0.069 seconds
[2025-02-01T20:39:19.017+0000] {processor.py:186} INFO - Started process (PID=592) to work on /home/airflow/.local/lib/python3.12/site-packages/airflow/example_dags/example_branch_python_dop_operator_3.py
[2025-02-01T20:39:19.018+0000] {processor.py:914} INFO - Processing file /home/airflow/.local/lib/python3.12/site-packages/airflow/example_dags/example_branch_python_dop_operator_3.py for tasks to queue
[2025-02-01T20:39:19.019+0000] {logging_mixin.py:190} INFO - [2025-02-01T20:39:19.019+0000] {dagbag.py:588} INFO - Filling up the DagBag from /home/airflow/.local/lib/python3.12/site-packages/airflow/example_dags/example_branch_python_dop_operator_3.py
[2025-02-01T20:39:19.027+0000] {processor.py:925} INFO - DAG(s) 'example_branch_dop_operator_v3' retrieved from /home/airflow/.local/lib/python3.12/site-packages/airflow/example_dags/example_branch_python_dop_operator_3.py
[2025-02-01T20:39:19.043+0000] {logging_mixin.py:190} INFO - [2025-02-01T20:39:19.042+0000] {dag.py:3239} INFO - Sync 1 DAGs
[2025-02-01T20:39:19.062+0000] {logging_mixin.py:190} INFO - [2025-02-01T20:39:19.062+0000] {dag.py:4180} INFO - Setting next_dagrun for example_branch_dop_operator_v3 to 2025-02-01 20:38:00+00:00, run_after=2025-02-01 20:39:00+00:00
[2025-02-01T20:39:19.075+0000] {processor.py:208} INFO - Processing /home/airflow/.local/lib/python3.12/site-packages/airflow/example_dags/example_branch_python_dop_operator_3.py took 0.062 seconds
[2025-02-01T20:39:50.681+0000] {processor.py:186} INFO - Started process (PID=883) to work on /home/airflow/.local/lib/python3.12/site-packages/airflow/example_dags/example_branch_python_dop_operator_3.py
[2025-02-01T20:39:50.682+0000] {processor.py:914} INFO - Processing file /home/airflow/.local/lib/python3.12/site-packages/airflow/example_dags/example_branch_python_dop_operator_3.py for tasks to queue
[2025-02-01T20:39:50.684+0000] {logging_mixin.py:190} INFO - [2025-02-01T20:39:50.684+0000] {dagbag.py:588} INFO - Filling up the DagBag from /home/airflow/.local/lib/python3.12/site-packages/airflow/example_dags/example_branch_python_dop_operator_3.py
[2025-02-01T20:39:50.692+0000] {processor.py:925} INFO - DAG(s) 'example_branch_dop_operator_v3' retrieved from /home/airflow/.local/lib/python3.12/site-packages/airflow/example_dags/example_branch_python_dop_operator_3.py
[2025-02-01T20:39:50.709+0000] {logging_mixin.py:190} INFO - [2025-02-01T20:39:50.709+0000] {dag.py:3239} INFO - Sync 1 DAGs
[2025-02-01T20:39:50.732+0000] {logging_mixin.py:190} INFO - [2025-02-01T20:39:50.732+0000] {dag.py:4180} INFO - Setting next_dagrun for example_branch_dop_operator_v3 to 2025-02-01 20:38:00+00:00, run_after=2025-02-01 20:39:00+00:00
[2025-02-01T20:39:50.748+0000] {processor.py:208} INFO - Processing /home/airflow/.local/lib/python3.12/site-packages/airflow/example_dags/example_branch_python_dop_operator_3.py took 0.072 seconds
[2025-02-01T20:40:21.301+0000] {processor.py:186} INFO - Started process (PID=1169) to work on /home/airflow/.local/lib/python3.12/site-packages/airflow/example_dags/example_branch_python_dop_operator_3.py
[2025-02-01T20:40:21.302+0000] {processor.py:914} INFO - Processing file /home/airflow/.local/lib/python3.12/site-packages/airflow/example_dags/example_branch_python_dop_operator_3.py for tasks to queue
[2025-02-01T20:40:21.304+0000] {logging_mixin.py:190} INFO - [2025-02-01T20:40:21.303+0000] {dagbag.py:588} INFO - Filling up the DagBag from /home/airflow/.local/lib/python3.12/site-packages/airflow/example_dags/example_branch_python_dop_operator_3.py
[2025-02-01T20:40:21.313+0000] {processor.py:925} INFO - DAG(s) 'example_branch_dop_operator_v3' retrieved from /home/airflow/.local/lib/python3.12/site-packages/airflow/example_dags/example_branch_python_dop_operator_3.py
[2025-02-01T20:40:21.331+0000] {logging_mixin.py:190} INFO - [2025-02-01T20:40:21.330+0000] {dag.py:3239} INFO - Sync 1 DAGs
[2025-02-01T20:40:21.353+0000] {logging_mixin.py:190} INFO - [2025-02-01T20:40:21.353+0000] {dag.py:4180} INFO - Setting next_dagrun for example_branch_dop_operator_v3 to 2025-02-01 20:39:00+00:00, run_after=2025-02-01 20:40:00+00:00
[2025-02-01T20:40:21.370+0000] {processor.py:208} INFO - Processing /home/airflow/.local/lib/python3.12/site-packages/airflow/example_dags/example_branch_python_dop_operator_3.py took 0.073 seconds
[2025-02-01T20:40:52.978+0000] {processor.py:186} INFO - Started process (PID=1465) to work on /home/airflow/.local/lib/python3.12/site-packages/airflow/example_dags/example_branch_python_dop_operator_3.py
[2025-02-01T20:40:52.979+0000] {processor.py:914} INFO - Processing file /home/airflow/.local/lib/python3.12/site-packages/airflow/example_dags/example_branch_python_dop_operator_3.py for tasks to queue
[2025-02-01T20:40:52.980+0000] {logging_mixin.py:190} INFO - [2025-02-01T20:40:52.980+0000] {dagbag.py:588} INFO - Filling up the DagBag from /home/airflow/.local/lib/python3.12/site-packages/airflow/example_dags/example_branch_python_dop_operator_3.py
[2025-02-01T20:40:52.988+0000] {processor.py:925} INFO - DAG(s) 'example_branch_dop_operator_v3' retrieved from /home/airflow/.local/lib/python3.12/site-packages/airflow/example_dags/example_branch_python_dop_operator_3.py
[2025-02-01T20:40:53.003+0000] {logging_mixin.py:190} INFO - [2025-02-01T20:40:53.003+0000] {dag.py:3239} INFO - Sync 1 DAGs
[2025-02-01T20:40:53.023+0000] {logging_mixin.py:190} INFO - [2025-02-01T20:40:53.023+0000] {dag.py:4180} INFO - Setting next_dagrun for example_branch_dop_operator_v3 to 2025-02-01 20:39:00+00:00, run_after=2025-02-01 20:40:00+00:00
[2025-02-01T20:40:53.040+0000] {processor.py:208} INFO - Processing /home/airflow/.local/lib/python3.12/site-packages/airflow/example_dags/example_branch_python_dop_operator_3.py took 0.067 seconds
[2025-02-01T20:41:23.137+0000] {processor.py:186} INFO - Started process (PID=1751) to work on /home/airflow/.local/lib/python3.12/site-packages/airflow/example_dags/example_branch_python_dop_operator_3.py
[2025-02-01T20:41:23.138+0000] {processor.py:914} INFO - Processing file /home/airflow/.local/lib/python3.12/site-packages/airflow/example_dags/example_branch_python_dop_operator_3.py for tasks to queue
[2025-02-01T20:41:23.139+0000] {logging_mixin.py:190} INFO - [2025-02-01T20:41:23.139+0000] {dagbag.py:588} INFO - Filling up the DagBag from /home/airflow/.local/lib/python3.12/site-packages/airflow/example_dags/example_branch_python_dop_operator_3.py
[2025-02-01T20:41:23.147+0000] {processor.py:925} INFO - DAG(s) 'example_branch_dop_operator_v3' retrieved from /home/airflow/.local/lib/python3.12/site-packages/airflow/example_dags/example_branch_python_dop_operator_3.py
[2025-02-01T20:41:23.161+0000] {logging_mixin.py:190} INFO - [2025-02-01T20:41:23.161+0000] {dag.py:3239} INFO - Sync 1 DAGs
[2025-02-01T20:41:23.182+0000] {logging_mixin.py:190} INFO - [2025-02-01T20:41:23.181+0000] {dag.py:4180} INFO - Setting next_dagrun for example_branch_dop_operator_v3 to 2025-02-01 20:40:00+00:00, run_after=2025-02-01 20:41:00+00:00
[2025-02-01T20:41:23.196+0000] {processor.py:208} INFO - Processing /home/airflow/.local/lib/python3.12/site-packages/airflow/example_dags/example_branch_python_dop_operator_3.py took 0.063 seconds
[2025-02-01T20:41:54.157+0000] {processor.py:186} INFO - Started process (PID=2042) to work on /home/airflow/.local/lib/python3.12/site-packages/airflow/example_dags/example_branch_python_dop_operator_3.py
[2025-02-01T20:41:54.158+0000] {processor.py:914} INFO - Processing file /home/airflow/.local/lib/python3.12/site-packages/airflow/example_dags/example_branch_python_dop_operator_3.py for tasks to queue
[2025-02-01T20:41:54.159+0000] {logging_mixin.py:190} INFO - [2025-02-01T20:41:54.159+0000] {dagbag.py:588} INFO - Filling up the DagBag from /home/airflow/.local/lib/python3.12/site-packages/airflow/example_dags/example_branch_python_dop_operator_3.py
[2025-02-01T20:41:54.167+0000] {processor.py:925} INFO - DAG(s) 'example_branch_dop_operator_v3' retrieved from /home/airflow/.local/lib/python3.12/site-packages/airflow/example_dags/example_branch_python_dop_operator_3.py
[2025-02-01T20:41:54.181+0000] {logging_mixin.py:190} INFO - [2025-02-01T20:41:54.181+0000] {dag.py:3239} INFO - Sync 1 DAGs
[2025-02-01T20:41:54.201+0000] {logging_mixin.py:190} INFO - [2025-02-01T20:41:54.201+0000] {dag.py:4180} INFO - Setting next_dagrun for example_branch_dop_operator_v3 to 2025-02-01 20:40:00+00:00, run_after=2025-02-01 20:41:00+00:00
[2025-02-01T20:41:54.216+0000] {processor.py:208} INFO - Processing /home/airflow/.local/lib/python3.12/site-packages/airflow/example_dags/example_branch_python_dop_operator_3.py took 0.063 seconds
[2025-02-01T20:42:25.308+0000] {processor.py:186} INFO - Started process (PID=2333) to work on /home/airflow/.local/lib/python3.12/site-packages/airflow/example_dags/example_branch_python_dop_operator_3.py
[2025-02-01T20:42:25.309+0000] {processor.py:914} INFO - Processing file /home/airflow/.local/lib/python3.12/site-packages/airflow/example_dags/example_branch_python_dop_operator_3.py for tasks to queue
[2025-02-01T20:42:25.311+0000] {logging_mixin.py:190} INFO - [2025-02-01T20:42:25.310+0000] {dagbag.py:588} INFO - Filling up the DagBag from /home/airflow/.local/lib/python3.12/site-packages/airflow/example_dags/example_branch_python_dop_operator_3.py
[2025-02-01T20:42:25.318+0000] {processor.py:925} INFO - DAG(s) 'example_branch_dop_operator_v3' retrieved from /home/airflow/.local/lib/python3.12/site-packages/airflow/example_dags/example_branch_python_dop_operator_3.py
[2025-02-01T20:42:25.333+0000] {logging_mixin.py:190} INFO - [2025-02-01T20:42:25.333+0000] {dag.py:3239} INFO - Sync 1 DAGs
[2025-02-01T20:42:25.353+0000] {logging_mixin.py:190} INFO - [2025-02-01T20:42:25.353+0000] {dag.py:4180} INFO - Setting next_dagrun for example_branch_dop_operator_v3 to 2025-02-01 20:41:00+00:00, run_after=2025-02-01 20:42:00+00:00
[2025-02-01T20:42:25.365+0000] {processor.py:208} INFO - Processing /home/airflow/.local/lib/python3.12/site-packages/airflow/example_dags/example_branch_python_dop_operator_3.py took 0.061 seconds
[2025-02-01T20:42:56.665+0000] {processor.py:186} INFO - Started process (PID=2624) to work on /home/airflow/.local/lib/python3.12/site-packages/airflow/example_dags/example_branch_python_dop_operator_3.py
[2025-02-01T20:42:56.666+0000] {processor.py:914} INFO - Processing file /home/airflow/.local/lib/python3.12/site-packages/airflow/example_dags/example_branch_python_dop_operator_3.py for tasks to queue
[2025-02-01T20:42:56.668+0000] {logging_mixin.py:190} INFO - [2025-02-01T20:42:56.667+0000] {dagbag.py:588} INFO - Filling up the DagBag from /home/airflow/.local/lib/python3.12/site-packages/airflow/example_dags/example_branch_python_dop_operator_3.py
[2025-02-01T20:42:56.676+0000] {processor.py:925} INFO - DAG(s) 'example_branch_dop_operator_v3' retrieved from /home/airflow/.local/lib/python3.12/site-packages/airflow/example_dags/example_branch_python_dop_operator_3.py
[2025-02-01T20:42:56.691+0000] {logging_mixin.py:190} INFO - [2025-02-01T20:42:56.691+0000] {dag.py:3239} INFO - Sync 1 DAGs
[2025-02-01T20:42:56.719+0000] {logging_mixin.py:190} INFO - [2025-02-01T20:42:56.719+0000] {dag.py:4180} INFO - Setting next_dagrun for example_branch_dop_operator_v3 to 2025-02-01 20:41:00+00:00, run_after=2025-02-01 20:42:00+00:00
[2025-02-01T20:42:56.739+0000] {processor.py:208} INFO - Processing /home/airflow/.local/lib/python3.12/site-packages/airflow/example_dags/example_branch_python_dop_operator_3.py took 0.078 seconds
[2025-02-01T20:43:27.567+0000] {processor.py:186} INFO - Started process (PID=2915) to work on /home/airflow/.local/lib/python3.12/site-packages/airflow/example_dags/example_branch_python_dop_operator_3.py
[2025-02-01T20:43:27.567+0000] {processor.py:914} INFO - Processing file /home/airflow/.local/lib/python3.12/site-packages/airflow/example_dags/example_branch_python_dop_operator_3.py for tasks to queue
[2025-02-01T20:43:27.569+0000] {logging_mixin.py:190} INFO - [2025-02-01T20:43:27.569+0000] {dagbag.py:588} INFO - Filling up the DagBag from /home/airflow/.local/lib/python3.12/site-packages/airflow/example_dags/example_branch_python_dop_operator_3.py
[2025-02-01T20:43:27.576+0000] {processor.py:925} INFO - DAG(s) 'example_branch_dop_operator_v3' retrieved from /home/airflow/.local/lib/python3.12/site-packages/airflow/example_dags/example_branch_python_dop_operator_3.py
[2025-02-01T20:43:27.591+0000] {logging_mixin.py:190} INFO - [2025-02-01T20:43:27.590+0000] {dag.py:3239} INFO - Sync 1 DAGs
[2025-02-01T20:43:27.611+0000] {logging_mixin.py:190} INFO - [2025-02-01T20:43:27.611+0000] {dag.py:4180} INFO - Setting next_dagrun for example_branch_dop_operator_v3 to 2025-02-01 20:42:00+00:00, run_after=2025-02-01 20:43:00+00:00
[2025-02-01T20:43:27.625+0000] {processor.py:208} INFO - Processing /home/airflow/.local/lib/python3.12/site-packages/airflow/example_dags/example_branch_python_dop_operator_3.py took 0.063 seconds
[2025-02-01T20:43:58.689+0000] {processor.py:186} INFO - Started process (PID=3208) to work on /home/airflow/.local/lib/python3.12/site-packages/airflow/example_dags/example_branch_python_dop_operator_3.py
[2025-02-01T20:43:58.689+0000] {processor.py:914} INFO - Processing file /home/airflow/.local/lib/python3.12/site-packages/airflow/example_dags/example_branch_python_dop_operator_3.py for tasks to queue
[2025-02-01T20:43:58.691+0000] {logging_mixin.py:190} INFO - [2025-02-01T20:43:58.691+0000] {dagbag.py:588} INFO - Filling up the DagBag from /home/airflow/.local/lib/python3.12/site-packages/airflow/example_dags/example_branch_python_dop_operator_3.py
[2025-02-01T20:43:58.699+0000] {processor.py:925} INFO - DAG(s) 'example_branch_dop_operator_v3' retrieved from /home/airflow/.local/lib/python3.12/site-packages/airflow/example_dags/example_branch_python_dop_operator_3.py
[2025-02-01T20:43:58.714+0000] {logging_mixin.py:190} INFO - [2025-02-01T20:43:58.714+0000] {dag.py:3239} INFO - Sync 1 DAGs
[2025-02-01T20:43:58.735+0000] {logging_mixin.py:190} INFO - [2025-02-01T20:43:58.735+0000] {dag.py:4180} INFO - Setting next_dagrun for example_branch_dop_operator_v3 to 2025-02-01 20:42:00+00:00, run_after=2025-02-01 20:43:00+00:00
[2025-02-01T20:43:58.748+0000] {processor.py:208} INFO - Processing /home/airflow/.local/lib/python3.12/site-packages/airflow/example_dags/example_branch_python_dop_operator_3.py took 0.064 seconds
[2025-02-01T20:44:29.266+0000] {processor.py:186} INFO - Started process (PID=3499) to work on /home/airflow/.local/lib/python3.12/site-packages/airflow/example_dags/example_branch_python_dop_operator_3.py
[2025-02-01T20:44:29.267+0000] {processor.py:914} INFO - Processing file /home/airflow/.local/lib/python3.12/site-packages/airflow/example_dags/example_branch_python_dop_operator_3.py for tasks to queue
[2025-02-01T20:44:29.268+0000] {logging_mixin.py:190} INFO - [2025-02-01T20:44:29.268+0000] {dagbag.py:588} INFO - Filling up the DagBag from /home/airflow/.local/lib/python3.12/site-packages/airflow/example_dags/example_branch_python_dop_operator_3.py
[2025-02-01T20:44:29.276+0000] {processor.py:925} INFO - DAG(s) 'example_branch_dop_operator_v3' retrieved from /home/airflow/.local/lib/python3.12/site-packages/airflow/example_dags/example_branch_python_dop_operator_3.py
[2025-02-01T20:44:29.290+0000] {logging_mixin.py:190} INFO - [2025-02-01T20:44:29.290+0000] {dag.py:3239} INFO - Sync 1 DAGs
[2025-02-01T20:44:29.310+0000] {logging_mixin.py:190} INFO - [2025-02-01T20:44:29.310+0000] {dag.py:4180} INFO - Setting next_dagrun for example_branch_dop_operator_v3 to 2025-02-01 20:43:00+00:00, run_after=2025-02-01 20:44:00+00:00
[2025-02-01T20:44:29.323+0000] {processor.py:208} INFO - Processing /home/airflow/.local/lib/python3.12/site-packages/airflow/example_dags/example_branch_python_dop_operator_3.py took 0.061 seconds
[2025-02-01T20:45:00.474+0000] {processor.py:186} INFO - Started process (PID=3788) to work on /home/airflow/.local/lib/python3.12/site-packages/airflow/example_dags/example_branch_python_dop_operator_3.py
[2025-02-01T20:45:00.475+0000] {processor.py:914} INFO - Processing file /home/airflow/.local/lib/python3.12/site-packages/airflow/example_dags/example_branch_python_dop_operator_3.py for tasks to queue
[2025-02-01T20:45:00.476+0000] {logging_mixin.py:190} INFO - [2025-02-01T20:45:00.476+0000] {dagbag.py:588} INFO - Filling up the DagBag from /home/airflow/.local/lib/python3.12/site-packages/airflow/example_dags/example_branch_python_dop_operator_3.py
[2025-02-01T20:45:00.484+0000] {processor.py:925} INFO - DAG(s) 'example_branch_dop_operator_v3' retrieved from /home/airflow/.local/lib/python3.12/site-packages/airflow/example_dags/example_branch_python_dop_operator_3.py
[2025-02-01T20:45:00.500+0000] {logging_mixin.py:190} INFO - [2025-02-01T20:45:00.499+0000] {dag.py:3239} INFO - Sync 1 DAGs
[2025-02-01T20:45:00.519+0000] {logging_mixin.py:190} INFO - [2025-02-01T20:45:00.519+0000] {dag.py:4180} INFO - Setting next_dagrun for example_branch_dop_operator_v3 to 2025-02-01 20:44:00+00:00, run_after=2025-02-01 20:45:00+00:00
[2025-02-01T20:45:00.534+0000] {processor.py:208} INFO - Processing /home/airflow/.local/lib/python3.12/site-packages/airflow/example_dags/example_branch_python_dop_operator_3.py took 0.064 seconds
