[2025-02-01T20:33:35.826+0000] {processor.py:186} INFO - Started process (PID=263) to work on /home/airflow/.local/lib/python3.12/site-packages/airflow/example_dags/example_datasets.py
[2025-02-01T20:33:35.826+0000] {processor.py:914} INFO - Processing file /home/airflow/.local/lib/python3.12/site-packages/airflow/example_dags/example_datasets.py for tasks to queue
[2025-02-01T20:33:35.828+0000] {logging_mixin.py:190} INFO - [2025-02-01T20:33:35.828+0000] {dagbag.py:588} INFO - Filling up the DagBag from /home/airflow/.local/lib/python3.12/site-packages/airflow/example_dags/example_datasets.py
[2025-02-01T20:33:36.356+0000] {processor.py:925} INFO - DAG(s) 'dataset_consumes_1_never_scheduled', 'dataset_produces_1', 'dataset_produces_2', 'conditional_dataset_and_time_based_timetable', 'dataset_consumes_unknown_never_scheduled', 'dataset_consumes_1', 'dataset_consumes_1_and_2', 'consume_1_or_2_with_dataset_expressions', 'consume_1_or_both_2_and_3_with_dataset_expressions', 'consume_1_and_2_with_dataset_expressions' retrieved from /home/airflow/.local/lib/python3.12/site-packages/airflow/example_dags/example_datasets.py
[2025-02-01T20:33:36.459+0000] {logging_mixin.py:190} INFO - [2025-02-01T20:33:36.459+0000] {override.py:1911} INFO - Created Permission View: can read on DAG:dataset_consumes_1_never_scheduled
[2025-02-01T20:33:36.469+0000] {logging_mixin.py:190} INFO - [2025-02-01T20:33:36.469+0000] {override.py:1911} INFO - Created Permission View: can delete on DAG:dataset_consumes_1_never_scheduled
[2025-02-01T20:33:36.476+0000] {logging_mixin.py:190} INFO - [2025-02-01T20:33:36.476+0000] {override.py:1911} INFO - Created Permission View: can edit on DAG:dataset_consumes_1_never_scheduled
[2025-02-01T20:33:36.484+0000] {logging_mixin.py:190} INFO - [2025-02-01T20:33:36.483+0000] {override.py:1911} INFO - Created Permission View: can read on DAG Run:dataset_consumes_1_never_scheduled
[2025-02-01T20:33:36.494+0000] {logging_mixin.py:190} INFO - [2025-02-01T20:33:36.493+0000] {override.py:1911} INFO - Created Permission View: menu access on DAG Run:dataset_consumes_1_never_scheduled
[2025-02-01T20:33:36.500+0000] {logging_mixin.py:190} INFO - [2025-02-01T20:33:36.500+0000] {override.py:1911} INFO - Created Permission View: can create on DAG Run:dataset_consumes_1_never_scheduled
[2025-02-01T20:33:36.507+0000] {logging_mixin.py:190} INFO - [2025-02-01T20:33:36.507+0000] {override.py:1911} INFO - Created Permission View: can delete on DAG Run:dataset_consumes_1_never_scheduled
[2025-02-01T20:33:36.518+0000] {logging_mixin.py:190} INFO - [2025-02-01T20:33:36.518+0000] {override.py:1911} INFO - Created Permission View: can read on DAG:dataset_produces_1
[2025-02-01T20:33:36.525+0000] {logging_mixin.py:190} INFO - [2025-02-01T20:33:36.525+0000] {override.py:1911} INFO - Created Permission View: can delete on DAG:dataset_produces_1
[2025-02-01T20:33:36.531+0000] {logging_mixin.py:190} INFO - [2025-02-01T20:33:36.531+0000] {override.py:1911} INFO - Created Permission View: can edit on DAG:dataset_produces_1
[2025-02-01T20:33:36.539+0000] {logging_mixin.py:190} INFO - [2025-02-01T20:33:36.538+0000] {override.py:1911} INFO - Created Permission View: can read on DAG Run:dataset_produces_1
[2025-02-01T20:33:36.552+0000] {logging_mixin.py:190} INFO - [2025-02-01T20:33:36.552+0000] {override.py:1911} INFO - Created Permission View: menu access on DAG Run:dataset_produces_1
[2025-02-01T20:33:36.559+0000] {logging_mixin.py:190} INFO - [2025-02-01T20:33:36.559+0000] {override.py:1911} INFO - Created Permission View: can create on DAG Run:dataset_produces_1
[2025-02-01T20:33:36.566+0000] {logging_mixin.py:190} INFO - [2025-02-01T20:33:36.565+0000] {override.py:1911} INFO - Created Permission View: can delete on DAG Run:dataset_produces_1
[2025-02-01T20:33:36.578+0000] {logging_mixin.py:190} INFO - [2025-02-01T20:33:36.578+0000] {override.py:1911} INFO - Created Permission View: can read on DAG:dataset_produces_2
[2025-02-01T20:33:36.585+0000] {logging_mixin.py:190} INFO - [2025-02-01T20:33:36.585+0000] {override.py:1911} INFO - Created Permission View: can delete on DAG:dataset_produces_2
[2025-02-01T20:33:36.593+0000] {logging_mixin.py:190} INFO - [2025-02-01T20:33:36.593+0000] {override.py:1911} INFO - Created Permission View: can edit on DAG:dataset_produces_2
[2025-02-01T20:33:36.600+0000] {logging_mixin.py:190} INFO - [2025-02-01T20:33:36.600+0000] {override.py:1911} INFO - Created Permission View: can read on DAG Run:dataset_produces_2
[2025-02-01T20:33:36.607+0000] {logging_mixin.py:190} INFO - [2025-02-01T20:33:36.607+0000] {override.py:1911} INFO - Created Permission View: menu access on DAG Run:dataset_produces_2
[2025-02-01T20:33:36.614+0000] {logging_mixin.py:190} INFO - [2025-02-01T20:33:36.614+0000] {override.py:1911} INFO - Created Permission View: can create on DAG Run:dataset_produces_2
[2025-02-01T20:33:36.623+0000] {logging_mixin.py:190} INFO - [2025-02-01T20:33:36.622+0000] {override.py:1911} INFO - Created Permission View: can delete on DAG Run:dataset_produces_2
[2025-02-01T20:33:36.635+0000] {logging_mixin.py:190} INFO - [2025-02-01T20:33:36.635+0000] {override.py:1911} INFO - Created Permission View: can read on DAG:conditional_dataset_and_time_based_timetable
[2025-02-01T20:33:36.643+0000] {logging_mixin.py:190} INFO - [2025-02-01T20:33:36.642+0000] {override.py:1911} INFO - Created Permission View: can delete on DAG:conditional_dataset_and_time_based_timetable
[2025-02-01T20:33:36.650+0000] {logging_mixin.py:190} INFO - [2025-02-01T20:33:36.649+0000] {override.py:1911} INFO - Created Permission View: can edit on DAG:conditional_dataset_and_time_based_timetable
[2025-02-01T20:33:36.658+0000] {logging_mixin.py:190} INFO - [2025-02-01T20:33:36.658+0000] {override.py:1911} INFO - Created Permission View: can read on DAG Run:conditional_dataset_and_time_based_timetable
[2025-02-01T20:33:36.666+0000] {logging_mixin.py:190} INFO - [2025-02-01T20:33:36.665+0000] {override.py:1911} INFO - Created Permission View: menu access on DAG Run:conditional_dataset_and_time_based_timetable
[2025-02-01T20:33:36.672+0000] {logging_mixin.py:190} INFO - [2025-02-01T20:33:36.672+0000] {override.py:1911} INFO - Created Permission View: can create on DAG Run:conditional_dataset_and_time_based_timetable
[2025-02-01T20:33:36.679+0000] {logging_mixin.py:190} INFO - [2025-02-01T20:33:36.678+0000] {override.py:1911} INFO - Created Permission View: can delete on DAG Run:conditional_dataset_and_time_based_timetable
[2025-02-01T20:33:36.691+0000] {logging_mixin.py:190} INFO - [2025-02-01T20:33:36.690+0000] {override.py:1911} INFO - Created Permission View: can read on DAG:dataset_consumes_unknown_never_scheduled
[2025-02-01T20:33:36.700+0000] {logging_mixin.py:190} INFO - [2025-02-01T20:33:36.699+0000] {override.py:1911} INFO - Created Permission View: can delete on DAG:dataset_consumes_unknown_never_scheduled
[2025-02-01T20:33:36.707+0000] {logging_mixin.py:190} INFO - [2025-02-01T20:33:36.706+0000] {override.py:1911} INFO - Created Permission View: can edit on DAG:dataset_consumes_unknown_never_scheduled
[2025-02-01T20:33:36.715+0000] {logging_mixin.py:190} INFO - [2025-02-01T20:33:36.715+0000] {override.py:1911} INFO - Created Permission View: can read on DAG Run:dataset_consumes_unknown_never_scheduled
[2025-02-01T20:33:36.723+0000] {logging_mixin.py:190} INFO - [2025-02-01T20:33:36.723+0000] {override.py:1911} INFO - Created Permission View: menu access on DAG Run:dataset_consumes_unknown_never_scheduled
[2025-02-01T20:33:36.732+0000] {logging_mixin.py:190} INFO - [2025-02-01T20:33:36.731+0000] {override.py:1911} INFO - Created Permission View: can create on DAG Run:dataset_consumes_unknown_never_scheduled
[2025-02-01T20:33:36.739+0000] {logging_mixin.py:190} INFO - [2025-02-01T20:33:36.739+0000] {override.py:1911} INFO - Created Permission View: can delete on DAG Run:dataset_consumes_unknown_never_scheduled
[2025-02-01T20:33:36.753+0000] {logging_mixin.py:190} INFO - [2025-02-01T20:33:36.752+0000] {override.py:1911} INFO - Created Permission View: can read on DAG:dataset_consumes_1
[2025-02-01T20:33:36.762+0000] {logging_mixin.py:190} INFO - [2025-02-01T20:33:36.762+0000] {override.py:1911} INFO - Created Permission View: can delete on DAG:dataset_consumes_1
[2025-02-01T20:33:36.771+0000] {logging_mixin.py:190} INFO - [2025-02-01T20:33:36.771+0000] {override.py:1911} INFO - Created Permission View: can edit on DAG:dataset_consumes_1
[2025-02-01T20:33:36.779+0000] {logging_mixin.py:190} INFO - [2025-02-01T20:33:36.779+0000] {override.py:1911} INFO - Created Permission View: can read on DAG Run:dataset_consumes_1
[2025-02-01T20:33:36.787+0000] {logging_mixin.py:190} INFO - [2025-02-01T20:33:36.786+0000] {override.py:1911} INFO - Created Permission View: menu access on DAG Run:dataset_consumes_1
[2025-02-01T20:33:36.795+0000] {logging_mixin.py:190} INFO - [2025-02-01T20:33:36.795+0000] {override.py:1911} INFO - Created Permission View: can create on DAG Run:dataset_consumes_1
[2025-02-01T20:33:36.803+0000] {logging_mixin.py:190} INFO - [2025-02-01T20:33:36.802+0000] {override.py:1911} INFO - Created Permission View: can delete on DAG Run:dataset_consumes_1
[2025-02-01T20:33:36.817+0000] {logging_mixin.py:190} INFO - [2025-02-01T20:33:36.817+0000] {override.py:1911} INFO - Created Permission View: can read on DAG:dataset_consumes_1_and_2
[2025-02-01T20:33:36.823+0000] {logging_mixin.py:190} INFO - [2025-02-01T20:33:36.823+0000] {override.py:1911} INFO - Created Permission View: can delete on DAG:dataset_consumes_1_and_2
[2025-02-01T20:33:36.829+0000] {logging_mixin.py:190} INFO - [2025-02-01T20:33:36.829+0000] {override.py:1911} INFO - Created Permission View: can edit on DAG:dataset_consumes_1_and_2
[2025-02-01T20:33:36.837+0000] {logging_mixin.py:190} INFO - [2025-02-01T20:33:36.837+0000] {override.py:1911} INFO - Created Permission View: can read on DAG Run:dataset_consumes_1_and_2
[2025-02-01T20:33:36.898+0000] {logging_mixin.py:190} INFO - [2025-02-01T20:33:36.898+0000] {override.py:1911} INFO - Created Permission View: menu access on DAG Run:dataset_consumes_1_and_2
[2025-02-01T20:33:36.905+0000] {logging_mixin.py:190} INFO - [2025-02-01T20:33:36.905+0000] {override.py:1911} INFO - Created Permission View: can create on DAG Run:dataset_consumes_1_and_2
[2025-02-01T20:33:36.912+0000] {logging_mixin.py:190} INFO - [2025-02-01T20:33:36.912+0000] {override.py:1911} INFO - Created Permission View: can delete on DAG Run:dataset_consumes_1_and_2
[2025-02-01T20:33:36.923+0000] {logging_mixin.py:190} INFO - [2025-02-01T20:33:36.922+0000] {override.py:1911} INFO - Created Permission View: can read on DAG:consume_1_or_2_with_dataset_expressions
[2025-02-01T20:33:36.931+0000] {logging_mixin.py:190} INFO - [2025-02-01T20:33:36.931+0000] {override.py:1911} INFO - Created Permission View: can delete on DAG:consume_1_or_2_with_dataset_expressions
[2025-02-01T20:33:36.937+0000] {logging_mixin.py:190} INFO - [2025-02-01T20:33:36.937+0000] {override.py:1911} INFO - Created Permission View: can edit on DAG:consume_1_or_2_with_dataset_expressions
[2025-02-01T20:33:36.945+0000] {logging_mixin.py:190} INFO - [2025-02-01T20:33:36.945+0000] {override.py:1911} INFO - Created Permission View: can read on DAG Run:consume_1_or_2_with_dataset_expressions
[2025-02-01T20:33:36.951+0000] {logging_mixin.py:190} INFO - [2025-02-01T20:33:36.951+0000] {override.py:1911} INFO - Created Permission View: menu access on DAG Run:consume_1_or_2_with_dataset_expressions
[2025-02-01T20:33:36.957+0000] {logging_mixin.py:190} INFO - [2025-02-01T20:33:36.957+0000] {override.py:1911} INFO - Created Permission View: can create on DAG Run:consume_1_or_2_with_dataset_expressions
[2025-02-01T20:33:36.963+0000] {logging_mixin.py:190} INFO - [2025-02-01T20:33:36.963+0000] {override.py:1911} INFO - Created Permission View: can delete on DAG Run:consume_1_or_2_with_dataset_expressions
[2025-02-01T20:33:36.975+0000] {logging_mixin.py:190} INFO - [2025-02-01T20:33:36.975+0000] {override.py:1911} INFO - Created Permission View: can read on DAG:consume_1_or_both_2_and_3_with_dataset_expressions
[2025-02-01T20:33:36.982+0000] {logging_mixin.py:190} INFO - [2025-02-01T20:33:36.982+0000] {override.py:1911} INFO - Created Permission View: can delete on DAG:consume_1_or_both_2_and_3_with_dataset_expressions
[2025-02-01T20:33:36.990+0000] {logging_mixin.py:190} INFO - [2025-02-01T20:33:36.990+0000] {override.py:1911} INFO - Created Permission View: can edit on DAG:consume_1_or_both_2_and_3_with_dataset_expressions
[2025-02-01T20:33:36.998+0000] {logging_mixin.py:190} INFO - [2025-02-01T20:33:36.998+0000] {override.py:1911} INFO - Created Permission View: can read on DAG Run:consume_1_or_both_2_and_3_with_dataset_expressions
[2025-02-01T20:33:37.004+0000] {logging_mixin.py:190} INFO - [2025-02-01T20:33:37.004+0000] {override.py:1911} INFO - Created Permission View: menu access on DAG Run:consume_1_or_both_2_and_3_with_dataset_expressions
[2025-02-01T20:33:37.011+0000] {logging_mixin.py:190} INFO - [2025-02-01T20:33:37.010+0000] {override.py:1911} INFO - Created Permission View: can create on DAG Run:consume_1_or_both_2_and_3_with_dataset_expressions
[2025-02-01T20:33:37.025+0000] {logging_mixin.py:190} INFO - [2025-02-01T20:33:37.025+0000] {override.py:1911} INFO - Created Permission View: can delete on DAG Run:consume_1_or_both_2_and_3_with_dataset_expressions
[2025-02-01T20:33:37.039+0000] {logging_mixin.py:190} INFO - [2025-02-01T20:33:37.039+0000] {override.py:1911} INFO - Created Permission View: can read on DAG:consume_1_and_2_with_dataset_expressions
[2025-02-01T20:33:37.047+0000] {logging_mixin.py:190} INFO - [2025-02-01T20:33:37.046+0000] {override.py:1911} INFO - Created Permission View: can delete on DAG:consume_1_and_2_with_dataset_expressions
[2025-02-01T20:33:37.054+0000] {logging_mixin.py:190} INFO - [2025-02-01T20:33:37.054+0000] {override.py:1911} INFO - Created Permission View: can edit on DAG:consume_1_and_2_with_dataset_expressions
[2025-02-01T20:33:37.062+0000] {logging_mixin.py:190} INFO - [2025-02-01T20:33:37.062+0000] {override.py:1911} INFO - Created Permission View: can read on DAG Run:consume_1_and_2_with_dataset_expressions
[2025-02-01T20:33:37.070+0000] {logging_mixin.py:190} INFO - [2025-02-01T20:33:37.070+0000] {override.py:1911} INFO - Created Permission View: menu access on DAG Run:consume_1_and_2_with_dataset_expressions
[2025-02-01T20:33:37.104+0000] {logging_mixin.py:190} INFO - [2025-02-01T20:33:37.103+0000] {override.py:1911} INFO - Created Permission View: can create on DAG Run:consume_1_and_2_with_dataset_expressions
[2025-02-01T20:33:37.155+0000] {logging_mixin.py:190} INFO - [2025-02-01T20:33:37.155+0000] {override.py:1911} INFO - Created Permission View: can delete on DAG Run:consume_1_and_2_with_dataset_expressions
[2025-02-01T20:33:37.156+0000] {logging_mixin.py:190} INFO - [2025-02-01T20:33:37.156+0000] {dag.py:3239} INFO - Sync 10 DAGs
[2025-02-01T20:33:37.171+0000] {logging_mixin.py:190} INFO - [2025-02-01T20:33:37.171+0000] {dag.py:3262} INFO - Creating ORM DAG for dataset_produces_2
[2025-02-01T20:33:37.172+0000] {logging_mixin.py:190} INFO - [2025-02-01T20:33:37.172+0000] {dag.py:3262} INFO - Creating ORM DAG for dataset_produces_1
[2025-02-01T20:33:37.173+0000] {logging_mixin.py:190} INFO - [2025-02-01T20:33:37.173+0000] {dag.py:3262} INFO - Creating ORM DAG for dataset_consumes_1_and_2
[2025-02-01T20:33:37.174+0000] {logging_mixin.py:190} INFO - [2025-02-01T20:33:37.174+0000] {dag.py:3262} INFO - Creating ORM DAG for consume_1_and_2_with_dataset_expressions
[2025-02-01T20:33:37.175+0000] {logging_mixin.py:190} INFO - [2025-02-01T20:33:37.175+0000] {dag.py:3262} INFO - Creating ORM DAG for consume_1_or_both_2_and_3_with_dataset_expressions
[2025-02-01T20:33:37.175+0000] {logging_mixin.py:190} INFO - [2025-02-01T20:33:37.175+0000] {dag.py:3262} INFO - Creating ORM DAG for dataset_consumes_1_never_scheduled
[2025-02-01T20:33:37.176+0000] {logging_mixin.py:190} INFO - [2025-02-01T20:33:37.176+0000] {dag.py:3262} INFO - Creating ORM DAG for dataset_consumes_1
[2025-02-01T20:33:37.177+0000] {logging_mixin.py:190} INFO - [2025-02-01T20:33:37.177+0000] {dag.py:3262} INFO - Creating ORM DAG for conditional_dataset_and_time_based_timetable
[2025-02-01T20:33:37.178+0000] {logging_mixin.py:190} INFO - [2025-02-01T20:33:37.178+0000] {dag.py:3262} INFO - Creating ORM DAG for consume_1_or_2_with_dataset_expressions
[2025-02-01T20:33:37.179+0000] {logging_mixin.py:190} INFO - [2025-02-01T20:33:37.179+0000] {dag.py:3262} INFO - Creating ORM DAG for dataset_consumes_unknown_never_scheduled
[2025-02-01T20:33:37.189+0000] {logging_mixin.py:190} INFO - [2025-02-01T20:33:37.189+0000] {dag.py:4180} INFO - Setting next_dagrun for conditional_dataset_and_time_based_timetable to 2025-01-29 01:00:00+00:00, run_after=2025-01-29 01:00:00+00:00
[2025-02-01T20:33:37.190+0000] {logging_mixin.py:190} INFO - [2025-02-01T20:33:37.190+0000] {dag.py:4180} INFO - Setting next_dagrun for consume_1_and_2_with_dataset_expressions to None, run_after=None
[2025-02-01T20:33:37.191+0000] {logging_mixin.py:190} INFO - [2025-02-01T20:33:37.191+0000] {dag.py:4180} INFO - Setting next_dagrun for consume_1_or_2_with_dataset_expressions to None, run_after=None
[2025-02-01T20:33:37.192+0000] {logging_mixin.py:190} INFO - [2025-02-01T20:33:37.191+0000] {dag.py:4180} INFO - Setting next_dagrun for consume_1_or_both_2_and_3_with_dataset_expressions to None, run_after=None
[2025-02-01T20:33:37.192+0000] {logging_mixin.py:190} INFO - [2025-02-01T20:33:37.192+0000] {dag.py:4180} INFO - Setting next_dagrun for dataset_consumes_1 to None, run_after=None
[2025-02-01T20:33:37.193+0000] {logging_mixin.py:190} INFO - [2025-02-01T20:33:37.193+0000] {dag.py:4180} INFO - Setting next_dagrun for dataset_consumes_1_and_2 to None, run_after=None
[2025-02-01T20:33:37.194+0000] {logging_mixin.py:190} INFO - [2025-02-01T20:33:37.194+0000] {dag.py:4180} INFO - Setting next_dagrun for dataset_consumes_1_never_scheduled to None, run_after=None
[2025-02-01T20:33:37.195+0000] {logging_mixin.py:190} INFO - [2025-02-01T20:33:37.194+0000] {dag.py:4180} INFO - Setting next_dagrun for dataset_consumes_unknown_never_scheduled to None, run_after=None
[2025-02-01T20:33:37.197+0000] {logging_mixin.py:190} INFO - [2025-02-01T20:33:37.197+0000] {dag.py:4180} INFO - Setting next_dagrun for dataset_produces_1 to 2025-01-31 00:00:00+00:00, run_after=2025-02-01 00:00:00+00:00
[2025-02-01T20:33:37.198+0000] {logging_mixin.py:190} INFO - [2025-02-01T20:33:37.197+0000] {dag.py:4180} INFO - Setting next_dagrun for dataset_produces_2 to None, run_after=None
[2025-02-01T20:33:37.243+0000] {processor.py:208} INFO - Processing /home/airflow/.local/lib/python3.12/site-packages/airflow/example_dags/example_datasets.py took 1.422 seconds
[2025-02-01T20:34:08.179+0000] {processor.py:186} INFO - Started process (PID=574) to work on /home/airflow/.local/lib/python3.12/site-packages/airflow/example_dags/example_datasets.py
[2025-02-01T20:34:08.180+0000] {processor.py:914} INFO - Processing file /home/airflow/.local/lib/python3.12/site-packages/airflow/example_dags/example_datasets.py for tasks to queue
[2025-02-01T20:34:08.182+0000] {logging_mixin.py:190} INFO - [2025-02-01T20:34:08.182+0000] {dagbag.py:588} INFO - Filling up the DagBag from /home/airflow/.local/lib/python3.12/site-packages/airflow/example_dags/example_datasets.py
[2025-02-01T20:34:08.803+0000] {processor.py:925} INFO - DAG(s) 'conditional_dataset_and_time_based_timetable', 'dataset_produces_2', 'dataset_consumes_1', 'dataset_consumes_unknown_never_scheduled', 'dataset_consumes_1_never_scheduled', 'consume_1_or_2_with_dataset_expressions', 'consume_1_or_both_2_and_3_with_dataset_expressions', 'dataset_produces_1', 'consume_1_and_2_with_dataset_expressions', 'dataset_consumes_1_and_2' retrieved from /home/airflow/.local/lib/python3.12/site-packages/airflow/example_dags/example_datasets.py
[2025-02-01T20:34:08.853+0000] {logging_mixin.py:190} INFO - [2025-02-01T20:34:08.852+0000] {dag.py:3239} INFO - Sync 10 DAGs
[2025-02-01T20:34:08.875+0000] {logging_mixin.py:190} INFO - [2025-02-01T20:34:08.875+0000] {dag.py:4180} INFO - Setting next_dagrun for conditional_dataset_and_time_based_timetable to 2025-01-29 01:00:00+00:00, run_after=2025-01-29 01:00:00+00:00
[2025-02-01T20:34:08.879+0000] {logging_mixin.py:190} INFO - [2025-02-01T20:34:08.879+0000] {dag.py:4180} INFO - Setting next_dagrun for consume_1_and_2_with_dataset_expressions to None, run_after=None
[2025-02-01T20:34:08.880+0000] {logging_mixin.py:190} INFO - [2025-02-01T20:34:08.880+0000] {dag.py:4180} INFO - Setting next_dagrun for consume_1_or_2_with_dataset_expressions to None, run_after=None
[2025-02-01T20:34:08.882+0000] {logging_mixin.py:190} INFO - [2025-02-01T20:34:08.882+0000] {dag.py:4180} INFO - Setting next_dagrun for consume_1_or_both_2_and_3_with_dataset_expressions to None, run_after=None
[2025-02-01T20:34:08.883+0000] {logging_mixin.py:190} INFO - [2025-02-01T20:34:08.883+0000] {dag.py:4180} INFO - Setting next_dagrun for dataset_consumes_1 to None, run_after=None
[2025-02-01T20:34:08.884+0000] {logging_mixin.py:190} INFO - [2025-02-01T20:34:08.884+0000] {dag.py:4180} INFO - Setting next_dagrun for dataset_consumes_1_and_2 to None, run_after=None
[2025-02-01T20:34:08.885+0000] {logging_mixin.py:190} INFO - [2025-02-01T20:34:08.885+0000] {dag.py:4180} INFO - Setting next_dagrun for dataset_consumes_1_never_scheduled to None, run_after=None
[2025-02-01T20:34:08.887+0000] {logging_mixin.py:190} INFO - [2025-02-01T20:34:08.886+0000] {dag.py:4180} INFO - Setting next_dagrun for dataset_consumes_unknown_never_scheduled to None, run_after=None
[2025-02-01T20:34:08.889+0000] {logging_mixin.py:190} INFO - [2025-02-01T20:34:08.889+0000] {dag.py:4180} INFO - Setting next_dagrun for dataset_produces_1 to 2025-01-31 00:00:00+00:00, run_after=2025-02-01 00:00:00+00:00
[2025-02-01T20:34:08.892+0000] {logging_mixin.py:190} INFO - [2025-02-01T20:34:08.891+0000] {dag.py:4180} INFO - Setting next_dagrun for dataset_produces_2 to None, run_after=None
[2025-02-01T20:34:08.926+0000] {processor.py:208} INFO - Processing /home/airflow/.local/lib/python3.12/site-packages/airflow/example_dags/example_datasets.py took 0.751 seconds
[2025-02-01T20:34:39.155+0000] {processor.py:186} INFO - Started process (PID=865) to work on /home/airflow/.local/lib/python3.12/site-packages/airflow/example_dags/example_datasets.py
[2025-02-01T20:34:39.156+0000] {processor.py:914} INFO - Processing file /home/airflow/.local/lib/python3.12/site-packages/airflow/example_dags/example_datasets.py for tasks to queue
[2025-02-01T20:34:39.157+0000] {logging_mixin.py:190} INFO - [2025-02-01T20:34:39.157+0000] {dagbag.py:588} INFO - Filling up the DagBag from /home/airflow/.local/lib/python3.12/site-packages/airflow/example_dags/example_datasets.py
[2025-02-01T20:34:39.582+0000] {processor.py:925} INFO - DAG(s) 'consume_1_or_both_2_and_3_with_dataset_expressions', 'consume_1_and_2_with_dataset_expressions', 'consume_1_or_2_with_dataset_expressions', 'dataset_produces_2', 'conditional_dataset_and_time_based_timetable', 'dataset_consumes_1', 'dataset_consumes_unknown_never_scheduled', 'dataset_consumes_1_and_2', 'dataset_consumes_1_never_scheduled', 'dataset_produces_1' retrieved from /home/airflow/.local/lib/python3.12/site-packages/airflow/example_dags/example_datasets.py
[2025-02-01T20:34:39.617+0000] {logging_mixin.py:190} INFO - [2025-02-01T20:34:39.617+0000] {dag.py:3239} INFO - Sync 10 DAGs
[2025-02-01T20:34:39.638+0000] {logging_mixin.py:190} INFO - [2025-02-01T20:34:39.638+0000] {dag.py:4180} INFO - Setting next_dagrun for conditional_dataset_and_time_based_timetable to 2025-01-29 01:00:00+00:00, run_after=2025-01-29 01:00:00+00:00
[2025-02-01T20:34:39.641+0000] {logging_mixin.py:190} INFO - [2025-02-01T20:34:39.641+0000] {dag.py:4180} INFO - Setting next_dagrun for consume_1_and_2_with_dataset_expressions to None, run_after=None
[2025-02-01T20:34:39.642+0000] {logging_mixin.py:190} INFO - [2025-02-01T20:34:39.642+0000] {dag.py:4180} INFO - Setting next_dagrun for consume_1_or_2_with_dataset_expressions to None, run_after=None
[2025-02-01T20:34:39.644+0000] {logging_mixin.py:190} INFO - [2025-02-01T20:34:39.643+0000] {dag.py:4180} INFO - Setting next_dagrun for consume_1_or_both_2_and_3_with_dataset_expressions to None, run_after=None
[2025-02-01T20:34:39.645+0000] {logging_mixin.py:190} INFO - [2025-02-01T20:34:39.645+0000] {dag.py:4180} INFO - Setting next_dagrun for dataset_consumes_1 to None, run_after=None
[2025-02-01T20:34:39.646+0000] {logging_mixin.py:190} INFO - [2025-02-01T20:34:39.646+0000] {dag.py:4180} INFO - Setting next_dagrun for dataset_consumes_1_and_2 to None, run_after=None
[2025-02-01T20:34:39.647+0000] {logging_mixin.py:190} INFO - [2025-02-01T20:34:39.647+0000] {dag.py:4180} INFO - Setting next_dagrun for dataset_consumes_1_never_scheduled to None, run_after=None
[2025-02-01T20:34:39.648+0000] {logging_mixin.py:190} INFO - [2025-02-01T20:34:39.648+0000] {dag.py:4180} INFO - Setting next_dagrun for dataset_consumes_unknown_never_scheduled to None, run_after=None
[2025-02-01T20:34:39.650+0000] {logging_mixin.py:190} INFO - [2025-02-01T20:34:39.650+0000] {dag.py:4180} INFO - Setting next_dagrun for dataset_produces_1 to 2025-01-31 00:00:00+00:00, run_after=2025-02-01 00:00:00+00:00
[2025-02-01T20:34:39.651+0000] {logging_mixin.py:190} INFO - [2025-02-01T20:34:39.651+0000] {dag.py:4180} INFO - Setting next_dagrun for dataset_produces_2 to None, run_after=None
[2025-02-01T20:34:39.722+0000] {processor.py:208} INFO - Processing /home/airflow/.local/lib/python3.12/site-packages/airflow/example_dags/example_datasets.py took 0.570 seconds
[2025-02-01T20:35:09.911+0000] {processor.py:186} INFO - Started process (PID=1156) to work on /home/airflow/.local/lib/python3.12/site-packages/airflow/example_dags/example_datasets.py
[2025-02-01T20:35:09.912+0000] {processor.py:914} INFO - Processing file /home/airflow/.local/lib/python3.12/site-packages/airflow/example_dags/example_datasets.py for tasks to queue
[2025-02-01T20:35:09.914+0000] {logging_mixin.py:190} INFO - [2025-02-01T20:35:09.914+0000] {dagbag.py:588} INFO - Filling up the DagBag from /home/airflow/.local/lib/python3.12/site-packages/airflow/example_dags/example_datasets.py
[2025-02-01T20:35:10.376+0000] {processor.py:925} INFO - DAG(s) 'conditional_dataset_and_time_based_timetable', 'dataset_consumes_1_never_scheduled', 'consume_1_or_both_2_and_3_with_dataset_expressions', 'consume_1_or_2_with_dataset_expressions', 'dataset_produces_1', 'consume_1_and_2_with_dataset_expressions', 'dataset_consumes_unknown_never_scheduled', 'dataset_consumes_1_and_2', 'dataset_consumes_1', 'dataset_produces_2' retrieved from /home/airflow/.local/lib/python3.12/site-packages/airflow/example_dags/example_datasets.py
[2025-02-01T20:35:10.412+0000] {logging_mixin.py:190} INFO - [2025-02-01T20:35:10.411+0000] {dag.py:3239} INFO - Sync 10 DAGs
[2025-02-01T20:35:10.434+0000] {logging_mixin.py:190} INFO - [2025-02-01T20:35:10.434+0000] {dag.py:4180} INFO - Setting next_dagrun for conditional_dataset_and_time_based_timetable to 2025-01-29 01:00:00+00:00, run_after=2025-01-29 01:00:00+00:00
[2025-02-01T20:35:10.437+0000] {logging_mixin.py:190} INFO - [2025-02-01T20:35:10.437+0000] {dag.py:4180} INFO - Setting next_dagrun for consume_1_and_2_with_dataset_expressions to None, run_after=None
[2025-02-01T20:35:10.438+0000] {logging_mixin.py:190} INFO - [2025-02-01T20:35:10.438+0000] {dag.py:4180} INFO - Setting next_dagrun for consume_1_or_2_with_dataset_expressions to None, run_after=None
[2025-02-01T20:35:10.439+0000] {logging_mixin.py:190} INFO - [2025-02-01T20:35:10.439+0000] {dag.py:4180} INFO - Setting next_dagrun for consume_1_or_both_2_and_3_with_dataset_expressions to None, run_after=None
[2025-02-01T20:35:10.441+0000] {logging_mixin.py:190} INFO - [2025-02-01T20:35:10.440+0000] {dag.py:4180} INFO - Setting next_dagrun for dataset_consumes_1 to None, run_after=None
[2025-02-01T20:35:10.442+0000] {logging_mixin.py:190} INFO - [2025-02-01T20:35:10.442+0000] {dag.py:4180} INFO - Setting next_dagrun for dataset_consumes_1_and_2 to None, run_after=None
[2025-02-01T20:35:10.443+0000] {logging_mixin.py:190} INFO - [2025-02-01T20:35:10.443+0000] {dag.py:4180} INFO - Setting next_dagrun for dataset_consumes_1_never_scheduled to None, run_after=None
[2025-02-01T20:35:10.444+0000] {logging_mixin.py:190} INFO - [2025-02-01T20:35:10.444+0000] {dag.py:4180} INFO - Setting next_dagrun for dataset_consumes_unknown_never_scheduled to None, run_after=None
[2025-02-01T20:35:10.447+0000] {logging_mixin.py:190} INFO - [2025-02-01T20:35:10.447+0000] {dag.py:4180} INFO - Setting next_dagrun for dataset_produces_1 to 2025-01-31 00:00:00+00:00, run_after=2025-02-01 00:00:00+00:00
[2025-02-01T20:35:10.449+0000] {logging_mixin.py:190} INFO - [2025-02-01T20:35:10.449+0000] {dag.py:4180} INFO - Setting next_dagrun for dataset_produces_2 to None, run_after=None
[2025-02-01T20:35:10.476+0000] {processor.py:208} INFO - Processing /home/airflow/.local/lib/python3.12/site-packages/airflow/example_dags/example_datasets.py took 0.569 seconds
[2025-02-01T20:38:47.847+0000] {processor.py:186} INFO - Started process (PID=261) to work on /home/airflow/.local/lib/python3.12/site-packages/airflow/example_dags/example_datasets.py
[2025-02-01T20:38:47.848+0000] {processor.py:914} INFO - Processing file /home/airflow/.local/lib/python3.12/site-packages/airflow/example_dags/example_datasets.py for tasks to queue
[2025-02-01T20:38:47.849+0000] {logging_mixin.py:190} INFO - [2025-02-01T20:38:47.849+0000] {dagbag.py:588} INFO - Filling up the DagBag from /home/airflow/.local/lib/python3.12/site-packages/airflow/example_dags/example_datasets.py
[2025-02-01T20:38:48.332+0000] {processor.py:925} INFO - DAG(s) 'conditional_dataset_and_time_based_timetable', 'consume_1_or_both_2_and_3_with_dataset_expressions', 'dataset_produces_2', 'consume_1_or_2_with_dataset_expressions', 'dataset_consumes_1_never_scheduled', 'dataset_consumes_1', 'dataset_consumes_unknown_never_scheduled', 'dataset_consumes_1_and_2', 'consume_1_and_2_with_dataset_expressions', 'dataset_produces_1' retrieved from /home/airflow/.local/lib/python3.12/site-packages/airflow/example_dags/example_datasets.py
[2025-02-01T20:38:48.374+0000] {logging_mixin.py:190} INFO - [2025-02-01T20:38:48.373+0000] {dag.py:3239} INFO - Sync 10 DAGs
[2025-02-01T20:38:48.399+0000] {logging_mixin.py:190} INFO - [2025-02-01T20:38:48.399+0000] {dag.py:4180} INFO - Setting next_dagrun for conditional_dataset_and_time_based_timetable to 2025-01-29 01:00:00+00:00, run_after=2025-01-29 01:00:00+00:00
[2025-02-01T20:38:48.403+0000] {logging_mixin.py:190} INFO - [2025-02-01T20:38:48.403+0000] {dag.py:4180} INFO - Setting next_dagrun for consume_1_and_2_with_dataset_expressions to None, run_after=None
[2025-02-01T20:38:48.405+0000] {logging_mixin.py:190} INFO - [2025-02-01T20:38:48.404+0000] {dag.py:4180} INFO - Setting next_dagrun for consume_1_or_2_with_dataset_expressions to None, run_after=None
[2025-02-01T20:38:48.406+0000] {logging_mixin.py:190} INFO - [2025-02-01T20:38:48.406+0000] {dag.py:4180} INFO - Setting next_dagrun for consume_1_or_both_2_and_3_with_dataset_expressions to None, run_after=None
[2025-02-01T20:38:48.407+0000] {logging_mixin.py:190} INFO - [2025-02-01T20:38:48.407+0000] {dag.py:4180} INFO - Setting next_dagrun for dataset_consumes_1 to None, run_after=None
[2025-02-01T20:38:48.408+0000] {logging_mixin.py:190} INFO - [2025-02-01T20:38:48.408+0000] {dag.py:4180} INFO - Setting next_dagrun for dataset_consumes_1_and_2 to None, run_after=None
[2025-02-01T20:38:48.410+0000] {logging_mixin.py:190} INFO - [2025-02-01T20:38:48.410+0000] {dag.py:4180} INFO - Setting next_dagrun for dataset_consumes_1_never_scheduled to None, run_after=None
[2025-02-01T20:38:48.412+0000] {logging_mixin.py:190} INFO - [2025-02-01T20:38:48.412+0000] {dag.py:4180} INFO - Setting next_dagrun for dataset_consumes_unknown_never_scheduled to None, run_after=None
[2025-02-01T20:38:48.414+0000] {logging_mixin.py:190} INFO - [2025-02-01T20:38:48.414+0000] {dag.py:4180} INFO - Setting next_dagrun for dataset_produces_1 to 2025-01-31 00:00:00+00:00, run_after=2025-02-01 00:00:00+00:00
[2025-02-01T20:38:48.416+0000] {logging_mixin.py:190} INFO - [2025-02-01T20:38:48.416+0000] {dag.py:4180} INFO - Setting next_dagrun for dataset_produces_2 to None, run_after=None
[2025-02-01T20:38:48.445+0000] {processor.py:208} INFO - Processing /home/airflow/.local/lib/python3.12/site-packages/airflow/example_dags/example_datasets.py took 0.602 seconds
[2025-02-01T20:39:18.733+0000] {processor.py:186} INFO - Started process (PID=574) to work on /home/airflow/.local/lib/python3.12/site-packages/airflow/example_dags/example_datasets.py
[2025-02-01T20:39:18.734+0000] {processor.py:914} INFO - Processing file /home/airflow/.local/lib/python3.12/site-packages/airflow/example_dags/example_datasets.py for tasks to queue
[2025-02-01T20:39:18.735+0000] {logging_mixin.py:190} INFO - [2025-02-01T20:39:18.735+0000] {dagbag.py:588} INFO - Filling up the DagBag from /home/airflow/.local/lib/python3.12/site-packages/airflow/example_dags/example_datasets.py
[2025-02-01T20:39:19.210+0000] {processor.py:925} INFO - DAG(s) 'dataset_consumes_1', 'dataset_produces_2', 'dataset_consumes_1_never_scheduled', 'conditional_dataset_and_time_based_timetable', 'dataset_consumes_1_and_2', 'consume_1_and_2_with_dataset_expressions', 'dataset_produces_1', 'dataset_consumes_unknown_never_scheduled', 'consume_1_or_2_with_dataset_expressions', 'consume_1_or_both_2_and_3_with_dataset_expressions' retrieved from /home/airflow/.local/lib/python3.12/site-packages/airflow/example_dags/example_datasets.py
[2025-02-01T20:39:19.246+0000] {logging_mixin.py:190} INFO - [2025-02-01T20:39:19.246+0000] {dag.py:3239} INFO - Sync 10 DAGs
[2025-02-01T20:39:19.269+0000] {logging_mixin.py:190} INFO - [2025-02-01T20:39:19.269+0000] {dag.py:4180} INFO - Setting next_dagrun for conditional_dataset_and_time_based_timetable to 2025-01-29 01:00:00+00:00, run_after=2025-01-29 01:00:00+00:00
[2025-02-01T20:39:19.272+0000] {logging_mixin.py:190} INFO - [2025-02-01T20:39:19.272+0000] {dag.py:4180} INFO - Setting next_dagrun for consume_1_and_2_with_dataset_expressions to None, run_after=None
[2025-02-01T20:39:19.274+0000] {logging_mixin.py:190} INFO - [2025-02-01T20:39:19.274+0000] {dag.py:4180} INFO - Setting next_dagrun for consume_1_or_2_with_dataset_expressions to None, run_after=None
[2025-02-01T20:39:19.275+0000] {logging_mixin.py:190} INFO - [2025-02-01T20:39:19.275+0000] {dag.py:4180} INFO - Setting next_dagrun for consume_1_or_both_2_and_3_with_dataset_expressions to None, run_after=None
[2025-02-01T20:39:19.276+0000] {logging_mixin.py:190} INFO - [2025-02-01T20:39:19.276+0000] {dag.py:4180} INFO - Setting next_dagrun for dataset_consumes_1 to None, run_after=None
[2025-02-01T20:39:19.277+0000] {logging_mixin.py:190} INFO - [2025-02-01T20:39:19.277+0000] {dag.py:4180} INFO - Setting next_dagrun for dataset_consumes_1_and_2 to None, run_after=None
[2025-02-01T20:39:19.278+0000] {logging_mixin.py:190} INFO - [2025-02-01T20:39:19.278+0000] {dag.py:4180} INFO - Setting next_dagrun for dataset_consumes_1_never_scheduled to None, run_after=None
[2025-02-01T20:39:19.279+0000] {logging_mixin.py:190} INFO - [2025-02-01T20:39:19.279+0000] {dag.py:4180} INFO - Setting next_dagrun for dataset_consumes_unknown_never_scheduled to None, run_after=None
[2025-02-01T20:39:19.281+0000] {logging_mixin.py:190} INFO - [2025-02-01T20:39:19.281+0000] {dag.py:4180} INFO - Setting next_dagrun for dataset_produces_1 to 2025-01-31 00:00:00+00:00, run_after=2025-02-01 00:00:00+00:00
[2025-02-01T20:39:19.283+0000] {logging_mixin.py:190} INFO - [2025-02-01T20:39:19.283+0000] {dag.py:4180} INFO - Setting next_dagrun for dataset_produces_2 to None, run_after=None
[2025-02-01T20:39:19.316+0000] {processor.py:208} INFO - Processing /home/airflow/.local/lib/python3.12/site-packages/airflow/example_dags/example_datasets.py took 0.587 seconds
[2025-02-01T20:39:50.398+0000] {processor.py:186} INFO - Started process (PID=865) to work on /home/airflow/.local/lib/python3.12/site-packages/airflow/example_dags/example_datasets.py
[2025-02-01T20:39:50.399+0000] {processor.py:914} INFO - Processing file /home/airflow/.local/lib/python3.12/site-packages/airflow/example_dags/example_datasets.py for tasks to queue
[2025-02-01T20:39:50.401+0000] {logging_mixin.py:190} INFO - [2025-02-01T20:39:50.401+0000] {dagbag.py:588} INFO - Filling up the DagBag from /home/airflow/.local/lib/python3.12/site-packages/airflow/example_dags/example_datasets.py
[2025-02-01T20:39:50.870+0000] {processor.py:925} INFO - DAG(s) 'dataset_produces_1', 'consume_1_or_both_2_and_3_with_dataset_expressions', 'consume_1_and_2_with_dataset_expressions', 'dataset_consumes_1_never_scheduled', 'dataset_consumes_1', 'dataset_consumes_1_and_2', 'dataset_produces_2', 'consume_1_or_2_with_dataset_expressions', 'conditional_dataset_and_time_based_timetable', 'dataset_consumes_unknown_never_scheduled' retrieved from /home/airflow/.local/lib/python3.12/site-packages/airflow/example_dags/example_datasets.py
[2025-02-01T20:39:50.906+0000] {logging_mixin.py:190} INFO - [2025-02-01T20:39:50.906+0000] {dag.py:3239} INFO - Sync 10 DAGs
[2025-02-01T20:39:50.929+0000] {logging_mixin.py:190} INFO - [2025-02-01T20:39:50.929+0000] {dag.py:4180} INFO - Setting next_dagrun for conditional_dataset_and_time_based_timetable to 2025-01-29 01:00:00+00:00, run_after=2025-01-29 01:00:00+00:00
[2025-02-01T20:39:50.933+0000] {logging_mixin.py:190} INFO - [2025-02-01T20:39:50.933+0000] {dag.py:4180} INFO - Setting next_dagrun for consume_1_and_2_with_dataset_expressions to None, run_after=None
[2025-02-01T20:39:50.935+0000] {logging_mixin.py:190} INFO - [2025-02-01T20:39:50.935+0000] {dag.py:4180} INFO - Setting next_dagrun for consume_1_or_2_with_dataset_expressions to None, run_after=None
[2025-02-01T20:39:50.936+0000] {logging_mixin.py:190} INFO - [2025-02-01T20:39:50.936+0000] {dag.py:4180} INFO - Setting next_dagrun for consume_1_or_both_2_and_3_with_dataset_expressions to None, run_after=None
[2025-02-01T20:39:50.937+0000] {logging_mixin.py:190} INFO - [2025-02-01T20:39:50.937+0000] {dag.py:4180} INFO - Setting next_dagrun for dataset_consumes_1 to None, run_after=None
[2025-02-01T20:39:50.938+0000] {logging_mixin.py:190} INFO - [2025-02-01T20:39:50.938+0000] {dag.py:4180} INFO - Setting next_dagrun for dataset_consumes_1_and_2 to None, run_after=None
[2025-02-01T20:39:50.939+0000] {logging_mixin.py:190} INFO - [2025-02-01T20:39:50.939+0000] {dag.py:4180} INFO - Setting next_dagrun for dataset_consumes_1_never_scheduled to None, run_after=None
[2025-02-01T20:39:50.940+0000] {logging_mixin.py:190} INFO - [2025-02-01T20:39:50.940+0000] {dag.py:4180} INFO - Setting next_dagrun for dataset_consumes_unknown_never_scheduled to None, run_after=None
[2025-02-01T20:39:50.943+0000] {logging_mixin.py:190} INFO - [2025-02-01T20:39:50.943+0000] {dag.py:4180} INFO - Setting next_dagrun for dataset_produces_1 to 2025-01-31 00:00:00+00:00, run_after=2025-02-01 00:00:00+00:00
[2025-02-01T20:39:50.944+0000] {logging_mixin.py:190} INFO - [2025-02-01T20:39:50.944+0000] {dag.py:4180} INFO - Setting next_dagrun for dataset_produces_2 to None, run_after=None
[2025-02-01T20:39:50.974+0000] {processor.py:208} INFO - Processing /home/airflow/.local/lib/python3.12/site-packages/airflow/example_dags/example_datasets.py took 0.582 seconds
[2025-02-01T20:40:21.346+0000] {processor.py:186} INFO - Started process (PID=1174) to work on /home/airflow/.local/lib/python3.12/site-packages/airflow/example_dags/example_datasets.py
[2025-02-01T20:40:21.346+0000] {processor.py:914} INFO - Processing file /home/airflow/.local/lib/python3.12/site-packages/airflow/example_dags/example_datasets.py for tasks to queue
[2025-02-01T20:40:21.348+0000] {logging_mixin.py:190} INFO - [2025-02-01T20:40:21.348+0000] {dagbag.py:588} INFO - Filling up the DagBag from /home/airflow/.local/lib/python3.12/site-packages/airflow/example_dags/example_datasets.py
[2025-02-01T20:40:21.850+0000] {processor.py:925} INFO - DAG(s) 'dataset_consumes_1_and_2', 'conditional_dataset_and_time_based_timetable', 'dataset_consumes_1_never_scheduled', 'dataset_produces_1', 'consume_1_or_2_with_dataset_expressions', 'dataset_consumes_unknown_never_scheduled', 'consume_1_and_2_with_dataset_expressions', 'consume_1_or_both_2_and_3_with_dataset_expressions', 'dataset_consumes_1', 'dataset_produces_2' retrieved from /home/airflow/.local/lib/python3.12/site-packages/airflow/example_dags/example_datasets.py
[2025-02-01T20:40:21.885+0000] {logging_mixin.py:190} INFO - [2025-02-01T20:40:21.885+0000] {dag.py:3239} INFO - Sync 10 DAGs
[2025-02-01T20:40:21.906+0000] {logging_mixin.py:190} INFO - [2025-02-01T20:40:21.906+0000] {dag.py:4180} INFO - Setting next_dagrun for conditional_dataset_and_time_based_timetable to 2025-01-29 01:00:00+00:00, run_after=2025-01-29 01:00:00+00:00
[2025-02-01T20:40:21.909+0000] {logging_mixin.py:190} INFO - [2025-02-01T20:40:21.909+0000] {dag.py:4180} INFO - Setting next_dagrun for consume_1_and_2_with_dataset_expressions to None, run_after=None
[2025-02-01T20:40:21.910+0000] {logging_mixin.py:190} INFO - [2025-02-01T20:40:21.910+0000] {dag.py:4180} INFO - Setting next_dagrun for consume_1_or_2_with_dataset_expressions to None, run_after=None
[2025-02-01T20:40:21.912+0000] {logging_mixin.py:190} INFO - [2025-02-01T20:40:21.911+0000] {dag.py:4180} INFO - Setting next_dagrun for consume_1_or_both_2_and_3_with_dataset_expressions to None, run_after=None
[2025-02-01T20:40:21.913+0000] {logging_mixin.py:190} INFO - [2025-02-01T20:40:21.912+0000] {dag.py:4180} INFO - Setting next_dagrun for dataset_consumes_1 to None, run_after=None
[2025-02-01T20:40:21.914+0000] {logging_mixin.py:190} INFO - [2025-02-01T20:40:21.913+0000] {dag.py:4180} INFO - Setting next_dagrun for dataset_consumes_1_and_2 to None, run_after=None
[2025-02-01T20:40:21.915+0000] {logging_mixin.py:190} INFO - [2025-02-01T20:40:21.914+0000] {dag.py:4180} INFO - Setting next_dagrun for dataset_consumes_1_never_scheduled to None, run_after=None
[2025-02-01T20:40:21.916+0000] {logging_mixin.py:190} INFO - [2025-02-01T20:40:21.915+0000] {dag.py:4180} INFO - Setting next_dagrun for dataset_consumes_unknown_never_scheduled to None, run_after=None
[2025-02-01T20:40:21.918+0000] {logging_mixin.py:190} INFO - [2025-02-01T20:40:21.918+0000] {dag.py:4180} INFO - Setting next_dagrun for dataset_produces_1 to 2025-01-31 00:00:00+00:00, run_after=2025-02-01 00:00:00+00:00
[2025-02-01T20:40:21.919+0000] {logging_mixin.py:190} INFO - [2025-02-01T20:40:21.919+0000] {dag.py:4180} INFO - Setting next_dagrun for dataset_produces_2 to None, run_after=None
[2025-02-01T20:40:21.955+0000] {processor.py:208} INFO - Processing /home/airflow/.local/lib/python3.12/site-packages/airflow/example_dags/example_datasets.py took 0.613 seconds
[2025-02-01T20:40:52.671+0000] {processor.py:186} INFO - Started process (PID=1447) to work on /home/airflow/.local/lib/python3.12/site-packages/airflow/example_dags/example_datasets.py
[2025-02-01T20:40:52.671+0000] {processor.py:914} INFO - Processing file /home/airflow/.local/lib/python3.12/site-packages/airflow/example_dags/example_datasets.py for tasks to queue
[2025-02-01T20:40:52.673+0000] {logging_mixin.py:190} INFO - [2025-02-01T20:40:52.673+0000] {dagbag.py:588} INFO - Filling up the DagBag from /home/airflow/.local/lib/python3.12/site-packages/airflow/example_dags/example_datasets.py
[2025-02-01T20:40:53.142+0000] {processor.py:925} INFO - DAG(s) 'dataset_produces_2', 'dataset_consumes_1', 'consume_1_and_2_with_dataset_expressions', 'consume_1_or_2_with_dataset_expressions', 'dataset_produces_1', 'consume_1_or_both_2_and_3_with_dataset_expressions', 'dataset_consumes_1_and_2', 'conditional_dataset_and_time_based_timetable', 'dataset_consumes_1_never_scheduled', 'dataset_consumes_unknown_never_scheduled' retrieved from /home/airflow/.local/lib/python3.12/site-packages/airflow/example_dags/example_datasets.py
[2025-02-01T20:40:53.177+0000] {logging_mixin.py:190} INFO - [2025-02-01T20:40:53.177+0000] {dag.py:3239} INFO - Sync 10 DAGs
[2025-02-01T20:40:53.198+0000] {logging_mixin.py:190} INFO - [2025-02-01T20:40:53.198+0000] {dag.py:4180} INFO - Setting next_dagrun for conditional_dataset_and_time_based_timetable to 2025-01-29 01:00:00+00:00, run_after=2025-01-29 01:00:00+00:00
[2025-02-01T20:40:53.202+0000] {logging_mixin.py:190} INFO - [2025-02-01T20:40:53.201+0000] {dag.py:4180} INFO - Setting next_dagrun for consume_1_and_2_with_dataset_expressions to None, run_after=None
[2025-02-01T20:40:53.203+0000] {logging_mixin.py:190} INFO - [2025-02-01T20:40:53.203+0000] {dag.py:4180} INFO - Setting next_dagrun for consume_1_or_2_with_dataset_expressions to None, run_after=None
[2025-02-01T20:40:53.204+0000] {logging_mixin.py:190} INFO - [2025-02-01T20:40:53.204+0000] {dag.py:4180} INFO - Setting next_dagrun for consume_1_or_both_2_and_3_with_dataset_expressions to None, run_after=None
[2025-02-01T20:40:53.206+0000] {logging_mixin.py:190} INFO - [2025-02-01T20:40:53.206+0000] {dag.py:4180} INFO - Setting next_dagrun for dataset_consumes_1 to None, run_after=None
[2025-02-01T20:40:53.207+0000] {logging_mixin.py:190} INFO - [2025-02-01T20:40:53.207+0000] {dag.py:4180} INFO - Setting next_dagrun for dataset_consumes_1_and_2 to None, run_after=None
[2025-02-01T20:40:53.208+0000] {logging_mixin.py:190} INFO - [2025-02-01T20:40:53.208+0000] {dag.py:4180} INFO - Setting next_dagrun for dataset_consumes_1_never_scheduled to None, run_after=None
[2025-02-01T20:40:53.209+0000] {logging_mixin.py:190} INFO - [2025-02-01T20:40:53.209+0000] {dag.py:4180} INFO - Setting next_dagrun for dataset_consumes_unknown_never_scheduled to None, run_after=None
[2025-02-01T20:40:53.211+0000] {logging_mixin.py:190} INFO - [2025-02-01T20:40:53.211+0000] {dag.py:4180} INFO - Setting next_dagrun for dataset_produces_1 to 2025-01-31 00:00:00+00:00, run_after=2025-02-01 00:00:00+00:00
[2025-02-01T20:40:53.212+0000] {logging_mixin.py:190} INFO - [2025-02-01T20:40:53.212+0000] {dag.py:4180} INFO - Setting next_dagrun for dataset_produces_2 to None, run_after=None
[2025-02-01T20:40:53.238+0000] {processor.py:208} INFO - Processing /home/airflow/.local/lib/python3.12/site-packages/airflow/example_dags/example_datasets.py took 0.571 seconds
[2025-02-01T20:41:23.300+0000] {processor.py:186} INFO - Started process (PID=1763) to work on /home/airflow/.local/lib/python3.12/site-packages/airflow/example_dags/example_datasets.py
[2025-02-01T20:41:23.301+0000] {processor.py:914} INFO - Processing file /home/airflow/.local/lib/python3.12/site-packages/airflow/example_dags/example_datasets.py for tasks to queue
[2025-02-01T20:41:23.303+0000] {logging_mixin.py:190} INFO - [2025-02-01T20:41:23.302+0000] {dagbag.py:588} INFO - Filling up the DagBag from /home/airflow/.local/lib/python3.12/site-packages/airflow/example_dags/example_datasets.py
[2025-02-01T20:41:23.776+0000] {processor.py:925} INFO - DAG(s) 'dataset_consumes_1_and_2', 'consume_1_or_both_2_and_3_with_dataset_expressions', 'dataset_produces_1', 'consume_1_and_2_with_dataset_expressions', 'conditional_dataset_and_time_based_timetable', 'dataset_produces_2', 'dataset_consumes_1_never_scheduled', 'consume_1_or_2_with_dataset_expressions', 'dataset_consumes_1', 'dataset_consumes_unknown_never_scheduled' retrieved from /home/airflow/.local/lib/python3.12/site-packages/airflow/example_dags/example_datasets.py
[2025-02-01T20:41:23.813+0000] {logging_mixin.py:190} INFO - [2025-02-01T20:41:23.812+0000] {dag.py:3239} INFO - Sync 10 DAGs
[2025-02-01T20:41:23.834+0000] {logging_mixin.py:190} INFO - [2025-02-01T20:41:23.833+0000] {dag.py:4180} INFO - Setting next_dagrun for conditional_dataset_and_time_based_timetable to 2025-01-29 01:00:00+00:00, run_after=2025-01-29 01:00:00+00:00
[2025-02-01T20:41:23.836+0000] {logging_mixin.py:190} INFO - [2025-02-01T20:41:23.836+0000] {dag.py:4180} INFO - Setting next_dagrun for consume_1_and_2_with_dataset_expressions to None, run_after=None
[2025-02-01T20:41:23.838+0000] {logging_mixin.py:190} INFO - [2025-02-01T20:41:23.838+0000] {dag.py:4180} INFO - Setting next_dagrun for consume_1_or_2_with_dataset_expressions to None, run_after=None
[2025-02-01T20:41:23.839+0000] {logging_mixin.py:190} INFO - [2025-02-01T20:41:23.839+0000] {dag.py:4180} INFO - Setting next_dagrun for consume_1_or_both_2_and_3_with_dataset_expressions to None, run_after=None
[2025-02-01T20:41:23.840+0000] {logging_mixin.py:190} INFO - [2025-02-01T20:41:23.840+0000] {dag.py:4180} INFO - Setting next_dagrun for dataset_consumes_1 to None, run_after=None
[2025-02-01T20:41:23.841+0000] {logging_mixin.py:190} INFO - [2025-02-01T20:41:23.841+0000] {dag.py:4180} INFO - Setting next_dagrun for dataset_consumes_1_and_2 to None, run_after=None
[2025-02-01T20:41:23.842+0000] {logging_mixin.py:190} INFO - [2025-02-01T20:41:23.842+0000] {dag.py:4180} INFO - Setting next_dagrun for dataset_consumes_1_never_scheduled to None, run_after=None
[2025-02-01T20:41:23.843+0000] {logging_mixin.py:190} INFO - [2025-02-01T20:41:23.843+0000] {dag.py:4180} INFO - Setting next_dagrun for dataset_consumes_unknown_never_scheduled to None, run_after=None
[2025-02-01T20:41:23.846+0000] {logging_mixin.py:190} INFO - [2025-02-01T20:41:23.845+0000] {dag.py:4180} INFO - Setting next_dagrun for dataset_produces_1 to 2025-01-31 00:00:00+00:00, run_after=2025-02-01 00:00:00+00:00
[2025-02-01T20:41:23.847+0000] {logging_mixin.py:190} INFO - [2025-02-01T20:41:23.847+0000] {dag.py:4180} INFO - Setting next_dagrun for dataset_produces_2 to None, run_after=None
[2025-02-01T20:41:23.873+0000] {processor.py:208} INFO - Processing /home/airflow/.local/lib/python3.12/site-packages/airflow/example_dags/example_datasets.py took 0.579 seconds
[2025-02-01T20:41:54.499+0000] {processor.py:186} INFO - Started process (PID=2077) to work on /home/airflow/.local/lib/python3.12/site-packages/airflow/example_dags/example_datasets.py
[2025-02-01T20:41:54.499+0000] {processor.py:914} INFO - Processing file /home/airflow/.local/lib/python3.12/site-packages/airflow/example_dags/example_datasets.py for tasks to queue
[2025-02-01T20:41:54.501+0000] {logging_mixin.py:190} INFO - [2025-02-01T20:41:54.501+0000] {dagbag.py:588} INFO - Filling up the DagBag from /home/airflow/.local/lib/python3.12/site-packages/airflow/example_dags/example_datasets.py
[2025-02-01T20:41:54.928+0000] {processor.py:925} INFO - DAG(s) 'consume_1_or_2_with_dataset_expressions', 'conditional_dataset_and_time_based_timetable', 'dataset_produces_2', 'dataset_consumes_1_and_2', 'consume_1_or_both_2_and_3_with_dataset_expressions', 'dataset_consumes_1_never_scheduled', 'dataset_consumes_unknown_never_scheduled', 'consume_1_and_2_with_dataset_expressions', 'dataset_consumes_1', 'dataset_produces_1' retrieved from /home/airflow/.local/lib/python3.12/site-packages/airflow/example_dags/example_datasets.py
[2025-02-01T20:41:54.963+0000] {logging_mixin.py:190} INFO - [2025-02-01T20:41:54.963+0000] {dag.py:3239} INFO - Sync 10 DAGs
[2025-02-01T20:41:54.989+0000] {logging_mixin.py:190} INFO - [2025-02-01T20:41:54.988+0000] {dag.py:4180} INFO - Setting next_dagrun for conditional_dataset_and_time_based_timetable to 2025-01-29 01:00:00+00:00, run_after=2025-01-29 01:00:00+00:00
[2025-02-01T20:41:54.992+0000] {logging_mixin.py:190} INFO - [2025-02-01T20:41:54.992+0000] {dag.py:4180} INFO - Setting next_dagrun for consume_1_and_2_with_dataset_expressions to None, run_after=None
[2025-02-01T20:41:54.994+0000] {logging_mixin.py:190} INFO - [2025-02-01T20:41:54.994+0000] {dag.py:4180} INFO - Setting next_dagrun for consume_1_or_2_with_dataset_expressions to None, run_after=None
[2025-02-01T20:41:54.995+0000] {logging_mixin.py:190} INFO - [2025-02-01T20:41:54.995+0000] {dag.py:4180} INFO - Setting next_dagrun for consume_1_or_both_2_and_3_with_dataset_expressions to None, run_after=None
[2025-02-01T20:41:54.996+0000] {logging_mixin.py:190} INFO - [2025-02-01T20:41:54.996+0000] {dag.py:4180} INFO - Setting next_dagrun for dataset_consumes_1 to None, run_after=None
[2025-02-01T20:41:54.997+0000] {logging_mixin.py:190} INFO - [2025-02-01T20:41:54.997+0000] {dag.py:4180} INFO - Setting next_dagrun for dataset_consumes_1_and_2 to None, run_after=None
[2025-02-01T20:41:54.999+0000] {logging_mixin.py:190} INFO - [2025-02-01T20:41:54.999+0000] {dag.py:4180} INFO - Setting next_dagrun for dataset_consumes_1_never_scheduled to None, run_after=None
[2025-02-01T20:41:55.001+0000] {logging_mixin.py:190} INFO - [2025-02-01T20:41:55.000+0000] {dag.py:4180} INFO - Setting next_dagrun for dataset_consumes_unknown_never_scheduled to None, run_after=None
[2025-02-01T20:41:55.004+0000] {logging_mixin.py:190} INFO - [2025-02-01T20:41:55.003+0000] {dag.py:4180} INFO - Setting next_dagrun for dataset_produces_1 to 2025-01-31 00:00:00+00:00, run_after=2025-02-01 00:00:00+00:00
[2025-02-01T20:41:55.005+0000] {logging_mixin.py:190} INFO - [2025-02-01T20:41:55.005+0000] {dag.py:4180} INFO - Setting next_dagrun for dataset_produces_2 to None, run_after=None
[2025-02-01T20:41:55.041+0000] {processor.py:208} INFO - Processing /home/airflow/.local/lib/python3.12/site-packages/airflow/example_dags/example_datasets.py took 0.547 seconds
[2025-02-01T20:42:25.850+0000] {processor.py:186} INFO - Started process (PID=2383) to work on /home/airflow/.local/lib/python3.12/site-packages/airflow/example_dags/example_datasets.py
[2025-02-01T20:42:25.851+0000] {processor.py:914} INFO - Processing file /home/airflow/.local/lib/python3.12/site-packages/airflow/example_dags/example_datasets.py for tasks to queue
[2025-02-01T20:42:25.852+0000] {logging_mixin.py:190} INFO - [2025-02-01T20:42:25.852+0000] {dagbag.py:588} INFO - Filling up the DagBag from /home/airflow/.local/lib/python3.12/site-packages/airflow/example_dags/example_datasets.py
[2025-02-01T20:42:26.302+0000] {processor.py:925} INFO - DAG(s) 'dataset_consumes_unknown_never_scheduled', 'consume_1_and_2_with_dataset_expressions', 'dataset_consumes_1_and_2', 'dataset_consumes_1', 'dataset_consumes_1_never_scheduled', 'consume_1_or_2_with_dataset_expressions', 'conditional_dataset_and_time_based_timetable', 'dataset_produces_1', 'consume_1_or_both_2_and_3_with_dataset_expressions', 'dataset_produces_2' retrieved from /home/airflow/.local/lib/python3.12/site-packages/airflow/example_dags/example_datasets.py
[2025-02-01T20:42:26.339+0000] {logging_mixin.py:190} INFO - [2025-02-01T20:42:26.338+0000] {dag.py:3239} INFO - Sync 10 DAGs
[2025-02-01T20:42:26.359+0000] {logging_mixin.py:190} INFO - [2025-02-01T20:42:26.359+0000] {dag.py:4180} INFO - Setting next_dagrun for conditional_dataset_and_time_based_timetable to 2025-01-29 01:00:00+00:00, run_after=2025-01-29 01:00:00+00:00
[2025-02-01T20:42:26.362+0000] {logging_mixin.py:190} INFO - [2025-02-01T20:42:26.362+0000] {dag.py:4180} INFO - Setting next_dagrun for consume_1_and_2_with_dataset_expressions to None, run_after=None
[2025-02-01T20:42:26.364+0000] {logging_mixin.py:190} INFO - [2025-02-01T20:42:26.364+0000] {dag.py:4180} INFO - Setting next_dagrun for consume_1_or_2_with_dataset_expressions to None, run_after=None
[2025-02-01T20:42:26.365+0000] {logging_mixin.py:190} INFO - [2025-02-01T20:42:26.365+0000] {dag.py:4180} INFO - Setting next_dagrun for consume_1_or_both_2_and_3_with_dataset_expressions to None, run_after=None
[2025-02-01T20:42:26.366+0000] {logging_mixin.py:190} INFO - [2025-02-01T20:42:26.366+0000] {dag.py:4180} INFO - Setting next_dagrun for dataset_consumes_1 to None, run_after=None
[2025-02-01T20:42:26.367+0000] {logging_mixin.py:190} INFO - [2025-02-01T20:42:26.367+0000] {dag.py:4180} INFO - Setting next_dagrun for dataset_consumes_1_and_2 to None, run_after=None
[2025-02-01T20:42:26.368+0000] {logging_mixin.py:190} INFO - [2025-02-01T20:42:26.368+0000] {dag.py:4180} INFO - Setting next_dagrun for dataset_consumes_1_never_scheduled to None, run_after=None
[2025-02-01T20:42:26.369+0000] {logging_mixin.py:190} INFO - [2025-02-01T20:42:26.369+0000] {dag.py:4180} INFO - Setting next_dagrun for dataset_consumes_unknown_never_scheduled to None, run_after=None
[2025-02-01T20:42:26.371+0000] {logging_mixin.py:190} INFO - [2025-02-01T20:42:26.371+0000] {dag.py:4180} INFO - Setting next_dagrun for dataset_produces_1 to 2025-01-31 00:00:00+00:00, run_after=2025-02-01 00:00:00+00:00
[2025-02-01T20:42:26.372+0000] {logging_mixin.py:190} INFO - [2025-02-01T20:42:26.372+0000] {dag.py:4180} INFO - Setting next_dagrun for dataset_produces_2 to None, run_after=None
[2025-02-01T20:42:26.397+0000] {processor.py:208} INFO - Processing /home/airflow/.local/lib/python3.12/site-packages/airflow/example_dags/example_datasets.py took 0.551 seconds
[2025-02-01T20:42:57.505+0000] {processor.py:186} INFO - Started process (PID=2694) to work on /home/airflow/.local/lib/python3.12/site-packages/airflow/example_dags/example_datasets.py
[2025-02-01T20:42:57.506+0000] {processor.py:914} INFO - Processing file /home/airflow/.local/lib/python3.12/site-packages/airflow/example_dags/example_datasets.py for tasks to queue
[2025-02-01T20:42:57.507+0000] {logging_mixin.py:190} INFO - [2025-02-01T20:42:57.507+0000] {dagbag.py:588} INFO - Filling up the DagBag from /home/airflow/.local/lib/python3.12/site-packages/airflow/example_dags/example_datasets.py
[2025-02-01T20:42:57.960+0000] {processor.py:925} INFO - DAG(s) 'consume_1_or_both_2_and_3_with_dataset_expressions', 'conditional_dataset_and_time_based_timetable', 'consume_1_or_2_with_dataset_expressions', 'dataset_produces_2', 'consume_1_and_2_with_dataset_expressions', 'dataset_consumes_1', 'dataset_consumes_1_and_2', 'dataset_produces_1', 'dataset_consumes_unknown_never_scheduled', 'dataset_consumes_1_never_scheduled' retrieved from /home/airflow/.local/lib/python3.12/site-packages/airflow/example_dags/example_datasets.py
[2025-02-01T20:42:57.994+0000] {logging_mixin.py:190} INFO - [2025-02-01T20:42:57.994+0000] {dag.py:3239} INFO - Sync 10 DAGs
[2025-02-01T20:42:58.016+0000] {logging_mixin.py:190} INFO - [2025-02-01T20:42:58.016+0000] {dag.py:4180} INFO - Setting next_dagrun for conditional_dataset_and_time_based_timetable to 2025-01-29 01:00:00+00:00, run_after=2025-01-29 01:00:00+00:00
[2025-02-01T20:42:58.019+0000] {logging_mixin.py:190} INFO - [2025-02-01T20:42:58.019+0000] {dag.py:4180} INFO - Setting next_dagrun for consume_1_and_2_with_dataset_expressions to None, run_after=None
[2025-02-01T20:42:58.020+0000] {logging_mixin.py:190} INFO - [2025-02-01T20:42:58.020+0000] {dag.py:4180} INFO - Setting next_dagrun for consume_1_or_2_with_dataset_expressions to None, run_after=None
[2025-02-01T20:42:58.022+0000] {logging_mixin.py:190} INFO - [2025-02-01T20:42:58.022+0000] {dag.py:4180} INFO - Setting next_dagrun for consume_1_or_both_2_and_3_with_dataset_expressions to None, run_after=None
[2025-02-01T20:42:58.023+0000] {logging_mixin.py:190} INFO - [2025-02-01T20:42:58.023+0000] {dag.py:4180} INFO - Setting next_dagrun for dataset_consumes_1 to None, run_after=None
[2025-02-01T20:42:58.024+0000] {logging_mixin.py:190} INFO - [2025-02-01T20:42:58.024+0000] {dag.py:4180} INFO - Setting next_dagrun for dataset_consumes_1_and_2 to None, run_after=None
[2025-02-01T20:42:58.025+0000] {logging_mixin.py:190} INFO - [2025-02-01T20:42:58.025+0000] {dag.py:4180} INFO - Setting next_dagrun for dataset_consumes_1_never_scheduled to None, run_after=None
[2025-02-01T20:42:58.026+0000] {logging_mixin.py:190} INFO - [2025-02-01T20:42:58.026+0000] {dag.py:4180} INFO - Setting next_dagrun for dataset_consumes_unknown_never_scheduled to None, run_after=None
[2025-02-01T20:42:58.028+0000] {logging_mixin.py:190} INFO - [2025-02-01T20:42:58.028+0000] {dag.py:4180} INFO - Setting next_dagrun for dataset_produces_1 to 2025-01-31 00:00:00+00:00, run_after=2025-02-01 00:00:00+00:00
[2025-02-01T20:42:58.030+0000] {logging_mixin.py:190} INFO - [2025-02-01T20:42:58.030+0000] {dag.py:4180} INFO - Setting next_dagrun for dataset_produces_2 to None, run_after=None
[2025-02-01T20:42:58.056+0000] {processor.py:208} INFO - Processing /home/airflow/.local/lib/python3.12/site-packages/airflow/example_dags/example_datasets.py took 0.555 seconds
[2025-02-01T20:43:28.490+0000] {processor.py:186} INFO - Started process (PID=2985) to work on /home/airflow/.local/lib/python3.12/site-packages/airflow/example_dags/example_datasets.py
[2025-02-01T20:43:28.491+0000] {processor.py:914} INFO - Processing file /home/airflow/.local/lib/python3.12/site-packages/airflow/example_dags/example_datasets.py for tasks to queue
[2025-02-01T20:43:28.493+0000] {logging_mixin.py:190} INFO - [2025-02-01T20:43:28.493+0000] {dagbag.py:588} INFO - Filling up the DagBag from /home/airflow/.local/lib/python3.12/site-packages/airflow/example_dags/example_datasets.py
[2025-02-01T20:43:28.967+0000] {processor.py:925} INFO - DAG(s) 'dataset_produces_2', 'dataset_consumes_unknown_never_scheduled', 'dataset_consumes_1', 'conditional_dataset_and_time_based_timetable', 'consume_1_or_both_2_and_3_with_dataset_expressions', 'dataset_consumes_1_and_2', 'dataset_produces_1', 'consume_1_or_2_with_dataset_expressions', 'dataset_consumes_1_never_scheduled', 'consume_1_and_2_with_dataset_expressions' retrieved from /home/airflow/.local/lib/python3.12/site-packages/airflow/example_dags/example_datasets.py
[2025-02-01T20:43:29.008+0000] {logging_mixin.py:190} INFO - [2025-02-01T20:43:29.008+0000] {dag.py:3239} INFO - Sync 10 DAGs
[2025-02-01T20:43:29.033+0000] {logging_mixin.py:190} INFO - [2025-02-01T20:43:29.032+0000] {dag.py:4180} INFO - Setting next_dagrun for conditional_dataset_and_time_based_timetable to 2025-01-29 01:00:00+00:00, run_after=2025-01-29 01:00:00+00:00
[2025-02-01T20:43:29.037+0000] {logging_mixin.py:190} INFO - [2025-02-01T20:43:29.036+0000] {dag.py:4180} INFO - Setting next_dagrun for consume_1_and_2_with_dataset_expressions to None, run_after=None
[2025-02-01T20:43:29.038+0000] {logging_mixin.py:190} INFO - [2025-02-01T20:43:29.038+0000] {dag.py:4180} INFO - Setting next_dagrun for consume_1_or_2_with_dataset_expressions to None, run_after=None
[2025-02-01T20:43:29.040+0000] {logging_mixin.py:190} INFO - [2025-02-01T20:43:29.040+0000] {dag.py:4180} INFO - Setting next_dagrun for consume_1_or_both_2_and_3_with_dataset_expressions to None, run_after=None
[2025-02-01T20:43:29.041+0000] {logging_mixin.py:190} INFO - [2025-02-01T20:43:29.041+0000] {dag.py:4180} INFO - Setting next_dagrun for dataset_consumes_1 to None, run_after=None
[2025-02-01T20:43:29.043+0000] {logging_mixin.py:190} INFO - [2025-02-01T20:43:29.042+0000] {dag.py:4180} INFO - Setting next_dagrun for dataset_consumes_1_and_2 to None, run_after=None
[2025-02-01T20:43:29.045+0000] {logging_mixin.py:190} INFO - [2025-02-01T20:43:29.044+0000] {dag.py:4180} INFO - Setting next_dagrun for dataset_consumes_1_never_scheduled to None, run_after=None
[2025-02-01T20:43:29.046+0000] {logging_mixin.py:190} INFO - [2025-02-01T20:43:29.046+0000] {dag.py:4180} INFO - Setting next_dagrun for dataset_consumes_unknown_never_scheduled to None, run_after=None
[2025-02-01T20:43:29.049+0000] {logging_mixin.py:190} INFO - [2025-02-01T20:43:29.048+0000] {dag.py:4180} INFO - Setting next_dagrun for dataset_produces_1 to 2025-01-31 00:00:00+00:00, run_after=2025-02-01 00:00:00+00:00
[2025-02-01T20:43:29.050+0000] {logging_mixin.py:190} INFO - [2025-02-01T20:43:29.050+0000] {dag.py:4180} INFO - Setting next_dagrun for dataset_produces_2 to None, run_after=None
[2025-02-01T20:43:29.083+0000] {processor.py:208} INFO - Processing /home/airflow/.local/lib/python3.12/site-packages/airflow/example_dags/example_datasets.py took 0.597 seconds
[2025-02-01T20:43:59.186+0000] {processor.py:186} INFO - Started process (PID=3251) to work on /home/airflow/.local/lib/python3.12/site-packages/airflow/example_dags/example_datasets.py
[2025-02-01T20:43:59.187+0000] {processor.py:914} INFO - Processing file /home/airflow/.local/lib/python3.12/site-packages/airflow/example_dags/example_datasets.py for tasks to queue
[2025-02-01T20:43:59.188+0000] {logging_mixin.py:190} INFO - [2025-02-01T20:43:59.188+0000] {dagbag.py:588} INFO - Filling up the DagBag from /home/airflow/.local/lib/python3.12/site-packages/airflow/example_dags/example_datasets.py
[2025-02-01T20:43:59.675+0000] {processor.py:925} INFO - DAG(s) 'dataset_consumes_1_and_2', 'consume_1_or_both_2_and_3_with_dataset_expressions', 'consume_1_or_2_with_dataset_expressions', 'dataset_produces_1', 'dataset_produces_2', 'dataset_consumes_unknown_never_scheduled', 'dataset_consumes_1', 'dataset_consumes_1_never_scheduled', 'conditional_dataset_and_time_based_timetable', 'consume_1_and_2_with_dataset_expressions' retrieved from /home/airflow/.local/lib/python3.12/site-packages/airflow/example_dags/example_datasets.py
[2025-02-01T20:43:59.721+0000] {logging_mixin.py:190} INFO - [2025-02-01T20:43:59.721+0000] {dag.py:3239} INFO - Sync 10 DAGs
[2025-02-01T20:43:59.746+0000] {logging_mixin.py:190} INFO - [2025-02-01T20:43:59.746+0000] {dag.py:4180} INFO - Setting next_dagrun for conditional_dataset_and_time_based_timetable to 2025-01-29 01:00:00+00:00, run_after=2025-01-29 01:00:00+00:00
[2025-02-01T20:43:59.751+0000] {logging_mixin.py:190} INFO - [2025-02-01T20:43:59.750+0000] {dag.py:4180} INFO - Setting next_dagrun for consume_1_and_2_with_dataset_expressions to None, run_after=None
[2025-02-01T20:43:59.752+0000] {logging_mixin.py:190} INFO - [2025-02-01T20:43:59.752+0000] {dag.py:4180} INFO - Setting next_dagrun for consume_1_or_2_with_dataset_expressions to None, run_after=None
[2025-02-01T20:43:59.754+0000] {logging_mixin.py:190} INFO - [2025-02-01T20:43:59.754+0000] {dag.py:4180} INFO - Setting next_dagrun for consume_1_or_both_2_and_3_with_dataset_expressions to None, run_after=None
[2025-02-01T20:43:59.755+0000] {logging_mixin.py:190} INFO - [2025-02-01T20:43:59.755+0000] {dag.py:4180} INFO - Setting next_dagrun for dataset_consumes_1 to None, run_after=None
[2025-02-01T20:43:59.757+0000] {logging_mixin.py:190} INFO - [2025-02-01T20:43:59.757+0000] {dag.py:4180} INFO - Setting next_dagrun for dataset_consumes_1_and_2 to None, run_after=None
[2025-02-01T20:43:59.759+0000] {logging_mixin.py:190} INFO - [2025-02-01T20:43:59.758+0000] {dag.py:4180} INFO - Setting next_dagrun for dataset_consumes_1_never_scheduled to None, run_after=None
[2025-02-01T20:43:59.761+0000] {logging_mixin.py:190} INFO - [2025-02-01T20:43:59.760+0000] {dag.py:4180} INFO - Setting next_dagrun for dataset_consumes_unknown_never_scheduled to None, run_after=None
[2025-02-01T20:43:59.764+0000] {logging_mixin.py:190} INFO - [2025-02-01T20:43:59.764+0000] {dag.py:4180} INFO - Setting next_dagrun for dataset_produces_1 to 2025-01-31 00:00:00+00:00, run_after=2025-02-01 00:00:00+00:00
[2025-02-01T20:43:59.765+0000] {logging_mixin.py:190} INFO - [2025-02-01T20:43:59.765+0000] {dag.py:4180} INFO - Setting next_dagrun for dataset_produces_2 to None, run_after=None
[2025-02-01T20:43:59.798+0000] {processor.py:208} INFO - Processing /home/airflow/.local/lib/python3.12/site-packages/airflow/example_dags/example_datasets.py took 0.616 seconds
[2025-02-01T20:44:29.970+0000] {processor.py:186} INFO - Started process (PID=3547) to work on /home/airflow/.local/lib/python3.12/site-packages/airflow/example_dags/example_datasets.py
[2025-02-01T20:44:29.970+0000] {processor.py:914} INFO - Processing file /home/airflow/.local/lib/python3.12/site-packages/airflow/example_dags/example_datasets.py for tasks to queue
[2025-02-01T20:44:29.973+0000] {logging_mixin.py:190} INFO - [2025-02-01T20:44:29.972+0000] {dagbag.py:588} INFO - Filling up the DagBag from /home/airflow/.local/lib/python3.12/site-packages/airflow/example_dags/example_datasets.py
[2025-02-01T20:44:30.424+0000] {processor.py:925} INFO - DAG(s) 'dataset_consumes_1_never_scheduled', 'conditional_dataset_and_time_based_timetable', 'dataset_produces_1', 'consume_1_or_both_2_and_3_with_dataset_expressions', 'dataset_consumes_unknown_never_scheduled', 'dataset_produces_2', 'consume_1_and_2_with_dataset_expressions', 'consume_1_or_2_with_dataset_expressions', 'dataset_consumes_1_and_2', 'dataset_consumes_1' retrieved from /home/airflow/.local/lib/python3.12/site-packages/airflow/example_dags/example_datasets.py
[2025-02-01T20:44:30.459+0000] {logging_mixin.py:190} INFO - [2025-02-01T20:44:30.459+0000] {dag.py:3239} INFO - Sync 10 DAGs
[2025-02-01T20:44:30.481+0000] {logging_mixin.py:190} INFO - [2025-02-01T20:44:30.480+0000] {dag.py:4180} INFO - Setting next_dagrun for conditional_dataset_and_time_based_timetable to 2025-01-29 01:00:00+00:00, run_after=2025-01-29 01:00:00+00:00
[2025-02-01T20:44:30.484+0000] {logging_mixin.py:190} INFO - [2025-02-01T20:44:30.484+0000] {dag.py:4180} INFO - Setting next_dagrun for consume_1_and_2_with_dataset_expressions to None, run_after=None
[2025-02-01T20:44:30.485+0000] {logging_mixin.py:190} INFO - [2025-02-01T20:44:30.485+0000] {dag.py:4180} INFO - Setting next_dagrun for consume_1_or_2_with_dataset_expressions to None, run_after=None
[2025-02-01T20:44:30.487+0000] {logging_mixin.py:190} INFO - [2025-02-01T20:44:30.486+0000] {dag.py:4180} INFO - Setting next_dagrun for consume_1_or_both_2_and_3_with_dataset_expressions to None, run_after=None
[2025-02-01T20:44:30.488+0000] {logging_mixin.py:190} INFO - [2025-02-01T20:44:30.488+0000] {dag.py:4180} INFO - Setting next_dagrun for dataset_consumes_1 to None, run_after=None
[2025-02-01T20:44:30.490+0000] {logging_mixin.py:190} INFO - [2025-02-01T20:44:30.489+0000] {dag.py:4180} INFO - Setting next_dagrun for dataset_consumes_1_and_2 to None, run_after=None
[2025-02-01T20:44:30.491+0000] {logging_mixin.py:190} INFO - [2025-02-01T20:44:30.491+0000] {dag.py:4180} INFO - Setting next_dagrun for dataset_consumes_1_never_scheduled to None, run_after=None
[2025-02-01T20:44:30.492+0000] {logging_mixin.py:190} INFO - [2025-02-01T20:44:30.492+0000] {dag.py:4180} INFO - Setting next_dagrun for dataset_consumes_unknown_never_scheduled to None, run_after=None
[2025-02-01T20:44:30.494+0000] {logging_mixin.py:190} INFO - [2025-02-01T20:44:30.494+0000] {dag.py:4180} INFO - Setting next_dagrun for dataset_produces_1 to 2025-01-31 00:00:00+00:00, run_after=2025-02-01 00:00:00+00:00
[2025-02-01T20:44:30.495+0000] {logging_mixin.py:190} INFO - [2025-02-01T20:44:30.495+0000] {dag.py:4180} INFO - Setting next_dagrun for dataset_produces_2 to None, run_after=None
[2025-02-01T20:44:30.524+0000] {processor.py:208} INFO - Processing /home/airflow/.local/lib/python3.12/site-packages/airflow/example_dags/example_datasets.py took 0.559 seconds
[2025-02-01T20:45:01.270+0000] {processor.py:186} INFO - Started process (PID=3861) to work on /home/airflow/.local/lib/python3.12/site-packages/airflow/example_dags/example_datasets.py
[2025-02-01T20:45:01.271+0000] {processor.py:914} INFO - Processing file /home/airflow/.local/lib/python3.12/site-packages/airflow/example_dags/example_datasets.py for tasks to queue
[2025-02-01T20:45:01.273+0000] {logging_mixin.py:190} INFO - [2025-02-01T20:45:01.273+0000] {dagbag.py:588} INFO - Filling up the DagBag from /home/airflow/.local/lib/python3.12/site-packages/airflow/example_dags/example_datasets.py
[2025-02-01T20:45:01.789+0000] {processor.py:925} INFO - DAG(s) 'conditional_dataset_and_time_based_timetable', 'consume_1_or_2_with_dataset_expressions', 'consume_1_or_both_2_and_3_with_dataset_expressions', 'dataset_produces_1', 'dataset_consumes_1_never_scheduled', 'consume_1_and_2_with_dataset_expressions', 'dataset_consumes_unknown_never_scheduled', 'dataset_consumes_1_and_2', 'dataset_produces_2', 'dataset_consumes_1' retrieved from /home/airflow/.local/lib/python3.12/site-packages/airflow/example_dags/example_datasets.py
[2025-02-01T20:45:01.826+0000] {logging_mixin.py:190} INFO - [2025-02-01T20:45:01.825+0000] {dag.py:3239} INFO - Sync 10 DAGs
[2025-02-01T20:45:01.847+0000] {logging_mixin.py:190} INFO - [2025-02-01T20:45:01.847+0000] {dag.py:4180} INFO - Setting next_dagrun for conditional_dataset_and_time_based_timetable to 2025-01-29 01:00:00+00:00, run_after=2025-01-29 01:00:00+00:00
[2025-02-01T20:45:01.850+0000] {logging_mixin.py:190} INFO - [2025-02-01T20:45:01.850+0000] {dag.py:4180} INFO - Setting next_dagrun for consume_1_and_2_with_dataset_expressions to None, run_after=None
[2025-02-01T20:45:01.852+0000] {logging_mixin.py:190} INFO - [2025-02-01T20:45:01.852+0000] {dag.py:4180} INFO - Setting next_dagrun for consume_1_or_2_with_dataset_expressions to None, run_after=None
[2025-02-01T20:45:01.853+0000] {logging_mixin.py:190} INFO - [2025-02-01T20:45:01.853+0000] {dag.py:4180} INFO - Setting next_dagrun for consume_1_or_both_2_and_3_with_dataset_expressions to None, run_after=None
[2025-02-01T20:45:01.855+0000] {logging_mixin.py:190} INFO - [2025-02-01T20:45:01.855+0000] {dag.py:4180} INFO - Setting next_dagrun for dataset_consumes_1 to None, run_after=None
[2025-02-01T20:45:01.856+0000] {logging_mixin.py:190} INFO - [2025-02-01T20:45:01.856+0000] {dag.py:4180} INFO - Setting next_dagrun for dataset_consumes_1_and_2 to None, run_after=None
[2025-02-01T20:45:01.857+0000] {logging_mixin.py:190} INFO - [2025-02-01T20:45:01.857+0000] {dag.py:4180} INFO - Setting next_dagrun for dataset_consumes_1_never_scheduled to None, run_after=None
[2025-02-01T20:45:01.858+0000] {logging_mixin.py:190} INFO - [2025-02-01T20:45:01.858+0000] {dag.py:4180} INFO - Setting next_dagrun for dataset_consumes_unknown_never_scheduled to None, run_after=None
[2025-02-01T20:45:01.860+0000] {logging_mixin.py:190} INFO - [2025-02-01T20:45:01.860+0000] {dag.py:4180} INFO - Setting next_dagrun for dataset_produces_1 to 2025-01-31 00:00:00+00:00, run_after=2025-02-01 00:00:00+00:00
[2025-02-01T20:45:01.861+0000] {logging_mixin.py:190} INFO - [2025-02-01T20:45:01.861+0000] {dag.py:4180} INFO - Setting next_dagrun for dataset_produces_2 to None, run_after=None
[2025-02-01T20:45:01.887+0000] {processor.py:208} INFO - Processing /home/airflow/.local/lib/python3.12/site-packages/airflow/example_dags/example_datasets.py took 0.621 seconds
