[2025-02-01T20:33:36.734+0000] {processor.py:186} INFO - Started process (PID=281) to work on /home/airflow/.local/lib/python3.12/site-packages/airflow/example_dags/tutorial_taskflow_api.py
[2025-02-01T20:33:36.735+0000] {processor.py:914} INFO - Processing file /home/airflow/.local/lib/python3.12/site-packages/airflow/example_dags/tutorial_taskflow_api.py for tasks to queue
[2025-02-01T20:33:36.737+0000] {logging_mixin.py:190} INFO - [2025-02-01T20:33:36.737+0000] {dagbag.py:588} INFO - Filling up the DagBag from /home/airflow/.local/lib/python3.12/site-packages/airflow/example_dags/tutorial_taskflow_api.py
[2025-02-01T20:33:36.746+0000] {processor.py:925} INFO - DAG(s) 'tutorial_taskflow_api' retrieved from /home/airflow/.local/lib/python3.12/site-packages/airflow/example_dags/tutorial_taskflow_api.py
[2025-02-01T20:33:36.902+0000] {logging_mixin.py:190} INFO - [2025-02-01T20:33:36.901+0000] {override.py:1911} INFO - Created Permission View: can read on DAG:tutorial_taskflow_api
[2025-02-01T20:33:36.910+0000] {logging_mixin.py:190} INFO - [2025-02-01T20:33:36.910+0000] {override.py:1911} INFO - Created Permission View: can delete on DAG:tutorial_taskflow_api
[2025-02-01T20:33:36.916+0000] {logging_mixin.py:190} INFO - [2025-02-01T20:33:36.916+0000] {override.py:1911} INFO - Created Permission View: can edit on DAG:tutorial_taskflow_api
[2025-02-01T20:33:36.923+0000] {logging_mixin.py:190} INFO - [2025-02-01T20:33:36.923+0000] {override.py:1911} INFO - Created Permission View: can read on DAG Run:tutorial_taskflow_api
[2025-02-01T20:33:36.930+0000] {logging_mixin.py:190} INFO - [2025-02-01T20:33:36.929+0000] {override.py:1911} INFO - Created Permission View: menu access on DAG Run:tutorial_taskflow_api
[2025-02-01T20:33:36.935+0000] {logging_mixin.py:190} INFO - [2025-02-01T20:33:36.935+0000] {override.py:1911} INFO - Created Permission View: can create on DAG Run:tutorial_taskflow_api
[2025-02-01T20:33:36.942+0000] {logging_mixin.py:190} INFO - [2025-02-01T20:33:36.941+0000] {override.py:1911} INFO - Created Permission View: can delete on DAG Run:tutorial_taskflow_api
[2025-02-01T20:33:36.942+0000] {logging_mixin.py:190} INFO - [2025-02-01T20:33:36.942+0000] {dag.py:3239} INFO - Sync 1 DAGs
[2025-02-01T20:33:36.953+0000] {logging_mixin.py:190} INFO - [2025-02-01T20:33:36.953+0000] {dag.py:3262} INFO - Creating ORM DAG for tutorial_taskflow_api
[2025-02-01T20:33:36.954+0000] {logging_mixin.py:190} INFO - [2025-02-01T20:33:36.954+0000] {dag.py:4180} INFO - Setting next_dagrun for tutorial_taskflow_api to None, run_after=None
[2025-02-01T20:33:36.968+0000] {processor.py:208} INFO - Processing /home/airflow/.local/lib/python3.12/site-packages/airflow/example_dags/tutorial_taskflow_api.py took 0.238 seconds
[2025-02-01T20:34:07.171+0000] {processor.py:186} INFO - Started process (PID=569) to work on /home/airflow/.local/lib/python3.12/site-packages/airflow/example_dags/tutorial_taskflow_api.py
[2025-02-01T20:34:07.172+0000] {processor.py:914} INFO - Processing file /home/airflow/.local/lib/python3.12/site-packages/airflow/example_dags/tutorial_taskflow_api.py for tasks to queue
[2025-02-01T20:34:07.173+0000] {logging_mixin.py:190} INFO - [2025-02-01T20:34:07.173+0000] {dagbag.py:588} INFO - Filling up the DagBag from /home/airflow/.local/lib/python3.12/site-packages/airflow/example_dags/tutorial_taskflow_api.py
[2025-02-01T20:34:07.179+0000] {processor.py:925} INFO - DAG(s) 'tutorial_taskflow_api' retrieved from /home/airflow/.local/lib/python3.12/site-packages/airflow/example_dags/tutorial_taskflow_api.py
[2025-02-01T20:34:07.194+0000] {logging_mixin.py:190} INFO - [2025-02-01T20:34:07.194+0000] {dag.py:3239} INFO - Sync 1 DAGs
[2025-02-01T20:34:07.205+0000] {logging_mixin.py:190} INFO - [2025-02-01T20:34:07.205+0000] {dag.py:4180} INFO - Setting next_dagrun for tutorial_taskflow_api to None, run_after=None
[2025-02-01T20:34:07.218+0000] {processor.py:208} INFO - Processing /home/airflow/.local/lib/python3.12/site-packages/airflow/example_dags/tutorial_taskflow_api.py took 0.051 seconds
[2025-02-01T20:34:38.066+0000] {processor.py:186} INFO - Started process (PID=858) to work on /home/airflow/.local/lib/python3.12/site-packages/airflow/example_dags/tutorial_taskflow_api.py
[2025-02-01T20:34:38.067+0000] {processor.py:914} INFO - Processing file /home/airflow/.local/lib/python3.12/site-packages/airflow/example_dags/tutorial_taskflow_api.py for tasks to queue
[2025-02-01T20:34:38.068+0000] {logging_mixin.py:190} INFO - [2025-02-01T20:34:38.068+0000] {dagbag.py:588} INFO - Filling up the DagBag from /home/airflow/.local/lib/python3.12/site-packages/airflow/example_dags/tutorial_taskflow_api.py
[2025-02-01T20:34:38.074+0000] {processor.py:925} INFO - DAG(s) 'tutorial_taskflow_api' retrieved from /home/airflow/.local/lib/python3.12/site-packages/airflow/example_dags/tutorial_taskflow_api.py
[2025-02-01T20:34:38.088+0000] {logging_mixin.py:190} INFO - [2025-02-01T20:34:38.088+0000] {dag.py:3239} INFO - Sync 1 DAGs
[2025-02-01T20:34:38.099+0000] {logging_mixin.py:190} INFO - [2025-02-01T20:34:38.099+0000] {dag.py:4180} INFO - Setting next_dagrun for tutorial_taskflow_api to None, run_after=None
[2025-02-01T20:34:38.113+0000] {processor.py:208} INFO - Processing /home/airflow/.local/lib/python3.12/site-packages/airflow/example_dags/tutorial_taskflow_api.py took 0.050 seconds
[2025-02-01T20:35:08.895+0000] {processor.py:186} INFO - Started process (PID=1149) to work on /home/airflow/.local/lib/python3.12/site-packages/airflow/example_dags/tutorial_taskflow_api.py
[2025-02-01T20:35:08.895+0000] {processor.py:914} INFO - Processing file /home/airflow/.local/lib/python3.12/site-packages/airflow/example_dags/tutorial_taskflow_api.py for tasks to queue
[2025-02-01T20:35:08.897+0000] {logging_mixin.py:190} INFO - [2025-02-01T20:35:08.897+0000] {dagbag.py:588} INFO - Filling up the DagBag from /home/airflow/.local/lib/python3.12/site-packages/airflow/example_dags/tutorial_taskflow_api.py
[2025-02-01T20:35:08.902+0000] {processor.py:925} INFO - DAG(s) 'tutorial_taskflow_api' retrieved from /home/airflow/.local/lib/python3.12/site-packages/airflow/example_dags/tutorial_taskflow_api.py
[2025-02-01T20:35:08.917+0000] {logging_mixin.py:190} INFO - [2025-02-01T20:35:08.917+0000] {dag.py:3239} INFO - Sync 1 DAGs
[2025-02-01T20:35:08.928+0000] {logging_mixin.py:190} INFO - [2025-02-01T20:35:08.928+0000] {dag.py:4180} INFO - Setting next_dagrun for tutorial_taskflow_api to None, run_after=None
[2025-02-01T20:35:08.941+0000] {processor.py:208} INFO - Processing /home/airflow/.local/lib/python3.12/site-packages/airflow/example_dags/tutorial_taskflow_api.py took 0.050 seconds
[2025-02-01T20:38:48.290+0000] {processor.py:186} INFO - Started process (PID=281) to work on /home/airflow/.local/lib/python3.12/site-packages/airflow/example_dags/tutorial_taskflow_api.py
[2025-02-01T20:38:48.290+0000] {processor.py:914} INFO - Processing file /home/airflow/.local/lib/python3.12/site-packages/airflow/example_dags/tutorial_taskflow_api.py for tasks to queue
[2025-02-01T20:38:48.292+0000] {logging_mixin.py:190} INFO - [2025-02-01T20:38:48.292+0000] {dagbag.py:588} INFO - Filling up the DagBag from /home/airflow/.local/lib/python3.12/site-packages/airflow/example_dags/tutorial_taskflow_api.py
[2025-02-01T20:38:48.299+0000] {processor.py:925} INFO - DAG(s) 'tutorial_taskflow_api' retrieved from /home/airflow/.local/lib/python3.12/site-packages/airflow/example_dags/tutorial_taskflow_api.py
[2025-02-01T20:38:48.317+0000] {logging_mixin.py:190} INFO - [2025-02-01T20:38:48.316+0000] {dag.py:3239} INFO - Sync 1 DAGs
[2025-02-01T20:38:48.329+0000] {logging_mixin.py:190} INFO - [2025-02-01T20:38:48.329+0000] {dag.py:4180} INFO - Setting next_dagrun for tutorial_taskflow_api to None, run_after=None
[2025-02-01T20:38:48.345+0000] {processor.py:208} INFO - Processing /home/airflow/.local/lib/python3.12/site-packages/airflow/example_dags/tutorial_taskflow_api.py took 0.061 seconds
[2025-02-01T20:39:18.668+0000] {processor.py:186} INFO - Started process (PID=567) to work on /home/airflow/.local/lib/python3.12/site-packages/airflow/example_dags/tutorial_taskflow_api.py
[2025-02-01T20:39:18.669+0000] {processor.py:914} INFO - Processing file /home/airflow/.local/lib/python3.12/site-packages/airflow/example_dags/tutorial_taskflow_api.py for tasks to queue
[2025-02-01T20:39:18.670+0000] {logging_mixin.py:190} INFO - [2025-02-01T20:39:18.670+0000] {dagbag.py:588} INFO - Filling up the DagBag from /home/airflow/.local/lib/python3.12/site-packages/airflow/example_dags/tutorial_taskflow_api.py
[2025-02-01T20:39:18.676+0000] {processor.py:925} INFO - DAG(s) 'tutorial_taskflow_api' retrieved from /home/airflow/.local/lib/python3.12/site-packages/airflow/example_dags/tutorial_taskflow_api.py
[2025-02-01T20:39:18.690+0000] {logging_mixin.py:190} INFO - [2025-02-01T20:39:18.690+0000] {dag.py:3239} INFO - Sync 1 DAGs
[2025-02-01T20:39:18.701+0000] {logging_mixin.py:190} INFO - [2025-02-01T20:39:18.701+0000] {dag.py:4180} INFO - Setting next_dagrun for tutorial_taskflow_api to None, run_after=None
[2025-02-01T20:39:18.715+0000] {processor.py:208} INFO - Processing /home/airflow/.local/lib/python3.12/site-packages/airflow/example_dags/tutorial_taskflow_api.py took 0.051 seconds
[2025-02-01T20:39:50.301+0000] {processor.py:186} INFO - Started process (PID=860) to work on /home/airflow/.local/lib/python3.12/site-packages/airflow/example_dags/tutorial_taskflow_api.py
[2025-02-01T20:39:50.302+0000] {processor.py:914} INFO - Processing file /home/airflow/.local/lib/python3.12/site-packages/airflow/example_dags/tutorial_taskflow_api.py for tasks to queue
[2025-02-01T20:39:50.303+0000] {logging_mixin.py:190} INFO - [2025-02-01T20:39:50.303+0000] {dagbag.py:588} INFO - Filling up the DagBag from /home/airflow/.local/lib/python3.12/site-packages/airflow/example_dags/tutorial_taskflow_api.py
[2025-02-01T20:39:50.309+0000] {processor.py:925} INFO - DAG(s) 'tutorial_taskflow_api' retrieved from /home/airflow/.local/lib/python3.12/site-packages/airflow/example_dags/tutorial_taskflow_api.py
[2025-02-01T20:39:50.324+0000] {logging_mixin.py:190} INFO - [2025-02-01T20:39:50.324+0000] {dag.py:3239} INFO - Sync 1 DAGs
[2025-02-01T20:39:50.335+0000] {logging_mixin.py:190} INFO - [2025-02-01T20:39:50.335+0000] {dag.py:4180} INFO - Setting next_dagrun for tutorial_taskflow_api to None, run_after=None
[2025-02-01T20:39:50.349+0000] {processor.py:208} INFO - Processing /home/airflow/.local/lib/python3.12/site-packages/airflow/example_dags/tutorial_taskflow_api.py took 0.053 seconds
[2025-02-01T20:40:21.128+0000] {processor.py:186} INFO - Started process (PID=1149) to work on /home/airflow/.local/lib/python3.12/site-packages/airflow/example_dags/tutorial_taskflow_api.py
[2025-02-01T20:40:21.129+0000] {processor.py:914} INFO - Processing file /home/airflow/.local/lib/python3.12/site-packages/airflow/example_dags/tutorial_taskflow_api.py for tasks to queue
[2025-02-01T20:40:21.131+0000] {logging_mixin.py:190} INFO - [2025-02-01T20:40:21.130+0000] {dagbag.py:588} INFO - Filling up the DagBag from /home/airflow/.local/lib/python3.12/site-packages/airflow/example_dags/tutorial_taskflow_api.py
[2025-02-01T20:40:21.137+0000] {processor.py:925} INFO - DAG(s) 'tutorial_taskflow_api' retrieved from /home/airflow/.local/lib/python3.12/site-packages/airflow/example_dags/tutorial_taskflow_api.py
[2025-02-01T20:40:21.152+0000] {logging_mixin.py:190} INFO - [2025-02-01T20:40:21.152+0000] {dag.py:3239} INFO - Sync 1 DAGs
[2025-02-01T20:40:21.163+0000] {logging_mixin.py:190} INFO - [2025-02-01T20:40:21.162+0000] {dag.py:4180} INFO - Setting next_dagrun for tutorial_taskflow_api to None, run_after=None
[2025-02-01T20:40:21.176+0000] {processor.py:208} INFO - Processing /home/airflow/.local/lib/python3.12/site-packages/airflow/example_dags/tutorial_taskflow_api.py took 0.052 seconds
[2025-02-01T20:40:52.585+0000] {processor.py:186} INFO - Started process (PID=1442) to work on /home/airflow/.local/lib/python3.12/site-packages/airflow/example_dags/tutorial_taskflow_api.py
[2025-02-01T20:40:52.586+0000] {processor.py:914} INFO - Processing file /home/airflow/.local/lib/python3.12/site-packages/airflow/example_dags/tutorial_taskflow_api.py for tasks to queue
[2025-02-01T20:40:52.587+0000] {logging_mixin.py:190} INFO - [2025-02-01T20:40:52.587+0000] {dagbag.py:588} INFO - Filling up the DagBag from /home/airflow/.local/lib/python3.12/site-packages/airflow/example_dags/tutorial_taskflow_api.py
[2025-02-01T20:40:52.594+0000] {processor.py:925} INFO - DAG(s) 'tutorial_taskflow_api' retrieved from /home/airflow/.local/lib/python3.12/site-packages/airflow/example_dags/tutorial_taskflow_api.py
[2025-02-01T20:40:52.609+0000] {logging_mixin.py:190} INFO - [2025-02-01T20:40:52.609+0000] {dag.py:3239} INFO - Sync 1 DAGs
[2025-02-01T20:40:52.619+0000] {logging_mixin.py:190} INFO - [2025-02-01T20:40:52.619+0000] {dag.py:4180} INFO - Setting next_dagrun for tutorial_taskflow_api to None, run_after=None
[2025-02-01T20:40:52.632+0000] {processor.py:208} INFO - Processing /home/airflow/.local/lib/python3.12/site-packages/airflow/example_dags/tutorial_taskflow_api.py took 0.051 seconds
[2025-02-01T20:41:22.971+0000] {processor.py:186} INFO - Started process (PID=1731) to work on /home/airflow/.local/lib/python3.12/site-packages/airflow/example_dags/tutorial_taskflow_api.py
[2025-02-01T20:41:22.972+0000] {processor.py:914} INFO - Processing file /home/airflow/.local/lib/python3.12/site-packages/airflow/example_dags/tutorial_taskflow_api.py for tasks to queue
[2025-02-01T20:41:22.973+0000] {logging_mixin.py:190} INFO - [2025-02-01T20:41:22.973+0000] {dagbag.py:588} INFO - Filling up the DagBag from /home/airflow/.local/lib/python3.12/site-packages/airflow/example_dags/tutorial_taskflow_api.py
[2025-02-01T20:41:22.979+0000] {processor.py:925} INFO - DAG(s) 'tutorial_taskflow_api' retrieved from /home/airflow/.local/lib/python3.12/site-packages/airflow/example_dags/tutorial_taskflow_api.py
[2025-02-01T20:41:22.993+0000] {logging_mixin.py:190} INFO - [2025-02-01T20:41:22.993+0000] {dag.py:3239} INFO - Sync 1 DAGs
[2025-02-01T20:41:23.004+0000] {logging_mixin.py:190} INFO - [2025-02-01T20:41:23.004+0000] {dag.py:4180} INFO - Setting next_dagrun for tutorial_taskflow_api to None, run_after=None
[2025-02-01T20:41:23.018+0000] {processor.py:208} INFO - Processing /home/airflow/.local/lib/python3.12/site-packages/airflow/example_dags/tutorial_taskflow_api.py took 0.051 seconds
[2025-02-01T20:41:53.988+0000] {processor.py:186} INFO - Started process (PID=2022) to work on /home/airflow/.local/lib/python3.12/site-packages/airflow/example_dags/tutorial_taskflow_api.py
[2025-02-01T20:41:53.989+0000] {processor.py:914} INFO - Processing file /home/airflow/.local/lib/python3.12/site-packages/airflow/example_dags/tutorial_taskflow_api.py for tasks to queue
[2025-02-01T20:41:53.990+0000] {logging_mixin.py:190} INFO - [2025-02-01T20:41:53.990+0000] {dagbag.py:588} INFO - Filling up the DagBag from /home/airflow/.local/lib/python3.12/site-packages/airflow/example_dags/tutorial_taskflow_api.py
[2025-02-01T20:41:53.997+0000] {processor.py:925} INFO - DAG(s) 'tutorial_taskflow_api' retrieved from /home/airflow/.local/lib/python3.12/site-packages/airflow/example_dags/tutorial_taskflow_api.py
[2025-02-01T20:41:54.012+0000] {logging_mixin.py:190} INFO - [2025-02-01T20:41:54.012+0000] {dag.py:3239} INFO - Sync 1 DAGs
[2025-02-01T20:41:54.023+0000] {logging_mixin.py:190} INFO - [2025-02-01T20:41:54.023+0000] {dag.py:4180} INFO - Setting next_dagrun for tutorial_taskflow_api to None, run_after=None
[2025-02-01T20:41:54.038+0000] {processor.py:208} INFO - Processing /home/airflow/.local/lib/python3.12/site-packages/airflow/example_dags/tutorial_taskflow_api.py took 0.054 seconds
[2025-02-01T20:42:25.133+0000] {processor.py:186} INFO - Started process (PID=2313) to work on /home/airflow/.local/lib/python3.12/site-packages/airflow/example_dags/tutorial_taskflow_api.py
[2025-02-01T20:42:25.134+0000] {processor.py:914} INFO - Processing file /home/airflow/.local/lib/python3.12/site-packages/airflow/example_dags/tutorial_taskflow_api.py for tasks to queue
[2025-02-01T20:42:25.136+0000] {logging_mixin.py:190} INFO - [2025-02-01T20:42:25.136+0000] {dagbag.py:588} INFO - Filling up the DagBag from /home/airflow/.local/lib/python3.12/site-packages/airflow/example_dags/tutorial_taskflow_api.py
[2025-02-01T20:42:25.142+0000] {processor.py:925} INFO - DAG(s) 'tutorial_taskflow_api' retrieved from /home/airflow/.local/lib/python3.12/site-packages/airflow/example_dags/tutorial_taskflow_api.py
[2025-02-01T20:42:25.157+0000] {logging_mixin.py:190} INFO - [2025-02-01T20:42:25.156+0000] {dag.py:3239} INFO - Sync 1 DAGs
[2025-02-01T20:42:25.169+0000] {logging_mixin.py:190} INFO - [2025-02-01T20:42:25.169+0000] {dag.py:4180} INFO - Setting next_dagrun for tutorial_taskflow_api to None, run_after=None
[2025-02-01T20:42:25.185+0000] {processor.py:208} INFO - Processing /home/airflow/.local/lib/python3.12/site-packages/airflow/example_dags/tutorial_taskflow_api.py took 0.056 seconds
[2025-02-01T20:42:56.474+0000] {processor.py:186} INFO - Started process (PID=2606) to work on /home/airflow/.local/lib/python3.12/site-packages/airflow/example_dags/tutorial_taskflow_api.py
[2025-02-01T20:42:56.475+0000] {processor.py:914} INFO - Processing file /home/airflow/.local/lib/python3.12/site-packages/airflow/example_dags/tutorial_taskflow_api.py for tasks to queue
[2025-02-01T20:42:56.477+0000] {logging_mixin.py:190} INFO - [2025-02-01T20:42:56.477+0000] {dagbag.py:588} INFO - Filling up the DagBag from /home/airflow/.local/lib/python3.12/site-packages/airflow/example_dags/tutorial_taskflow_api.py
[2025-02-01T20:42:56.483+0000] {processor.py:925} INFO - DAG(s) 'tutorial_taskflow_api' retrieved from /home/airflow/.local/lib/python3.12/site-packages/airflow/example_dags/tutorial_taskflow_api.py
[2025-02-01T20:42:56.499+0000] {logging_mixin.py:190} INFO - [2025-02-01T20:42:56.499+0000] {dag.py:3239} INFO - Sync 1 DAGs
[2025-02-01T20:42:56.511+0000] {logging_mixin.py:190} INFO - [2025-02-01T20:42:56.511+0000] {dag.py:4180} INFO - Setting next_dagrun for tutorial_taskflow_api to None, run_after=None
[2025-02-01T20:42:56.526+0000] {processor.py:208} INFO - Processing /home/airflow/.local/lib/python3.12/site-packages/airflow/example_dags/tutorial_taskflow_api.py took 0.056 seconds
[2025-02-01T20:43:27.226+0000] {processor.py:186} INFO - Started process (PID=2895) to work on /home/airflow/.local/lib/python3.12/site-packages/airflow/example_dags/tutorial_taskflow_api.py
[2025-02-01T20:43:27.227+0000] {processor.py:914} INFO - Processing file /home/airflow/.local/lib/python3.12/site-packages/airflow/example_dags/tutorial_taskflow_api.py for tasks to queue
[2025-02-01T20:43:27.228+0000] {logging_mixin.py:190} INFO - [2025-02-01T20:43:27.228+0000] {dagbag.py:588} INFO - Filling up the DagBag from /home/airflow/.local/lib/python3.12/site-packages/airflow/example_dags/tutorial_taskflow_api.py
[2025-02-01T20:43:27.235+0000] {processor.py:925} INFO - DAG(s) 'tutorial_taskflow_api' retrieved from /home/airflow/.local/lib/python3.12/site-packages/airflow/example_dags/tutorial_taskflow_api.py
[2025-02-01T20:43:27.253+0000] {logging_mixin.py:190} INFO - [2025-02-01T20:43:27.253+0000] {dag.py:3239} INFO - Sync 1 DAGs
[2025-02-01T20:43:27.269+0000] {logging_mixin.py:190} INFO - [2025-02-01T20:43:27.269+0000] {dag.py:4180} INFO - Setting next_dagrun for tutorial_taskflow_api to None, run_after=None
[2025-02-01T20:43:27.327+0000] {processor.py:208} INFO - Processing /home/airflow/.local/lib/python3.12/site-packages/airflow/example_dags/tutorial_taskflow_api.py took 0.105 seconds
[2025-02-01T20:43:58.399+0000] {processor.py:186} INFO - Started process (PID=3186) to work on /home/airflow/.local/lib/python3.12/site-packages/airflow/example_dags/tutorial_taskflow_api.py
[2025-02-01T20:43:58.400+0000] {processor.py:914} INFO - Processing file /home/airflow/.local/lib/python3.12/site-packages/airflow/example_dags/tutorial_taskflow_api.py for tasks to queue
[2025-02-01T20:43:58.402+0000] {logging_mixin.py:190} INFO - [2025-02-01T20:43:58.401+0000] {dagbag.py:588} INFO - Filling up the DagBag from /home/airflow/.local/lib/python3.12/site-packages/airflow/example_dags/tutorial_taskflow_api.py
[2025-02-01T20:43:58.407+0000] {processor.py:925} INFO - DAG(s) 'tutorial_taskflow_api' retrieved from /home/airflow/.local/lib/python3.12/site-packages/airflow/example_dags/tutorial_taskflow_api.py
[2025-02-01T20:43:58.424+0000] {logging_mixin.py:190} INFO - [2025-02-01T20:43:58.423+0000] {dag.py:3239} INFO - Sync 1 DAGs
[2025-02-01T20:43:58.434+0000] {logging_mixin.py:190} INFO - [2025-02-01T20:43:58.434+0000] {dag.py:4180} INFO - Setting next_dagrun for tutorial_taskflow_api to None, run_after=None
[2025-02-01T20:43:58.448+0000] {processor.py:208} INFO - Processing /home/airflow/.local/lib/python3.12/site-packages/airflow/example_dags/tutorial_taskflow_api.py took 0.053 seconds
[2025-02-01T20:44:28.963+0000] {processor.py:186} INFO - Started process (PID=3477) to work on /home/airflow/.local/lib/python3.12/site-packages/airflow/example_dags/tutorial_taskflow_api.py
[2025-02-01T20:44:28.963+0000] {processor.py:914} INFO - Processing file /home/airflow/.local/lib/python3.12/site-packages/airflow/example_dags/tutorial_taskflow_api.py for tasks to queue
[2025-02-01T20:44:28.965+0000] {logging_mixin.py:190} INFO - [2025-02-01T20:44:28.965+0000] {dagbag.py:588} INFO - Filling up the DagBag from /home/airflow/.local/lib/python3.12/site-packages/airflow/example_dags/tutorial_taskflow_api.py
[2025-02-01T20:44:28.971+0000] {processor.py:925} INFO - DAG(s) 'tutorial_taskflow_api' retrieved from /home/airflow/.local/lib/python3.12/site-packages/airflow/example_dags/tutorial_taskflow_api.py
[2025-02-01T20:44:28.985+0000] {logging_mixin.py:190} INFO - [2025-02-01T20:44:28.985+0000] {dag.py:3239} INFO - Sync 1 DAGs
[2025-02-01T20:44:28.996+0000] {logging_mixin.py:190} INFO - [2025-02-01T20:44:28.996+0000] {dag.py:4180} INFO - Setting next_dagrun for tutorial_taskflow_api to None, run_after=None
[2025-02-01T20:44:29.044+0000] {processor.py:208} INFO - Processing /home/airflow/.local/lib/python3.12/site-packages/airflow/example_dags/tutorial_taskflow_api.py took 0.086 seconds
[2025-02-01T20:45:00.299+0000] {processor.py:186} INFO - Started process (PID=3768) to work on /home/airflow/.local/lib/python3.12/site-packages/airflow/example_dags/tutorial_taskflow_api.py
[2025-02-01T20:45:00.300+0000] {processor.py:914} INFO - Processing file /home/airflow/.local/lib/python3.12/site-packages/airflow/example_dags/tutorial_taskflow_api.py for tasks to queue
[2025-02-01T20:45:00.301+0000] {logging_mixin.py:190} INFO - [2025-02-01T20:45:00.301+0000] {dagbag.py:588} INFO - Filling up the DagBag from /home/airflow/.local/lib/python3.12/site-packages/airflow/example_dags/tutorial_taskflow_api.py
[2025-02-01T20:45:00.308+0000] {processor.py:925} INFO - DAG(s) 'tutorial_taskflow_api' retrieved from /home/airflow/.local/lib/python3.12/site-packages/airflow/example_dags/tutorial_taskflow_api.py
[2025-02-01T20:45:00.323+0000] {logging_mixin.py:190} INFO - [2025-02-01T20:45:00.322+0000] {dag.py:3239} INFO - Sync 1 DAGs
[2025-02-01T20:45:00.334+0000] {logging_mixin.py:190} INFO - [2025-02-01T20:45:00.333+0000] {dag.py:4180} INFO - Setting next_dagrun for tutorial_taskflow_api to None, run_after=None
[2025-02-01T20:45:00.348+0000] {processor.py:208} INFO - Processing /home/airflow/.local/lib/python3.12/site-packages/airflow/example_dags/tutorial_taskflow_api.py took 0.053 seconds
