[2025-02-01T20:33:39.429+0000] {processor.py:186} INFO - Started process (PID=336) to work on /home/airflow/.local/lib/python3.12/site-packages/airflow/example_dags/tutorial.py
[2025-02-01T20:33:39.430+0000] {processor.py:914} INFO - Processing file /home/airflow/.local/lib/python3.12/site-packages/airflow/example_dags/tutorial.py for tasks to queue
[2025-02-01T20:33:39.432+0000] {logging_mixin.py:190} INFO - [2025-02-01T20:33:39.431+0000] {dagbag.py:588} INFO - Filling up the DagBag from /home/airflow/.local/lib/python3.12/site-packages/airflow/example_dags/tutorial.py
[2025-02-01T20:33:39.438+0000] {processor.py:925} INFO - DAG(s) 'tutorial' retrieved from /home/airflow/.local/lib/python3.12/site-packages/airflow/example_dags/tutorial.py
[2025-02-01T20:33:39.633+0000] {logging_mixin.py:190} INFO - [2025-02-01T20:33:39.632+0000] {override.py:1911} INFO - Created Permission View: can read on DAG:tutorial
[2025-02-01T20:33:39.645+0000] {logging_mixin.py:190} INFO - [2025-02-01T20:33:39.645+0000] {override.py:1911} INFO - Created Permission View: can delete on DAG:tutorial
[2025-02-01T20:33:39.654+0000] {logging_mixin.py:190} INFO - [2025-02-01T20:33:39.653+0000] {override.py:1911} INFO - Created Permission View: can edit on DAG:tutorial
[2025-02-01T20:33:39.661+0000] {logging_mixin.py:190} INFO - [2025-02-01T20:33:39.660+0000] {override.py:1911} INFO - Created Permission View: can read on DAG Run:tutorial
[2025-02-01T20:33:39.667+0000] {logging_mixin.py:190} INFO - [2025-02-01T20:33:39.667+0000] {override.py:1911} INFO - Created Permission View: menu access on DAG Run:tutorial
[2025-02-01T20:33:39.678+0000] {logging_mixin.py:190} INFO - [2025-02-01T20:33:39.677+0000] {override.py:1911} INFO - Created Permission View: can create on DAG Run:tutorial
[2025-02-01T20:33:39.685+0000] {logging_mixin.py:190} INFO - [2025-02-01T20:33:39.684+0000] {override.py:1911} INFO - Created Permission View: can delete on DAG Run:tutorial
[2025-02-01T20:33:39.685+0000] {logging_mixin.py:190} INFO - [2025-02-01T20:33:39.685+0000] {dag.py:3239} INFO - Sync 1 DAGs
[2025-02-01T20:33:39.699+0000] {logging_mixin.py:190} INFO - [2025-02-01T20:33:39.699+0000] {dag.py:3262} INFO - Creating ORM DAG for tutorial
[2025-02-01T20:33:39.707+0000] {logging_mixin.py:190} INFO - [2025-02-01T20:33:39.707+0000] {dag.py:4180} INFO - Setting next_dagrun for tutorial to 2025-01-31 00:00:00+00:00, run_after=2025-02-01 00:00:00+00:00
[2025-02-01T20:33:39.722+0000] {processor.py:208} INFO - Processing /home/airflow/.local/lib/python3.12/site-packages/airflow/example_dags/tutorial.py took 0.298 seconds
[2025-02-01T20:34:09.908+0000] {processor.py:186} INFO - Started process (PID=629) to work on /home/airflow/.local/lib/python3.12/site-packages/airflow/example_dags/tutorial.py
[2025-02-01T20:34:09.910+0000] {processor.py:914} INFO - Processing file /home/airflow/.local/lib/python3.12/site-packages/airflow/example_dags/tutorial.py for tasks to queue
[2025-02-01T20:34:09.914+0000] {logging_mixin.py:190} INFO - [2025-02-01T20:34:09.913+0000] {dagbag.py:588} INFO - Filling up the DagBag from /home/airflow/.local/lib/python3.12/site-packages/airflow/example_dags/tutorial.py
[2025-02-01T20:34:09.929+0000] {processor.py:925} INFO - DAG(s) 'tutorial' retrieved from /home/airflow/.local/lib/python3.12/site-packages/airflow/example_dags/tutorial.py
[2025-02-01T20:34:09.970+0000] {logging_mixin.py:190} INFO - [2025-02-01T20:34:09.969+0000] {dag.py:3239} INFO - Sync 1 DAGs
[2025-02-01T20:34:10.022+0000] {logging_mixin.py:190} INFO - [2025-02-01T20:34:10.022+0000] {dag.py:4180} INFO - Setting next_dagrun for tutorial to 2025-01-31 00:00:00+00:00, run_after=2025-02-01 00:00:00+00:00
[2025-02-01T20:34:10.054+0000] {processor.py:208} INFO - Processing /home/airflow/.local/lib/python3.12/site-packages/airflow/example_dags/tutorial.py took 0.152 seconds
[2025-02-01T20:34:40.956+0000] {processor.py:186} INFO - Started process (PID=920) to work on /home/airflow/.local/lib/python3.12/site-packages/airflow/example_dags/tutorial.py
[2025-02-01T20:34:40.956+0000] {processor.py:914} INFO - Processing file /home/airflow/.local/lib/python3.12/site-packages/airflow/example_dags/tutorial.py for tasks to queue
[2025-02-01T20:34:40.958+0000] {logging_mixin.py:190} INFO - [2025-02-01T20:34:40.958+0000] {dagbag.py:588} INFO - Filling up the DagBag from /home/airflow/.local/lib/python3.12/site-packages/airflow/example_dags/tutorial.py
[2025-02-01T20:34:40.964+0000] {processor.py:925} INFO - DAG(s) 'tutorial' retrieved from /home/airflow/.local/lib/python3.12/site-packages/airflow/example_dags/tutorial.py
[2025-02-01T20:34:40.980+0000] {logging_mixin.py:190} INFO - [2025-02-01T20:34:40.980+0000] {dag.py:3239} INFO - Sync 1 DAGs
[2025-02-01T20:34:40.999+0000] {logging_mixin.py:190} INFO - [2025-02-01T20:34:40.999+0000] {dag.py:4180} INFO - Setting next_dagrun for tutorial to 2025-01-31 00:00:00+00:00, run_after=2025-02-01 00:00:00+00:00
[2025-02-01T20:34:41.015+0000] {processor.py:208} INFO - Processing /home/airflow/.local/lib/python3.12/site-packages/airflow/example_dags/tutorial.py took 0.063 seconds
[2025-02-01T20:35:11.666+0000] {processor.py:186} INFO - Started process (PID=1217) to work on /home/airflow/.local/lib/python3.12/site-packages/airflow/example_dags/tutorial.py
[2025-02-01T20:35:11.667+0000] {processor.py:914} INFO - Processing file /home/airflow/.local/lib/python3.12/site-packages/airflow/example_dags/tutorial.py for tasks to queue
[2025-02-01T20:35:11.668+0000] {logging_mixin.py:190} INFO - [2025-02-01T20:35:11.668+0000] {dagbag.py:588} INFO - Filling up the DagBag from /home/airflow/.local/lib/python3.12/site-packages/airflow/example_dags/tutorial.py
[2025-02-01T20:35:11.674+0000] {processor.py:925} INFO - DAG(s) 'tutorial' retrieved from /home/airflow/.local/lib/python3.12/site-packages/airflow/example_dags/tutorial.py
[2025-02-01T20:35:11.688+0000] {logging_mixin.py:190} INFO - [2025-02-01T20:35:11.688+0000] {dag.py:3239} INFO - Sync 1 DAGs
[2025-02-01T20:35:11.705+0000] {logging_mixin.py:190} INFO - [2025-02-01T20:35:11.705+0000] {dag.py:4180} INFO - Setting next_dagrun for tutorial to 2025-01-31 00:00:00+00:00, run_after=2025-02-01 00:00:00+00:00
[2025-02-01T20:35:11.719+0000] {processor.py:208} INFO - Processing /home/airflow/.local/lib/python3.12/site-packages/airflow/example_dags/tutorial.py took 0.056 seconds
[2025-02-01T20:38:49.054+0000] {processor.py:186} INFO - Started process (PID=336) to work on /home/airflow/.local/lib/python3.12/site-packages/airflow/example_dags/tutorial.py
[2025-02-01T20:38:49.055+0000] {processor.py:914} INFO - Processing file /home/airflow/.local/lib/python3.12/site-packages/airflow/example_dags/tutorial.py for tasks to queue
[2025-02-01T20:38:49.057+0000] {logging_mixin.py:190} INFO - [2025-02-01T20:38:49.057+0000] {dagbag.py:588} INFO - Filling up the DagBag from /home/airflow/.local/lib/python3.12/site-packages/airflow/example_dags/tutorial.py
[2025-02-01T20:38:49.064+0000] {processor.py:925} INFO - DAG(s) 'tutorial' retrieved from /home/airflow/.local/lib/python3.12/site-packages/airflow/example_dags/tutorial.py
[2025-02-01T20:38:49.081+0000] {logging_mixin.py:190} INFO - [2025-02-01T20:38:49.081+0000] {dag.py:3239} INFO - Sync 1 DAGs
[2025-02-01T20:38:49.099+0000] {logging_mixin.py:190} INFO - [2025-02-01T20:38:49.099+0000] {dag.py:4180} INFO - Setting next_dagrun for tutorial to 2025-01-31 00:00:00+00:00, run_after=2025-02-01 00:00:00+00:00
[2025-02-01T20:38:49.130+0000] {processor.py:208} INFO - Processing /home/airflow/.local/lib/python3.12/site-packages/airflow/example_dags/tutorial.py took 0.080 seconds
[2025-02-01T20:39:19.521+0000] {processor.py:186} INFO - Started process (PID=627) to work on /home/airflow/.local/lib/python3.12/site-packages/airflow/example_dags/tutorial.py
[2025-02-01T20:39:19.521+0000] {processor.py:914} INFO - Processing file /home/airflow/.local/lib/python3.12/site-packages/airflow/example_dags/tutorial.py for tasks to queue
[2025-02-01T20:39:19.523+0000] {logging_mixin.py:190} INFO - [2025-02-01T20:39:19.523+0000] {dagbag.py:588} INFO - Filling up the DagBag from /home/airflow/.local/lib/python3.12/site-packages/airflow/example_dags/tutorial.py
[2025-02-01T20:39:19.529+0000] {processor.py:925} INFO - DAG(s) 'tutorial' retrieved from /home/airflow/.local/lib/python3.12/site-packages/airflow/example_dags/tutorial.py
[2025-02-01T20:39:19.544+0000] {logging_mixin.py:190} INFO - [2025-02-01T20:39:19.544+0000] {dag.py:3239} INFO - Sync 1 DAGs
[2025-02-01T20:39:19.562+0000] {logging_mixin.py:190} INFO - [2025-02-01T20:39:19.562+0000] {dag.py:4180} INFO - Setting next_dagrun for tutorial to 2025-01-31 00:00:00+00:00, run_after=2025-02-01 00:00:00+00:00
[2025-02-01T20:39:19.575+0000] {processor.py:208} INFO - Processing /home/airflow/.local/lib/python3.12/site-packages/airflow/example_dags/tutorial.py took 0.059 seconds
[2025-02-01T20:39:51.193+0000] {processor.py:186} INFO - Started process (PID=918) to work on /home/airflow/.local/lib/python3.12/site-packages/airflow/example_dags/tutorial.py
[2025-02-01T20:39:51.194+0000] {processor.py:914} INFO - Processing file /home/airflow/.local/lib/python3.12/site-packages/airflow/example_dags/tutorial.py for tasks to queue
[2025-02-01T20:39:51.196+0000] {logging_mixin.py:190} INFO - [2025-02-01T20:39:51.196+0000] {dagbag.py:588} INFO - Filling up the DagBag from /home/airflow/.local/lib/python3.12/site-packages/airflow/example_dags/tutorial.py
[2025-02-01T20:39:51.203+0000] {processor.py:925} INFO - DAG(s) 'tutorial' retrieved from /home/airflow/.local/lib/python3.12/site-packages/airflow/example_dags/tutorial.py
[2025-02-01T20:39:51.220+0000] {logging_mixin.py:190} INFO - [2025-02-01T20:39:51.220+0000] {dag.py:3239} INFO - Sync 1 DAGs
[2025-02-01T20:39:51.238+0000] {logging_mixin.py:190} INFO - [2025-02-01T20:39:51.237+0000] {dag.py:4180} INFO - Setting next_dagrun for tutorial to 2025-01-31 00:00:00+00:00, run_after=2025-02-01 00:00:00+00:00
[2025-02-01T20:39:51.250+0000] {processor.py:208} INFO - Processing /home/airflow/.local/lib/python3.12/site-packages/airflow/example_dags/tutorial.py took 0.062 seconds
[2025-02-01T20:40:22.000+0000] {processor.py:186} INFO - Started process (PID=1209) to work on /home/airflow/.local/lib/python3.12/site-packages/airflow/example_dags/tutorial.py
[2025-02-01T20:40:22.001+0000] {processor.py:914} INFO - Processing file /home/airflow/.local/lib/python3.12/site-packages/airflow/example_dags/tutorial.py for tasks to queue
[2025-02-01T20:40:22.002+0000] {logging_mixin.py:190} INFO - [2025-02-01T20:40:22.002+0000] {dagbag.py:588} INFO - Filling up the DagBag from /home/airflow/.local/lib/python3.12/site-packages/airflow/example_dags/tutorial.py
[2025-02-01T20:40:22.008+0000] {processor.py:925} INFO - DAG(s) 'tutorial' retrieved from /home/airflow/.local/lib/python3.12/site-packages/airflow/example_dags/tutorial.py
[2025-02-01T20:40:22.024+0000] {logging_mixin.py:190} INFO - [2025-02-01T20:40:22.024+0000] {dag.py:3239} INFO - Sync 1 DAGs
[2025-02-01T20:40:22.043+0000] {logging_mixin.py:190} INFO - [2025-02-01T20:40:22.043+0000] {dag.py:4180} INFO - Setting next_dagrun for tutorial to 2025-01-31 00:00:00+00:00, run_after=2025-02-01 00:00:00+00:00
[2025-02-01T20:40:22.057+0000] {processor.py:208} INFO - Processing /home/airflow/.local/lib/python3.12/site-packages/airflow/example_dags/tutorial.py took 0.062 seconds
[2025-02-01T20:40:53.487+0000] {processor.py:186} INFO - Started process (PID=1500) to work on /home/airflow/.local/lib/python3.12/site-packages/airflow/example_dags/tutorial.py
[2025-02-01T20:40:53.488+0000] {processor.py:914} INFO - Processing file /home/airflow/.local/lib/python3.12/site-packages/airflow/example_dags/tutorial.py for tasks to queue
[2025-02-01T20:40:53.490+0000] {logging_mixin.py:190} INFO - [2025-02-01T20:40:53.489+0000] {dagbag.py:588} INFO - Filling up the DagBag from /home/airflow/.local/lib/python3.12/site-packages/airflow/example_dags/tutorial.py
[2025-02-01T20:40:53.496+0000] {processor.py:925} INFO - DAG(s) 'tutorial' retrieved from /home/airflow/.local/lib/python3.12/site-packages/airflow/example_dags/tutorial.py
[2025-02-01T20:40:53.512+0000] {logging_mixin.py:190} INFO - [2025-02-01T20:40:53.511+0000] {dag.py:3239} INFO - Sync 1 DAGs
[2025-02-01T20:40:53.533+0000] {logging_mixin.py:190} INFO - [2025-02-01T20:40:53.533+0000] {dag.py:4180} INFO - Setting next_dagrun for tutorial to 2025-01-31 00:00:00+00:00, run_after=2025-02-01 00:00:00+00:00
[2025-02-01T20:40:53.548+0000] {processor.py:208} INFO - Processing /home/airflow/.local/lib/python3.12/site-packages/airflow/example_dags/tutorial.py took 0.066 seconds
[2025-02-01T20:41:23.802+0000] {processor.py:186} INFO - Started process (PID=1791) to work on /home/airflow/.local/lib/python3.12/site-packages/airflow/example_dags/tutorial.py
[2025-02-01T20:41:23.803+0000] {processor.py:914} INFO - Processing file /home/airflow/.local/lib/python3.12/site-packages/airflow/example_dags/tutorial.py for tasks to queue
[2025-02-01T20:41:23.805+0000] {logging_mixin.py:190} INFO - [2025-02-01T20:41:23.804+0000] {dagbag.py:588} INFO - Filling up the DagBag from /home/airflow/.local/lib/python3.12/site-packages/airflow/example_dags/tutorial.py
[2025-02-01T20:41:23.810+0000] {processor.py:925} INFO - DAG(s) 'tutorial' retrieved from /home/airflow/.local/lib/python3.12/site-packages/airflow/example_dags/tutorial.py
[2025-02-01T20:41:23.826+0000] {logging_mixin.py:190} INFO - [2025-02-01T20:41:23.825+0000] {dag.py:3239} INFO - Sync 1 DAGs
[2025-02-01T20:41:23.842+0000] {logging_mixin.py:190} INFO - [2025-02-01T20:41:23.842+0000] {dag.py:4180} INFO - Setting next_dagrun for tutorial to 2025-01-31 00:00:00+00:00, run_after=2025-02-01 00:00:00+00:00
[2025-02-01T20:41:23.856+0000] {processor.py:208} INFO - Processing /home/airflow/.local/lib/python3.12/site-packages/airflow/example_dags/tutorial.py took 0.058 seconds
[2025-02-01T20:41:54.537+0000] {processor.py:186} INFO - Started process (PID=2082) to work on /home/airflow/.local/lib/python3.12/site-packages/airflow/example_dags/tutorial.py
[2025-02-01T20:41:54.538+0000] {processor.py:914} INFO - Processing file /home/airflow/.local/lib/python3.12/site-packages/airflow/example_dags/tutorial.py for tasks to queue
[2025-02-01T20:41:54.539+0000] {logging_mixin.py:190} INFO - [2025-02-01T20:41:54.539+0000] {dagbag.py:588} INFO - Filling up the DagBag from /home/airflow/.local/lib/python3.12/site-packages/airflow/example_dags/tutorial.py
[2025-02-01T20:41:54.545+0000] {processor.py:925} INFO - DAG(s) 'tutorial' retrieved from /home/airflow/.local/lib/python3.12/site-packages/airflow/example_dags/tutorial.py
[2025-02-01T20:41:54.560+0000] {logging_mixin.py:190} INFO - [2025-02-01T20:41:54.560+0000] {dag.py:3239} INFO - Sync 1 DAGs
[2025-02-01T20:41:54.577+0000] {logging_mixin.py:190} INFO - [2025-02-01T20:41:54.577+0000] {dag.py:4180} INFO - Setting next_dagrun for tutorial to 2025-01-31 00:00:00+00:00, run_after=2025-02-01 00:00:00+00:00
[2025-02-01T20:41:54.589+0000] {processor.py:208} INFO - Processing /home/airflow/.local/lib/python3.12/site-packages/airflow/example_dags/tutorial.py took 0.056 seconds
[2025-02-01T20:42:25.614+0000] {processor.py:186} INFO - Started process (PID=2368) to work on /home/airflow/.local/lib/python3.12/site-packages/airflow/example_dags/tutorial.py
[2025-02-01T20:42:25.615+0000] {processor.py:914} INFO - Processing file /home/airflow/.local/lib/python3.12/site-packages/airflow/example_dags/tutorial.py for tasks to queue
[2025-02-01T20:42:25.616+0000] {logging_mixin.py:190} INFO - [2025-02-01T20:42:25.616+0000] {dagbag.py:588} INFO - Filling up the DagBag from /home/airflow/.local/lib/python3.12/site-packages/airflow/example_dags/tutorial.py
[2025-02-01T20:42:25.622+0000] {processor.py:925} INFO - DAG(s) 'tutorial' retrieved from /home/airflow/.local/lib/python3.12/site-packages/airflow/example_dags/tutorial.py
[2025-02-01T20:42:25.636+0000] {logging_mixin.py:190} INFO - [2025-02-01T20:42:25.636+0000] {dag.py:3239} INFO - Sync 1 DAGs
[2025-02-01T20:42:25.653+0000] {logging_mixin.py:190} INFO - [2025-02-01T20:42:25.653+0000] {dag.py:4180} INFO - Setting next_dagrun for tutorial to 2025-01-31 00:00:00+00:00, run_after=2025-02-01 00:00:00+00:00
[2025-02-01T20:42:25.729+0000] {processor.py:208} INFO - Processing /home/airflow/.local/lib/python3.12/site-packages/airflow/example_dags/tutorial.py took 0.119 seconds
[2025-02-01T20:42:57.095+0000] {processor.py:186} INFO - Started process (PID=2659) to work on /home/airflow/.local/lib/python3.12/site-packages/airflow/example_dags/tutorial.py
[2025-02-01T20:42:57.096+0000] {processor.py:914} INFO - Processing file /home/airflow/.local/lib/python3.12/site-packages/airflow/example_dags/tutorial.py for tasks to queue
[2025-02-01T20:42:57.099+0000] {logging_mixin.py:190} INFO - [2025-02-01T20:42:57.098+0000] {dagbag.py:588} INFO - Filling up the DagBag from /home/airflow/.local/lib/python3.12/site-packages/airflow/example_dags/tutorial.py
[2025-02-01T20:42:57.105+0000] {processor.py:925} INFO - DAG(s) 'tutorial' retrieved from /home/airflow/.local/lib/python3.12/site-packages/airflow/example_dags/tutorial.py
[2025-02-01T20:42:57.122+0000] {logging_mixin.py:190} INFO - [2025-02-01T20:42:57.121+0000] {dag.py:3239} INFO - Sync 1 DAGs
[2025-02-01T20:42:57.140+0000] {logging_mixin.py:190} INFO - [2025-02-01T20:42:57.140+0000] {dag.py:4180} INFO - Setting next_dagrun for tutorial to 2025-01-31 00:00:00+00:00, run_after=2025-02-01 00:00:00+00:00
[2025-02-01T20:42:57.156+0000] {processor.py:208} INFO - Processing /home/airflow/.local/lib/python3.12/site-packages/airflow/example_dags/tutorial.py took 0.065 seconds
[2025-02-01T20:43:28.076+0000] {processor.py:186} INFO - Started process (PID=2952) to work on /home/airflow/.local/lib/python3.12/site-packages/airflow/example_dags/tutorial.py
[2025-02-01T20:43:28.077+0000] {processor.py:914} INFO - Processing file /home/airflow/.local/lib/python3.12/site-packages/airflow/example_dags/tutorial.py for tasks to queue
[2025-02-01T20:43:28.079+0000] {logging_mixin.py:190} INFO - [2025-02-01T20:43:28.079+0000] {dagbag.py:588} INFO - Filling up the DagBag from /home/airflow/.local/lib/python3.12/site-packages/airflow/example_dags/tutorial.py
[2025-02-01T20:43:28.086+0000] {processor.py:925} INFO - DAG(s) 'tutorial' retrieved from /home/airflow/.local/lib/python3.12/site-packages/airflow/example_dags/tutorial.py
[2025-02-01T20:43:28.102+0000] {logging_mixin.py:190} INFO - [2025-02-01T20:43:28.102+0000] {dag.py:3239} INFO - Sync 1 DAGs
[2025-02-01T20:43:28.121+0000] {logging_mixin.py:190} INFO - [2025-02-01T20:43:28.121+0000] {dag.py:4180} INFO - Setting next_dagrun for tutorial to 2025-01-31 00:00:00+00:00, run_after=2025-02-01 00:00:00+00:00
[2025-02-01T20:43:28.137+0000] {processor.py:208} INFO - Processing /home/airflow/.local/lib/python3.12/site-packages/airflow/example_dags/tutorial.py took 0.065 seconds
[2025-02-01T20:43:59.088+0000] {processor.py:186} INFO - Started process (PID=3241) to work on /home/airflow/.local/lib/python3.12/site-packages/airflow/example_dags/tutorial.py
[2025-02-01T20:43:59.089+0000] {processor.py:914} INFO - Processing file /home/airflow/.local/lib/python3.12/site-packages/airflow/example_dags/tutorial.py for tasks to queue
[2025-02-01T20:43:59.090+0000] {logging_mixin.py:190} INFO - [2025-02-01T20:43:59.090+0000] {dagbag.py:588} INFO - Filling up the DagBag from /home/airflow/.local/lib/python3.12/site-packages/airflow/example_dags/tutorial.py
[2025-02-01T20:43:59.096+0000] {processor.py:925} INFO - DAG(s) 'tutorial' retrieved from /home/airflow/.local/lib/python3.12/site-packages/airflow/example_dags/tutorial.py
[2025-02-01T20:43:59.111+0000] {logging_mixin.py:190} INFO - [2025-02-01T20:43:59.111+0000] {dag.py:3239} INFO - Sync 1 DAGs
[2025-02-01T20:43:59.128+0000] {logging_mixin.py:190} INFO - [2025-02-01T20:43:59.128+0000] {dag.py:4180} INFO - Setting next_dagrun for tutorial to 2025-01-31 00:00:00+00:00, run_after=2025-02-01 00:00:00+00:00
[2025-02-01T20:43:59.141+0000] {processor.py:208} INFO - Processing /home/airflow/.local/lib/python3.12/site-packages/airflow/example_dags/tutorial.py took 0.057 seconds
[2025-02-01T20:44:29.789+0000] {processor.py:186} INFO - Started process (PID=3534) to work on /home/airflow/.local/lib/python3.12/site-packages/airflow/example_dags/tutorial.py
[2025-02-01T20:44:29.790+0000] {processor.py:914} INFO - Processing file /home/airflow/.local/lib/python3.12/site-packages/airflow/example_dags/tutorial.py for tasks to queue
[2025-02-01T20:44:29.792+0000] {logging_mixin.py:190} INFO - [2025-02-01T20:44:29.791+0000] {dagbag.py:588} INFO - Filling up the DagBag from /home/airflow/.local/lib/python3.12/site-packages/airflow/example_dags/tutorial.py
[2025-02-01T20:44:29.798+0000] {processor.py:925} INFO - DAG(s) 'tutorial' retrieved from /home/airflow/.local/lib/python3.12/site-packages/airflow/example_dags/tutorial.py
[2025-02-01T20:44:29.814+0000] {logging_mixin.py:190} INFO - [2025-02-01T20:44:29.814+0000] {dag.py:3239} INFO - Sync 1 DAGs
[2025-02-01T20:44:29.834+0000] {logging_mixin.py:190} INFO - [2025-02-01T20:44:29.834+0000] {dag.py:4180} INFO - Setting next_dagrun for tutorial to 2025-01-31 00:00:00+00:00, run_after=2025-02-01 00:00:00+00:00
[2025-02-01T20:44:29.847+0000] {processor.py:208} INFO - Processing /home/airflow/.local/lib/python3.12/site-packages/airflow/example_dags/tutorial.py took 0.062 seconds
[2025-02-01T20:45:00.823+0000] {processor.py:186} INFO - Started process (PID=3823) to work on /home/airflow/.local/lib/python3.12/site-packages/airflow/example_dags/tutorial.py
[2025-02-01T20:45:00.824+0000] {processor.py:914} INFO - Processing file /home/airflow/.local/lib/python3.12/site-packages/airflow/example_dags/tutorial.py for tasks to queue
[2025-02-01T20:45:00.825+0000] {logging_mixin.py:190} INFO - [2025-02-01T20:45:00.825+0000] {dagbag.py:588} INFO - Filling up the DagBag from /home/airflow/.local/lib/python3.12/site-packages/airflow/example_dags/tutorial.py
[2025-02-01T20:45:00.831+0000] {processor.py:925} INFO - DAG(s) 'tutorial' retrieved from /home/airflow/.local/lib/python3.12/site-packages/airflow/example_dags/tutorial.py
[2025-02-01T20:45:00.847+0000] {logging_mixin.py:190} INFO - [2025-02-01T20:45:00.847+0000] {dag.py:3239} INFO - Sync 1 DAGs
[2025-02-01T20:45:00.866+0000] {logging_mixin.py:190} INFO - [2025-02-01T20:45:00.866+0000] {dag.py:4180} INFO - Setting next_dagrun for tutorial to 2025-01-31 00:00:00+00:00, run_after=2025-02-01 00:00:00+00:00
[2025-02-01T20:45:00.880+0000] {processor.py:208} INFO - Processing /home/airflow/.local/lib/python3.12/site-packages/airflow/example_dags/tutorial.py took 0.061 seconds
